2026-02-25 07:46:47.474 | INFO     | __main__:main:397 - Testing 5 symbols x 6 timeframes = 30 combinations
2026-02-25 07:46:47.476 | INFO     | data.alt_data:fetch_all_alt_data:172 - Fetching alternative data...
2026-02-25 07:46:47.890 | SUCCESS  | data.alt_data:fetch_fear_greed:44 - Fear & Greed: 1825 records (2021-02-26 -> 2026-02-25)
2026-02-25 07:46:48.056 | WARNING  | data.alt_data:fetch_btc_dominance:88 - BTC dominance chart endpoint failed: Empty BTC dominance series from chart endpoint — trying /global fallback
2026-02-25 07:46:48.238 | WARNING  | data.alt_data:fetch_btc_dominance:108 - BTC Dominance: using current-only value (56.0%) — historical chart unavailable. Feature will be constant.
2026-02-25 07:46:49.691 | SUCCESS  | data.alt_data:fetch_google_trends:146 - Google Trends: 262 records
2026-02-25 07:46:49.726 | SUCCESS  | data.alt_data:fetch_all_alt_data:208 - Alt data saved: 1825 rows, columns: ['timestamp', 'fear_greed', 'date', 'btc_dominance', 'google_trends_btc']
2026-02-25 07:46:49.726 | INFO     | __main__:main:407 - 
============================================================
Timeframe: 15 minutes (15m)
============================================================
2026-02-25 07:46:49.980 | INFO     | __main__:fetch_ohlcv_timeframe:214 - Fetching INJ/USD [15m] — 365 days...
2026-02-25 07:47:06.303 | SUCCESS  | __main__:fetch_ohlcv_timeframe:247 - INJ/USD 15m: 35040 candles (2025-02-25 -> 2026-02-25)
2026-02-25 07:47:06.380 | INFO     | __main__:fetch_ohlcv_timeframe:214 - Fetching LINK/USD [15m] — 365 days...
2026-02-25 07:47:22.575 | SUCCESS  | __main__:fetch_ohlcv_timeframe:247 - LINK/USD 15m: 35040 candles (2025-02-25 -> 2026-02-25)
2026-02-25 07:47:22.652 | INFO     | __main__:fetch_ohlcv_timeframe:214 - Fetching DOGE/USD [15m] — 365 days...
2026-02-25 07:47:39.555 | SUCCESS  | __main__:fetch_ohlcv_timeframe:247 - DOGE/USD 15m: 35040 candles (2025-02-25 -> 2026-02-25)
2026-02-25 07:47:39.623 | INFO     | __main__:fetch_ohlcv_timeframe:214 - Fetching OP/USD [15m] — 365 days...
2026-02-25 07:47:57.944 | SUCCESS  | __main__:fetch_ohlcv_timeframe:247 - OP/USD 15m: 35040 candles (2025-02-25 -> 2026-02-25)
2026-02-25 07:47:58.018 | INFO     | __main__:fetch_ohlcv_timeframe:214 - Fetching ARB/USD [15m] — 365 days...
2026-02-25 07:48:16.847 | SUCCESS  | __main__:fetch_ohlcv_timeframe:247 - ARB/USD 15m: 35040 candles (2025-02-25 -> 2026-02-25)
2026-02-25 07:48:16.879 | INFO     | __main__:main:423 - 
Processing: INJ/USD [15m]
2026-02-25 07:48:16.963 | WARNING  | data.alt_data:merge_alt_data:299 - btc_dominance is constant (API fallback) — dropping feature to avoid feeding noise to the model. Will use BTC proxy instead.
2026-02-25 07:48:16.965 | INFO     | data.alt_data:merge_alt_data:312 - Alt data merged: added 7 new columns
2026-02-25 07:48:16.965 | INFO     | utils.walk_forward:walk_forward_validate:299 - 
============================================================
Walk-Forward Validation: INJ/USD_15m
============================================================
2026-02-25 07:48:16.965 | INFO     | utils.walk_forward:walk_forward_validate:300 - Config [15m]: train=35040 bars val=5280 test=5280 step=5280
2026-02-25 07:48:16.966 | INFO     | data.feature_engineer:build_features:283 - Building features for INJ/USD_15m (35040 rows)
2026-02-25 07:48:17.084 | INFO     | data.feature_engineer:build_features:308 - Dropped 200 NaN/inf rows → 34840 usable rows
2026-02-25 07:48:17.086 | INFO     | data.feature_engineer:build_features:311 - Label distribution: DOWN=11728 NEUTRAL=12052 UP=11060
2026-02-25 07:48:17.086 | INFO     | data.feature_engineer:build_features:318 - Regime: ranging=16690 trending_up=9098 trending_down=9052
2026-02-25 07:48:17.086 | WARNING  | utils.walk_forward:walk_forward_validate:325 - Insufficient data for walk-forward [15m]: 34840/45600 bars — scaling down proportionally (train=26771 val=4034 test=4034)
2026-02-25 07:48:17.153 | INFO     | utils.optuna_search:run_optuna_search:209 - Optuna search: INJ/USD_15m [15m] — 30 trials
2026-02-25 07:48:18.219 | INFO     | models.tft_model:train:211 - Training TFT for optuna_trial on cpu — 26759 train samples
2026-02-25 07:48:22.328 | INFO     | models.tft_model:train:242 -   Epoch   0 | val_loss=0.9992 | val_acc=0.3125
