2026-02-21 07:40:19.855 | INFO     | data.kraken_fetcher:get_exchange:31 - Connected to Binance
2026-02-21 07:40:19.975 | INFO     | data.kraken_fetcher:fetch_all_pairs:117 - Loaded BTC/USD from cache (43787 rows)
2026-02-21 07:40:20.085 | INFO     | data.kraken_fetcher:fetch_all_pairs:117 - Loaded ETH/USD from cache (43787 rows)
2026-02-21 07:40:20.196 | INFO     | data.kraken_fetcher:fetch_all_pairs:117 - Loaded SOL/USD from cache (43787 rows)
2026-02-21 07:40:20.307 | INFO     | data.kraken_fetcher:fetch_all_pairs:117 - Loaded XRP/USD from cache (43787 rows)
2026-02-21 07:40:20.307 | SUCCESS  | data.kraken_fetcher:fetch_all_pairs:124 - Loaded 4/4 pairs
2026-02-21 07:40:20.307 | INFO     | __main__:run_pipeline:53 - 
============================================================
Processing: BTC/USD
============================================================
2026-02-21 07:40:20.308 | INFO     | data.feature_engineer:build_features:145 - Building features for BTC/USD (43787 rows)
2026-02-21 07:40:20.415 | INFO     | data.feature_engineer:build_features:165 - Dropped 204 NaN/inf rows → 43583 usable rows
2026-02-21 07:40:20.416 | INFO     | data.feature_engineer:build_features:168 - Label distribution: DOWN=10085 NEUTRAL=22981 UP=10517
2026-02-21 07:40:20.416 | INFO     | __main__:run_pipeline:58 - Features: 69 columns
2026-02-21 07:40:20.446 | INFO     | utils.splitter:time_split:37 - Split: train=30508 | val=6537 | test=6538
2026-02-21 07:40:20.449 | INFO     | utils.splitter:save_scaler:48 - Saved scaler -> models\saved\BTC_USD_scaler.pkl
2026-02-21 07:40:20.449 | INFO     | models.catboost_model:train:33 - Training CatBoost for BTC/USD...
2026-02-21 07:40:22.008 | SUCCESS  | models.catboost_model:train:41 - CatBoost val accuracy: 0.5377
2026-02-21 07:40:22.014 | INFO     | models.catboost_model:save:49 - Saved CatBoost -> models\saved\BTC_USD_catboost.cbm
2026-02-21 07:40:23.236 | INFO     | models.cnn_model:train:114 - Training 1D CNN for BTC/USD on cpu — 30484 train samples
2026-02-21 07:40:26.856 | INFO     | models.cnn_model:train:143 -   Epoch   0 | val_loss=1.0315 | val_acc=0.5122
2026-02-21 07:41:02.504 | INFO     | models.cnn_model:train:143 -   Epoch  10 | val_loss=1.0517 | val_acc=0.4738
2026-02-21 07:41:02.505 | INFO     | models.cnn_model:train:152 - Early stopping at epoch 10
2026-02-21 07:41:02.505 | SUCCESS  | models.cnn_model:train:156 - 1D CNN best val_loss: 0.9925
2026-02-21 07:41:02.509 | INFO     | models.cnn_model:save:171 - Saved 1D CNN -> models\saved\BTC_USD_cnn.pt
2026-02-21 07:41:02.526 | INFO     | models.lstm_model:train:89 - Training LSTM for BTC/USD on cpu — 30448 train samples
2026-02-21 07:41:13.427 | INFO     | models.lstm_model:train:120 -   Epoch   0 | val_loss=1.0010 | val_acc=0.5161
2026-02-21 07:43:02.110 | INFO     | models.lstm_model:train:120 -   Epoch  10 | val_loss=1.6572 | val_acc=0.4379
2026-02-21 07:43:23.834 | INFO     | models.lstm_model:train:129 - Early stopping at epoch 12
2026-02-21 07:43:23.835 | SUCCESS  | models.lstm_model:train:133 - LSTM best val_loss: 0.9840
2026-02-21 07:43:23.838 | INFO     | models.lstm_model:save:149 - Saved LSTM -> models\saved\BTC_USD_lstm.pt
2026-02-21 07:43:31.239 | SUCCESS  | models.ensemble:optimise_weights:52 - Optimised weights: LGBM=0.333 XGB=0.333 LSTM=0.333 | acc=0.5366
2026-02-21 07:43:31.241 | INFO     | models.ensemble:save_weights:101 - Saved ensemble weights -> models\saved\BTC_USD_ensemble_weights.pkl
2026-02-21 07:43:38.552 | INFO     | models.ensemble:generate_signals:82 - Signal distribution (threshold=0.42): BUY=155 (2.4%)  SELL=5 (0.1%)  HOLD=6378 (97.6%)
2026-02-21 07:43:38.552 | INFO     | __main__:run_pipeline:95 - Test accuracy: 0.6084
2026-02-21 07:43:38.560 | INFO     | backtest.engine:_compute_metrics:200 - BTC/USD Results: Return=-36.15% | Sharpe=-2.60 | MaxDD=-38.41% | WinRate=20.00% | Trades=25 (L:24 S:1)
2026-02-21 07:43:38.569 | INFO     | backtest.engine:save_results:218 - Results saved -> backtest\results\BTC_USD_backtest.json
2026-02-21 07:43:38.573 | INFO     | __main__:run_pipeline:53 - 
============================================================
Processing: ETH/USD
============================================================
2026-02-21 07:43:38.574 | INFO     | data.feature_engineer:build_features:145 - Building features for ETH/USD (43787 rows)
2026-02-21 07:43:38.703 | INFO     | data.feature_engineer:build_features:165 - Dropped 204 NaN/inf rows → 43583 usable rows
2026-02-21 07:43:38.704 | INFO     | data.feature_engineer:build_features:168 - Label distribution: DOWN=12190 NEUTRAL=18476 UP=12917
2026-02-21 07:43:38.705 | INFO     | __main__:run_pipeline:58 - Features: 69 columns
2026-02-21 07:43:38.737 | INFO     | utils.splitter:time_split:37 - Split: train=30508 | val=6537 | test=6538
2026-02-21 07:43:38.740 | INFO     | utils.splitter:save_scaler:48 - Saved scaler -> models\saved\ETH_USD_scaler.pkl
2026-02-21 07:43:38.741 | INFO     | models.catboost_model:train:33 - Training CatBoost for ETH/USD...
2026-02-21 07:43:39.624 | SUCCESS  | models.catboost_model:train:41 - CatBoost val accuracy: 0.4247
2026-02-21 07:43:39.640 | INFO     | models.catboost_model:save:49 - Saved CatBoost -> models\saved\ETH_USD_catboost.cbm
2026-02-21 07:43:39.648 | INFO     | models.cnn_model:train:114 - Training 1D CNN for ETH/USD on cpu — 30484 train samples
2026-02-21 07:43:43.108 | INFO     | models.cnn_model:train:143 -   Epoch   0 | val_loss=1.0871 | val_acc=0.4268
2026-02-21 07:44:17.572 | INFO     | models.cnn_model:train:143 -   Epoch  10 | val_loss=1.0900 | val_acc=0.4368
2026-02-21 07:44:17.573 | INFO     | models.cnn_model:train:152 - Early stopping at epoch 10
2026-02-21 07:44:17.573 | SUCCESS  | models.cnn_model:train:156 - 1D CNN best val_loss: 1.0715
2026-02-21 07:44:17.577 | INFO     | models.cnn_model:save:171 - Saved 1D CNN -> models\saved\ETH_USD_cnn.pt
2026-02-21 07:44:17.580 | INFO     | models.lstm_model:train:89 - Training LSTM for ETH/USD on cpu — 30448 train samples
2026-02-21 07:44:28.474 | INFO     | models.lstm_model:train:120 -   Epoch   0 | val_loss=1.0791 | val_acc=0.4175
2026-02-21 07:46:17.035 | INFO     | models.lstm_model:train:120 -   Epoch  10 | val_loss=1.4166 | val_acc=0.4064
2026-02-21 07:46:17.036 | INFO     | models.lstm_model:train:129 - Early stopping at epoch 10
2026-02-21 07:46:17.036 | SUCCESS  | models.lstm_model:train:133 - LSTM best val_loss: 1.0791
2026-02-21 07:46:17.040 | INFO     | models.lstm_model:save:149 - Saved LSTM -> models\saved\ETH_USD_lstm.pt
2026-02-21 07:46:24.252 | SUCCESS  | models.ensemble:optimise_weights:52 - Optimised weights: LGBM=0.333 XGB=0.333 LSTM=0.333 | acc=0.4239
2026-02-21 07:46:24.253 | INFO     | models.ensemble:save_weights:101 - Saved ensemble weights -> models\saved\ETH_USD_ensemble_weights.pkl
2026-02-21 07:46:31.485 | INFO     | models.ensemble:generate_signals:82 - Signal distribution (threshold=0.42): BUY=107 (1.6%)  SELL=10 (0.2%)  HOLD=6421 (98.2%)
2026-02-21 07:46:31.486 | INFO     | __main__:run_pipeline:95 - Test accuracy: 0.4500
2026-02-21 07:46:31.493 | INFO     | backtest.engine:_compute_metrics:200 - ETH/USD Results: Return=-32.88% | Sharpe=-2.22 | MaxDD=-37.30% | WinRate=23.08% | Trades=26 (L:24 S:2)
2026-02-21 07:46:31.505 | INFO     | backtest.engine:save_results:218 - Results saved -> backtest\results\ETH_USD_backtest.json
2026-02-21 07:46:31.508 | INFO     | __main__:run_pipeline:53 - 
============================================================
Processing: SOL/USD
============================================================
2026-02-21 07:46:31.509 | INFO     | data.feature_engineer:build_features:145 - Building features for SOL/USD (43787 rows)
2026-02-21 07:46:31.640 | INFO     | data.feature_engineer:build_features:165 - Dropped 204 NaN/inf rows → 43583 usable rows
2026-02-21 07:46:31.641 | INFO     | data.feature_engineer:build_features:168 - Label distribution: DOWN=15807 NEUTRAL=11890 UP=15886
2026-02-21 07:46:31.641 | INFO     | __main__:run_pipeline:58 - Features: 69 columns
2026-02-21 07:46:31.673 | INFO     | utils.splitter:time_split:37 - Split: train=30508 | val=6537 | test=6538
2026-02-21 07:46:31.676 | INFO     | utils.splitter:save_scaler:48 - Saved scaler -> models\saved\SOL_USD_scaler.pkl
2026-02-21 07:46:31.676 | INFO     | models.catboost_model:train:33 - Training CatBoost for SOL/USD...
2026-02-21 07:46:33.463 | SUCCESS  | models.catboost_model:train:41 - CatBoost val accuracy: 0.3838
2026-02-21 07:46:33.479 | INFO     | models.catboost_model:save:49 - Saved CatBoost -> models\saved\SOL_USD_catboost.cbm
2026-02-21 07:46:33.487 | INFO     | models.cnn_model:train:114 - Training 1D CNN for SOL/USD on cpu — 30484 train samples
2026-02-21 07:46:36.931 | INFO     | models.cnn_model:train:143 -   Epoch   0 | val_loss=1.1034 | val_acc=0.3577
2026-02-21 07:47:07.879 | INFO     | models.cnn_model:train:152 - Early stopping at epoch 9
2026-02-21 07:47:07.880 | SUCCESS  | models.cnn_model:train:156 - 1D CNN best val_loss: 1.0885
2026-02-21 07:47:07.884 | INFO     | models.cnn_model:save:171 - Saved 1D CNN -> models\saved\SOL_USD_cnn.pt
2026-02-21 07:47:07.888 | INFO     | models.lstm_model:train:89 - Training LSTM for SOL/USD on cpu — 30448 train samples
2026-02-21 07:47:18.798 | INFO     | models.lstm_model:train:120 -   Epoch   0 | val_loss=1.0860 | val_acc=0.3826
2026-02-21 07:49:07.391 | INFO     | models.lstm_model:train:120 -   Epoch  10 | val_loss=1.2998 | val_acc=0.3905
2026-02-21 07:49:28.941 | INFO     | models.lstm_model:train:129 - Early stopping at epoch 12
2026-02-21 07:49:28.942 | SUCCESS  | models.lstm_model:train:133 - LSTM best val_loss: 1.0846
2026-02-21 07:49:28.945 | INFO     | models.lstm_model:save:149 - Saved LSTM -> models\saved\SOL_USD_lstm.pt
2026-02-21 07:49:36.233 | SUCCESS  | models.ensemble:optimise_weights:52 - Optimised weights: LGBM=0.333 XGB=0.333 LSTM=0.333 | acc=0.3924
2026-02-21 07:49:36.235 | INFO     | models.ensemble:save_weights:101 - Saved ensemble weights -> models\saved\SOL_USD_ensemble_weights.pkl
2026-02-21 07:49:43.359 | INFO     | models.ensemble:generate_signals:82 - Signal distribution (threshold=0.42): BUY=433 (6.6%)  SELL=64 (1.0%)  HOLD=6041 (92.4%)
2026-02-21 07:49:43.359 | INFO     | __main__:run_pipeline:95 - Test accuracy: 0.3848
2026-02-21 07:49:43.365 | INFO     | backtest.engine:_compute_metrics:200 - SOL/USD Results: Return=-70.27% | Sharpe=-3.27 | MaxDD=-75.62% | WinRate=32.76% | Trades=116 (L:92 S:24)
2026-02-21 07:49:43.375 | INFO     | backtest.engine:save_results:218 - Results saved -> backtest\results\SOL_USD_backtest.json
2026-02-21 07:49:43.380 | INFO     | __main__:run_pipeline:53 - 
============================================================
Processing: XRP/USD
============================================================
2026-02-21 07:49:43.380 | INFO     | data.feature_engineer:build_features:145 - Building features for XRP/USD (43787 rows)
2026-02-21 07:49:43.495 | INFO     | data.feature_engineer:build_features:165 - Dropped 204 NaN/inf rows → 43583 usable rows
2026-02-21 07:49:43.496 | INFO     | data.feature_engineer:build_features:168 - Label distribution: DOWN=13707 NEUTRAL=16029 UP=13847
2026-02-21 07:49:43.497 | INFO     | __main__:run_pipeline:58 - Features: 69 columns
2026-02-21 07:49:43.526 | INFO     | utils.splitter:time_split:37 - Split: train=30508 | val=6537 | test=6538
2026-02-21 07:49:43.529 | INFO     | utils.splitter:save_scaler:48 - Saved scaler -> models\saved\XRP_USD_scaler.pkl
2026-02-21 07:49:43.529 | INFO     | models.catboost_model:train:33 - Training CatBoost for XRP/USD...
2026-02-21 07:49:44.258 | SUCCESS  | models.catboost_model:train:41 - CatBoost val accuracy: 0.4424
2026-02-21 07:49:44.270 | INFO     | models.catboost_model:save:49 - Saved CatBoost -> models\saved\XRP_USD_catboost.cbm
2026-02-21 07:49:44.277 | INFO     | models.cnn_model:train:114 - Training 1D CNN for XRP/USD on cpu — 30484 train samples
2026-02-21 07:49:47.774 | INFO     | models.cnn_model:train:143 -   Epoch   0 | val_loss=1.1011 | val_acc=0.4010
2026-02-21 07:50:11.993 | INFO     | models.cnn_model:train:152 - Early stopping at epoch 7
2026-02-21 07:50:11.993 | SUCCESS  | models.cnn_model:train:156 - 1D CNN best val_loss: 1.1011
2026-02-21 07:50:11.997 | INFO     | models.cnn_model:save:171 - Saved 1D CNN -> models\saved\XRP_USD_cnn.pt
2026-02-21 07:50:12.001 | INFO     | models.lstm_model:train:89 - Training LSTM for XRP/USD on cpu — 30448 train samples
2026-02-21 07:50:22.837 | INFO     | models.lstm_model:train:120 -   Epoch   0 | val_loss=1.0556 | val_acc=0.4212
2026-02-21 07:52:11.342 | INFO     | models.lstm_model:train:120 -   Epoch  10 | val_loss=1.2422 | val_acc=0.4059
2026-02-21 07:52:11.342 | INFO     | models.lstm_model:train:129 - Early stopping at epoch 10
2026-02-21 07:52:11.343 | SUCCESS  | models.lstm_model:train:133 - LSTM best val_loss: 1.0556
2026-02-21 07:52:11.346 | INFO     | models.lstm_model:save:149 - Saved LSTM -> models\saved\XRP_USD_lstm.pt
2026-02-21 07:52:18.804 | SUCCESS  | models.ensemble:optimise_weights:52 - Optimised weights: LGBM=0.333 XGB=0.333 LSTM=0.333 | acc=0.4251
2026-02-21 07:52:18.805 | INFO     | models.ensemble:save_weights:101 - Saved ensemble weights -> models\saved\XRP_USD_ensemble_weights.pkl
2026-02-21 07:52:26.169 | INFO     | models.ensemble:generate_signals:82 - Signal distribution (threshold=0.42): BUY=47 (0.7%)  SELL=269 (4.1%)  HOLD=6222 (95.2%)
2026-02-21 07:52:26.169 | INFO     | __main__:run_pipeline:95 - Test accuracy: 0.3879
2026-02-21 07:52:26.176 | INFO     | backtest.engine:_compute_metrics:200 - XRP/USD Results: Return=-28.80% | Sharpe=-1.23 | MaxDD=-34.63% | WinRate=31.91% | Trades=47 (L:15 S:32)
2026-02-21 07:52:26.187 | INFO     | backtest.engine:save_results:218 - Results saved -> backtest\results\XRP_USD_backtest.json
