2026-03-04 11:18:42.825 | INFO     | __main__:main:282 - [1/37] INJ/USD
2026-03-04 11:18:43.317 | INFO     | timeframe_comparison:fetch_ohlcv_timeframe:235 - Fetching INJ/USD [4h] — 1825 days...
2026-03-04 11:18:50.838 | SUCCESS  | timeframe_comparison:fetch_ohlcv_timeframe:268 - INJ/USD 4h: 10950 candles (2021-03-05 -> 2026-03-04)
2026-03-04 11:18:50.893 | INFO     | data.feature_engineer:build_features:334 - Building features for unknown (10950 rows)
2026-03-04 11:18:51.004 | INFO     | data.feature_engineer:build_features:359 - Dropped 200 NaN/inf rows → 10750 usable rows
2026-03-04 11:18:51.004 | INFO     | data.feature_engineer:build_features:362 - Label distribution: DOWN=1914 NEUTRAL=6830 UP=2006
2026-03-04 11:18:51.006 | INFO     | data.feature_engineer:build_features:369 - Regime: ranging=4872 trending_up=3678 trending_down=2200
2026-03-04 11:18:52.421 | INFO     | models.lstm_model:train:118 - Training LSTM for INJ/USD on cuda — 6426 train samples
2026-03-04 11:18:52.913 | INFO     | models.lstm_model:train:148 -   Epoch   0 | val_loss=1.1157 | val_acc=0.2361 | lr=0.000976
2026-03-04 11:18:53.198 | INFO     | models.lstm_model:train:148 -   Epoch   1 | val_loss=1.1539 | val_acc=0.3048 | lr=0.000905
2026-03-04 11:18:53.461 | INFO     | models.lstm_model:train:148 -   Epoch   2 | val_loss=1.1630 | val_acc=0.3401 | lr=0.000794
2026-03-04 11:18:53.736 | INFO     | models.lstm_model:train:148 -   Epoch   3 | val_loss=1.1652 | val_acc=0.3721 | lr=0.000655
2026-03-04 11:18:54.012 | INFO     | models.lstm_model:train:148 -   Epoch   4 | val_loss=1.2102 | val_acc=0.4055 | lr=0.000501
2026-03-04 11:18:54.306 | INFO     | models.lstm_model:train:148 -   Epoch   5 | val_loss=1.2011 | val_acc=0.4196 | lr=0.000346
2026-03-04 11:18:54.566 | INFO     | models.lstm_model:train:148 -   Epoch   6 | val_loss=1.2225 | val_acc=0.3777 | lr=0.000207
2026-03-04 11:18:54.813 | INFO     | models.lstm_model:train:148 -   Epoch   7 | val_loss=1.2663 | val_acc=0.3838 | lr=0.000096
2026-03-04 11:18:54.813 | INFO     | models.lstm_model:train:157 - Early stopping at epoch 7
2026-03-04 11:18:54.814 | SUCCESS  | models.lstm_model:train:161 - LSTM best val_loss: 1.1157
2026-03-04 11:18:56.212 | INFO     | models.ensemble:generate_signals:136 - Signal distribution (threshold=0.47693204432725905): BUY=217 (10.1%)  SELL=21 (1.0%)  HOLD=1912 (88.9%)
2026-03-04 11:18:56.219 | INFO     | backtest.filters:apply_filters:120 - Filters [4h] 21/238 removed (91% survive) — trend=0 vol=12 volume=9 funding=0 regime=0
2026-03-04 11:18:56.227 | INFO     | backtest.engine:_compute_metrics:223 -  Results: Return=3.96% | Sharpe=0.34 | MaxDD=-15.99% | WinRate=38.24% | Trades=68 (L:56 S:12)
2026-03-04 11:18:56.230 | INFO     | __main__:main:282 - [2/37] LINK/USD
2026-03-04 11:18:56.251 | INFO     | timeframe_comparison:fetch_ohlcv_timeframe:232 - Loaded LINK/USD 4h from cache (10950 rows)
2026-03-04 11:18:56.251 | INFO     | data.feature_engineer:build_features:334 - Building features for unknown (10950 rows)
2026-03-04 11:18:56.366 | INFO     | data.feature_engineer:build_features:359 - Dropped 200 NaN/inf rows → 10750 usable rows
2026-03-04 11:18:56.366 | INFO     | data.feature_engineer:build_features:362 - Label distribution: DOWN=1524 NEUTRAL=7568 UP=1658
2026-03-04 11:18:56.366 | INFO     | data.feature_engineer:build_features:369 - Regime: ranging=4295 trending_up=2816 trending_down=3639
2026-03-04 11:18:56.398 | INFO     | models.lstm_model:train:118 - Training LSTM for LINK/USD on cuda — 6426 train samples
2026-03-04 11:18:56.724 | INFO     | models.lstm_model:train:148 -   Epoch   0 | val_loss=1.1116 | val_acc=0.4567 | lr=0.000976
2026-03-04 11:18:57.061 | INFO     | models.lstm_model:train:148 -   Epoch   1 | val_loss=1.1131 | val_acc=0.5315 | lr=0.000905
2026-03-04 11:18:57.356 | INFO     | models.lstm_model:train:148 -   Epoch   2 | val_loss=1.1273 | val_acc=0.4652 | lr=0.000794
2026-03-04 11:18:57.651 | INFO     | models.lstm_model:train:148 -   Epoch   3 | val_loss=1.1428 | val_acc=0.4817 | lr=0.000655
2026-03-04 11:18:57.946 | INFO     | models.lstm_model:train:148 -   Epoch   4 | val_loss=1.1935 | val_acc=0.4685 | lr=0.000501
2026-03-04 11:18:58.285 | INFO     | models.lstm_model:train:148 -   Epoch   5 | val_loss=1.2132 | val_acc=0.4581 | lr=0.000346
2026-03-04 11:18:58.551 | INFO     | models.lstm_model:train:148 -   Epoch   6 | val_loss=1.2320 | val_acc=0.4741 | lr=0.000207
2026-03-04 11:18:58.823 | INFO     | models.lstm_model:train:148 -   Epoch   7 | val_loss=1.2579 | val_acc=0.4821 | lr=0.000096
2026-03-04 11:18:58.823 | INFO     | models.lstm_model:train:157 - Early stopping at epoch 7
2026-03-04 11:18:58.823 | SUCCESS  | models.lstm_model:train:161 - LSTM best val_loss: 1.1116
2026-03-04 11:19:00.134 | INFO     | models.ensemble:generate_signals:136 - Signal distribution (threshold=0.46659329533576965): BUY=182 (8.5%)  SELL=20 (0.9%)  HOLD=1948 (90.6%)
2026-03-04 11:19:00.142 | INFO     | backtest.filters:apply_filters:120 - Filters [4h] 1/202 removed (100% survive) — trend=0 vol=0 volume=1 funding=0 regime=0
2026-03-04 11:19:00.148 | INFO     | backtest.engine:_compute_metrics:223 -  Results: Return=5.88% | Sharpe=0.54 | MaxDD=-7.99% | WinRate=38.81% | Trades=67 (L:56 S:11)
2026-03-04 11:19:00.150 | INFO     | __main__:main:282 - [3/37] DOGE/USD
2026-03-04 11:19:00.168 | INFO     | timeframe_comparison:fetch_ohlcv_timeframe:232 - Loaded DOGE/USD 4h from cache (10950 rows)
2026-03-04 11:19:00.169 | INFO     | data.feature_engineer:build_features:334 - Building features for unknown (10950 rows)
2026-03-04 11:19:00.284 | INFO     | data.feature_engineer:build_features:359 - Dropped 200 NaN/inf rows → 10750 usable rows
2026-03-04 11:19:00.285 | INFO     | data.feature_engineer:build_features:362 - Label distribution: DOWN=1423 NEUTRAL=7859 UP=1468
2026-03-04 11:19:00.285 | INFO     | data.feature_engineer:build_features:369 - Regime: ranging=4061 trending_up=2982 trending_down=3707
2026-03-04 11:19:00.314 | INFO     | models.lstm_model:train:118 - Training LSTM for DOGE/USD on cuda — 6426 train samples
2026-03-04 11:19:00.631 | INFO     | models.lstm_model:train:148 -   Epoch   0 | val_loss=1.1184 | val_acc=0.4459 | lr=0.000976
2026-03-04 11:19:00.936 | INFO     | models.lstm_model:train:148 -   Epoch   1 | val_loss=1.1562 | val_acc=0.5028 | lr=0.000905
2026-03-04 11:19:01.211 | INFO     | models.lstm_model:train:148 -   Epoch   2 | val_loss=1.2174 | val_acc=0.5315 | lr=0.000794
2026-03-04 11:19:01.501 | INFO     | models.lstm_model:train:148 -   Epoch   3 | val_loss=1.2787 | val_acc=0.5080 | lr=0.000655
2026-03-04 11:19:01.768 | INFO     | models.lstm_model:train:148 -   Epoch   4 | val_loss=1.3767 | val_acc=0.5362 | lr=0.000501
2026-03-04 11:19:02.053 | INFO     | models.lstm_model:train:148 -   Epoch   5 | val_loss=1.4352 | val_acc=0.5245 | lr=0.000346
2026-03-04 11:19:02.359 | INFO     | models.lstm_model:train:148 -   Epoch   6 | val_loss=1.5110 | val_acc=0.5301 | lr=0.000207
2026-03-04 11:19:02.664 | INFO     | models.lstm_model:train:148 -   Epoch   7 | val_loss=1.5399 | val_acc=0.5296 | lr=0.000096
2026-03-04 11:19:02.664 | INFO     | models.lstm_model:train:157 - Early stopping at epoch 7
2026-03-04 11:19:02.664 | SUCCESS  | models.lstm_model:train:161 - LSTM best val_loss: 1.1184
2026-03-04 11:19:04.021 | INFO     | models.ensemble:generate_signals:136 - Signal distribution (threshold=0.4871535778045654): BUY=30 (1.4%)  SELL=154 (7.2%)  HOLD=1966 (91.4%)
2026-03-04 11:19:04.030 | INFO     | backtest.filters:apply_filters:120 - Filters [4h] 3/184 removed (98% survive) — trend=0 vol=2 volume=1 funding=0 regime=0
2026-03-04 11:19:04.034 | INFO     | backtest.engine:_compute_metrics:223 -  Results: Return=23.98% | Sharpe=1.89 | MaxDD=-5.13% | WinRate=47.37% | Trades=57 (L:12 S:45)
2026-03-04 11:19:04.037 | INFO     | __main__:main:282 - [4/37] OP/USD
2026-03-04 11:19:04.052 | INFO     | timeframe_comparison:fetch_ohlcv_timeframe:235 - Fetching OP/USD [4h] — 1825 days...
2026-03-04 11:19:10.505 | SUCCESS  | timeframe_comparison:fetch_ohlcv_timeframe:268 - OP/USD 4h: 8233 candles (2022-06-01 -> 2026-03-04)
2026-03-04 11:19:10.547 | INFO     | data.feature_engineer:build_features:334 - Building features for unknown (8233 rows)
2026-03-04 11:19:10.639 | INFO     | data.feature_engineer:build_features:359 - Dropped 200 NaN/inf rows → 8033 usable rows
2026-03-04 11:19:10.641 | INFO     | data.feature_engineer:build_features:362 - Label distribution: DOWN=1360 NEUTRAL=5390 UP=1283
2026-03-04 11:19:10.641 | INFO     | data.feature_engineer:build_features:369 - Regime: ranging=3074 trending_up=2225 trending_down=2734
2026-03-04 11:19:10.667 | INFO     | models.lstm_model:train:118 - Training LSTM for OP/USD on cuda — 4795 train samples
2026-03-04 11:19:11.003 | INFO     | models.lstm_model:train:148 -   Epoch   0 | val_loss=1.1496 | val_acc=0.4093 | lr=0.000976
2026-03-04 11:19:11.248 | INFO     | models.lstm_model:train:148 -   Epoch   1 | val_loss=1.1497 | val_acc=0.3992 | lr=0.000905
2026-03-04 11:19:11.442 | INFO     | models.lstm_model:train:148 -   Epoch   2 | val_loss=1.2011 | val_acc=0.4011 | lr=0.000794
2026-03-04 11:19:11.665 | INFO     | models.lstm_model:train:148 -   Epoch   3 | val_loss=1.2743 | val_acc=0.4485 | lr=0.000655
2026-03-04 11:19:11.856 | INFO     | models.lstm_model:train:148 -   Epoch   4 | val_loss=1.3569 | val_acc=0.4479 | lr=0.000501
2026-03-04 11:19:12.062 | INFO     | models.lstm_model:train:148 -   Epoch   5 | val_loss=1.4256 | val_acc=0.4384 | lr=0.000346
2026-03-04 11:19:12.323 | INFO     | models.lstm_model:train:148 -   Epoch   6 | val_loss=1.4841 | val_acc=0.4239 | lr=0.000207
2026-03-04 11:19:12.533 | INFO     | models.lstm_model:train:148 -   Epoch   7 | val_loss=1.5122 | val_acc=0.4422 | lr=0.000096
2026-03-04 11:19:12.533 | INFO     | models.lstm_model:train:157 - Early stopping at epoch 7
2026-03-04 11:19:12.538 | SUCCESS  | models.lstm_model:train:161 - LSTM best val_loss: 1.1496
2026-03-04 11:19:13.583 | INFO     | models.ensemble:generate_signals:136 - Signal distribution (threshold=0.5768467485904694): BUY=201 (12.5%)  SELL=0 (0.0%)  HOLD=1406 (87.5%)
2026-03-04 11:19:13.590 | INFO     | backtest.filters:apply_filters:120 - Filters [4h] 22/201 removed (89% survive) — trend=0 vol=21 volume=1 funding=0 regime=0
2026-03-04 11:19:13.596 | INFO     | backtest.engine:_compute_metrics:223 -  Results: Return=-12.52% | Sharpe=-1.27 | MaxDD=-17.17% | WinRate=29.31% | Trades=58 (L:58 S:0)
2026-03-04 11:19:13.599 | INFO     | __main__:main:282 - [5/37] ARB/USD
2026-03-04 11:19:13.613 | INFO     | timeframe_comparison:fetch_ohlcv_timeframe:232 - Loaded ARB/USD 4h from cache (6462 rows)
2026-03-04 11:19:13.613 | INFO     | data.feature_engineer:build_features:334 - Building features for unknown (6462 rows)
2026-03-04 11:19:13.698 | INFO     | data.feature_engineer:build_features:359 - Dropped 200 NaN/inf rows → 6262 usable rows
2026-03-04 11:19:13.699 | INFO     | data.feature_engineer:build_features:362 - Label distribution: DOWN=937 NEUTRAL=4501 UP=824
2026-03-04 11:19:13.699 | INFO     | data.feature_engineer:build_features:369 - Regime: ranging=2367 trending_up=1541 trending_down=2354
2026-03-04 11:19:13.714 | INFO     | models.lstm_model:train:118 - Training LSTM for ARB/USD on cuda — 3733 train samples
2026-03-04 11:19:13.902 | INFO     | models.lstm_model:train:148 -   Epoch   0 | val_loss=1.1381 | val_acc=0.4422 | lr=0.000976
2026-03-04 11:19:14.079 | INFO     | models.lstm_model:train:148 -   Epoch   1 | val_loss=1.1495 | val_acc=0.3111 | lr=0.000905
2026-03-04 11:19:14.263 | INFO     | models.lstm_model:train:148 -   Epoch   2 | val_loss=1.1626 | val_acc=0.2777 | lr=0.000794
2026-03-04 11:19:14.436 | INFO     | models.lstm_model:train:148 -   Epoch   3 | val_loss=1.1915 | val_acc=0.3550 | lr=0.000655
2026-03-04 11:19:14.605 | INFO     | models.lstm_model:train:148 -   Epoch   4 | val_loss=1.2248 | val_acc=0.3779 | lr=0.000501
2026-03-04 11:19:14.773 | INFO     | models.lstm_model:train:148 -   Epoch   5 | val_loss=1.2413 | val_acc=0.3493 | lr=0.000346
2026-03-04 11:19:14.962 | INFO     | models.lstm_model:train:148 -   Epoch   6 | val_loss=1.2791 | val_acc=0.3681 | lr=0.000207
2026-03-04 11:19:15.118 | INFO     | models.lstm_model:train:148 -   Epoch   7 | val_loss=1.2902 | val_acc=0.3510 | lr=0.000096
2026-03-04 11:19:15.120 | INFO     | models.lstm_model:train:157 - Early stopping at epoch 7
2026-03-04 11:19:15.120 | SUCCESS  | models.lstm_model:train:161 - LSTM best val_loss: 1.1381
2026-03-04 11:19:15.891 | INFO     | models.ensemble:generate_signals:136 - Signal distribution (threshold=0.4888342648744583): BUY=69 (5.5%)  SELL=52 (4.2%)  HOLD=1132 (90.3%)
2026-03-04 11:19:15.895 | INFO     | backtest.filters:apply_filters:120 - Filters [4h] 7/121 removed (94% survive) — trend=0 vol=5 volume=2 funding=0 regime=0
2026-03-04 11:19:15.898 | INFO     | backtest.engine:_compute_metrics:223 -  Results: Return=-7.65% | Sharpe=-1.06 | MaxDD=-12.38% | WinRate=30.56% | Trades=36 (L:21 S:15)
2026-03-04 11:19:15.900 | INFO     | __main__:main:282 - [6/37] BTC/USD
2026-03-04 11:19:15.917 | INFO     | timeframe_comparison:fetch_ohlcv_timeframe:232 - Loaded BTC/USD 4h from cache (10950 rows)
2026-03-04 11:19:15.918 | INFO     | data.feature_engineer:build_features:334 - Building features for unknown (10950 rows)
2026-03-04 11:19:16.010 | INFO     | data.feature_engineer:build_features:359 - Dropped 200 NaN/inf rows → 10750 usable rows
2026-03-04 11:19:16.012 | INFO     | data.feature_engineer:build_features:362 - Label distribution: DOWN=662 NEUTRAL=9326 UP=762
2026-03-04 11:19:16.014 | INFO     | data.feature_engineer:build_features:369 - Regime: ranging=4760 trending_up=2769 trending_down=3221
2026-03-04 11:19:16.032 | INFO     | models.lstm_model:train:118 - Training LSTM for BTC/USD on cuda — 6426 train samples
2026-03-04 11:19:16.371 | INFO     | models.lstm_model:train:148 -   Epoch   0 | val_loss=0.9569 | val_acc=0.8307 | lr=0.000976
2026-03-04 11:19:16.625 | INFO     | models.lstm_model:train:148 -   Epoch   1 | val_loss=1.0297 | val_acc=0.5729 | lr=0.000905
2026-03-04 11:19:16.923 | INFO     | models.lstm_model:train:148 -   Epoch   2 | val_loss=0.9962 | val_acc=0.6016 | lr=0.000794
2026-03-04 11:19:17.167 | INFO     | models.lstm_model:train:148 -   Epoch   3 | val_loss=1.0417 | val_acc=0.6289 | lr=0.000655
2026-03-04 11:19:17.448 | INFO     | models.lstm_model:train:148 -   Epoch   4 | val_loss=1.1833 | val_acc=0.4069 | lr=0.000501
2026-03-04 11:19:17.712 | INFO     | models.lstm_model:train:148 -   Epoch   5 | val_loss=1.1343 | val_acc=0.5024 | lr=0.000346
2026-03-04 11:19:18.012 | INFO     | models.lstm_model:train:148 -   Epoch   6 | val_loss=1.1825 | val_acc=0.4812 | lr=0.000207
2026-03-04 11:19:18.275 | INFO     | models.lstm_model:train:148 -   Epoch   7 | val_loss=1.1365 | val_acc=0.5696 | lr=0.000096
2026-03-04 11:19:18.275 | INFO     | models.lstm_model:train:157 - Early stopping at epoch 7
2026-03-04 11:19:18.275 | SUCCESS  | models.lstm_model:train:161 - LSTM best val_loss: 0.9569
2026-03-04 11:19:19.572 | INFO     | models.ensemble:generate_signals:136 - Signal distribution (threshold=0.43637468814849856): BUY=0 (0.0%)  SELL=87 (4.0%)  HOLD=2063 (96.0%)
2026-03-04 11:19:19.577 | INFO     | backtest.filters:apply_filters:120 - Filters [4h] 3/87 removed (97% survive) — trend=0 vol=2 volume=1 funding=0 regime=0
2026-03-04 11:19:19.578 | INFO     | backtest.engine:_compute_metrics:223 -  Results: Return=-4.66% | Sharpe=-0.91 | MaxDD=-8.34% | WinRate=28.57% | Trades=35 (L:0 S:35)
2026-03-04 11:19:19.584 | INFO     | __main__:main:282 - [7/37] ETH/USD
2026-03-04 11:19:19.604 | INFO     | timeframe_comparison:fetch_ohlcv_timeframe:232 - Loaded ETH/USD 4h from cache (10950 rows)
2026-03-04 11:19:19.604 | INFO     | data.feature_engineer:build_features:334 - Building features for unknown (10950 rows)
2026-03-04 11:19:19.736 | INFO     | data.feature_engineer:build_features:359 - Dropped 200 NaN/inf rows → 10750 usable rows
2026-03-04 11:19:19.736 | INFO     | data.feature_engineer:build_features:362 - Label distribution: DOWN=1082 NEUTRAL=8479 UP=1189
2026-03-04 11:19:19.736 | INFO     | data.feature_engineer:build_features:369 - Regime: ranging=4259 trending_up=2765 trending_down=3726
2026-03-04 11:19:19.761 | INFO     | models.lstm_model:train:118 - Training LSTM for ETH/USD on cuda — 6426 train samples
2026-03-04 11:19:20.065 | INFO     | models.lstm_model:train:148 -   Epoch   0 | val_loss=1.0489 | val_acc=0.7201 | lr=0.000976
2026-03-04 11:19:20.313 | INFO     | models.lstm_model:train:148 -   Epoch   1 | val_loss=1.0381 | val_acc=0.7408 | lr=0.000905
2026-03-04 11:19:20.574 | INFO     | models.lstm_model:train:148 -   Epoch   2 | val_loss=1.0626 | val_acc=0.7324 | lr=0.000794
2026-03-04 11:19:20.837 | INFO     | models.lstm_model:train:148 -   Epoch   3 | val_loss=1.1283 | val_acc=0.7615 | lr=0.000655
2026-03-04 11:19:21.081 | INFO     | models.lstm_model:train:148 -   Epoch   4 | val_loss=1.1286 | val_acc=0.7752 | lr=0.000501
2026-03-04 11:19:21.331 | INFO     | models.lstm_model:train:148 -   Epoch   5 | val_loss=1.1901 | val_acc=0.7531 | lr=0.000346
2026-03-04 11:19:21.583 | INFO     | models.lstm_model:train:148 -   Epoch   6 | val_loss=1.2173 | val_acc=0.7446 | lr=0.000207
2026-03-04 11:19:21.844 | INFO     | models.lstm_model:train:148 -   Epoch   7 | val_loss=1.2432 | val_acc=0.7432 | lr=0.000096
2026-03-04 11:19:22.128 | INFO     | models.lstm_model:train:148 -   Epoch   8 | val_loss=1.2561 | val_acc=0.7493 | lr=0.000025
2026-03-04 11:19:22.129 | INFO     | models.lstm_model:train:157 - Early stopping at epoch 8
2026-03-04 11:19:22.129 | SUCCESS  | models.lstm_model:train:161 - LSTM best val_loss: 1.0381
2026-03-04 11:19:23.458 | INFO     | models.ensemble:generate_signals:136 - Signal distribution (threshold=0.4333370357751846): BUY=45 (2.1%)  SELL=6 (0.3%)  HOLD=2099 (97.6%)
2026-03-04 11:19:23.462 | INFO     | backtest.filters:apply_filters:120 - Filters [4h] 0/51 removed (100% survive) — trend=0 vol=0 volume=0 funding=0 regime=0
2026-03-04 11:19:23.462 | INFO     | backtest.engine:_compute_metrics:223 -  Results: Return=-4.54% | Sharpe=-0.57 | MaxDD=-6.73% | WinRate=28.12% | Trades=32 (L:28 S:4)
2026-03-04 11:19:23.468 | INFO     | __main__:main:282 - [8/37] SOL/USD
2026-03-04 11:19:23.485 | INFO     | timeframe_comparison:fetch_ohlcv_timeframe:232 - Loaded SOL/USD 4h from cache (10950 rows)
2026-03-04 11:19:23.485 | INFO     | data.feature_engineer:build_features:334 - Building features for unknown (10950 rows)
2026-03-04 11:19:23.580 | INFO     | data.feature_engineer:build_features:359 - Dropped 200 NaN/inf rows → 10750 usable rows
2026-03-04 11:19:23.581 | INFO     | data.feature_engineer:build_features:362 - Label distribution: DOWN=1624 NEUTRAL=7313 UP=1813
2026-03-04 11:19:23.582 | INFO     | data.feature_engineer:build_features:369 - Regime: ranging=4071 trending_up=3228 trending_down=3451
2026-03-04 11:19:23.602 | INFO     | models.lstm_model:train:118 - Training LSTM for SOL/USD on cuda — 6426 train samples
2026-03-04 11:19:23.908 | INFO     | models.lstm_model:train:148 -   Epoch   0 | val_loss=1.0961 | val_acc=0.3711 | lr=0.000976
2026-03-04 11:19:24.177 | INFO     | models.lstm_model:train:148 -   Epoch   1 | val_loss=1.1037 | val_acc=0.5080 | lr=0.000905
2026-03-04 11:19:24.480 | INFO     | models.lstm_model:train:148 -   Epoch   2 | val_loss=1.1007 | val_acc=0.4417 | lr=0.000794
2026-03-04 11:19:24.736 | INFO     | models.lstm_model:train:148 -   Epoch   3 | val_loss=1.1233 | val_acc=0.4323 | lr=0.000655
2026-03-04 11:19:25.025 | INFO     | models.lstm_model:train:148 -   Epoch   4 | val_loss=1.1707 | val_acc=0.5094 | lr=0.000501
2026-03-04 11:19:25.297 | INFO     | models.lstm_model:train:148 -   Epoch   5 | val_loss=1.1924 | val_acc=0.4144 | lr=0.000346
2026-03-04 11:19:25.576 | INFO     | models.lstm_model:train:148 -   Epoch   6 | val_loss=1.2446 | val_acc=0.5174 | lr=0.000207
2026-03-04 11:19:25.858 | INFO     | models.lstm_model:train:148 -   Epoch   7 | val_loss=1.2536 | val_acc=0.4948 | lr=0.000096
2026-03-04 11:19:25.864 | INFO     | models.lstm_model:train:157 - Early stopping at epoch 7
2026-03-04 11:19:25.864 | SUCCESS  | models.lstm_model:train:161 - LSTM best val_loss: 1.0961
2026-03-04 11:19:27.252 | INFO     | models.ensemble:generate_signals:136 - Signal distribution (threshold=0.4525056704878807): BUY=136 (6.3%)  SELL=110 (5.1%)  HOLD=1904 (88.6%)
2026-03-04 11:19:27.264 | INFO     | backtest.filters:apply_filters:120 - Filters [4h] 8/246 removed (97% survive) — trend=0 vol=7 volume=1 funding=0 regime=0
2026-03-04 11:19:27.268 | INFO     | backtest.engine:_compute_metrics:223 -  Results: Return=-10.89% | Sharpe=-0.90 | MaxDD=-16.28% | WinRate=32.58% | Trades=89 (L:48 S:41)
2026-03-04 11:19:27.270 | INFO     | __main__:main:282 - [9/37] ADA/USD
2026-03-04 11:19:27.288 | INFO     | timeframe_comparison:fetch_ohlcv_timeframe:235 - Fetching ADA/USD [4h] — 1825 days...
2026-03-04 11:19:34.608 | SUCCESS  | timeframe_comparison:fetch_ohlcv_timeframe:268 - ADA/USD 4h: 10950 candles (2021-03-05 -> 2026-03-04)
2026-03-04 11:19:34.647 | INFO     | data.feature_engineer:build_features:334 - Building features for unknown (10950 rows)
2026-03-04 11:19:34.743 | INFO     | data.feature_engineer:build_features:359 - Dropped 200 NaN/inf rows → 10750 usable rows
2026-03-04 11:19:34.744 | INFO     | data.feature_engineer:build_features:362 - Label distribution: DOWN=1350 NEUTRAL=8068 UP=1332
2026-03-04 11:19:34.744 | INFO     | data.feature_engineer:build_features:369 - Regime: ranging=4482 trending_up=2493 trending_down=3775
2026-03-04 11:19:34.766 | INFO     | models.lstm_model:train:118 - Training LSTM for ADA/USD on cuda — 6426 train samples
2026-03-04 11:19:35.204 | INFO     | models.lstm_model:train:148 -   Epoch   0 | val_loss=1.0654 | val_acc=0.5894 | lr=0.000976
2026-03-04 11:19:35.451 | INFO     | models.lstm_model:train:148 -   Epoch   1 | val_loss=1.0983 | val_acc=0.5066 | lr=0.000905
2026-03-04 11:19:35.693 | INFO     | models.lstm_model:train:148 -   Epoch   2 | val_loss=1.1481 | val_acc=0.5056 | lr=0.000794
2026-03-04 11:19:35.963 | INFO     | models.lstm_model:train:148 -   Epoch   3 | val_loss=1.1772 | val_acc=0.5155 | lr=0.000655
2026-03-04 11:19:36.223 | INFO     | models.lstm_model:train:148 -   Epoch   4 | val_loss=1.2243 | val_acc=0.5024 | lr=0.000501
2026-03-04 11:19:36.492 | INFO     | models.lstm_model:train:148 -   Epoch   5 | val_loss=1.2349 | val_acc=0.5028 | lr=0.000346
2026-03-04 11:19:36.757 | INFO     | models.lstm_model:train:148 -   Epoch   6 | val_loss=1.2663 | val_acc=0.4826 | lr=0.000207
2026-03-04 11:19:37.029 | INFO     | models.lstm_model:train:148 -   Epoch   7 | val_loss=1.2978 | val_acc=0.4958 | lr=0.000096
2026-03-04 11:19:37.029 | INFO     | models.lstm_model:train:157 - Early stopping at epoch 7
2026-03-04 11:19:37.038 | SUCCESS  | models.lstm_model:train:161 - LSTM best val_loss: 1.0654
2026-03-04 11:19:38.384 | INFO     | models.ensemble:generate_signals:136 - Signal distribution (threshold=0.4559337720274925): BUY=123 (5.7%)  SELL=12 (0.6%)  HOLD=2015 (93.7%)
2026-03-04 11:19:38.389 | INFO     | backtest.filters:apply_filters:120 - Filters [4h] 2/135 removed (99% survive) — trend=0 vol=1 volume=1 funding=0 regime=0
2026-03-04 11:19:38.392 | INFO     | backtest.engine:_compute_metrics:223 -  Results: Return=-13.34% | Sharpe=-1.47 | MaxDD=-15.46% | WinRate=25.93% | Trades=54 (L:46 S:8)
2026-03-04 11:19:38.395 | INFO     | __main__:main:282 - [10/37] DOT/USD
2026-03-04 11:19:38.414 | INFO     | timeframe_comparison:fetch_ohlcv_timeframe:235 - Fetching DOT/USD [4h] — 1825 days...
2026-03-04 11:19:46.692 | SUCCESS  | timeframe_comparison:fetch_ohlcv_timeframe:268 - DOT/USD 4h: 10950 candles (2021-03-05 -> 2026-03-04)
2026-03-04 11:19:46.737 | INFO     | data.feature_engineer:build_features:334 - Building features for unknown (10950 rows)
2026-03-04 11:19:46.833 | INFO     | data.feature_engineer:build_features:359 - Dropped 200 NaN/inf rows → 10750 usable rows
2026-03-04 11:19:46.833 | INFO     | data.feature_engineer:build_features:362 - Label distribution: DOWN=1461 NEUTRAL=7912 UP=1377
2026-03-04 11:19:46.833 | INFO     | data.feature_engineer:build_features:369 - Regime: ranging=4337 trending_up=2297 trending_down=4116
2026-03-04 11:19:46.859 | INFO     | models.lstm_model:train:118 - Training LSTM for DOT/USD on cuda — 6426 train samples
2026-03-04 11:19:47.274 | INFO     | models.lstm_model:train:148 -   Epoch   0 | val_loss=1.0832 | val_acc=0.7131 | lr=0.000976
2026-03-04 11:19:47.551 | INFO     | models.lstm_model:train:148 -   Epoch   1 | val_loss=1.1108 | val_acc=0.7032 | lr=0.000905
2026-03-04 11:19:47.801 | INFO     | models.lstm_model:train:148 -   Epoch   2 | val_loss=1.1439 | val_acc=0.6435 | lr=0.000794
2026-03-04 11:19:48.074 | INFO     | models.lstm_model:train:148 -   Epoch   3 | val_loss=1.2160 | val_acc=0.6783 | lr=0.000655
2026-03-04 11:19:48.355 | INFO     | models.lstm_model:train:148 -   Epoch   4 | val_loss=1.2558 | val_acc=0.6261 | lr=0.000501
2026-03-04 11:19:48.657 | INFO     | models.lstm_model:train:148 -   Epoch   5 | val_loss=1.3271 | val_acc=0.6463 | lr=0.000346
2026-03-04 11:19:48.946 | INFO     | models.lstm_model:train:148 -   Epoch   6 | val_loss=1.3649 | val_acc=0.6138 | lr=0.000207
2026-03-04 11:19:49.277 | INFO     | models.lstm_model:train:148 -   Epoch   7 | val_loss=1.4019 | val_acc=0.6246 | lr=0.000096
2026-03-04 11:19:49.279 | INFO     | models.lstm_model:train:157 - Early stopping at epoch 7
2026-03-04 11:19:49.279 | SUCCESS  | models.lstm_model:train:161 - LSTM best val_loss: 1.0832
2026-03-04 11:19:50.709 | INFO     | models.ensemble:generate_signals:136 - Signal distribution (threshold=0.44140603244304655): BUY=45 (2.1%)  SELL=1 (0.0%)  HOLD=2104 (97.9%)
2026-03-04 11:19:50.711 | INFO     | backtest.filters:apply_filters:120 - Filters [4h] 0/46 removed (100% survive) — trend=0 vol=0 volume=0 funding=0 regime=0
2026-03-04 11:19:50.713 | INFO     | backtest.engine:_compute_metrics:223 -  Results: Return=0.71% | Sharpe=0.13 | MaxDD=-8.34% | WinRate=40.00% | Trades=15 (L:14 S:1)
2026-03-04 11:19:50.716 | INFO     | __main__:main:282 - [11/37] AVAX/USD
2026-03-04 11:19:50.735 | INFO     | timeframe_comparison:fetch_ohlcv_timeframe:235 - Fetching AVAX/USD [4h] — 1825 days...
2026-03-04 11:19:58.670 | SUCCESS  | timeframe_comparison:fetch_ohlcv_timeframe:268 - AVAX/USD 4h: 10950 candles (2021-03-05 -> 2026-03-04)
2026-03-04 11:19:58.713 | INFO     | data.feature_engineer:build_features:334 - Building features for unknown (10950 rows)
2026-03-04 11:19:58.811 | INFO     | data.feature_engineer:build_features:359 - Dropped 200 NaN/inf rows → 10750 usable rows
2026-03-04 11:19:58.812 | INFO     | data.feature_engineer:build_features:362 - Label distribution: DOWN=1690 NEUTRAL=7277 UP=1783
2026-03-04 11:19:58.814 | INFO     | data.feature_engineer:build_features:369 - Regime: ranging=4007 trending_up=3022 trending_down=3721
2026-03-04 11:19:58.836 | INFO     | models.lstm_model:train:118 - Training LSTM for AVAX/USD on cuda — 6426 train samples
2026-03-04 11:19:59.220 | INFO     | models.lstm_model:train:148 -   Epoch   0 | val_loss=1.1263 | val_acc=0.5588 | lr=0.000976
2026-03-04 11:19:59.494 | INFO     | models.lstm_model:train:148 -   Epoch   1 | val_loss=1.1305 | val_acc=0.5230 | lr=0.000905
2026-03-04 11:19:59.786 | INFO     | models.lstm_model:train:148 -   Epoch   2 | val_loss=1.1654 | val_acc=0.4911 | lr=0.000794
2026-03-04 11:20:00.051 | INFO     | models.lstm_model:train:148 -   Epoch   3 | val_loss=1.1869 | val_acc=0.4849 | lr=0.000655
2026-03-04 11:20:00.321 | INFO     | models.lstm_model:train:148 -   Epoch   4 | val_loss=1.2455 | val_acc=0.4591 | lr=0.000501
2026-03-04 11:20:00.580 | INFO     | models.lstm_model:train:148 -   Epoch   5 | val_loss=1.2833 | val_acc=0.4581 | lr=0.000346
2026-03-04 11:20:00.839 | INFO     | models.lstm_model:train:148 -   Epoch   6 | val_loss=1.3398 | val_acc=0.4530 | lr=0.000207
2026-03-04 11:20:01.128 | INFO     | models.lstm_model:train:148 -   Epoch   7 | val_loss=1.3700 | val_acc=0.4525 | lr=0.000096
2026-03-04 11:20:01.128 | INFO     | models.lstm_model:train:157 - Early stopping at epoch 7
2026-03-04 11:20:01.131 | SUCCESS  | models.lstm_model:train:161 - LSTM best val_loss: 1.1263
2026-03-04 11:20:02.657 | INFO     | models.ensemble:generate_signals:136 - Signal distribution (threshold=0.46856798678636546): BUY=133 (6.2%)  SELL=55 (2.6%)  HOLD=1962 (91.3%)
2026-03-04 11:20:02.662 | INFO     | backtest.filters:apply_filters:120 - Filters [4h] 18/188 removed (90% survive) — trend=0 vol=17 volume=1 funding=0 regime=0
2026-03-04 11:20:02.669 | INFO     | backtest.engine:_compute_metrics:223 -  Results: Return=-13.47% | Sharpe=-0.98 | MaxDD=-16.71% | WinRate=26.56% | Trades=64 (L:46 S:18)
2026-03-04 11:20:02.672 | INFO     | __main__:main:282 - [12/37] SHIB/USD
2026-03-04 11:20:02.673 | INFO     | timeframe_comparison:fetch_ohlcv_timeframe:235 - Fetching SHIB/USD [4h] — 1825 days...
2026-03-04 11:20:06.340 | ERROR    | timeframe_comparison:fetch_ohlcv_timeframe:246 - Fetch error SHIB/USD 4h: binance does not have market symbol SHIB/USD
2026-03-04 11:20:06.340 | ERROR    | timeframe_comparison:fetch_ohlcv_timeframe:259 - No data returned for SHIB/USD 4h
2026-03-04 11:20:06.382 | WARNING  | __main__:run_symbol:83 - SHIB/USD: only 0 bars — skipping
2026-03-04 11:20:06.382 | INFO     | __main__:main:282 - [13/37] UNI/USD
2026-03-04 11:20:06.385 | INFO     | timeframe_comparison:fetch_ohlcv_timeframe:235 - Fetching UNI/USD [4h] — 1825 days...
2026-03-04 11:20:10.127 | SUCCESS  | timeframe_comparison:fetch_ohlcv_timeframe:268 - UNI/USD 4h: 768 candles (2021-04-13 -> 2021-08-19)
2026-03-04 11:20:10.169 | WARNING  | __main__:run_symbol:83 - UNI/USD: only 768 bars — skipping
2026-03-04 11:20:10.170 | INFO     | __main__:main:282 - [14/37] AAVE/USD
2026-03-04 11:20:10.170 | INFO     | timeframe_comparison:fetch_ohlcv_timeframe:235 - Fetching AAVE/USD [4h] — 1825 days...
2026-03-04 11:20:13.784 | ERROR    | timeframe_comparison:fetch_ohlcv_timeframe:259 - No data returned for AAVE/USD 4h
2026-03-04 11:20:13.826 | WARNING  | __main__:run_symbol:83 - AAVE/USD: only 0 bars — skipping
2026-03-04 11:20:13.826 | INFO     | __main__:main:282 - [15/37] XRP/USD
2026-03-04 11:20:13.844 | INFO     | timeframe_comparison:fetch_ohlcv_timeframe:235 - Fetching XRP/USD [4h] — 1825 days...
2026-03-04 11:20:21.129 | SUCCESS  | timeframe_comparison:fetch_ohlcv_timeframe:268 - XRP/USD 4h: 10950 candles (2021-03-05 -> 2026-03-04)
2026-03-04 11:20:21.178 | INFO     | data.feature_engineer:build_features:334 - Building features for unknown (10950 rows)
2026-03-04 11:20:21.273 | INFO     | data.feature_engineer:build_features:359 - Dropped 200 NaN/inf rows → 10750 usable rows
2026-03-04 11:20:21.275 | INFO     | data.feature_engineer:build_features:362 - Label distribution: DOWN=1118 NEUTRAL=8444 UP=1188
2026-03-04 11:20:21.276 | INFO     | data.feature_engineer:build_features:369 - Regime: ranging=4261 trending_up=2869 trending_down=3620
2026-03-04 11:20:21.300 | INFO     | models.lstm_model:train:118 - Training LSTM for XRP/USD on cuda — 6426 train samples
2026-03-04 11:20:21.660 | INFO     | models.lstm_model:train:148 -   Epoch   0 | val_loss=1.0178 | val_acc=0.6058 | lr=0.000976
2026-03-04 11:20:21.930 | INFO     | models.lstm_model:train:148 -   Epoch   1 | val_loss=0.9869 | val_acc=0.6863 | lr=0.000905
2026-03-04 11:20:22.191 | INFO     | models.lstm_model:train:148 -   Epoch   2 | val_loss=1.0495 | val_acc=0.6030 | lr=0.000794
2026-03-04 11:20:22.470 | INFO     | models.lstm_model:train:148 -   Epoch   3 | val_loss=1.0590 | val_acc=0.6016 | lr=0.000655
2026-03-04 11:20:22.744 | INFO     | models.lstm_model:train:148 -   Epoch   4 | val_loss=1.1094 | val_acc=0.6167 | lr=0.000501
2026-03-04 11:20:23.029 | INFO     | models.lstm_model:train:148 -   Epoch   5 | val_loss=1.1554 | val_acc=0.6007 | lr=0.000346
2026-03-04 11:20:23.311 | INFO     | models.lstm_model:train:148 -   Epoch   6 | val_loss=1.1581 | val_acc=0.6044 | lr=0.000207
2026-03-04 11:20:23.584 | INFO     | models.lstm_model:train:148 -   Epoch   7 | val_loss=1.1871 | val_acc=0.6068 | lr=0.000096
2026-03-04 11:20:23.851 | INFO     | models.lstm_model:train:148 -   Epoch   8 | val_loss=1.1721 | val_acc=0.6025 | lr=0.000025
2026-03-04 11:20:23.851 | INFO     | models.lstm_model:train:157 - Early stopping at epoch 8
2026-03-04 11:20:23.861 | SUCCESS  | models.lstm_model:train:161 - LSTM best val_loss: 0.9869
2026-03-04 11:20:25.226 | INFO     | models.ensemble:generate_signals:136 - Signal distribution (threshold=0.5195053488016128): BUY=4 (0.2%)  SELL=257 (12.0%)  HOLD=1889 (87.9%)
2026-03-04 11:20:25.235 | INFO     | backtest.filters:apply_filters:120 - Filters [4h] 12/261 removed (95% survive) — trend=0 vol=11 volume=1 funding=0 regime=0
2026-03-04 11:20:25.239 | INFO     | backtest.engine:_compute_metrics:223 -  Results: Return=-6.07% | Sharpe=-0.65 | MaxDD=-9.93% | WinRate=32.20% | Trades=59 (L:2 S:57)
2026-03-04 11:20:25.242 | INFO     | __main__:main:282 - [16/37] LTC/USD
2026-03-04 11:20:25.263 | INFO     | timeframe_comparison:fetch_ohlcv_timeframe:235 - Fetching LTC/USD [4h] — 1825 days...
2026-03-04 11:20:33.833 | SUCCESS  | timeframe_comparison:fetch_ohlcv_timeframe:268 - LTC/USD 4h: 10950 candles (2021-03-05 -> 2026-03-04)
2026-03-04 11:20:33.899 | INFO     | data.feature_engineer:build_features:334 - Building features for unknown (10950 rows)
2026-03-04 11:20:33.997 | INFO     | data.feature_engineer:build_features:359 - Dropped 200 NaN/inf rows → 10750 usable rows
2026-03-04 11:20:33.997 | INFO     | data.feature_engineer:build_features:362 - Label distribution: DOWN=1184 NEUTRAL=8424 UP=1142
2026-03-04 11:20:33.997 | INFO     | data.feature_engineer:build_features:369 - Regime: ranging=4264 trending_up=2567 trending_down=3919
2026-03-04 11:20:34.027 | INFO     | models.lstm_model:train:118 - Training LSTM for LTC/USD on cuda — 6426 train samples
2026-03-04 11:20:34.393 | INFO     | models.lstm_model:train:148 -   Epoch   0 | val_loss=1.0133 | val_acc=0.7352 | lr=0.000976
2026-03-04 11:20:34.678 | INFO     | models.lstm_model:train:148 -   Epoch   1 | val_loss=1.0270 | val_acc=0.7446 | lr=0.000905
2026-03-04 11:20:34.941 | INFO     | models.lstm_model:train:148 -   Epoch   2 | val_loss=1.0583 | val_acc=0.7018 | lr=0.000794
2026-03-04 11:20:35.217 | INFO     | models.lstm_model:train:148 -   Epoch   3 | val_loss=1.0868 | val_acc=0.7168 | lr=0.000655
2026-03-04 11:20:35.475 | INFO     | models.lstm_model:train:148 -   Epoch   4 | val_loss=1.1321 | val_acc=0.7088 | lr=0.000501
2026-03-04 11:20:35.762 | INFO     | models.lstm_model:train:148 -   Epoch   5 | val_loss=1.1712 | val_acc=0.6773 | lr=0.000346
2026-03-04 11:20:36.034 | INFO     | models.lstm_model:train:148 -   Epoch   6 | val_loss=1.2139 | val_acc=0.7103 | lr=0.000207
2026-03-04 11:20:36.280 | INFO     | models.lstm_model:train:148 -   Epoch   7 | val_loss=1.2222 | val_acc=0.6896 | lr=0.000096
2026-03-04 11:20:36.280 | INFO     | models.lstm_model:train:157 - Early stopping at epoch 7
2026-03-04 11:20:36.290 | SUCCESS  | models.lstm_model:train:161 - LSTM best val_loss: 1.0133
2026-03-04 11:20:37.589 | INFO     | models.ensemble:generate_signals:136 - Signal distribution (threshold=0.4261061728000641): BUY=17 (0.8%)  SELL=31 (1.4%)  HOLD=2102 (97.8%)
2026-03-04 11:20:37.598 | INFO     | backtest.filters:apply_filters:120 - Filters [4h] 1/48 removed (98% survive) — trend=0 vol=0 volume=1 funding=0 regime=0
2026-03-04 11:20:37.598 | INFO     | backtest.engine:_compute_metrics:223 -  Results: Return=-5.57% | Sharpe=-0.88 | MaxDD=-8.37% | WinRate=18.75% | Trades=16 (L:3 S:13)
2026-03-04 11:20:37.607 | INFO     | __main__:main:282 - [17/37] ATOM/USD
2026-03-04 11:20:37.607 | INFO     | timeframe_comparison:fetch_ohlcv_timeframe:235 - Fetching ATOM/USD [4h] — 1825 days...
2026-03-04 11:20:41.099 | ERROR    | timeframe_comparison:fetch_ohlcv_timeframe:259 - No data returned for ATOM/USD 4h
2026-03-04 11:20:41.143 | WARNING  | __main__:run_symbol:83 - ATOM/USD: only 0 bars — skipping
2026-03-04 11:20:41.143 | INFO     | __main__:main:282 - [18/37] NEAR/USD
2026-03-04 11:20:41.144 | INFO     | timeframe_comparison:fetch_ohlcv_timeframe:235 - Fetching NEAR/USD [4h] — 1825 days...
2026-03-04 11:20:45.001 | ERROR    | timeframe_comparison:fetch_ohlcv_timeframe:259 - No data returned for NEAR/USD 4h
2026-03-04 11:20:45.053 | WARNING  | __main__:run_symbol:83 - NEAR/USD: only 0 bars — skipping
2026-03-04 11:20:45.054 | INFO     | __main__:main:282 - [19/37] MATIC/USD
2026-03-04 11:20:45.070 | INFO     | timeframe_comparison:fetch_ohlcv_timeframe:235 - Fetching MATIC/USD [4h] — 1825 days...
2026-03-04 11:20:50.974 | SUCCESS  | timeframe_comparison:fetch_ohlcv_timeframe:268 - MATIC/USD 4h: 7708 candles (2021-03-05 -> 2024-09-10)
2026-03-04 11:20:51.022 | INFO     | data.feature_engineer:build_features:334 - Building features for unknown (7708 rows)
2026-03-04 11:20:51.095 | INFO     | data.feature_engineer:build_features:359 - Dropped 200 NaN/inf rows → 7508 usable rows
2026-03-04 11:20:51.106 | INFO     | data.feature_engineer:build_features:362 - Label distribution: DOWN=1089 NEUTRAL=5272 UP=1147
2026-03-04 11:20:51.106 | INFO     | data.feature_engineer:build_features:369 - Regime: ranging=3058 trending_up=1950 trending_down=2500
2026-03-04 11:20:51.123 | INFO     | models.lstm_model:train:118 - Training LSTM for MATIC/USD on cuda — 4480 train samples
2026-03-04 11:20:51.510 | INFO     | models.lstm_model:train:148 -   Epoch   0 | val_loss=1.0630 | val_acc=0.5555 | lr=0.000976
2026-03-04 11:20:51.703 | INFO     | models.lstm_model:train:148 -   Epoch   1 | val_loss=1.1199 | val_acc=0.3396 | lr=0.000905
2026-03-04 11:20:51.894 | INFO     | models.lstm_model:train:148 -   Epoch   2 | val_loss=1.1266 | val_acc=0.4337 | lr=0.000794
2026-03-04 11:20:52.083 | INFO     | models.lstm_model:train:148 -   Epoch   3 | val_loss=1.1631 | val_acc=0.4249 | lr=0.000655
2026-03-04 11:20:52.283 | INFO     | models.lstm_model:train:148 -   Epoch   4 | val_loss=1.2301 | val_acc=0.3816 | lr=0.000501
2026-03-04 11:20:52.478 | INFO     | models.lstm_model:train:148 -   Epoch   5 | val_loss=1.2823 | val_acc=0.3904 | lr=0.000346
2026-03-04 11:20:52.659 | INFO     | models.lstm_model:train:148 -   Epoch   6 | val_loss=1.2712 | val_acc=0.4154 | lr=0.000207
2026-03-04 11:20:52.852 | INFO     | models.lstm_model:train:148 -   Epoch   7 | val_loss=1.2690 | val_acc=0.4242 | lr=0.000096
2026-03-04 11:20:52.853 | INFO     | models.lstm_model:train:157 - Early stopping at epoch 7
2026-03-04 11:20:52.853 | SUCCESS  | models.lstm_model:train:161 - LSTM best val_loss: 1.0630
2026-03-04 11:20:53.791 | INFO     | models.ensemble:generate_signals:136 - Signal distribution (threshold=0.46248226463794706): BUY=122 (8.1%)  SELL=8 (0.5%)  HOLD=1372 (91.3%)
2026-03-04 11:20:53.791 | INFO     | backtest.filters:apply_filters:120 - Filters [4h] 14/130 removed (89% survive) — trend=0 vol=10 volume=4 funding=0 regime=0
2026-03-04 11:20:53.798 | INFO     | backtest.engine:_compute_metrics:223 -  Results: Return=4.61% | Sharpe=0.60 | MaxDD=-9.11% | WinRate=32.50% | Trades=40 (L:34 S:6)
2026-03-04 11:20:53.803 | INFO     | __main__:main:282 - [20/37] ALGO/USD
2026-03-04 11:20:53.803 | INFO     | timeframe_comparison:fetch_ohlcv_timeframe:235 - Fetching ALGO/USD [4h] — 1825 days...
2026-03-04 11:20:57.326 | ERROR    | timeframe_comparison:fetch_ohlcv_timeframe:259 - No data returned for ALGO/USD 4h
2026-03-04 11:20:57.375 | WARNING  | __main__:run_symbol:83 - ALGO/USD: only 0 bars — skipping
2026-03-04 11:20:57.377 | INFO     | __main__:main:282 - [21/37] FTM/USD
2026-03-04 11:20:57.377 | INFO     | timeframe_comparison:fetch_ohlcv_timeframe:235 - Fetching FTM/USD [4h] — 1825 days...
2026-03-04 11:21:01.317 | ERROR    | timeframe_comparison:fetch_ohlcv_timeframe:246 - Fetch error FTM/USD 4h: binance does not have market symbol FTM/USD
2026-03-04 11:21:01.317 | ERROR    | timeframe_comparison:fetch_ohlcv_timeframe:259 - No data returned for FTM/USD 4h
2026-03-04 11:21:01.369 | WARNING  | __main__:run_symbol:83 - FTM/USD: only 0 bars — skipping
2026-03-04 11:21:01.369 | INFO     | __main__:main:282 - [22/37] VET/USD
2026-03-04 11:21:01.369 | INFO     | timeframe_comparison:fetch_ohlcv_timeframe:235 - Fetching VET/USD [4h] — 1825 days...
2026-03-04 11:21:04.700 | ERROR    | timeframe_comparison:fetch_ohlcv_timeframe:259 - No data returned for VET/USD 4h
2026-03-04 11:21:04.747 | WARNING  | __main__:run_symbol:83 - VET/USD: only 0 bars — skipping
2026-03-04 11:21:04.747 | INFO     | __main__:main:282 - [23/37] XLM/USD
2026-03-04 11:21:04.753 | INFO     | timeframe_comparison:fetch_ohlcv_timeframe:235 - Fetching XLM/USD [4h] — 1825 days...
2026-03-04 11:21:08.584 | SUCCESS  | timeframe_comparison:fetch_ohlcv_timeframe:268 - XLM/USD 4h: 750 candles (2021-04-16 -> 2021-08-19)
2026-03-04 11:21:08.628 | WARNING  | __main__:run_symbol:83 - XLM/USD: only 750 bars — skipping
2026-03-04 11:21:08.631 | INFO     | __main__:main:282 - [24/37] TRX/USD
2026-03-04 11:21:08.647 | INFO     | timeframe_comparison:fetch_ohlcv_timeframe:235 - Fetching TRX/USD [4h] — 1825 days...
2026-03-04 11:21:16.597 | SUCCESS  | timeframe_comparison:fetch_ohlcv_timeframe:268 - TRX/USD 4h: 10950 candles (2021-03-05 -> 2026-03-04)
2026-03-04 11:21:16.646 | INFO     | data.feature_engineer:build_features:334 - Building features for unknown (10950 rows)
2026-03-04 11:21:16.751 | INFO     | data.feature_engineer:build_features:359 - Dropped 200 NaN/inf rows → 10750 usable rows
2026-03-04 11:21:16.752 | INFO     | data.feature_engineer:build_features:362 - Label distribution: DOWN=657 NEUTRAL=9476 UP=617
2026-03-04 11:21:16.753 | INFO     | data.feature_engineer:build_features:369 - Regime: ranging=4972 trending_up=2839 trending_down=2939
2026-03-04 11:21:16.781 | INFO     | models.lstm_model:train:118 - Training LSTM for TRX/USD on cuda — 6426 train samples
2026-03-04 11:21:17.197 | INFO     | models.lstm_model:train:148 -   Epoch   0 | val_loss=0.7128 | val_acc=0.8904 | lr=0.000976
2026-03-04 11:21:17.510 | INFO     | models.lstm_model:train:148 -   Epoch   1 | val_loss=0.7033 | val_acc=0.8848 | lr=0.000905
2026-03-04 11:21:17.844 | INFO     | models.lstm_model:train:148 -   Epoch   2 | val_loss=0.7259 | val_acc=0.8829 | lr=0.000794
2026-03-04 11:21:18.130 | INFO     | models.lstm_model:train:148 -   Epoch   3 | val_loss=0.7406 | val_acc=0.8782 | lr=0.000655
2026-03-04 11:21:18.437 | INFO     | models.lstm_model:train:148 -   Epoch   4 | val_loss=0.7757 | val_acc=0.8730 | lr=0.000501
2026-03-04 11:21:18.756 | INFO     | models.lstm_model:train:148 -   Epoch   5 | val_loss=0.7771 | val_acc=0.8744 | lr=0.000346
2026-03-04 11:21:19.057 | INFO     | models.lstm_model:train:148 -   Epoch   6 | val_loss=0.7805 | val_acc=0.8716 | lr=0.000207
2026-03-04 11:21:19.342 | INFO     | models.lstm_model:train:148 -   Epoch   7 | val_loss=0.8009 | val_acc=0.8688 | lr=0.000096
2026-03-04 11:21:19.629 | INFO     | models.lstm_model:train:148 -   Epoch   8 | val_loss=0.8110 | val_acc=0.8594 | lr=0.000025
2026-03-04 11:21:19.629 | INFO     | models.lstm_model:train:157 - Early stopping at epoch 8
2026-03-04 11:21:19.629 | SUCCESS  | models.lstm_model:train:161 - LSTM best val_loss: 0.7033
2026-03-04 11:21:20.959 | INFO     | models.ensemble:generate_signals:136 - Signal distribution (threshold=0.4): BUY=0 (0.0%)  SELL=0 (0.0%)  HOLD=2150 (100.0%)
2026-03-04 11:21:20.963 | INFO     | backtest.filters:apply_filters:120 - Filters [4h] 0/0 removed (0% survive) — trend=0 vol=0 volume=0 funding=0 regime=0
2026-03-04 11:21:20.964 | INFO     | backtest.engine:_compute_metrics:223 -  Results: Return=0.00% | Sharpe=0.00 | MaxDD=0.00% | WinRate=0.00% | Trades=0 (L:0 S:0)
2026-03-04 11:21:20.969 | INFO     | __main__:main:282 - [25/37] FIL/USD
2026-03-04 11:21:20.987 | INFO     | timeframe_comparison:fetch_ohlcv_timeframe:235 - Fetching FIL/USD [4h] — 1825 days...
2026-03-04 11:21:28.940 | SUCCESS  | timeframe_comparison:fetch_ohlcv_timeframe:268 - FIL/USD 4h: 10950 candles (2021-03-05 -> 2026-03-04)
2026-03-04 11:21:28.986 | INFO     | data.feature_engineer:build_features:334 - Building features for unknown (10950 rows)
2026-03-04 11:21:29.074 | INFO     | data.feature_engineer:build_features:359 - Dropped 200 NaN/inf rows → 10750 usable rows
2026-03-04 11:21:29.074 | INFO     | data.feature_engineer:build_features:362 - Label distribution: DOWN=1634 NEUTRAL=7699 UP=1417
2026-03-04 11:21:29.079 | INFO     | data.feature_engineer:build_features:369 - Regime: ranging=4429 trending_up=2360 trending_down=3961
2026-03-04 11:21:29.099 | INFO     | models.lstm_model:train:118 - Training LSTM for FIL/USD on cuda — 6426 train samples
2026-03-04 11:21:29.533 | INFO     | models.lstm_model:train:148 -   Epoch   0 | val_loss=1.1144 | val_acc=0.6482 | lr=0.000976
2026-03-04 11:21:29.792 | INFO     | models.lstm_model:train:148 -   Epoch   1 | val_loss=1.1476 | val_acc=0.5978 | lr=0.000905
2026-03-04 11:21:30.060 | INFO     | models.lstm_model:train:148 -   Epoch   2 | val_loss=1.1871 | val_acc=0.6124 | lr=0.000794
2026-03-04 11:21:30.346 | INFO     | models.lstm_model:train:148 -   Epoch   3 | val_loss=1.2246 | val_acc=0.6275 | lr=0.000655
2026-03-04 11:21:30.595 | INFO     | models.lstm_model:train:148 -   Epoch   4 | val_loss=1.2598 | val_acc=0.6030 | lr=0.000501
2026-03-04 11:21:30.881 | INFO     | models.lstm_model:train:148 -   Epoch   5 | val_loss=1.3377 | val_acc=0.6190 | lr=0.000346
2026-03-04 11:21:31.142 | INFO     | models.lstm_model:train:148 -   Epoch   6 | val_loss=1.3404 | val_acc=0.6162 | lr=0.000207
2026-03-04 11:21:31.402 | INFO     | models.lstm_model:train:148 -   Epoch   7 | val_loss=1.3595 | val_acc=0.6199 | lr=0.000096
2026-03-04 11:21:31.402 | INFO     | models.lstm_model:train:157 - Early stopping at epoch 7
2026-03-04 11:21:31.402 | SUCCESS  | models.lstm_model:train:161 - LSTM best val_loss: 1.1144
2026-03-04 11:21:32.736 | INFO     | models.ensemble:generate_signals:136 - Signal distribution (threshold=0.4347060680389404): BUY=15 (0.7%)  SELL=38 (1.8%)  HOLD=2097 (97.5%)
2026-03-04 11:21:32.738 | INFO     | backtest.filters:apply_filters:120 - Filters [4h] 1/53 removed (98% survive) — trend=0 vol=0 volume=1 funding=0 regime=0
2026-03-04 11:21:32.743 | INFO     | backtest.engine:_compute_metrics:223 -  Results: Return=-9.58% | Sharpe=-0.70 | MaxDD=-17.96% | WinRate=20.00% | Trades=15 (L:8 S:7)
2026-03-04 11:21:32.748 | INFO     | __main__:main:282 - [26/37] XTZ/USD
2026-03-04 11:21:32.748 | INFO     | timeframe_comparison:fetch_ohlcv_timeframe:235 - Fetching XTZ/USD [4h] — 1825 days...
2026-03-04 11:21:36.280 | ERROR    | timeframe_comparison:fetch_ohlcv_timeframe:259 - No data returned for XTZ/USD 4h
2026-03-04 11:21:36.334 | WARNING  | __main__:run_symbol:83 - XTZ/USD: only 0 bars — skipping
2026-03-04 11:21:36.335 | INFO     | __main__:main:282 - [27/37] GRT/USD
2026-03-04 11:21:36.335 | INFO     | timeframe_comparison:fetch_ohlcv_timeframe:235 - Fetching GRT/USD [4h] — 1825 days...
2026-03-04 11:21:39.483 | ERROR    | timeframe_comparison:fetch_ohlcv_timeframe:246 - Fetch error GRT/USD 4h: binance does not have market symbol GRT/USD
2026-03-04 11:21:39.483 | ERROR    | timeframe_comparison:fetch_ohlcv_timeframe:259 - No data returned for GRT/USD 4h
2026-03-04 11:21:39.529 | WARNING  | __main__:run_symbol:83 - GRT/USD: only 0 bars — skipping
2026-03-04 11:21:39.539 | INFO     | __main__:main:282 - [28/37] CRV/USD
2026-03-04 11:21:39.539 | INFO     | timeframe_comparison:fetch_ohlcv_timeframe:235 - Fetching CRV/USD [4h] — 1825 days...
2026-03-04 11:21:42.586 | ERROR    | timeframe_comparison:fetch_ohlcv_timeframe:246 - Fetch error CRV/USD 4h: binance does not have market symbol CRV/USD
2026-03-04 11:21:42.586 | ERROR    | timeframe_comparison:fetch_ohlcv_timeframe:259 - No data returned for CRV/USD 4h
2026-03-04 11:21:42.631 | WARNING  | __main__:run_symbol:83 - CRV/USD: only 0 bars — skipping
2026-03-04 11:21:42.631 | INFO     | __main__:main:282 - [29/37] SNX/USD
2026-03-04 11:21:42.631 | INFO     | timeframe_comparison:fetch_ohlcv_timeframe:235 - Fetching SNX/USD [4h] — 1825 days...
2026-03-04 11:21:46.439 | ERROR    | timeframe_comparison:fetch_ohlcv_timeframe:246 - Fetch error SNX/USD 4h: binance does not have market symbol SNX/USD
2026-03-04 11:21:46.439 | ERROR    | timeframe_comparison:fetch_ohlcv_timeframe:259 - No data returned for SNX/USD 4h
2026-03-04 11:21:46.490 | WARNING  | __main__:run_symbol:83 - SNX/USD: only 0 bars — skipping
2026-03-04 11:21:46.490 | INFO     | __main__:main:282 - [30/37] COMP/USD
2026-03-04 11:21:46.491 | INFO     | timeframe_comparison:fetch_ohlcv_timeframe:235 - Fetching COMP/USD [4h] — 1825 days...
2026-03-04 11:21:50.163 | ERROR    | timeframe_comparison:fetch_ohlcv_timeframe:246 - Fetch error COMP/USD 4h: binance does not have market symbol COMP/USD
2026-03-04 11:21:50.163 | ERROR    | timeframe_comparison:fetch_ohlcv_timeframe:259 - No data returned for COMP/USD 4h
2026-03-04 11:21:50.209 | WARNING  | __main__:run_symbol:83 - COMP/USD: only 0 bars — skipping
2026-03-04 11:21:50.209 | INFO     | __main__:main:282 - [31/37] MKR/USD
2026-03-04 11:21:50.209 | INFO     | timeframe_comparison:fetch_ohlcv_timeframe:235 - Fetching MKR/USD [4h] — 1825 days...
2026-03-04 11:21:53.378 | ERROR    | timeframe_comparison:fetch_ohlcv_timeframe:246 - Fetch error MKR/USD 4h: binance does not have market symbol MKR/USD
2026-03-04 11:21:53.380 | ERROR    | timeframe_comparison:fetch_ohlcv_timeframe:259 - No data returned for MKR/USD 4h
2026-03-04 11:21:53.423 | WARNING  | __main__:run_symbol:83 - MKR/USD: only 0 bars — skipping
2026-03-04 11:21:53.425 | INFO     | __main__:main:282 - [32/37] 1INCH/USD
2026-03-04 11:21:53.426 | INFO     | timeframe_comparison:fetch_ohlcv_timeframe:235 - Fetching 1INCH/USD [4h] — 1825 days...
2026-03-04 11:21:57.548 | ERROR    | timeframe_comparison:fetch_ohlcv_timeframe:246 - Fetch error 1INCH/USD 4h: binance does not have market symbol 1INCH/USD
2026-03-04 11:21:57.548 | ERROR    | timeframe_comparison:fetch_ohlcv_timeframe:259 - No data returned for 1INCH/USD 4h
2026-03-04 11:21:57.592 | WARNING  | __main__:run_symbol:83 - 1INCH/USD: only 0 bars — skipping
2026-03-04 11:21:57.592 | INFO     | __main__:main:282 - [33/37] RUNE/USD
2026-03-04 11:21:57.612 | INFO     | timeframe_comparison:fetch_ohlcv_timeframe:235 - Fetching RUNE/USD [4h] — 1825 days...
2026-03-04 11:22:09.505 | SUCCESS  | timeframe_comparison:fetch_ohlcv_timeframe:268 - RUNE/USD 4h: 10950 candles (2021-03-05 -> 2026-03-04)
2026-03-04 11:22:09.551 | INFO     | data.feature_engineer:build_features:334 - Building features for unknown (10950 rows)
2026-03-04 11:22:09.644 | INFO     | data.feature_engineer:build_features:359 - Dropped 200 NaN/inf rows → 10750 usable rows
2026-03-04 11:22:09.644 | INFO     | data.feature_engineer:build_features:362 - Label distribution: DOWN=1969 NEUTRAL=6787 UP=1994
2026-03-04 11:22:09.647 | INFO     | data.feature_engineer:build_features:369 - Regime: ranging=4548 trending_up=2815 trending_down=3387
2026-03-04 11:22:09.670 | INFO     | models.lstm_model:train:118 - Training LSTM for RUNE/USD on cuda — 6426 train samples
2026-03-04 11:22:10.143 | INFO     | models.lstm_model:train:148 -   Epoch   0 | val_loss=1.1209 | val_acc=0.2690 | lr=0.000976
2026-03-04 11:22:10.393 | INFO     | models.lstm_model:train:148 -   Epoch   1 | val_loss=1.1298 | val_acc=0.2719 | lr=0.000905
2026-03-04 11:22:10.670 | INFO     | models.lstm_model:train:148 -   Epoch   2 | val_loss=1.1489 | val_acc=0.2709 | lr=0.000794
2026-03-04 11:22:10.974 | INFO     | models.lstm_model:train:148 -   Epoch   3 | val_loss=1.2011 | val_acc=0.2893 | lr=0.000655
2026-03-04 11:22:11.262 | INFO     | models.lstm_model:train:148 -   Epoch   4 | val_loss=1.2210 | val_acc=0.2756 | lr=0.000501
2026-03-04 11:22:11.532 | INFO     | models.lstm_model:train:148 -   Epoch   5 | val_loss=1.2603 | val_acc=0.2780 | lr=0.000346
2026-03-04 11:22:11.791 | INFO     | models.lstm_model:train:148 -   Epoch   6 | val_loss=1.2821 | val_acc=0.2850 | lr=0.000207
2026-03-04 11:22:12.085 | INFO     | models.lstm_model:train:148 -   Epoch   7 | val_loss=1.3121 | val_acc=0.2865 | lr=0.000096
2026-03-04 11:22:12.085 | INFO     | models.lstm_model:train:157 - Early stopping at epoch 7
2026-03-04 11:22:12.085 | SUCCESS  | models.lstm_model:train:161 - LSTM best val_loss: 1.1209
2026-03-04 11:22:13.475 | INFO     | models.ensemble:generate_signals:136 - Signal distribution (threshold=0.44336825162172316): BUY=46 (2.1%)  SELL=77 (3.6%)  HOLD=2027 (94.3%)
2026-03-04 11:22:13.480 | INFO     | backtest.filters:apply_filters:120 - Filters [4h] 2/123 removed (98% survive) — trend=0 vol=0 volume=2 funding=0 regime=0
2026-03-04 11:22:13.482 | INFO     | backtest.engine:_compute_metrics:223 -  Results: Return=-1.65% | Sharpe=-0.13 | MaxDD=-6.78% | WinRate=37.50% | Trades=32 (L:13 S:19)
2026-03-04 11:22:13.485 | INFO     | __main__:main:282 - [34/37] DASH/USD
2026-03-04 11:22:13.485 | INFO     | timeframe_comparison:fetch_ohlcv_timeframe:235 - Fetching DASH/USD [4h] — 1825 days...
2026-03-04 11:22:17.337 | ERROR    | timeframe_comparison:fetch_ohlcv_timeframe:246 - Fetch error DASH/USD 4h: binance does not have market symbol DASH/USD
2026-03-04 11:22:17.337 | ERROR    | timeframe_comparison:fetch_ohlcv_timeframe:259 - No data returned for DASH/USD 4h
2026-03-04 11:22:17.380 | WARNING  | __main__:run_symbol:83 - DASH/USD: only 0 bars — skipping
2026-03-04 11:22:17.380 | INFO     | __main__:main:282 - [35/37] ZEC/USD
2026-03-04 11:22:17.380 | INFO     | timeframe_comparison:fetch_ohlcv_timeframe:235 - Fetching ZEC/USD [4h] — 1825 days...
2026-03-04 11:22:22.016 | ERROR    | timeframe_comparison:fetch_ohlcv_timeframe:246 - Fetch error ZEC/USD 4h: binance does not have market symbol ZEC/USD
2026-03-04 11:22:22.016 | ERROR    | timeframe_comparison:fetch_ohlcv_timeframe:259 - No data returned for ZEC/USD 4h
2026-03-04 11:22:22.060 | WARNING  | __main__:run_symbol:83 - ZEC/USD: only 0 bars — skipping
2026-03-04 11:22:22.064 | INFO     | __main__:main:282 - [36/37] ETC/USD
2026-03-04 11:22:22.082 | INFO     | timeframe_comparison:fetch_ohlcv_timeframe:232 - Loaded ETC/USD 4h from cache (10950 rows)
2026-03-04 11:22:22.083 | INFO     | data.feature_engineer:build_features:334 - Building features for unknown (10950 rows)
2026-03-04 11:22:22.176 | INFO     | data.feature_engineer:build_features:359 - Dropped 200 NaN/inf rows → 10750 usable rows
2026-03-04 11:22:22.176 | INFO     | data.feature_engineer:build_features:362 - Label distribution: DOWN=1306 NEUTRAL=8174 UP=1270
2026-03-04 11:22:22.177 | INFO     | data.feature_engineer:build_features:369 - Regime: ranging=4003 trending_up=2692 trending_down=4055
2026-03-04 11:22:22.205 | INFO     | models.lstm_model:train:118 - Training LSTM for ETC/USD on cuda — 6426 train samples
2026-03-04 11:22:22.569 | INFO     | models.lstm_model:train:148 -   Epoch   0 | val_loss=1.0329 | val_acc=0.7234 | lr=0.000976
2026-03-04 11:22:22.880 | INFO     | models.lstm_model:train:148 -   Epoch   1 | val_loss=1.0260 | val_acc=0.7084 | lr=0.000905
2026-03-04 11:22:23.159 | INFO     | models.lstm_model:train:148 -   Epoch   2 | val_loss=1.0443 | val_acc=0.7074 | lr=0.000794
2026-03-04 11:22:23.423 | INFO     | models.lstm_model:train:148 -   Epoch   3 | val_loss=1.0919 | val_acc=0.7074 | lr=0.000655
2026-03-04 11:22:23.683 | INFO     | models.lstm_model:train:148 -   Epoch   4 | val_loss=1.1298 | val_acc=0.7037 | lr=0.000501
2026-03-04 11:22:23.951 | INFO     | models.lstm_model:train:148 -   Epoch   5 | val_loss=1.1540 | val_acc=0.6910 | lr=0.000346
2026-03-04 11:22:24.234 | INFO     | models.lstm_model:train:148 -   Epoch   6 | val_loss=1.1965 | val_acc=0.6933 | lr=0.000207
2026-03-04 11:22:24.513 | INFO     | models.lstm_model:train:148 -   Epoch   7 | val_loss=1.2319 | val_acc=0.7004 | lr=0.000096
2026-03-04 11:22:24.768 | INFO     | models.lstm_model:train:148 -   Epoch   8 | val_loss=1.2450 | val_acc=0.7112 | lr=0.000025
2026-03-04 11:22:24.768 | INFO     | models.lstm_model:train:157 - Early stopping at epoch 8
2026-03-04 11:22:24.772 | SUCCESS  | models.lstm_model:train:161 - LSTM best val_loss: 1.0260
2026-03-04 11:22:26.198 | INFO     | models.ensemble:generate_signals:136 - Signal distribution (threshold=0.4714006185531616): BUY=53 (2.5%)  SELL=5 (0.2%)  HOLD=2092 (97.3%)
2026-03-04 11:22:26.200 | INFO     | backtest.filters:apply_filters:120 - Filters [4h] 2/58 removed (97% survive) — trend=0 vol=1 volume=1 funding=0 regime=0
2026-03-04 11:22:26.205 | INFO     | backtest.engine:_compute_metrics:223 -  Results: Return=-1.31% | Sharpe=-0.25 | MaxDD=-6.56% | WinRate=38.10% | Trades=21 (L:20 S:1)
2026-03-04 11:22:26.207 | INFO     | __main__:main:282 - [37/37] BCH/USD
2026-03-04 11:22:26.225 | INFO     | timeframe_comparison:fetch_ohlcv_timeframe:235 - Fetching BCH/USD [4h] — 1825 days...
2026-03-04 11:22:34.604 | SUCCESS  | timeframe_comparison:fetch_ohlcv_timeframe:268 - BCH/USD 4h: 10950 candles (2021-03-05 -> 2026-03-04)
2026-03-04 11:22:34.658 | INFO     | data.feature_engineer:build_features:334 - Building features for unknown (10950 rows)
2026-03-04 11:22:34.752 | INFO     | data.feature_engineer:build_features:359 - Dropped 200 NaN/inf rows → 10750 usable rows
2026-03-04 11:22:34.753 | INFO     | data.feature_engineer:build_features:362 - Label distribution: DOWN=1164 NEUTRAL=8374 UP=1212
2026-03-04 11:22:34.755 | INFO     | data.feature_engineer:build_features:369 - Regime: ranging=4522 trending_up=2758 trending_down=3470
2026-03-04 11:22:34.781 | INFO     | models.lstm_model:train:118 - Training LSTM for BCH/USD on cuda — 6426 train samples
2026-03-04 11:22:35.168 | INFO     | models.lstm_model:train:148 -   Epoch   0 | val_loss=1.0486 | val_acc=0.5536 | lr=0.000976
2026-03-04 11:22:35.463 | INFO     | models.lstm_model:train:148 -   Epoch   1 | val_loss=1.0435 | val_acc=0.5621 | lr=0.000905
2026-03-04 11:22:35.728 | INFO     | models.lstm_model:train:148 -   Epoch   2 | val_loss=1.0725 | val_acc=0.6054 | lr=0.000794
2026-03-04 11:22:36.020 | INFO     | models.lstm_model:train:148 -   Epoch   3 | val_loss=1.0991 | val_acc=0.5668 | lr=0.000655
2026-03-04 11:22:36.263 | INFO     | models.lstm_model:train:148 -   Epoch   4 | val_loss=1.1664 | val_acc=0.5800 | lr=0.000501
2026-03-04 11:22:36.532 | INFO     | models.lstm_model:train:148 -   Epoch   5 | val_loss=1.2264 | val_acc=0.5579 | lr=0.000346
2026-03-04 11:22:36.813 | INFO     | models.lstm_model:train:148 -   Epoch   6 | val_loss=1.2467 | val_acc=0.5729 | lr=0.000207
2026-03-04 11:22:37.093 | INFO     | models.lstm_model:train:148 -   Epoch   7 | val_loss=1.2747 | val_acc=0.5823 | lr=0.000096
2026-03-04 11:22:37.381 | INFO     | models.lstm_model:train:148 -   Epoch   8 | val_loss=1.2821 | val_acc=0.5790 | lr=0.000025
2026-03-04 11:22:37.381 | INFO     | models.lstm_model:train:157 - Early stopping at epoch 8
2026-03-04 11:22:37.381 | SUCCESS  | models.lstm_model:train:161 - LSTM best val_loss: 1.0435
2026-03-04 11:22:38.865 | INFO     | models.ensemble:generate_signals:136 - Signal distribution (threshold=0.5125943720340729): BUY=41 (1.9%)  SELL=149 (6.9%)  HOLD=1960 (91.2%)
2026-03-04 11:22:38.878 | INFO     | backtest.filters:apply_filters:120 - Filters [4h] 7/190 removed (96% survive) — trend=0 vol=4 volume=3 funding=0 regime=0
2026-03-04 11:22:38.884 | INFO     | backtest.engine:_compute_metrics:223 -  Results: Return=-16.67% | Sharpe=-2.06 | MaxDD=-17.61% | WinRate=26.39% | Trades=72 (L:15 S:57)
