2026-02-27 20:11:55.773 | INFO     | timeframe_comparison:fetch_ohlcv_timeframe:232 - Loaded INJ/USD 4h from cache (10950 rows)
2026-02-27 20:11:55.773 | INFO     | __main__:main:796 -   INJ/USD 4h: 10950 bars
2026-02-27 20:11:55.780 | WARNING  | data.alt_data:merge_alt_data:299 - btc_dominance is constant (API fallback) — dropping feature to avoid feeding noise to the model. Will use BTC proxy instead.
2026-02-27 20:11:55.781 | INFO     | data.alt_data:merge_alt_data:312 - Alt data merged: added 7 new columns
2026-02-27 20:11:55.781 | INFO     | data.feature_engineer:build_features:334 - Building features for INJ/USD (10950 rows)
2026-02-27 20:11:55.862 | INFO     | data.feature_engineer:build_features:359 - Dropped 200 NaN/inf rows → 10750 usable rows
2026-02-27 20:11:55.863 | INFO     | data.feature_engineer:build_features:362 - Label distribution: DOWN=1916 NEUTRAL=6818 UP=2016
2026-02-27 20:11:55.864 | INFO     | data.feature_engineer:build_features:369 - Regime: ranging=4875 trending_up=3674 trending_down=2201
2026-02-27 20:11:55.865 | INFO     | __main__:run_edge_scan:539 - Edge scan: INJ/USD [4h] — 20 combinations × 3 folds
2026-02-27 20:11:55.868 | INFO     | __main__:run_edge_scan:581 -   [1/20] h8h_t0.008_ternary | UP=25% NEU=49% DOWN=26% | n=10750
2026-02-27 20:12:01.182 | INFO     | models.ensemble:generate_signals:119 - Signal distribution (threshold=0.6): BUY=56 (3.2%)  SELL=6 (0.3%)  HOLD=1705 (96.5%)
2026-02-27 20:12:01.185 | INFO     | backtest.engine:_compute_metrics:223 - INJ/USD_4h Results: Return=10.27% | Sharpe=0.91 | MaxDD=-7.61% | WinRate=47.83% | Trades=23 (L:20 S:3)
2026-02-27 20:12:07.361 | INFO     | models.ensemble:generate_signals:119 - Signal distribution (threshold=0.6): BUY=8 (0.5%)  SELL=7 (0.4%)  HOLD=1752 (99.2%)
2026-02-27 20:12:07.363 | INFO     | backtest.engine:_compute_metrics:223 - INJ/USD_4h Results: Return=-0.78% | Sharpe=-0.12 | MaxDD=-5.48% | WinRate=25.00% | Trades=4 (L:3 S:1)
2026-02-27 20:12:07.364 | INFO     | __main__:run_edge_scan:615 -   ✓ EDGE | score=4.25 | acc=0.372 | wr=0.364 | ret=+0.047 | trades=14
2026-02-27 20:12:07.367 | INFO     | __main__:run_edge_scan:581 -   [2/20] h8h_t0.018_ternary | UP=16% NEU=69% DOWN=15% | n=10750
2026-02-27 20:12:12.410 | INFO     | models.ensemble:generate_signals:119 - Signal distribution (threshold=0.6): BUY=8 (0.5%)  SELL=30 (1.7%)  HOLD=1729 (97.8%)
2026-02-27 20:12:12.412 | INFO     | backtest.engine:_compute_metrics:223 - INJ/USD_4h Results: Return=-0.53% | Sharpe=-0.02 | MaxDD=-6.30% | WinRate=38.89% | Trades=18 (L:4 S:14)
2026-02-27 20:12:18.088 | INFO     | __main__:run_edge_scan:615 -     ---- | score=1.88 | acc=0.243 | wr=0.389 | ret=-0.005 | trades=18
2026-02-27 20:12:18.090 | INFO     | __main__:run_edge_scan:581 -   [3/20] h8h_t0.025_ternary | UP=12% NEU=78% DOWN=11% | n=10750
2026-02-27 20:12:23.752 | INFO     | models.ensemble:generate_signals:119 - Signal distribution (threshold=0.6): BUY=87 (4.9%)  SELL=4 (0.2%)  HOLD=1676 (94.9%)
2026-02-27 20:12:23.754 | INFO     | backtest.engine:_compute_metrics:223 - INJ/USD_4h Results: Return=-3.47% | Sharpe=-0.20 | MaxDD=-13.80% | WinRate=28.57% | Trades=28 (L:25 S:3)
2026-02-27 20:12:29.055 | INFO     | __main__:run_edge_scan:615 -     ---- | score=2.80 | acc=0.420 | wr=0.286 | ret=-0.035 | trades=28
2026-02-27 20:12:29.063 | INFO     | __main__:run_edge_scan:581 -   [6/20] h24h_t0.008_ternary | UP=34% NEU=29% DOWN=37% | n=10750
2026-02-27 20:12:34.392 | INFO     | models.ensemble:generate_signals:119 - Signal distribution (threshold=0.6): BUY=0 (0.0%)  SELL=458 (25.9%)  HOLD=1309 (74.1%)
2026-02-27 20:12:34.394 | INFO     | backtest.engine:_compute_metrics:223 - INJ/USD_4h Results: Return=-13.94% | Sharpe=-1.03 | MaxDD=-25.55% | WinRate=29.41% | Trades=68 (L:0 S:68)
2026-02-27 20:12:40.147 | INFO     | models.ensemble:generate_signals:119 - Signal distribution (threshold=0.6): BUY=4 (0.2%)  SELL=4 (0.2%)  HOLD=1759 (99.5%)
2026-02-27 20:12:40.149 | INFO     | backtest.engine:_compute_metrics:223 - INJ/USD_4h Results: Return=-5.85% | Sharpe=-1.28 | MaxDD=-9.87% | WinRate=20.00% | Trades=5 (L:3 S:2)
2026-02-27 20:12:40.151 | INFO     | __main__:run_edge_scan:615 -     ---- | score=1.12 | acc=0.336 | wr=0.247 | ret=-0.099 | trades=36
2026-02-27 20:12:40.153 | INFO     | __main__:run_edge_scan:581 -   [7/20] h24h_t0.018_ternary | UP=27% NEU=45% DOWN=28% | n=10750
2026-02-27 20:12:45.170 | INFO     | models.ensemble:generate_signals:119 - Signal distribution (threshold=0.6): BUY=17 (1.0%)  SELL=292 (16.5%)  HOLD=1458 (82.5%)
2026-02-27 20:12:45.172 | INFO     | backtest.engine:_compute_metrics:223 - INJ/USD_4h Results: Return=-10.25% | Sharpe=-0.69 | MaxDD=-21.74% | WinRate=30.00% | Trades=70 (L:3 S:67)
2026-02-27 20:12:50.163 | INFO     | models.ensemble:generate_signals:119 - Signal distribution (threshold=0.6): BUY=6 (0.3%)  SELL=0 (0.0%)  HOLD=1761 (99.7%)
2026-02-27 20:12:50.165 | INFO     | backtest.engine:_compute_metrics:223 - INJ/USD_4h Results: Return=-4.63% | Sharpe=-2.38 | MaxDD=-4.63% | WinRate=0.00% | Trades=3 (L:3 S:0)
2026-02-27 20:12:50.166 | INFO     | __main__:run_edge_scan:615 -     ---- | score=1.89 | acc=0.374 | wr=0.150 | ret=-0.074 | trades=36
2026-02-27 20:12:50.169 | INFO     | __main__:run_edge_scan:581 -   [8/20] h24h_t0.025_ternary | UP=23% NEU=53% DOWN=23% | n=10750
2026-02-27 20:12:55.212 | INFO     | models.ensemble:generate_signals:119 - Signal distribution (threshold=0.6): BUY=129 (7.3%)  SELL=75 (4.2%)  HOLD=1563 (88.5%)
2026-02-27 20:12:55.214 | INFO     | backtest.engine:_compute_metrics:223 - INJ/USD_4h Results: Return=4.08% | Sharpe=0.37 | MaxDD=-15.98% | WinRate=43.14% | Trades=51 (L:28 S:23)
2026-02-27 20:13:00.347 | INFO     | models.ensemble:generate_signals:119 - Signal distribution (threshold=0.6): BUY=10 (0.6%)  SELL=1 (0.1%)  HOLD=1756 (99.4%)
2026-02-27 20:13:00.350 | INFO     | backtest.engine:_compute_metrics:223 - INJ/USD_4h Results: Return=-4.60% | Sharpe=-1.25 | MaxDD=-5.42% | WinRate=0.00% | Trades=2 (L:1 S:1)
2026-02-27 20:13:00.351 | INFO     | __main__:run_edge_scan:615 -   ✓ EDGE | score=7.04 | acc=0.388 | wr=0.431 | ret=+0.041 | trades=51
2026-02-27 20:13:00.354 | INFO     | __main__:run_edge_scan:581 -   [9/20] h24h_t0.035_ternary | UP=19% NEU=63% DOWN=18% | n=10750
2026-02-27 20:13:05.822 | INFO     | models.ensemble:generate_signals:119 - Signal distribution (threshold=0.6): BUY=0 (0.0%)  SELL=20 (1.1%)  HOLD=1747 (98.9%)
2026-02-27 20:13:05.825 | INFO     | backtest.engine:_compute_metrics:223 - INJ/USD_4h Results: Return=-0.13% | Sharpe=0.02 | MaxDD=-5.30% | WinRate=33.33% | Trades=9 (L:0 S:9)
2026-02-27 20:13:11.032 | INFO     | models.ensemble:generate_signals:119 - Signal distribution (threshold=0.6): BUY=8 (0.5%)  SELL=1 (0.1%)  HOLD=1758 (99.5%)
2026-02-27 20:13:11.035 | INFO     | backtest.engine:_compute_metrics:223 - INJ/USD_4h Results: Return=-6.52% | Sharpe=-1.22 | MaxDD=-8.98% | WinRate=0.00% | Trades=3 (L:2 S:1)
2026-02-27 20:13:11.036 | INFO     | __main__:run_edge_scan:615 -     ---- | score=3.11 | acc=0.456 | wr=0.167 | ret=-0.033 | trades=6
2026-02-27 20:13:11.039 | INFO     | __main__:run_edge_scan:581 -   [10/20] h24h_t0.050_ternary | UP=13% NEU=75% DOWN=12% | n=10750
2026-02-27 20:13:16.297 | INFO     | models.ensemble:generate_signals:119 - Signal distribution (threshold=0.6): BUY=0 (0.0%)  SELL=93 (5.3%)  HOLD=1674 (94.7%)
2026-02-27 20:13:16.301 | INFO     | backtest.engine:_compute_metrics:223 - INJ/USD_4h Results: Return=6.86% | Sharpe=0.65 | MaxDD=-8.62% | WinRate=45.45% | Trades=22 (L:0 S:22)
