2026-03-04 13:33:03.057 | INFO     | __main__:run_oot:70 - Fetching 3000 days of history for LINK/USD...
2026-03-04 13:33:03.467 | INFO     | timeframe_comparison:fetch_ohlcv_timeframe:232 - Loaded LINK/USD 4h from cache (10950 rows)
2026-03-04 13:33:03.467 | INFO     | data.feature_engineer:build_features:334 - Building features for unknown (10950 rows)
2026-03-04 13:33:03.567 | INFO     | data.feature_engineer:build_features:359 - Dropped 200 NaN/inf rows → 10750 usable rows
2026-03-04 13:33:03.567 | INFO     | data.feature_engineer:build_features:362 - Label distribution: DOWN=1524 NEUTRAL=7568 UP=1658
2026-03-04 13:33:03.569 | INFO     | data.feature_engineer:build_features:369 - Regime: ranging=4295 trending_up=2816 trending_down=3639
2026-03-04 13:33:03.575 | INFO     | __main__:run_oot:106 - Data split:
2026-03-04 13:33:03.575 | INFO     | __main__:run_oot:107 -   OOT   (unseen): bars 0     → 4211   = 4211 bars (702 days)  [0 → 4210]
2026-03-04 13:33:03.575 | INFO     | __main__:run_oot:110 -   Train:          bars 4211 → 8134 = 3923 bars
2026-03-04 13:33:03.575 | INFO     | __main__:run_oot:111 -   Val:            bars 8134 → 9441   = 1307 bars
2026-03-04 13:33:03.577 | INFO     | __main__:run_oot:112 -   Test:           bars 9441 → 10750  = 1309 bars
2026-03-04 13:33:03.587 | INFO     | __main__:run_oot:132 - Training LSTM on 3923 bars...
2026-03-04 13:33:04.878 | INFO     | models.lstm_model:train:118 - Training LSTM for LINK/USD on cuda — 3899 train samples
2026-03-04 13:33:05.266 | INFO     | models.lstm_model:train:148 -   Epoch   0 | val_loss=1.1200 | val_acc=0.4373 | lr=0.000976
2026-03-04 13:33:05.485 | INFO     | models.lstm_model:train:148 -   Epoch   1 | val_loss=1.1558 | val_acc=0.5776 | lr=0.000905
2026-03-04 13:33:05.705 | INFO     | models.lstm_model:train:148 -   Epoch   2 | val_loss=1.1895 | val_acc=0.5043 | lr=0.000794
2026-03-04 13:33:05.932 | INFO     | models.lstm_model:train:148 -   Epoch   3 | val_loss=1.2554 | val_acc=0.4903 | lr=0.000655
2026-03-04 13:33:06.146 | INFO     | models.lstm_model:train:148 -   Epoch   4 | val_loss=1.3136 | val_acc=0.5355 | lr=0.000501
2026-03-04 13:33:06.327 | INFO     | models.lstm_model:train:148 -   Epoch   5 | val_loss=1.3515 | val_acc=0.4973 | lr=0.000346
2026-03-04 13:33:06.506 | INFO     | models.lstm_model:train:148 -   Epoch   6 | val_loss=1.3879 | val_acc=0.5199 | lr=0.000207
2026-03-04 13:33:06.683 | INFO     | models.lstm_model:train:148 -   Epoch   7 | val_loss=1.4218 | val_acc=0.5136 | lr=0.000096
2026-03-04 13:33:06.683 | INFO     | models.lstm_model:train:157 - Early stopping at epoch 7
2026-03-04 13:33:06.683 | SUCCESS  | models.lstm_model:train:161 - LSTM best val_loss: 1.1200
2026-03-04 13:33:06.683 | INFO     | __main__:run_oot:171 - Running inference on standard TEST window...
2026-03-04 13:33:07.551 | INFO     | models.ensemble:generate_signals:136 - Signal distribution (threshold=0.47737449407577515): BUY=62 (4.7%)  SELL=41 (3.1%)  HOLD=1206 (92.1%)
2026-03-04 13:33:07.553 | INFO     | backtest.filters:apply_filters:120 - Filters [4h] 6/103 removed (94% survive) — trend=0 vol=4 volume=2 funding=0 regime=0
2026-03-04 13:33:07.558 | INFO     | backtest.engine:_compute_metrics:223 -  Results: Return=-5.74% | Sharpe=-0.70 | MaxDD=-11.89% | WinRate=30.56% | Trades=36 (L:14 S:22)
2026-03-04 13:33:07.558 | INFO     | __main__:run_oot:174 - Running inference on OOT (historical, never-seen) window...
2026-03-04 13:33:10.426 | INFO     | models.ensemble:generate_signals:136 - Signal distribution (threshold=0.5051057696342468): BUY=237 (5.6%)  SELL=105 (2.5%)  HOLD=3869 (91.9%)
2026-03-04 13:33:10.437 | INFO     | backtest.filters:apply_filters:120 - Filters [4h] 0/342 removed (100% survive) — trend=0 vol=0 volume=0 funding=0 regime=0
2026-03-04 13:33:10.443 | INFO     | backtest.engine:_compute_metrics:223 -  Results: Return=0.43% | Sharpe=0.10 | MaxDD=-19.89% | WinRate=34.78% | Trades=92 (L:47 S:45)
2026-03-04 13:33:10.447 | SUCCESS  | __main__:save_results:240 - Results saved -> backtest\results\oot_LINK_USD_4h_20260304_133310.csv
