2026-03-04 13:31:38.538 | INFO     | __main__:run_oot:70 - Fetching 3000 days of history for DOGE/USD...
2026-03-04 13:31:38.931 | INFO     | timeframe_comparison:fetch_ohlcv_timeframe:232 - Loaded DOGE/USD 4h from cache (10950 rows)
2026-03-04 13:31:38.931 | INFO     | data.feature_engineer:build_features:334 - Building features for unknown (10950 rows)
2026-03-04 13:31:39.033 | INFO     | data.feature_engineer:build_features:359 - Dropped 200 NaN/inf rows → 10750 usable rows
2026-03-04 13:31:39.034 | INFO     | data.feature_engineer:build_features:362 - Label distribution: DOWN=1423 NEUTRAL=7859 UP=1468
2026-03-04 13:31:39.035 | INFO     | data.feature_engineer:build_features:369 - Regime: ranging=4061 trending_up=2982 trending_down=3707
2026-03-04 13:31:39.041 | INFO     | __main__:run_oot:106 - Data split:
2026-03-04 13:31:39.041 | INFO     | __main__:run_oot:107 -   OOT   (unseen): bars 0     → 4211   = 4211 bars (702 days)  [0 → 4210]
2026-03-04 13:31:39.041 | INFO     | __main__:run_oot:110 -   Train:          bars 4211 → 8134 = 3923 bars
2026-03-04 13:31:39.041 | INFO     | __main__:run_oot:111 -   Val:            bars 8134 → 9441   = 1307 bars
2026-03-04 13:31:39.041 | INFO     | __main__:run_oot:112 -   Test:           bars 9441 → 10750  = 1309 bars
2026-03-04 13:31:39.053 | INFO     | __main__:run_oot:132 - Training LSTM on 3923 bars...
2026-03-04 13:31:40.298 | INFO     | models.lstm_model:train:118 - Training LSTM for DOGE/USD on cuda — 3899 train samples
2026-03-04 13:31:40.694 | INFO     | models.lstm_model:train:148 -   Epoch   0 | val_loss=1.1608 | val_acc=0.3570 | lr=0.000976
2026-03-04 13:31:40.871 | INFO     | models.lstm_model:train:148 -   Epoch   1 | val_loss=1.2168 | val_acc=0.3913 | lr=0.000905
2026-03-04 13:31:41.058 | INFO     | models.lstm_model:train:148 -   Epoch   2 | val_loss=1.2334 | val_acc=0.3858 | lr=0.000794
2026-03-04 13:31:41.240 | INFO     | models.lstm_model:train:148 -   Epoch   3 | val_loss=1.2742 | val_acc=0.3718 | lr=0.000655
2026-03-04 13:31:41.415 | INFO     | models.lstm_model:train:148 -   Epoch   4 | val_loss=1.3103 | val_acc=0.3874 | lr=0.000501
2026-03-04 13:31:41.591 | INFO     | models.lstm_model:train:148 -   Epoch   5 | val_loss=1.3204 | val_acc=0.4232 | lr=0.000346
2026-03-04 13:31:41.764 | INFO     | models.lstm_model:train:148 -   Epoch   6 | val_loss=1.3636 | val_acc=0.3882 | lr=0.000207
2026-03-04 13:31:41.946 | INFO     | models.lstm_model:train:148 -   Epoch   7 | val_loss=1.3783 | val_acc=0.4084 | lr=0.000096
2026-03-04 13:31:41.946 | INFO     | models.lstm_model:train:157 - Early stopping at epoch 7
2026-03-04 13:31:41.946 | SUCCESS  | models.lstm_model:train:161 - LSTM best val_loss: 1.1608
2026-03-04 13:31:41.946 | INFO     | __main__:run_oot:171 - Running inference on standard TEST window...
2026-03-04 13:31:42.766 | INFO     | models.ensemble:generate_signals:136 - Signal distribution (threshold=0.5082563877105712): BUY=54 (4.1%)  SELL=84 (6.4%)  HOLD=1171 (89.5%)
2026-03-04 13:31:42.771 | INFO     | backtest.filters:apply_filters:120 - Filters [4h] 9/138 removed (93% survive) — trend=0 vol=8 volume=1 funding=0 regime=0
2026-03-04 13:31:42.774 | INFO     | backtest.engine:_compute_metrics:223 -  Results: Return=-3.67% | Sharpe=-0.45 | MaxDD=-10.58% | WinRate=36.54% | Trades=52 (L:27 S:25)
2026-03-04 13:31:42.774 | INFO     | __main__:run_oot:174 - Running inference on OOT (historical, never-seen) window...
2026-03-04 13:31:45.422 | INFO     | models.ensemble:generate_signals:136 - Signal distribution (threshold=0.5028435230255127): BUY=160 (3.8%)  SELL=142 (3.4%)  HOLD=3909 (92.8%)
2026-03-04 13:31:45.435 | INFO     | backtest.filters:apply_filters:120 - Filters [4h] 5/302 removed (98% survive) — trend=0 vol=5 volume=0 funding=0 regime=0
2026-03-04 13:31:45.439 | INFO     | backtest.engine:_compute_metrics:223 -  Results: Return=-5.66% | Sharpe=-0.08 | MaxDD=-20.06% | WinRate=38.74% | Trades=111 (L:72 S:39)
2026-03-04 13:31:45.444 | SUCCESS  | __main__:save_results:240 - Results saved -> backtest\results\oot_DOGE_USD_4h_20260304_133145.csv
