2026-02-23 17:31:02.687 | INFO     | __main__:main:397 - Testing 5 symbols x 6 timeframes = 30 combinations
2026-02-23 17:31:02.687 | INFO     | data.alt_data:fetch_all_alt_data:172 - Fetching alternative data...
2026-02-23 17:31:03.001 | SUCCESS  | data.alt_data:fetch_fear_greed:44 - Fear & Greed: 1825 records (2021-02-24 -> 2026-02-23)
2026-02-23 17:31:03.195 | WARNING  | data.alt_data:fetch_btc_dominance:88 - BTC dominance chart endpoint failed: Empty BTC dominance series from chart endpoint — trying /global fallback
2026-02-23 17:31:03.386 | WARNING  | data.alt_data:fetch_btc_dominance:108 - BTC Dominance: using current-only value (56.2%) — historical chart unavailable. Feature will be constant.
2026-02-23 17:31:04.839 | SUCCESS  | data.alt_data:fetch_google_trends:146 - Google Trends: 262 records
2026-02-23 17:31:04.861 | SUCCESS  | data.alt_data:fetch_all_alt_data:208 - Alt data saved: 1825 rows, columns: ['timestamp', 'fear_greed', 'date', 'btc_dominance', 'google_trends_btc']
2026-02-23 17:31:04.861 | INFO     | __main__:main:407 - 
============================================================
Timeframe: 15 minutes (15m)
============================================================
2026-02-23 17:31:05.349 | INFO     | __main__:fetch_ohlcv_timeframe:214 - Fetching INJ/USD [15m] — 365 days...
2026-02-23 17:31:24.764 | SUCCESS  | __main__:fetch_ohlcv_timeframe:247 - INJ/USD 15m: 35040 candles (2025-02-23 -> 2026-02-23)
2026-02-23 17:31:24.828 | INFO     | __main__:fetch_ohlcv_timeframe:214 - Fetching LINK/USD [15m] — 365 days...
2026-02-23 17:31:47.342 | SUCCESS  | __main__:fetch_ohlcv_timeframe:247 - LINK/USD 15m: 35040 candles (2025-02-23 -> 2026-02-23)
2026-02-23 17:31:47.407 | INFO     | __main__:fetch_ohlcv_timeframe:214 - Fetching DOGE/USD [15m] — 365 days...
2026-02-23 17:32:16.315 | SUCCESS  | __main__:fetch_ohlcv_timeframe:247 - DOGE/USD 15m: 35040 candles (2025-02-23 -> 2026-02-23)
2026-02-23 17:32:16.381 | INFO     | __main__:fetch_ohlcv_timeframe:214 - Fetching OP/USD [15m] — 365 days...
2026-02-23 17:32:37.452 | SUCCESS  | __main__:fetch_ohlcv_timeframe:247 - OP/USD 15m: 35040 candles (2025-02-23 -> 2026-02-23)
2026-02-23 17:32:37.518 | INFO     | __main__:fetch_ohlcv_timeframe:214 - Fetching ARB/USD [15m] — 365 days...
2026-02-23 17:32:56.264 | SUCCESS  | __main__:fetch_ohlcv_timeframe:247 - ARB/USD 15m: 35040 candles (2025-02-23 -> 2026-02-23)
2026-02-23 17:32:56.297 | INFO     | __main__:main:423 - 
Processing: INJ/USD [15m]
2026-02-23 17:32:56.309 | WARNING  | data.alt_data:merge_alt_data:299 - btc_dominance is constant (API fallback) — dropping feature to avoid feeding noise to the model. Will use BTC proxy instead.
2026-02-23 17:32:56.312 | INFO     | data.alt_data:merge_alt_data:312 - Alt data merged: added 7 new columns
2026-02-23 17:32:56.313 | INFO     | utils.walk_forward:walk_forward_validate:299 - 
============================================================
Walk-Forward Validation: INJ/USD_15m
============================================================
2026-02-23 17:32:56.313 | INFO     | utils.walk_forward:walk_forward_validate:300 - Config [15m]: train=35040 bars val=5280 test=5280 step=5280
2026-02-23 17:32:56.313 | INFO     | data.feature_engineer:build_features:283 - Building features for INJ/USD_15m (35040 rows)
2026-02-23 17:32:56.455 | INFO     | data.feature_engineer:build_features:308 - Dropped 200 NaN/inf rows → 34840 usable rows
2026-02-23 17:32:56.456 | INFO     | data.feature_engineer:build_features:311 - Label distribution: DOWN=11702 NEUTRAL=12037 UP=11101
2026-02-23 17:32:56.457 | INFO     | data.feature_engineer:build_features:318 - Regime: ranging=16617 trending_up=9176 trending_down=9047
2026-02-23 17:32:56.457 | WARNING  | utils.walk_forward:walk_forward_validate:325 - Insufficient data for walk-forward [15m]: 34840/45600 bars — scaling down proportionally (train=26771 val=4034 test=4034)
2026-02-23 17:32:56.577 | INFO     | utils.optuna_search:run_optuna_search:209 - Optuna search: INJ/USD_15m [15m] — 30 trials
2026-02-23 17:32:57.848 | INFO     | models.tft_model:train:211 - Training TFT for optuna_trial on cuda — 26759 train samples
2026-02-23 17:32:59.506 | INFO     | models.tft_model:train:211 - Training TFT for optuna_trial on cuda — 26747 train samples
2026-02-23 17:32:59.838 | INFO     | models.tft_model:train:211 - Training TFT for optuna_trial on cuda — 26759 train samples
2026-02-23 17:33:00.183 | INFO     | models.tft_model:train:211 - Training TFT for optuna_trial on cuda — 26747 train samples
2026-02-23 17:33:00.514 | INFO     | models.tft_model:train:211 - Training TFT for optuna_trial on cuda — 26747 train samples
2026-02-23 17:33:00.860 | INFO     | models.tft_model:train:211 - Training TFT for optuna_trial on cuda — 26723 train samples
2026-02-23 17:33:01.303 | INFO     | models.tft_model:train:211 - Training TFT for optuna_trial on cuda — 26759 train samples
2026-02-23 17:33:01.647 | INFO     | models.tft_model:train:211 - Training TFT for optuna_trial on cuda — 26723 train samples
2026-02-23 17:33:02.004 | INFO     | models.tft_model:train:211 - Training TFT for optuna_trial on cuda — 26759 train samples
