2026-02-25 07:59:37.673 | INFO     | __main__:main:397 - Testing 5 symbols x 6 timeframes = 30 combinations
2026-02-25 07:59:37.673 | INFO     | data.alt_data:fetch_all_alt_data:172 - Fetching alternative data...
2026-02-25 07:59:38.025 | SUCCESS  | data.alt_data:fetch_fear_greed:44 - Fear & Greed: 1825 records (2021-02-26 -> 2026-02-25)
2026-02-25 07:59:38.232 | WARNING  | data.alt_data:fetch_btc_dominance:88 - BTC dominance chart endpoint failed: Empty BTC dominance series from chart endpoint — trying /global fallback
2026-02-25 07:59:38.402 | WARNING  | data.alt_data:fetch_btc_dominance:108 - BTC Dominance: using current-only value (56.1%) — historical chart unavailable. Feature will be constant.
2026-02-25 07:59:39.824 | SUCCESS  | data.alt_data:fetch_google_trends:146 - Google Trends: 262 records
2026-02-25 07:59:39.851 | SUCCESS  | data.alt_data:fetch_all_alt_data:208 - Alt data saved: 1825 rows, columns: ['timestamp', 'fear_greed', 'date', 'btc_dominance', 'google_trends_btc']
2026-02-25 07:59:39.852 | INFO     | __main__:main:407 - 
============================================================
Timeframe: 15 minutes (15m)
============================================================
2026-02-25 07:59:40.424 | INFO     | __main__:fetch_ohlcv_timeframe:211 - Loaded INJ/USD 15m from cache (35040 rows)
2026-02-25 07:59:40.455 | INFO     | __main__:fetch_ohlcv_timeframe:211 - Loaded LINK/USD 15m from cache (35040 rows)
2026-02-25 07:59:40.488 | INFO     | __main__:fetch_ohlcv_timeframe:211 - Loaded DOGE/USD 15m from cache (35040 rows)
2026-02-25 07:59:40.519 | INFO     | __main__:fetch_ohlcv_timeframe:211 - Loaded OP/USD 15m from cache (35040 rows)
2026-02-25 07:59:40.550 | INFO     | __main__:fetch_ohlcv_timeframe:211 - Loaded ARB/USD 15m from cache (35040 rows)
2026-02-25 07:59:40.550 | INFO     | __main__:main:423 - 
Processing: INJ/USD [15m]
2026-02-25 07:59:40.554 | INFO     | models.tft_model:<module>:30 - TFT using DirectML (AMD GPU)
2026-02-25 07:59:40.566 | WARNING  | data.alt_data:merge_alt_data:299 - btc_dominance is constant (API fallback) — dropping feature to avoid feeding noise to the model. Will use BTC proxy instead.
2026-02-25 07:59:40.569 | INFO     | data.alt_data:merge_alt_data:312 - Alt data merged: added 7 new columns
2026-02-25 07:59:40.569 | INFO     | utils.walk_forward:walk_forward_validate:299 - 
============================================================
Walk-Forward Validation: INJ/USD_15m
============================================================
2026-02-25 07:59:40.570 | INFO     | utils.walk_forward:walk_forward_validate:300 - Config [15m]: train=35040 bars val=5280 test=5280 step=5280
2026-02-25 07:59:40.570 | INFO     | data.feature_engineer:build_features:283 - Building features for INJ/USD_15m (35040 rows)
2026-02-25 07:59:40.714 | INFO     | data.feature_engineer:build_features:308 - Dropped 200 NaN/inf rows → 34840 usable rows
2026-02-25 07:59:40.716 | INFO     | data.feature_engineer:build_features:311 - Label distribution: DOWN=11728 NEUTRAL=12052 UP=11060
2026-02-25 07:59:40.717 | INFO     | data.feature_engineer:build_features:318 - Regime: ranging=16690 trending_up=9098 trending_down=9052
2026-02-25 07:59:40.717 | WARNING  | utils.walk_forward:walk_forward_validate:325 - Insufficient data for walk-forward [15m]: 34840/45600 bars — scaling down proportionally (train=26771 val=4034 test=4034)
2026-02-25 07:59:40.878 | INFO     | utils.optuna_search:run_optuna_search:209 - Optuna search: INJ/USD_15m [15m] — 30 trials
2026-02-25 07:59:42.111 | INFO     | models.tft_model:train:217 - Training TFT for optuna_trial on privateuseone:0 — 26759 train samples
2026-02-25 07:59:42.376 | INFO     | models.tft_model:train:217 - Training TFT for optuna_trial on privateuseone:0 — 26747 train samples
2026-02-25 07:59:42.456 | INFO     | models.tft_model:train:217 - Training TFT for optuna_trial on privateuseone:0 — 26759 train samples
2026-02-25 07:59:42.504 | INFO     | models.tft_model:train:217 - Training TFT for optuna_trial on privateuseone:0 — 26747 train samples
2026-02-25 07:59:42.571 | INFO     | models.tft_model:train:217 - Training TFT for optuna_trial on privateuseone:0 — 26747 train samples
2026-02-25 07:59:42.597 | INFO     | models.tft_model:train:217 - Training TFT for optuna_trial on privateuseone:0 — 26723 train samples
2026-02-25 07:59:42.656 | INFO     | models.tft_model:train:217 - Training TFT for optuna_trial on privateuseone:0 — 26759 train samples
2026-02-25 07:59:42.692 | INFO     | models.tft_model:train:217 - Training TFT for optuna_trial on privateuseone:0 — 26723 train samples
2026-02-25 07:59:42.712 | INFO     | models.tft_model:train:217 - Training TFT for optuna_trial on privateuseone:0 — 26759 train samples
2026-02-25 07:59:42.734 | INFO     | models.tft_model:train:217 - Training TFT for optuna_trial on privateuseone:0 — 26723 train samples
2026-02-25 07:59:42.767 | INFO     | models.tft_model:train:217 - Training TFT for optuna_trial on privateuseone:0 — 26759 train samples
2026-02-25 07:59:42.795 | INFO     | models.tft_model:train:217 - Training TFT for optuna_trial on privateuseone:0 — 26747 train samples
2026-02-25 07:59:42.834 | INFO     | models.tft_model:train:217 - Training TFT for optuna_trial on privateuseone:0 — 26747 train samples
2026-02-25 07:59:42.862 | INFO     | models.tft_model:train:217 - Training TFT for optuna_trial on privateuseone:0 — 26759 train samples
2026-02-25 07:59:42.893 | INFO     | models.tft_model:train:217 - Training TFT for optuna_trial on privateuseone:0 — 26747 train samples
2026-02-25 07:59:42.923 | INFO     | models.tft_model:train:217 - Training TFT for optuna_trial on privateuseone:0 — 26759 train samples
2026-02-25 07:59:42.951 | INFO     | models.tft_model:train:217 - Training TFT for optuna_trial on privateuseone:0 — 26747 train samples
2026-02-25 07:59:42.978 | INFO     | models.tft_model:train:217 - Training TFT for optuna_trial on privateuseone:0 — 26747 train samples
2026-02-25 07:59:43.010 | INFO     | models.tft_model:train:217 - Training TFT for optuna_trial on privateuseone:0 — 26759 train samples
2026-02-25 07:59:43.038 | INFO     | models.tft_model:train:217 - Training TFT for optuna_trial on privateuseone:0 — 26723 train samples
2026-02-25 07:59:43.068 | INFO     | models.tft_model:train:217 - Training TFT for optuna_trial on privateuseone:0 — 26759 train samples
2026-02-25 07:59:43.096 | INFO     | models.tft_model:train:217 - Training TFT for optuna_trial on privateuseone:0 — 26759 train samples
2026-02-25 07:59:43.124 | INFO     | models.tft_model:train:217 - Training TFT for optuna_trial on privateuseone:0 — 26759 train samples
2026-02-25 07:59:43.152 | INFO     | models.tft_model:train:217 - Training TFT for optuna_trial on privateuseone:0 — 26759 train samples
2026-02-25 07:59:43.184 | INFO     | models.tft_model:train:217 - Training TFT for optuna_trial on privateuseone:0 — 26759 train samples
2026-02-25 07:59:43.214 | INFO     | models.tft_model:train:217 - Training TFT for optuna_trial on privateuseone:0 — 26747 train samples
2026-02-25 07:59:43.242 | INFO     | models.tft_model:train:217 - Training TFT for optuna_trial on privateuseone:0 — 26759 train samples
2026-02-25 07:59:43.276 | INFO     | models.tft_model:train:217 - Training TFT for optuna_trial on privateuseone:0 — 26759 train samples
2026-02-25 07:59:43.301 | INFO     | models.tft_model:train:217 - Training TFT for optuna_trial on privateuseone:0 — 26723 train samples
2026-02-25 07:59:43.332 | INFO     | models.tft_model:train:217 - Training TFT for optuna_trial on privateuseone:0 — 26747 train samples
2026-02-25 07:59:43.347 | SUCCESS  | utils.optuna_search:run_optuna_search:222 - Optuna [INJ/USD_15m]: best Sharpe=-999.000 after 30 trials
2026-02-25 07:59:43.352 | SUCCESS  | utils.walk_forward:walk_forward_validate:379 - Optuna complete: 44 features selected, best Sharpe=-999.000
2026-02-25 07:59:43.377 | INFO     | utils.walk_forward:run_fold:164 - Fold 1: train=26771 val=4034 test=4034
2026-02-25 07:59:43.379 | ERROR    | __main__:main:473 - Failed INJ/USD 15m: module 'models.cnn_model' has no attribute 'CNN_PARAMS'
2026-02-25 07:59:43.387 | INFO     | __main__:main:423 - 
Processing: LINK/USD [15m]
2026-02-25 07:59:43.404 | WARNING  | data.alt_data:merge_alt_data:299 - btc_dominance is constant (API fallback) — dropping feature to avoid feeding noise to the model. Will use BTC proxy instead.
2026-02-25 07:59:43.408 | INFO     | data.alt_data:merge_alt_data:312 - Alt data merged: added 7 new columns
2026-02-25 07:59:43.409 | INFO     | utils.walk_forward:walk_forward_validate:299 - 
============================================================
Walk-Forward Validation: LINK/USD_15m
============================================================
2026-02-25 07:59:43.410 | INFO     | utils.walk_forward:walk_forward_validate:300 - Config [15m]: train=35040 bars val=5280 test=5280 step=5280
2026-02-25 07:59:43.410 | INFO     | data.feature_engineer:build_features:283 - Building features for LINK/USD_15m (35040 rows)
2026-02-25 07:59:43.576 | INFO     | data.feature_engineer:build_features:308 - Dropped 200 NaN/inf rows → 34840 usable rows
2026-02-25 07:59:43.577 | INFO     | data.feature_engineer:build_features:311 - Label distribution: DOWN=10369 NEUTRAL=14303 UP=10168
2026-02-25 07:59:43.578 | INFO     | data.feature_engineer:build_features:318 - Regime: ranging=16437 trending_up=9340 trending_down=9063
2026-02-25 07:59:43.578 | WARNING  | utils.walk_forward:walk_forward_validate:325 - Insufficient data for walk-forward [15m]: 34840/45600 bars — scaling down proportionally (train=26771 val=4034 test=4034)
2026-02-25 07:59:43.621 | INFO     | utils.optuna_search:run_optuna_search:209 - Optuna search: LINK/USD_15m [15m] — 30 trials
2026-02-25 07:59:43.635 | INFO     | models.tft_model:train:217 - Training TFT for optuna_trial on privateuseone:0 — 26759 train samples
2026-02-25 07:59:43.657 | INFO     | models.tft_model:train:217 - Training TFT for optuna_trial on privateuseone:0 — 26747 train samples
2026-02-25 07:59:43.677 | INFO     | models.tft_model:train:217 - Training TFT for optuna_trial on privateuseone:0 — 26759 train samples
2026-02-25 07:59:43.696 | INFO     | models.tft_model:train:217 - Training TFT for optuna_trial on privateuseone:0 — 26747 train samples
2026-02-25 07:59:43.713 | INFO     | models.tft_model:train:217 - Training TFT for optuna_trial on privateuseone:0 — 26747 train samples
2026-02-25 07:59:43.735 | INFO     | models.tft_model:train:217 - Training TFT for optuna_trial on privateuseone:0 — 26723 train samples
2026-02-25 07:59:43.761 | INFO     | models.tft_model:train:217 - Training TFT for optuna_trial on privateuseone:0 — 26759 train samples
2026-02-25 07:59:43.781 | INFO     | models.tft_model:train:217 - Training TFT for optuna_trial on privateuseone:0 — 26723 train samples
2026-02-25 07:59:43.799 | INFO     | models.tft_model:train:217 - Training TFT for optuna_trial on privateuseone:0 — 26759 train samples
2026-02-25 07:59:43.824 | INFO     | models.tft_model:train:217 - Training TFT for optuna_trial on privateuseone:0 — 26723 train samples
2026-02-25 07:59:43.858 | INFO     | models.tft_model:train:217 - Training TFT for optuna_trial on privateuseone:0 — 26759 train samples
2026-02-25 07:59:43.895 | INFO     | models.tft_model:train:217 - Training TFT for optuna_trial on privateuseone:0 — 26747 train samples
2026-02-25 07:59:43.934 | INFO     | models.tft_model:train:217 - Training TFT for optuna_trial on privateuseone:0 — 26747 train samples
2026-02-25 07:59:43.961 | INFO     | models.tft_model:train:217 - Training TFT for optuna_trial on privateuseone:0 — 26759 train samples
2026-02-25 07:59:43.992 | INFO     | models.tft_model:train:217 - Training TFT for optuna_trial on privateuseone:0 — 26747 train samples
2026-02-25 07:59:44.019 | INFO     | models.tft_model:train:217 - Training TFT for optuna_trial on privateuseone:0 — 26759 train samples
2026-02-25 07:59:44.043 | INFO     | models.tft_model:train:217 - Training TFT for optuna_trial on privateuseone:0 — 26747 train samples
2026-02-25 07:59:44.070 | INFO     | models.tft_model:train:217 - Training TFT for optuna_trial on privateuseone:0 — 26747 train samples
2026-02-25 07:59:44.102 | INFO     | models.tft_model:train:217 - Training TFT for optuna_trial on privateuseone:0 — 26759 train samples
2026-02-25 07:59:44.130 | INFO     | models.tft_model:train:217 - Training TFT for optuna_trial on privateuseone:0 — 26723 train samples
2026-02-25 07:59:44.160 | INFO     | models.tft_model:train:217 - Training TFT for optuna_trial on privateuseone:0 — 26759 train samples
2026-02-25 07:59:44.188 | INFO     | models.tft_model:train:217 - Training TFT for optuna_trial on privateuseone:0 — 26759 train samples
2026-02-25 07:59:44.216 | INFO     | models.tft_model:train:217 - Training TFT for optuna_trial on privateuseone:0 — 26759 train samples
2026-02-25 07:59:44.244 | INFO     | models.tft_model:train:217 - Training TFT for optuna_trial on privateuseone:0 — 26759 train samples
2026-02-25 07:59:44.274 | INFO     | models.tft_model:train:217 - Training TFT for optuna_trial on privateuseone:0 — 26759 train samples
2026-02-25 07:59:44.303 | INFO     | models.tft_model:train:217 - Training TFT for optuna_trial on privateuseone:0 — 26747 train samples
2026-02-25 07:59:44.331 | INFO     | models.tft_model:train:217 - Training TFT for optuna_trial on privateuseone:0 — 26759 train samples
2026-02-25 07:59:44.364 | INFO     | models.tft_model:train:217 - Training TFT for optuna_trial on privateuseone:0 — 26759 train samples
2026-02-25 07:59:44.392 | INFO     | models.tft_model:train:217 - Training TFT for optuna_trial on privateuseone:0 — 26723 train samples
2026-02-25 07:59:44.421 | INFO     | models.tft_model:train:217 - Training TFT for optuna_trial on privateuseone:0 — 26747 train samples
2026-02-25 07:59:44.435 | SUCCESS  | utils.optuna_search:run_optuna_search:222 - Optuna [LINK/USD_15m]: best Sharpe=-999.000 after 30 trials
2026-02-25 07:59:44.442 | SUCCESS  | utils.walk_forward:walk_forward_validate:379 - Optuna complete: 44 features selected, best Sharpe=-999.000
2026-02-25 07:59:44.460 | INFO     | utils.walk_forward:run_fold:164 - Fold 1: train=26771 val=4034 test=4034
2026-02-25 07:59:44.461 | ERROR    | __main__:main:473 - Failed LINK/USD 15m: module 'models.cnn_model' has no attribute 'CNN_PARAMS'
2026-02-25 07:59:44.467 | INFO     | __main__:main:423 - 
Processing: DOGE/USD [15m]
2026-02-25 07:59:44.479 | WARNING  | data.alt_data:merge_alt_data:299 - btc_dominance is constant (API fallback) — dropping feature to avoid feeding noise to the model. Will use BTC proxy instead.
2026-02-25 07:59:44.482 | INFO     | data.alt_data:merge_alt_data:312 - Alt data merged: added 7 new columns
2026-02-25 07:59:44.483 | INFO     | utils.walk_forward:walk_forward_validate:299 - 
============================================================
Walk-Forward Validation: DOGE/USD_15m
============================================================
2026-02-25 07:59:44.483 | INFO     | utils.walk_forward:walk_forward_validate:300 - Config [15m]: train=35040 bars val=5280 test=5280 step=5280
2026-02-25 07:59:44.483 | INFO     | data.feature_engineer:build_features:283 - Building features for DOGE/USD_15m (35040 rows)
2026-02-25 07:59:44.646 | INFO     | data.feature_engineer:build_features:308 - Dropped 200 NaN/inf rows → 34840 usable rows
2026-02-25 07:59:44.647 | INFO     | data.feature_engineer:build_features:311 - Label distribution: DOWN=10307 NEUTRAL=14407 UP=10126
2026-02-25 07:59:44.648 | INFO     | data.feature_engineer:build_features:318 - Regime: ranging=14355 trending_up=9333 trending_down=11152
2026-02-25 07:59:44.648 | WARNING  | utils.walk_forward:walk_forward_validate:325 - Insufficient data for walk-forward [15m]: 34840/45600 bars — scaling down proportionally (train=26771 val=4034 test=4034)
2026-02-25 07:59:44.690 | INFO     | utils.optuna_search:run_optuna_search:209 - Optuna search: DOGE/USD_15m [15m] — 30 trials
2026-02-25 07:59:44.702 | INFO     | models.tft_model:train:217 - Training TFT for optuna_trial on privateuseone:0 — 26759 train samples
2026-02-25 07:59:44.725 | INFO     | models.tft_model:train:217 - Training TFT for optuna_trial on privateuseone:0 — 26747 train samples
2026-02-25 07:59:44.746 | INFO     | models.tft_model:train:217 - Training TFT for optuna_trial on privateuseone:0 — 26759 train samples
2026-02-25 07:59:44.768 | INFO     | models.tft_model:train:217 - Training TFT for optuna_trial on privateuseone:0 — 26747 train samples
2026-02-25 07:59:44.789 | INFO     | models.tft_model:train:217 - Training TFT for optuna_trial on privateuseone:0 — 26747 train samples
2026-02-25 07:59:44.822 | INFO     | models.tft_model:train:217 - Training TFT for optuna_trial on privateuseone:0 — 26723 train samples
2026-02-25 07:59:44.863 | INFO     | models.tft_model:train:217 - Training TFT for optuna_trial on privateuseone:0 — 26759 train samples
2026-02-25 07:59:44.886 | INFO     | models.tft_model:train:217 - Training TFT for optuna_trial on privateuseone:0 — 26723 train samples
2026-02-25 07:59:44.905 | INFO     | models.tft_model:train:217 - Training TFT for optuna_trial on privateuseone:0 — 26759 train samples
2026-02-25 07:59:44.924 | INFO     | models.tft_model:train:217 - Training TFT for optuna_trial on privateuseone:0 — 26723 train samples
2026-02-25 07:59:44.949 | INFO     | models.tft_model:train:217 - Training TFT for optuna_trial on privateuseone:0 — 26759 train samples
2026-02-25 07:59:44.978 | INFO     | models.tft_model:train:217 - Training TFT for optuna_trial on privateuseone:0 — 26747 train samples
2026-02-25 07:59:45.008 | INFO     | models.tft_model:train:217 - Training TFT for optuna_trial on privateuseone:0 — 26747 train samples
2026-02-25 07:59:45.037 | INFO     | models.tft_model:train:217 - Training TFT for optuna_trial on privateuseone:0 — 26759 train samples
2026-02-25 07:59:45.079 | INFO     | models.tft_model:train:217 - Training TFT for optuna_trial on privateuseone:0 — 26747 train samples
2026-02-25 07:59:45.109 | INFO     | models.tft_model:train:217 - Training TFT for optuna_trial on privateuseone:0 — 26759 train samples
2026-02-25 07:59:45.135 | INFO     | models.tft_model:train:217 - Training TFT for optuna_trial on privateuseone:0 — 26747 train samples
2026-02-25 07:59:45.162 | INFO     | models.tft_model:train:217 - Training TFT for optuna_trial on privateuseone:0 — 26747 train samples
2026-02-25 07:59:45.194 | INFO     | models.tft_model:train:217 - Training TFT for optuna_trial on privateuseone:0 — 26759 train samples
2026-02-25 07:59:45.223 | INFO     | models.tft_model:train:217 - Training TFT for optuna_trial on privateuseone:0 — 26723 train samples
2026-02-25 07:59:45.251 | INFO     | models.tft_model:train:217 - Training TFT for optuna_trial on privateuseone:0 — 26759 train samples
2026-02-25 07:59:45.280 | INFO     | models.tft_model:train:217 - Training TFT for optuna_trial on privateuseone:0 — 26759 train samples
2026-02-25 07:59:45.309 | INFO     | models.tft_model:train:217 - Training TFT for optuna_trial on privateuseone:0 — 26759 train samples
2026-02-25 07:59:45.338 | INFO     | models.tft_model:train:217 - Training TFT for optuna_trial on privateuseone:0 — 26759 train samples
2026-02-25 07:59:45.370 | INFO     | models.tft_model:train:217 - Training TFT for optuna_trial on privateuseone:0 — 26759 train samples
2026-02-25 07:59:45.398 | INFO     | models.tft_model:train:217 - Training TFT for optuna_trial on privateuseone:0 — 26747 train samples
2026-02-25 07:59:45.427 | INFO     | models.tft_model:train:217 - Training TFT for optuna_trial on privateuseone:0 — 26759 train samples
2026-02-25 07:59:45.454 | INFO     | models.tft_model:train:217 - Training TFT for optuna_trial on privateuseone:0 — 26759 train samples
2026-02-25 07:59:45.480 | INFO     | models.tft_model:train:217 - Training TFT for optuna_trial on privateuseone:0 — 26723 train samples
2026-02-25 07:59:45.509 | INFO     | models.tft_model:train:217 - Training TFT for optuna_trial on privateuseone:0 — 26747 train samples
2026-02-25 07:59:45.523 | SUCCESS  | utils.optuna_search:run_optuna_search:222 - Optuna [DOGE/USD_15m]: best Sharpe=-999.000 after 30 trials
2026-02-25 07:59:45.528 | SUCCESS  | utils.walk_forward:walk_forward_validate:379 - Optuna complete: 44 features selected, best Sharpe=-999.000
2026-02-25 07:59:45.547 | INFO     | utils.walk_forward:run_fold:164 - Fold 1: train=26771 val=4034 test=4034
2026-02-25 07:59:45.548 | ERROR    | __main__:main:473 - Failed DOGE/USD 15m: module 'models.cnn_model' has no attribute 'CNN_PARAMS'
2026-02-25 07:59:45.553 | INFO     | __main__:main:423 - 
Processing: OP/USD [15m]
2026-02-25 07:59:45.566 | WARNING  | data.alt_data:merge_alt_data:299 - btc_dominance is constant (API fallback) — dropping feature to avoid feeding noise to the model. Will use BTC proxy instead.
2026-02-25 07:59:45.569 | INFO     | data.alt_data:merge_alt_data:312 - Alt data merged: added 7 new columns
2026-02-25 07:59:45.569 | INFO     | utils.walk_forward:walk_forward_validate:299 - 
============================================================
Walk-Forward Validation: OP/USD_15m
============================================================
2026-02-25 07:59:45.570 | INFO     | utils.walk_forward:walk_forward_validate:300 - Config [15m]: train=35040 bars val=5280 test=5280 step=5280
2026-02-25 07:59:45.570 | INFO     | data.feature_engineer:build_features:283 - Building features for OP/USD_15m (35040 rows)
2026-02-25 07:59:45.746 | INFO     | data.feature_engineer:build_features:308 - Dropped 200 NaN/inf rows → 34840 usable rows
2026-02-25 07:59:45.747 | INFO     | data.feature_engineer:build_features:311 - Label distribution: DOWN=11398 NEUTRAL=12551 UP=10891
2026-02-25 07:59:45.748 | INFO     | data.feature_engineer:build_features:318 - Regime: ranging=16067 trending_up=9194 trending_down=9579
2026-02-25 07:59:45.748 | WARNING  | utils.walk_forward:walk_forward_validate:325 - Insufficient data for walk-forward [15m]: 34840/45600 bars — scaling down proportionally (train=26771 val=4034 test=4034)
2026-02-25 07:59:45.787 | INFO     | utils.optuna_search:run_optuna_search:209 - Optuna search: OP/USD_15m [15m] — 30 trials
2026-02-25 07:59:45.800 | INFO     | models.tft_model:train:217 - Training TFT for optuna_trial on privateuseone:0 — 26759 train samples
2026-02-25 07:59:45.831 | INFO     | models.tft_model:train:217 - Training TFT for optuna_trial on privateuseone:0 — 26747 train samples
2026-02-25 07:59:45.859 | INFO     | models.tft_model:train:217 - Training TFT for optuna_trial on privateuseone:0 — 26759 train samples
2026-02-25 07:59:45.884 | INFO     | models.tft_model:train:217 - Training TFT for optuna_trial on privateuseone:0 — 26747 train samples
2026-02-25 07:59:45.904 | INFO     | models.tft_model:train:217 - Training TFT for optuna_trial on privateuseone:0 — 26747 train samples
2026-02-25 07:59:45.931 | INFO     | models.tft_model:train:217 - Training TFT for optuna_trial on privateuseone:0 — 26723 train samples
2026-02-25 07:59:45.955 | INFO     | models.tft_model:train:217 - Training TFT for optuna_trial on privateuseone:0 — 26759 train samples
2026-02-25 07:59:45.974 | INFO     | models.tft_model:train:217 - Training TFT for optuna_trial on privateuseone:0 — 26723 train samples
2026-02-25 07:59:45.993 | INFO     | models.tft_model:train:217 - Training TFT for optuna_trial on privateuseone:0 — 26759 train samples
2026-02-25 07:59:46.011 | INFO     | models.tft_model:train:217 - Training TFT for optuna_trial on privateuseone:0 — 26723 train samples
2026-02-25 07:59:46.040 | INFO     | models.tft_model:train:217 - Training TFT for optuna_trial on privateuseone:0 — 26759 train samples
2026-02-25 07:59:46.067 | INFO     | models.tft_model:train:217 - Training TFT for optuna_trial on privateuseone:0 — 26747 train samples
2026-02-25 07:59:46.096 | INFO     | models.tft_model:train:217 - Training TFT for optuna_trial on privateuseone:0 — 26747 train samples
2026-02-25 07:59:46.121 | INFO     | models.tft_model:train:217 - Training TFT for optuna_trial on privateuseone:0 — 26759 train samples
2026-02-25 07:59:46.149 | INFO     | models.tft_model:train:217 - Training TFT for optuna_trial on privateuseone:0 — 26747 train samples
2026-02-25 07:59:46.178 | INFO     | models.tft_model:train:217 - Training TFT for optuna_trial on privateuseone:0 — 26759 train samples
2026-02-25 07:59:46.205 | INFO     | models.tft_model:train:217 - Training TFT for optuna_trial on privateuseone:0 — 26747 train samples
2026-02-25 07:59:46.232 | INFO     | models.tft_model:train:217 - Training TFT for optuna_trial on privateuseone:0 — 26747 train samples
2026-02-25 07:59:46.262 | INFO     | models.tft_model:train:217 - Training TFT for optuna_trial on privateuseone:0 — 26759 train samples
2026-02-25 07:59:46.288 | INFO     | models.tft_model:train:217 - Training TFT for optuna_trial on privateuseone:0 — 26723 train samples
2026-02-25 07:59:46.316 | INFO     | models.tft_model:train:217 - Training TFT for optuna_trial on privateuseone:0 — 26759 train samples
2026-02-25 07:59:46.345 | INFO     | models.tft_model:train:217 - Training TFT for optuna_trial on privateuseone:0 — 26759 train samples
2026-02-25 07:59:46.372 | INFO     | models.tft_model:train:217 - Training TFT for optuna_trial on privateuseone:0 — 26759 train samples
2026-02-25 07:59:46.400 | INFO     | models.tft_model:train:217 - Training TFT for optuna_trial on privateuseone:0 — 26759 train samples
2026-02-25 07:59:46.431 | INFO     | models.tft_model:train:217 - Training TFT for optuna_trial on privateuseone:0 — 26759 train samples
2026-02-25 07:59:46.456 | INFO     | models.tft_model:train:217 - Training TFT for optuna_trial on privateuseone:0 — 26747 train samples
2026-02-25 07:59:46.484 | INFO     | models.tft_model:train:217 - Training TFT for optuna_trial on privateuseone:0 — 26759 train samples
2026-02-25 07:59:46.515 | INFO     | models.tft_model:train:217 - Training TFT for optuna_trial on privateuseone:0 — 26759 train samples
2026-02-25 07:59:46.542 | INFO     | models.tft_model:train:217 - Training TFT for optuna_trial on privateuseone:0 — 26723 train samples
2026-02-25 07:59:46.570 | INFO     | models.tft_model:train:217 - Training TFT for optuna_trial on privateuseone:0 — 26747 train samples
2026-02-25 07:59:46.583 | SUCCESS  | utils.optuna_search:run_optuna_search:222 - Optuna [OP/USD_15m]: best Sharpe=-999.000 after 30 trials
2026-02-25 07:59:46.588 | SUCCESS  | utils.walk_forward:walk_forward_validate:379 - Optuna complete: 44 features selected, best Sharpe=-999.000
2026-02-25 07:59:46.606 | INFO     | utils.walk_forward:run_fold:164 - Fold 1: train=26771 val=4034 test=4034
2026-02-25 07:59:46.606 | ERROR    | __main__:main:473 - Failed OP/USD 15m: module 'models.cnn_model' has no attribute 'CNN_PARAMS'
2026-02-25 07:59:46.612 | INFO     | __main__:main:423 - 
Processing: ARB/USD [15m]
2026-02-25 07:59:46.624 | WARNING  | data.alt_data:merge_alt_data:299 - btc_dominance is constant (API fallback) — dropping feature to avoid feeding noise to the model. Will use BTC proxy instead.
2026-02-25 07:59:46.626 | INFO     | data.alt_data:merge_alt_data:312 - Alt data merged: added 7 new columns
2026-02-25 07:59:46.627 | INFO     | utils.walk_forward:walk_forward_validate:299 - 
============================================================
Walk-Forward Validation: ARB/USD_15m
============================================================
2026-02-25 07:59:46.627 | INFO     | utils.walk_forward:walk_forward_validate:300 - Config [15m]: train=35040 bars val=5280 test=5280 step=5280
2026-02-25 07:59:46.628 | INFO     | data.feature_engineer:build_features:283 - Building features for ARB/USD_15m (35040 rows)
2026-02-25 07:59:46.790 | INFO     | data.feature_engineer:build_features:308 - Dropped 200 NaN/inf rows → 34840 usable rows
2026-02-25 07:59:46.791 | INFO     | data.feature_engineer:build_features:311 - Label distribution: DOWN=11375 NEUTRAL=12576 UP=10889
2026-02-25 07:59:46.792 | INFO     | data.feature_engineer:build_features:318 - Regime: ranging=15681 trending_up=8975 trending_down=10184
2026-02-25 07:59:46.792 | WARNING  | utils.walk_forward:walk_forward_validate:325 - Insufficient data for walk-forward [15m]: 34840/45600 bars — scaling down proportionally (train=26771 val=4034 test=4034)
2026-02-25 07:59:46.861 | INFO     | utils.optuna_search:run_optuna_search:209 - Optuna search: ARB/USD_15m [15m] — 30 trials
2026-02-25 07:59:46.874 | INFO     | models.tft_model:train:217 - Training TFT for optuna_trial on privateuseone:0 — 26759 train samples
2026-02-25 07:59:46.896 | INFO     | models.tft_model:train:217 - Training TFT for optuna_trial on privateuseone:0 — 26747 train samples
2026-02-25 07:59:46.917 | INFO     | models.tft_model:train:217 - Training TFT for optuna_trial on privateuseone:0 — 26759 train samples
2026-02-25 07:59:46.936 | INFO     | models.tft_model:train:217 - Training TFT for optuna_trial on privateuseone:0 — 26747 train samples
2026-02-25 07:59:46.953 | INFO     | models.tft_model:train:217 - Training TFT for optuna_trial on privateuseone:0 — 26747 train samples
2026-02-25 07:59:46.992 | INFO     | models.tft_model:train:217 - Training TFT for optuna_trial on privateuseone:0 — 26723 train samples
2026-02-25 07:59:47.019 | INFO     | models.tft_model:train:217 - Training TFT for optuna_trial on privateuseone:0 — 26759 train samples
2026-02-25 07:59:47.040 | INFO     | models.tft_model:train:217 - Training TFT for optuna_trial on privateuseone:0 — 26723 train samples
2026-02-25 07:59:47.058 | INFO     | models.tft_model:train:217 - Training TFT for optuna_trial on privateuseone:0 — 26759 train samples
2026-02-25 07:59:47.076 | INFO     | models.tft_model:train:217 - Training TFT for optuna_trial on privateuseone:0 — 26723 train samples
2026-02-25 07:59:47.104 | INFO     | models.tft_model:train:217 - Training TFT for optuna_trial on privateuseone:0 — 26759 train samples
2026-02-25 07:59:47.132 | INFO     | models.tft_model:train:217 - Training TFT for optuna_trial on privateuseone:0 — 26747 train samples
2026-02-25 07:59:47.162 | INFO     | models.tft_model:train:217 - Training TFT for optuna_trial on privateuseone:0 — 26747 train samples
2026-02-25 07:59:47.186 | INFO     | models.tft_model:train:217 - Training TFT for optuna_trial on privateuseone:0 — 26759 train samples
2026-02-25 07:59:47.215 | INFO     | models.tft_model:train:217 - Training TFT for optuna_trial on privateuseone:0 — 26747 train samples
2026-02-25 07:59:47.244 | INFO     | models.tft_model:train:217 - Training TFT for optuna_trial on privateuseone:0 — 26759 train samples
2026-02-25 07:59:47.270 | INFO     | models.tft_model:train:217 - Training TFT for optuna_trial on privateuseone:0 — 26747 train samples
2026-02-25 07:59:47.295 | INFO     | models.tft_model:train:217 - Training TFT for optuna_trial on privateuseone:0 — 26747 train samples
2026-02-25 07:59:47.327 | INFO     | models.tft_model:train:217 - Training TFT for optuna_trial on privateuseone:0 — 26759 train samples
2026-02-25 07:59:47.352 | INFO     | models.tft_model:train:217 - Training TFT for optuna_trial on privateuseone:0 — 26723 train samples
2026-02-25 07:59:47.379 | INFO     | models.tft_model:train:217 - Training TFT for optuna_trial on privateuseone:0 — 26759 train samples
2026-02-25 07:59:47.409 | INFO     | models.tft_model:train:217 - Training TFT for optuna_trial on privateuseone:0 — 26759 train samples
2026-02-25 07:59:47.438 | INFO     | models.tft_model:train:217 - Training TFT for optuna_trial on privateuseone:0 — 26759 train samples
2026-02-25 07:59:47.465 | INFO     | models.tft_model:train:217 - Training TFT for optuna_trial on privateuseone:0 — 26759 train samples
2026-02-25 07:59:47.497 | INFO     | models.tft_model:train:217 - Training TFT for optuna_trial on privateuseone:0 — 26759 train samples
2026-02-25 07:59:47.525 | INFO     | models.tft_model:train:217 - Training TFT for optuna_trial on privateuseone:0 — 26747 train samples
2026-02-25 07:59:47.551 | INFO     | models.tft_model:train:217 - Training TFT for optuna_trial on privateuseone:0 — 26759 train samples
2026-02-25 07:59:47.583 | INFO     | models.tft_model:train:217 - Training TFT for optuna_trial on privateuseone:0 — 26759 train samples
2026-02-25 07:59:47.608 | INFO     | models.tft_model:train:217 - Training TFT for optuna_trial on privateuseone:0 — 26723 train samples
2026-02-25 07:59:47.638 | INFO     | models.tft_model:train:217 - Training TFT for optuna_trial on privateuseone:0 — 26747 train samples
2026-02-25 07:59:47.651 | SUCCESS  | utils.optuna_search:run_optuna_search:222 - Optuna [ARB/USD_15m]: best Sharpe=-999.000 after 30 trials
2026-02-25 07:59:47.657 | SUCCESS  | utils.walk_forward:walk_forward_validate:379 - Optuna complete: 44 features selected, best Sharpe=-999.000
2026-02-25 07:59:47.673 | INFO     | utils.walk_forward:run_fold:164 - Fold 1: train=26771 val=4034 test=4034
2026-02-25 07:59:47.673 | ERROR    | __main__:main:473 - Failed ARB/USD 15m: module 'models.cnn_model' has no attribute 'CNN_PARAMS'
2026-02-25 07:59:47.678 | INFO     | __main__:main:407 - 
============================================================
Timeframe: 1 hour (1h)
============================================================
2026-02-25 07:59:47.730 | INFO     | __main__:fetch_ohlcv_timeframe:214 - Fetching INJ/USD [1h] — 1825 days...
2026-02-25 08:00:10.960 | SUCCESS  | __main__:fetch_ohlcv_timeframe:247 - INJ/USD 1h: 43788 candles (2021-02-26 -> 2026-02-25)
2026-02-25 08:00:11.036 | INFO     | __main__:fetch_ohlcv_timeframe:214 - Fetching LINK/USD [1h] — 1825 days...
2026-02-25 08:00:33.698 | SUCCESS  | __main__:fetch_ohlcv_timeframe:247 - LINK/USD 1h: 43787 candles (2021-02-26 -> 2026-02-25)
2026-02-25 08:00:33.785 | INFO     | __main__:fetch_ohlcv_timeframe:214 - Fetching DOGE/USD [1h] — 1825 days...
2026-02-25 08:00:54.393 | SUCCESS  | __main__:fetch_ohlcv_timeframe:247 - DOGE/USD 1h: 43787 candles (2021-02-26 -> 2026-02-25)
2026-02-25 08:00:54.461 | INFO     | __main__:fetch_ohlcv_timeframe:214 - Fetching OP/USD [1h] — 1825 days...
2026-02-25 08:01:09.918 | SUCCESS  | __main__:fetch_ohlcv_timeframe:247 - OP/USD 1h: 32760 candles (2022-06-01 -> 2026-02-25)
2026-02-25 08:01:09.992 | INFO     | __main__:fetch_ohlcv_timeframe:214 - Fetching ARB/USD [1h] — 1825 days...
