2026-03-04 13:29:26.883 | INFO     | __main__:run_oot:70 - Fetching 3000 days of history for DOGE/USD...
2026-03-04 13:29:27.485 | INFO     | timeframe_comparison:fetch_ohlcv_timeframe:232 - Loaded DOGE/USD 4h from cache (10950 rows)
2026-03-04 13:29:27.485 | INFO     | data.feature_engineer:build_features:334 - Building features for unknown (10950 rows)
2026-03-04 13:29:27.602 | INFO     | data.feature_engineer:build_features:359 - Dropped 200 NaN/inf rows → 10750 usable rows
2026-03-04 13:29:27.602 | INFO     | data.feature_engineer:build_features:362 - Label distribution: DOWN=1423 NEUTRAL=7859 UP=1468
2026-03-04 13:29:27.602 | INFO     | data.feature_engineer:build_features:369 - Regime: ranging=4061 trending_up=2982 trending_down=3707
2026-03-04 13:29:27.617 | INFO     | __main__:run_oot:106 - Data split:
2026-03-04 13:29:27.618 | INFO     | __main__:run_oot:107 -   OOT   (unseen): bars 0     → 4211   = 4211 bars (702 days)  [0 → 4210]
2026-03-04 13:29:27.618 | INFO     | __main__:run_oot:110 -   Train:          bars 4211 → 8134 = 3923 bars
2026-03-04 13:29:27.619 | INFO     | __main__:run_oot:111 -   Val:            bars 8134 → 9441   = 1307 bars
2026-03-04 13:29:27.619 | INFO     | __main__:run_oot:112 -   Test:           bars 9441 → 10750  = 1309 bars
2026-03-04 13:29:27.631 | INFO     | __main__:run_oot:132 - Training LSTM on 3923 bars...
2026-03-04 13:29:29.367 | INFO     | models.lstm_model:train:118 - Training LSTM for DOGE/USD on cuda — 3899 train samples
2026-03-04 13:29:30.036 | INFO     | models.lstm_model:train:148 -   Epoch   0 | val_loss=1.1298 | val_acc=0.3266 | lr=0.000976
2026-03-04 13:29:30.274 | INFO     | models.lstm_model:train:148 -   Epoch   1 | val_loss=1.1604 | val_acc=0.2806 | lr=0.000905
2026-03-04 13:29:30.529 | INFO     | models.lstm_model:train:148 -   Epoch   2 | val_loss=1.1440 | val_acc=0.3928 | lr=0.000794
2026-03-04 13:29:30.805 | INFO     | models.lstm_model:train:148 -   Epoch   3 | val_loss=1.1679 | val_acc=0.3663 | lr=0.000655
2026-03-04 13:29:31.041 | INFO     | models.lstm_model:train:148 -   Epoch   4 | val_loss=1.1887 | val_acc=0.3983 | lr=0.000501
2026-03-04 13:29:31.246 | INFO     | models.lstm_model:train:148 -   Epoch   5 | val_loss=1.2109 | val_acc=0.4373 | lr=0.000346
2026-03-04 13:29:31.442 | INFO     | models.lstm_model:train:148 -   Epoch   6 | val_loss=1.2641 | val_acc=0.3858 | lr=0.000207
2026-03-04 13:29:31.627 | INFO     | models.lstm_model:train:148 -   Epoch   7 | val_loss=1.2736 | val_acc=0.4318 | lr=0.000096
2026-03-04 13:29:31.627 | INFO     | models.lstm_model:train:157 - Early stopping at epoch 7
2026-03-04 13:29:31.627 | SUCCESS  | models.lstm_model:train:161 - LSTM best val_loss: 1.1298
2026-03-04 13:29:31.627 | INFO     | __main__:run_oot:171 - Running inference on standard TEST window...
2026-03-04 13:29:32.638 | INFO     | models.ensemble:generate_signals:136 - Signal distribution (threshold=0.567612600326538): BUY=18 (1.4%)  SELL=129 (9.9%)  HOLD=1162 (88.8%)
2026-03-04 13:29:32.642 | INFO     | backtest.filters:apply_filters:120 - Filters [4h] 2/147 removed (99% survive) — trend=0 vol=2 volume=0 funding=0 regime=0
2026-03-04 13:29:32.646 | INFO     | backtest.engine:_compute_metrics:223 -  Results: Return=-2.01% | Sharpe=-0.22 | MaxDD=-9.36% | WinRate=39.47% | Trades=38 (L:8 S:30)
2026-03-04 13:29:32.647 | INFO     | __main__:run_oot:174 - Running inference on OOT (historical, never-seen) window...
2026-03-04 13:29:35.768 | INFO     | models.ensemble:generate_signals:136 - Signal distribution (threshold=0.5446540355682373): BUY=140 (3.3%)  SELL=260 (6.2%)  HOLD=3811 (90.5%)
2026-03-04 13:29:35.783 | INFO     | backtest.filters:apply_filters:120 - Filters [4h] 6/400 removed (98% survive) — trend=0 vol=1 volume=5 funding=0 regime=0
2026-03-04 13:29:35.786 | INFO     | backtest.engine:_compute_metrics:223 -  Results: Return=33.80% | Sharpe=0.92 | MaxDD=-19.93% | WinRate=41.13% | Trades=124 (L:69 S:55)
2026-03-04 13:29:35.793 | SUCCESS  | __main__:save_results:240 - Results saved -> backtest\results\oot_DOGE_USD_4h_20260304_132935.csv
