2026-02-23 12:44:25.934 | INFO     | __main__:main:397 - Testing 5 symbols x 6 timeframes = 30 combinations
2026-02-23 12:44:25.935 | INFO     | data.alt_data:fetch_all_alt_data:172 - Fetching alternative data...
2026-02-23 12:44:26.289 | SUCCESS  | data.alt_data:fetch_fear_greed:44 - Fear & Greed: 1825 records (2021-02-24 -> 2026-02-23)
2026-02-23 12:44:26.483 | WARNING  | data.alt_data:fetch_btc_dominance:88 - BTC dominance chart endpoint failed: Empty BTC dominance series from chart endpoint — trying /global fallback
2026-02-23 12:44:26.651 | WARNING  | data.alt_data:fetch_btc_dominance:108 - BTC Dominance: using current-only value (56.3%) — historical chart unavailable. Feature will be constant.
2026-02-23 12:44:28.221 | SUCCESS  | data.alt_data:fetch_google_trends:146 - Google Trends: 262 records
2026-02-23 12:44:28.244 | SUCCESS  | data.alt_data:fetch_all_alt_data:208 - Alt data saved: 1825 rows, columns: ['timestamp', 'fear_greed', 'date', 'btc_dominance', 'google_trends_btc']
2026-02-23 12:44:28.245 | INFO     | __main__:main:407 - 
============================================================
Timeframe: 15 minutes (15m)
============================================================
2026-02-23 12:44:28.929 | INFO     | __main__:fetch_ohlcv_timeframe:211 - Loaded INJ/USD 15m from cache (35040 rows)
2026-02-23 12:44:28.979 | INFO     | __main__:fetch_ohlcv_timeframe:211 - Loaded LINK/USD 15m from cache (35041 rows)
2026-02-23 12:44:29.020 | INFO     | __main__:fetch_ohlcv_timeframe:211 - Loaded DOGE/USD 15m from cache (35040 rows)
2026-02-23 12:44:29.068 | INFO     | __main__:fetch_ohlcv_timeframe:211 - Loaded OP/USD 15m from cache (35040 rows)
2026-02-23 12:44:29.105 | INFO     | __main__:fetch_ohlcv_timeframe:211 - Loaded ARB/USD 15m from cache (35040 rows)
2026-02-23 12:44:29.105 | INFO     | __main__:main:423 - 
Processing: INJ/USD [15m]
2026-02-23 12:44:29.140 | WARNING  | data.alt_data:merge_alt_data:299 - btc_dominance is constant (API fallback) — dropping feature to avoid feeding noise to the model. Will use BTC proxy instead.
2026-02-23 12:44:29.143 | INFO     | data.alt_data:merge_alt_data:312 - Alt data merged: added 7 new columns
2026-02-23 12:44:29.144 | INFO     | utils.walk_forward:walk_forward_validate:299 - 
============================================================
Walk-Forward Validation: INJ/USD_15m
============================================================
2026-02-23 12:44:29.144 | INFO     | utils.walk_forward:walk_forward_validate:300 - Config [15m]: train=35040 bars val=5280 test=5280 step=5280
2026-02-23 12:44:29.144 | INFO     | data.feature_engineer:build_features:283 - Building features for INJ/USD_15m (35040 rows)
2026-02-23 12:44:29.336 | INFO     | data.feature_engineer:build_features:308 - Dropped 200 NaN/inf rows → 34840 usable rows
2026-02-23 12:44:29.337 | INFO     | data.feature_engineer:build_features:311 - Label distribution: DOWN=11701 NEUTRAL=12035 UP=11104
2026-02-23 12:44:29.337 | INFO     | data.feature_engineer:build_features:318 - Regime: ranging=16586 trending_up=9176 trending_down=9078
2026-02-23 12:44:29.338 | WARNING  | utils.walk_forward:walk_forward_validate:325 - Insufficient data for walk-forward [15m]: 34840/45600 bars — scaling down proportionally (train=26771 val=4034 test=4034)
2026-02-23 12:44:29.497 | INFO     | utils.optuna_search:run_optuna_search:209 - Optuna search: INJ/USD_15m [15m] — 30 trials
2026-02-23 12:44:30.934 | INFO     | models.tft_model:train:211 - Training TFT for optuna_trial on cuda — 26759 train samples
2026-02-23 12:44:33.602 | INFO     | models.tft_model:train:211 - Training TFT for optuna_trial on cuda — 26747 train samples
2026-02-23 12:44:34.430 | INFO     | models.tft_model:train:211 - Training TFT for optuna_trial on cuda — 26759 train samples
2026-02-23 12:44:35.214 | INFO     | models.tft_model:train:211 - Training TFT for optuna_trial on cuda — 26747 train samples
2026-02-23 12:44:36.044 | INFO     | models.tft_model:train:211 - Training TFT for optuna_trial on cuda — 26747 train samples
2026-02-23 12:44:36.918 | INFO     | models.tft_model:train:211 - Training TFT for optuna_trial on cuda — 26723 train samples
2026-02-23 12:44:37.993 | INFO     | models.tft_model:train:211 - Training TFT for optuna_trial on cuda — 26759 train samples
2026-02-23 12:44:38.859 | INFO     | models.tft_model:train:211 - Training TFT for optuna_trial on cuda — 26723 train samples
2026-02-23 12:44:39.663 | INFO     | models.tft_model:train:211 - Training TFT for optuna_trial on cuda — 26759 train samples
2026-02-23 12:44:40.445 | INFO     | models.tft_model:train:211 - Training TFT for optuna_trial on cuda — 26723 train samples
2026-02-23 12:44:41.213 | INFO     | models.tft_model:train:211 - Training TFT for optuna_trial on cuda — 26759 train samples
2026-02-23 12:44:42.010 | INFO     | models.tft_model:train:211 - Training TFT for optuna_trial on cuda — 26747 train samples
2026-02-23 12:44:42.782 | INFO     | models.tft_model:train:211 - Training TFT for optuna_trial on cuda — 26747 train samples
2026-02-23 12:44:43.536 | INFO     | models.tft_model:train:211 - Training TFT for optuna_trial on cuda — 26759 train samples
2026-02-23 12:44:44.311 | INFO     | models.tft_model:train:211 - Training TFT for optuna_trial on cuda — 26747 train samples
2026-02-23 12:44:45.088 | INFO     | models.tft_model:train:211 - Training TFT for optuna_trial on cuda — 26759 train samples
2026-02-23 12:44:45.873 | INFO     | models.tft_model:train:211 - Training TFT for optuna_trial on cuda — 26747 train samples
2026-02-23 12:44:46.647 | INFO     | models.tft_model:train:211 - Training TFT for optuna_trial on cuda — 26747 train samples
2026-02-23 12:44:47.420 | INFO     | models.tft_model:train:211 - Training TFT for optuna_trial on cuda — 26759 train samples
2026-02-23 12:44:48.216 | INFO     | models.tft_model:train:211 - Training TFT for optuna_trial on cuda — 26723 train samples
2026-02-23 12:44:49.017 | INFO     | models.tft_model:train:211 - Training TFT for optuna_trial on cuda — 26759 train samples
2026-02-23 12:44:49.768 | INFO     | models.tft_model:train:211 - Training TFT for optuna_trial on cuda — 26759 train samples
2026-02-23 12:44:50.533 | INFO     | models.tft_model:train:211 - Training TFT for optuna_trial on cuda — 26759 train samples
