2026-03-04 09:51:53.685 | INFO     | timeframe_comparison:fetch_ohlcv_timeframe:232 - Loaded ETC/USD 4h from cache (10950 rows)
2026-03-04 09:51:53.691 | INFO     | data.feature_engineer:build_features:334 - Building features for ETC/USD (10950 rows)
2026-03-04 09:51:53.789 | INFO     | data.feature_engineer:build_features:359 - Dropped 200 NaN/inf rows → 10750 usable rows
2026-03-04 09:51:53.789 | INFO     | data.feature_engineer:build_features:362 - Label distribution: DOWN=1306 NEUTRAL=8174 UP=1270
2026-03-04 09:51:53.789 | INFO     | data.feature_engineer:build_features:369 - Regime: ranging=4003 trending_up=2692 trending_down=4055
2026-03-04 09:51:53.805 | INFO     | __main__:main:235 - Data split — Train: 6450, Val: 2150, Test: 2150
2026-03-04 09:51:53.805 | INFO     | __main__:main:242 - 
──────────────────────────────────────── LightGBM ────────────────────────────────────────
2026-03-04 09:51:54.054 | INFO     | models.lgbm_model:train:55 - Training LightGBM for ETC/USD — 6450 train samples, 2150 val samples, 100 features
2026-03-04 09:51:54.056 | INFO     | models.lgbm_model:train:61 -   Train label dist: class0=824 class1=4799 class2=827
2026-03-04 09:51:54.365 | SUCCESS  | models.lgbm_model:train:83 - LightGBM val_acc=0.6916 | best_iter=32 | pred_dist: DOWN=0 NEUTRAL=1805 UP=345
2026-03-04 09:51:54.370 | INFO     | __main__:main:251 - Top 20 features: obv(112), ema_200(105), adx(101), sma_200(100), close_vs_sma_200(94), hurst_approx(87), bb_width_20(79), minus_di(75), macd_signal(67), dow_sin(66), bb_width_14(65), atr_pct_14(64), vol_regime(64), vol_sma_14(58), vol_sma_21(56), dayofweek(54), atr_pct_7(51), sma_50(50), atr_14(49), plus_di(49)
2026-03-04 09:51:54.372 | INFO     | models.ensemble:generate_signals:136 - Signal distribution (threshold=0.431906706779443): BUY=57 (2.7%)  SELL=0 (0.0%)  HOLD=2093 (97.3%)
2026-03-04 09:51:54.376 | INFO     | backtest.filters:apply_filters:120 - Filters [4h] 2/57 removed (96% survive) — trend=0 vol=2 volume=0 funding=0 regime=0
2026-03-04 09:51:54.379 | INFO     | backtest.engine:_compute_metrics:223 -  Results: Return=-4.10% | Sharpe=-0.65 | MaxDD=-7.78% | WinRate=30.77% | Trades=26 (L:26 S:0)
2026-03-04 09:51:54.382 | INFO     | __main__:main:257 - 
──────────────────────────────────────── LSTM ────────────────────────────────────────
2026-03-04 09:51:55.545 | INFO     | models.lstm_model:train:118 - Training LSTM for ETC/USD on cuda — 6426 train samples
2026-03-04 09:51:56.059 | INFO     | models.lstm_model:train:148 -   Epoch   0 | val_loss=1.0238 | val_acc=0.6515 | lr=0.000976
2026-03-04 09:51:56.336 | INFO     | models.lstm_model:train:148 -   Epoch   1 | val_loss=1.0389 | val_acc=0.6519 | lr=0.000905
2026-03-04 09:51:56.628 | INFO     | models.lstm_model:train:148 -   Epoch   2 | val_loss=1.0283 | val_acc=0.6834 | lr=0.000794
2026-03-04 09:51:56.905 | INFO     | models.lstm_model:train:148 -   Epoch   3 | val_loss=1.0374 | val_acc=0.6543 | lr=0.000655
2026-03-04 09:51:57.187 | INFO     | models.lstm_model:train:148 -   Epoch   4 | val_loss=1.0767 | val_acc=0.6670 | lr=0.000501
2026-03-04 09:51:57.480 | INFO     | models.lstm_model:train:148 -   Epoch   5 | val_loss=1.0847 | val_acc=0.6632 | lr=0.000346
2026-03-04 09:51:57.753 | INFO     | models.lstm_model:train:148 -   Epoch   6 | val_loss=1.0826 | val_acc=0.6406 | lr=0.000207
2026-03-04 09:51:58.041 | INFO     | models.lstm_model:train:148 -   Epoch   7 | val_loss=1.1171 | val_acc=0.6562 | lr=0.000096
2026-03-04 09:51:58.041 | INFO     | models.lstm_model:train:157 - Early stopping at epoch 7
2026-03-04 09:51:58.041 | SUCCESS  | models.lstm_model:train:161 - LSTM best val_loss: 1.0238
2026-03-04 09:51:59.360 | INFO     | models.ensemble:generate_signals:136 - Signal distribution (threshold=0.48296330869197845): BUY=67 (3.1%)  SELL=0 (0.0%)  HOLD=2083 (96.9%)
2026-03-04 09:51:59.364 | INFO     | backtest.filters:apply_filters:120 - Filters [4h] 10/67 removed (85% survive) — trend=0 vol=3 volume=7 funding=0 regime=0
2026-03-04 09:51:59.366 | INFO     | backtest.engine:_compute_metrics:223 -  Results: Return=2.08% | Sharpe=0.27 | MaxDD=-7.52% | WinRate=36.36% | Trades=22 (L:22 S:0)
2026-03-04 09:51:59.367 | INFO     | __main__:main:266 - 
──────────────────────────────────────── CNN ────────────────────────────────────────
2026-03-04 09:51:59.374 | INFO     | models.cnn_model:train:128 - Training 1D CNN for ETC/USD on cuda — 6426 train samples
2026-03-04 09:51:59.847 | INFO     | models.cnn_model:train:156 -   Epoch   0 | val_loss=1.0422 | val_acc=0.7709 | lr=0.000976
2026-03-04 09:52:00.215 | INFO     | models.cnn_model:train:156 -   Epoch   1 | val_loss=1.0911 | val_acc=0.7479 | lr=0.000905
2026-03-04 09:52:00.570 | INFO     | models.cnn_model:train:156 -   Epoch   2 | val_loss=1.0839 | val_acc=0.7394 | lr=0.000794
2026-03-04 09:52:00.899 | INFO     | models.cnn_model:train:156 -   Epoch   3 | val_loss=1.0774 | val_acc=0.6637 | lr=0.000655
2026-03-04 09:52:01.236 | INFO     | models.cnn_model:train:156 -   Epoch   4 | val_loss=1.2092 | val_acc=0.7521 | lr=0.000501
2026-03-04 09:52:01.577 | INFO     | models.cnn_model:train:156 -   Epoch   5 | val_loss=1.0929 | val_acc=0.7305 | lr=0.000346
2026-03-04 09:52:01.911 | INFO     | models.cnn_model:train:156 -   Epoch   6 | val_loss=1.0953 | val_acc=0.6966 | lr=0.000207
2026-03-04 09:52:02.250 | INFO     | models.cnn_model:train:156 -   Epoch   7 | val_loss=1.1130 | val_acc=0.7164 | lr=0.000096
2026-03-04 09:52:02.250 | INFO     | models.cnn_model:train:165 - Early stopping at epoch 7
2026-03-04 09:52:02.254 | SUCCESS  | models.cnn_model:train:169 - 1D CNN best val_loss: 1.0422
2026-03-04 09:52:04.220 | INFO     | models.ensemble:generate_signals:136 - Signal distribution (threshold=0.5047855973243713): BUY=21 (1.0%)  SELL=1 (0.0%)  HOLD=2128 (99.0%)
2026-03-04 09:52:04.220 | INFO     | backtest.filters:apply_filters:120 - Filters [4h] 5/22 removed (77% survive) — trend=0 vol=4 volume=1 funding=0 regime=0
2026-03-04 09:52:04.226 | INFO     | backtest.engine:_compute_metrics:223 -  Results: Return=-3.53% | Sharpe=-1.21 | MaxDD=-6.87% | WinRate=20.00% | Trades=5 (L:4 S:1)
2026-03-04 09:52:04.228 | INFO     | __main__:main:275 - 
──────────────────────────────────────── TFT ────────────────────────────────────────
2026-03-04 09:52:04.230 | INFO     | models.tft_model:<module>:33 - TFT using cuda
2026-03-04 09:52:04.237 | INFO     | models.tft_model:train:224 - Training TFT for ETC/USD on cuda — 6426 train samples
2026-03-04 09:52:05.555 | INFO     | models.tft_model:train:255 -   Epoch   0 | val_loss=1.0435 | val_acc=0.6849
2026-03-04 09:52:11.915 | INFO     | models.tft_model:train:255 -   Epoch   5 | val_loss=1.1533 | val_acc=0.6529
2026-03-04 09:52:18.278 | INFO     | models.tft_model:train:255 -   Epoch  10 | val_loss=1.2724 | val_acc=0.6684
2026-03-04 09:52:24.623 | INFO     | models.tft_model:train:255 -   Epoch  15 | val_loss=1.4426 | val_acc=0.6044
2026-03-04 09:52:24.623 | INFO     | models.tft_model:train:264 - Early stopping at epoch 15
2026-03-04 09:52:24.626 | SUCCESS  | models.tft_model:train:268 - TFT best val_loss: 1.0435
2026-03-04 09:52:29.771 | INFO     | models.ensemble:generate_signals:136 - Signal distribution (threshold=0.5051149547100067): BUY=68 (3.2%)  SELL=1 (0.0%)  HOLD=2081 (96.8%)
2026-03-04 09:52:29.771 | INFO     | backtest.filters:apply_filters:120 - Filters [4h] 1/69 removed (99% survive) — trend=0 vol=0 volume=1 funding=0 regime=0
2026-03-04 09:52:29.783 | INFO     | backtest.engine:_compute_metrics:223 -  Results: Return=0.53% | Sharpe=0.12 | MaxDD=-6.11% | WinRate=34.62% | Trades=26 (L:25 S:1)
2026-03-04 09:52:29.784 | INFO     | __main__:main:284 - 
──────────────────────────────────────── Ensemble ────────────────────────────────────────
2026-03-04 09:52:29.785 | INFO     | models.ensemble:generate_signals:136 - Signal distribution (threshold=0.4222959670095206): BUY=38 (1.8%)  SELL=0 (0.0%)  HOLD=2112 (98.2%)
2026-03-04 09:52:29.787 | INFO     | backtest.filters:apply_filters:120 - Filters [4h] 4/38 removed (89% survive) — trend=0 vol=1 volume=3 funding=0 regime=0
2026-03-04 09:52:29.790 | INFO     | backtest.engine:_compute_metrics:223 -  Results: Return=-4.40% | Sharpe=-0.93 | MaxDD=-7.64% | WinRate=31.25% | Trades=16 (L:16 S:0)
