2026-03-04 09:34:20.678 | INFO     | timeframe_comparison:fetch_ohlcv_timeframe:232 - Loaded ETC/USD 4h from cache (10950 rows)
2026-03-04 09:34:20.678 | INFO     | data.feature_engineer:build_features:334 - Building features for ETC/USD (10950 rows)
2026-03-04 09:34:20.782 | INFO     | data.feature_engineer:build_features:359 - Dropped 200 NaN/inf rows → 10750 usable rows
2026-03-04 09:34:20.783 | INFO     | data.feature_engineer:build_features:362 - Label distribution: DOWN=1306 NEUTRAL=8174 UP=1270
2026-03-04 09:34:20.784 | INFO     | data.feature_engineer:build_features:369 - Regime: ranging=4003 trending_up=2692 trending_down=4055
2026-03-04 09:34:20.798 | INFO     | __main__:main:205 - Data split — Train: 6450, Val: 2150, Test: 2150
2026-03-04 09:34:20.799 | INFO     | __main__:main:212 - 
──────────────────────────────────────── LightGBM ────────────────────────────────────────
2026-03-04 09:34:21.086 | INFO     | models.lgbm_model:train:44 - Training LightGBM for ETC/USD — 6450 train samples, 2150 val samples, 100 features
2026-03-04 09:34:21.508 | SUCCESS  | models.lgbm_model:train:64 - LightGBM val_acc=0.6916 | best_iter=32 | pred_dist: DOWN=0 NEUTRAL=1805 UP=345
2026-03-04 09:34:21.512 | INFO     | __main__:main:221 - Top 20 features: obv(112), ema_200(105), adx(101), sma_200(100), close_vs_sma_200(94), hurst_approx(87), bb_width_20(79), minus_di(75), macd_signal(67), dow_sin(66), bb_width_14(65), atr_pct_14(64), vol_regime(64), vol_sma_14(58), vol_sma_21(56), dayofweek(54), atr_pct_7(51), sma_50(50), atr_14(49), plus_di(49)
2026-03-04 09:34:21.513 | INFO     | models.ensemble:generate_signals:136 - Signal distribution (threshold=0.431906706779443): BUY=57 (2.7%)  SELL=0 (0.0%)  HOLD=2093 (97.3%)
2026-03-04 09:34:21.517 | INFO     | backtest.filters:apply_filters:120 - Filters [4h] 2/57 removed (96% survive) — trend=0 vol=2 volume=0 funding=0 regime=0
2026-03-04 09:34:21.523 | INFO     | backtest.engine:_compute_metrics:223 -  Results: Return=-4.10% | Sharpe=-0.65 | MaxDD=-7.78% | WinRate=30.77% | Trades=26 (L:26 S:0)
2026-03-04 09:34:21.524 | INFO     | __main__:main:227 - 
──────────────────────────────────────── LSTM ────────────────────────────────────────
2026-03-04 09:34:23.047 | INFO     | models.lstm_model:train:108 - Training LSTM for ETC/USD on cuda — 6426 train samples
2026-03-04 09:34:23.506 | INFO     | models.lstm_model:train:139 -   Epoch   0 | val_loss=1.0389 | val_acc=0.6670
2026-03-04 09:34:25.433 | INFO     | models.lstm_model:train:148 - Early stopping at epoch 7
2026-03-04 09:34:25.433 | SUCCESS  | models.lstm_model:train:152 - LSTM best val_loss: 1.0389
2026-03-04 09:34:26.878 | INFO     | models.ensemble:generate_signals:136 - Signal distribution (threshold=0.45664141476154324): BUY=54 (2.5%)  SELL=4 (0.2%)  HOLD=2092 (97.3%)
2026-03-04 09:34:26.885 | INFO     | backtest.filters:apply_filters:120 - Filters [4h] 2/58 removed (97% survive) — trend=0 vol=1 volume=1 funding=0 regime=0
2026-03-04 09:34:26.888 | INFO     | backtest.engine:_compute_metrics:223 -  Results: Return=-3.36% | Sharpe=-0.33 | MaxDD=-10.84% | WinRate=35.00% | Trades=20 (L:19 S:1)
2026-03-04 09:34:26.888 | INFO     | __main__:main:236 - 
──────────────────────────────────────── CNN ────────────────────────────────────────
2026-03-04 09:34:26.897 | INFO     | models.cnn_model:train:116 - Training 1D CNN for ETC/USD on cuda — 6426 train samples
2026-03-04 09:34:27.398 | INFO     | models.cnn_model:train:145 -   Epoch   0 | val_loss=1.1042 | val_acc=0.7394
2026-03-04 09:34:29.662 | INFO     | models.cnn_model:train:154 - Early stopping at epoch 7
2026-03-04 09:34:29.662 | SUCCESS  | models.cnn_model:train:158 - 1D CNN best val_loss: 1.1042
2026-03-04 09:34:31.479 | INFO     | models.ensemble:generate_signals:136 - Signal distribution (threshold=0.5382775902748108): BUY=52 (2.4%)  SELL=0 (0.0%)  HOLD=2098 (97.6%)
2026-03-04 09:34:31.482 | INFO     | backtest.filters:apply_filters:120 - Filters [4h] 19/52 removed (63% survive) — trend=0 vol=19 volume=0 funding=0 regime=0
2026-03-04 09:34:31.482 | INFO     | backtest.engine:_compute_metrics:223 -  Results: Return=-2.75% | Sharpe=-0.85 | MaxDD=-5.97% | WinRate=27.27% | Trades=11 (L:11 S:0)
2026-03-04 09:34:31.486 | INFO     | __main__:main:245 - 
──────────────────────────────────────── TFT ────────────────────────────────────────
2026-03-04 09:34:31.490 | INFO     | models.tft_model:<module>:33 - TFT using cuda
2026-03-04 09:34:31.500 | INFO     | models.tft_model:train:237 - Training TFT for ETC/USD on cuda — 6426 train samples
2026-03-04 09:34:36.606 | INFO     | models.tft_model:train:268 -   Epoch   0 | val_loss=1.0237 | val_acc=0.7413
2026-03-04 09:35:01.114 | INFO     | models.tft_model:train:268 -   Epoch   5 | val_loss=1.0769 | val_acc=0.6759
2026-03-04 09:35:28.684 | INFO     | models.tft_model:train:268 -   Epoch  10 | val_loss=1.4120 | val_acc=0.5837
2026-03-04 09:35:55.452 | INFO     | models.tft_model:train:268 -   Epoch  15 | val_loss=1.4912 | val_acc=0.6270
2026-03-04 09:36:00.737 | INFO     | models.tft_model:train:277 - Early stopping at epoch 16
2026-03-04 09:36:00.741 | SUCCESS  | models.tft_model:train:281 - TFT best val_loss: 1.0106
2026-03-04 09:36:27.320 | INFO     | models.ensemble:generate_signals:136 - Signal distribution (threshold=0.49295078217983246): BUY=77 (3.6%)  SELL=1 (0.0%)  HOLD=2072 (96.4%)
2026-03-04 09:36:27.320 | INFO     | backtest.filters:apply_filters:120 - Filters [4h] 3/78 removed (96% survive) — trend=0 vol=0 volume=3 funding=0 regime=0
2026-03-04 09:36:27.320 | INFO     | backtest.engine:_compute_metrics:223 -  Results: Return=-8.89% | Sharpe=-1.35 | MaxDD=-9.08% | WinRate=34.78% | Trades=23 (L:22 S:1)
2026-03-04 09:36:27.320 | INFO     | __main__:main:254 - 
──────────────────────────────────────── Ensemble ────────────────────────────────────────
2026-03-04 09:36:27.329 | INFO     | models.ensemble:generate_signals:136 - Signal distribution (threshold=0.43381267867878254): BUY=46 (2.1%)  SELL=0 (0.0%)  HOLD=2104 (97.9%)
2026-03-04 09:36:27.333 | INFO     | backtest.filters:apply_filters:120 - Filters [4h] 2/46 removed (96% survive) — trend=0 vol=1 volume=1 funding=0 regime=0
2026-03-04 09:36:27.335 | INFO     | backtest.engine:_compute_metrics:223 -  Results: Return=8.22% | Sharpe=1.26 | MaxDD=-5.62% | WinRate=52.94% | Trades=17 (L:17 S:0)
