2026-02-20 20:05:59.723 | INFO     | data.kraken_fetcher:get_exchange:18 - Connected to Kraken
2026-02-20 20:05:59.724 | INFO     | data.kraken_fetcher:fetch_ohlcv:25 - Fetching BTC/USD [1h] — 730 days of history...
2026-02-20 20:06:05.781 | SUCCESS  | data.kraken_fetcher:fetch_ohlcv:55 - BTC/USD: 720 candles (2026-01-21 -> 2026-02-20)
2026-02-20 20:06:05.793 | INFO     | data.kraken_fetcher:save_data:64 - Saved -> data\raw\BTC_USD_1h.csv
2026-02-20 20:06:05.794 | INFO     | data.kraken_fetcher:fetch_ohlcv:25 - Fetching ETH/USD [1h] — 730 days of history...
2026-02-20 20:06:08.821 | SUCCESS  | data.kraken_fetcher:fetch_ohlcv:55 - ETH/USD: 720 candles (2026-01-21 -> 2026-02-20)
2026-02-20 20:06:08.827 | INFO     | data.kraken_fetcher:save_data:64 - Saved -> data\raw\ETH_USD_1h.csv
2026-02-20 20:06:08.827 | INFO     | data.kraken_fetcher:fetch_ohlcv:25 - Fetching SOL/USD [1h] — 730 days of history...
2026-02-20 20:06:11.819 | SUCCESS  | data.kraken_fetcher:fetch_ohlcv:55 - SOL/USD: 720 candles (2026-01-21 -> 2026-02-20)
2026-02-20 20:06:11.826 | INFO     | data.kraken_fetcher:save_data:64 - Saved -> data\raw\SOL_USD_1h.csv
2026-02-20 20:06:11.826 | INFO     | data.kraken_fetcher:fetch_ohlcv:25 - Fetching XRP/USD [1h] — 730 days of history...
2026-02-20 20:06:14.881 | SUCCESS  | data.kraken_fetcher:fetch_ohlcv:55 - XRP/USD: 720 candles (2026-01-21 -> 2026-02-20)
2026-02-20 20:06:14.887 | INFO     | data.kraken_fetcher:save_data:64 - Saved -> data\raw\XRP_USD_1h.csv
2026-02-20 20:06:14.888 | SUCCESS  | data.kraken_fetcher:fetch_all_pairs:98 - Loaded 4/4 pairs
2026-02-20 20:06:14.895 | INFO     | __main__:run_pipeline:53 - 
============================================================
Processing: BTC/USD
============================================================
2026-02-20 20:06:14.896 | INFO     | data.feature_engineer:build_features:145 - Building features for BTC/USD (720 rows)
2026-02-20 20:06:14.926 | INFO     | data.feature_engineer:build_features:163 - Dropped 199 NaN rows → 521 usable rows
2026-02-20 20:06:14.926 | INFO     | data.feature_engineer:build_features:166 - Label distribution: DOWN=193 NEUTRAL=150 UP=178
2026-02-20 20:06:14.927 | INFO     | __main__:run_pipeline:58 - Features: 69 columns
2026-02-20 20:06:14.928 | INFO     | utils.splitter:time_split:37 - Split: train=364 | val=78 | test=79
2026-02-20 20:06:14.930 | INFO     | utils.splitter:save_scaler:48 - Saved scaler -> models\saved\BTC_USD_scaler.pkl
2026-02-20 20:06:14.930 | INFO     | models.lgbm_model:train:19 - Training LightGBM for BTC/USD...
2026-02-20 20:06:15.211 | SUCCESS  | models.lgbm_model:train:27 - LightGBM val accuracy: 0.3846
2026-02-20 20:06:15.265 | INFO     | models.lgbm_model:save:35 - Saved LightGBM -> models\saved\BTC_USD_lgbm.pkl
2026-02-20 20:06:15.265 | INFO     | models.xgb_model:train:17 - Training XGBoost for BTC/USD...
2026-02-20 20:06:15.480 | SUCCESS  | models.xgb_model:train:21 - XGBoost val accuracy: 0.3590
2026-02-20 20:06:15.485 | INFO     | models.xgb_model:save:29 - Saved XGBoost -> models\saved\BTC_USD_xgb.pkl
2026-02-20 20:06:17.147 | INFO     | models.lstm_model:train:89 - Training LSTM for BTC/USD on cpu — 304 train samples
2026-02-20 20:06:17.331 | INFO     | models.lstm_model:train:120 -   Epoch   0 | val_loss=1.0861 | val_acc=0.3333
2026-02-20 20:06:18.620 | INFO     | models.lstm_model:train:120 -   Epoch  10 | val_loss=1.1660 | val_acc=0.4444
2026-02-20 20:06:18.748 | INFO     | models.lstm_model:train:129 - Early stopping at epoch 11
2026-02-20 20:06:18.749 | SUCCESS  | models.lstm_model:train:133 - LSTM best val_loss: 1.0258
2026-02-20 20:06:18.753 | INFO     | models.lstm_model:save:149 - Saved LSTM -> models\saved\BTC_USD_lstm.pt
2026-02-20 20:06:18.795 | ERROR    | __main__:main:129 - Pipeline failed for BTC/USD: Numpy is not available
2026-02-20 20:06:18.799 | INFO     | __main__:run_pipeline:53 - 
============================================================
Processing: ETH/USD
============================================================
2026-02-20 20:06:18.799 | INFO     | data.feature_engineer:build_features:145 - Building features for ETH/USD (720 rows)
2026-02-20 20:06:18.845 | INFO     | data.feature_engineer:build_features:163 - Dropped 199 NaN rows → 521 usable rows
2026-02-20 20:06:18.846 | INFO     | data.feature_engineer:build_features:166 - Label distribution: DOWN=201 NEUTRAL=144 UP=176
2026-02-20 20:06:18.846 | INFO     | __main__:run_pipeline:58 - Features: 69 columns
2026-02-20 20:06:18.848 | INFO     | utils.splitter:time_split:37 - Split: train=364 | val=78 | test=79
2026-02-20 20:06:18.850 | INFO     | utils.splitter:save_scaler:48 - Saved scaler -> models\saved\ETH_USD_scaler.pkl
2026-02-20 20:06:18.850 | INFO     | models.lgbm_model:train:19 - Training LightGBM for ETH/USD...
2026-02-20 20:06:19.185 | SUCCESS  | models.lgbm_model:train:27 - LightGBM val accuracy: 0.3718
2026-02-20 20:06:19.238 | INFO     | models.lgbm_model:save:35 - Saved LightGBM -> models\saved\ETH_USD_lgbm.pkl
2026-02-20 20:06:19.239 | INFO     | models.xgb_model:train:17 - Training XGBoost for ETH/USD...
2026-02-20 20:06:19.436 | SUCCESS  | models.xgb_model:train:21 - XGBoost val accuracy: 0.4231
2026-02-20 20:06:19.439 | INFO     | models.xgb_model:save:29 - Saved XGBoost -> models\saved\ETH_USD_xgb.pkl
2026-02-20 20:06:19.445 | INFO     | models.lstm_model:train:89 - Training LSTM for ETH/USD on cpu — 304 train samples
2026-02-20 20:06:19.580 | INFO     | models.lstm_model:train:120 -   Epoch   0 | val_loss=1.1502 | val_acc=0.4444
2026-02-20 20:06:20.903 | INFO     | models.lstm_model:train:120 -   Epoch  10 | val_loss=1.2141 | val_acc=0.4444
2026-02-20 20:06:21.270 | INFO     | models.lstm_model:train:129 - Early stopping at epoch 13
2026-02-20 20:06:21.271 | SUCCESS  | models.lstm_model:train:133 - LSTM best val_loss: 1.0315
2026-02-20 20:06:21.274 | INFO     | models.lstm_model:save:149 - Saved LSTM -> models\saved\ETH_USD_lstm.pt
2026-02-20 20:06:21.281 | ERROR    | __main__:main:129 - Pipeline failed for ETH/USD: Numpy is not available
2026-02-20 20:06:21.284 | INFO     | __main__:run_pipeline:53 - 
============================================================
Processing: SOL/USD
============================================================
2026-02-20 20:06:21.284 | INFO     | data.feature_engineer:build_features:145 - Building features for SOL/USD (720 rows)
2026-02-20 20:06:21.321 | INFO     | data.feature_engineer:build_features:163 - Dropped 199 NaN rows → 521 usable rows
2026-02-20 20:06:21.322 | INFO     | data.feature_engineer:build_features:166 - Label distribution: DOWN=203 NEUTRAL=126 UP=192
2026-02-20 20:06:21.322 | INFO     | __main__:run_pipeline:58 - Features: 69 columns
2026-02-20 20:06:21.323 | INFO     | utils.splitter:time_split:37 - Split: train=364 | val=78 | test=79
2026-02-20 20:06:21.325 | INFO     | utils.splitter:save_scaler:48 - Saved scaler -> models\saved\SOL_USD_scaler.pkl
2026-02-20 20:06:21.326 | INFO     | models.lgbm_model:train:19 - Training LightGBM for SOL/USD...
2026-02-20 20:06:21.617 | SUCCESS  | models.lgbm_model:train:27 - LightGBM val accuracy: 0.3974
2026-02-20 20:06:21.668 | INFO     | models.lgbm_model:save:35 - Saved LightGBM -> models\saved\SOL_USD_lgbm.pkl
2026-02-20 20:06:21.668 | INFO     | models.xgb_model:train:17 - Training XGBoost for SOL/USD...
2026-02-20 20:06:21.777 | SUCCESS  | models.xgb_model:train:21 - XGBoost val accuracy: 0.3333
2026-02-20 20:06:21.780 | INFO     | models.xgb_model:save:29 - Saved XGBoost -> models\saved\SOL_USD_xgb.pkl
2026-02-20 20:06:21.785 | INFO     | models.lstm_model:train:89 - Training LSTM for SOL/USD on cpu — 304 train samples
2026-02-20 20:06:21.906 | INFO     | models.lstm_model:train:120 -   Epoch   0 | val_loss=1.1262 | val_acc=0.3889
2026-02-20 20:06:23.141 | INFO     | models.lstm_model:train:120 -   Epoch  10 | val_loss=1.1690 | val_acc=0.4444
2026-02-20 20:06:23.643 | INFO     | models.lstm_model:train:129 - Early stopping at epoch 14
2026-02-20 20:06:23.643 | SUCCESS  | models.lstm_model:train:133 - LSTM best val_loss: 1.0403
2026-02-20 20:06:23.647 | INFO     | models.lstm_model:save:149 - Saved LSTM -> models\saved\SOL_USD_lstm.pt
2026-02-20 20:06:23.654 | ERROR    | __main__:main:129 - Pipeline failed for SOL/USD: Numpy is not available
2026-02-20 20:06:23.657 | INFO     | __main__:run_pipeline:53 - 
============================================================
Processing: XRP/USD
============================================================
2026-02-20 20:06:23.657 | INFO     | data.feature_engineer:build_features:145 - Building features for XRP/USD (720 rows)
2026-02-20 20:06:23.694 | INFO     | data.feature_engineer:build_features:163 - Dropped 199 NaN rows → 521 usable rows
2026-02-20 20:06:23.695 | INFO     | data.feature_engineer:build_features:166 - Label distribution: DOWN=222 NEUTRAL=111 UP=188
2026-02-20 20:06:23.695 | INFO     | __main__:run_pipeline:58 - Features: 69 columns
2026-02-20 20:06:23.697 | INFO     | utils.splitter:time_split:37 - Split: train=364 | val=78 | test=79
2026-02-20 20:06:23.699 | INFO     | utils.splitter:save_scaler:48 - Saved scaler -> models\saved\XRP_USD_scaler.pkl
2026-02-20 20:06:23.699 | INFO     | models.lgbm_model:train:19 - Training LightGBM for XRP/USD...
2026-02-20 20:06:23.993 | SUCCESS  | models.lgbm_model:train:27 - LightGBM val accuracy: 0.3205
2026-02-20 20:06:24.045 | INFO     | models.lgbm_model:save:35 - Saved LightGBM -> models\saved\XRP_USD_lgbm.pkl
2026-02-20 20:06:24.045 | INFO     | models.xgb_model:train:17 - Training XGBoost for XRP/USD...
2026-02-20 20:06:24.167 | SUCCESS  | models.xgb_model:train:21 - XGBoost val accuracy: 0.3718
2026-02-20 20:06:24.169 | INFO     | models.xgb_model:save:29 - Saved XGBoost -> models\saved\XRP_USD_xgb.pkl
2026-02-20 20:06:24.177 | INFO     | models.lstm_model:train:89 - Training LSTM for XRP/USD on cpu — 304 train samples
2026-02-20 20:06:24.318 | INFO     | models.lstm_model:train:120 -   Epoch   0 | val_loss=1.0246 | val_acc=0.3333
2026-02-20 20:06:25.626 | INFO     | models.lstm_model:train:120 -   Epoch  10 | val_loss=1.1558 | val_acc=0.4444
2026-02-20 20:06:25.626 | INFO     | models.lstm_model:train:129 - Early stopping at epoch 10
2026-02-20 20:06:25.627 | SUCCESS  | models.lstm_model:train:133 - LSTM best val_loss: 1.0246
2026-02-20 20:06:25.630 | INFO     | models.lstm_model:save:149 - Saved LSTM -> models\saved\XRP_USD_lstm.pt
2026-02-20 20:06:25.638 | ERROR    | __main__:main:129 - Pipeline failed for XRP/USD: Numpy is not available
