2026-02-21 13:17:17.431 | INFO     | data.kraken_fetcher:get_exchange:31 - Connected to Binance
2026-02-21 13:17:17.431 | INFO     | data.kraken_fetcher:fetch_ohlcv:42 - Fetching BTC/USDT [1h] — 1825 days of history...
2026-02-21 13:17:39.129 | SUCCESS  | data.kraken_fetcher:fetch_ohlcv:81 - BTC/USD: 43787 candles (2021-02-22 -> 2026-02-21)
2026-02-21 13:17:39.436 | INFO     | data.kraken_fetcher:save_data:90 - Saved -> data\raw\BTC_USD_1h.csv
2026-02-21 13:17:39.436 | INFO     | data.kraken_fetcher:fetch_ohlcv:42 - Fetching ETH/USDT [1h] — 1825 days of history...
2026-02-21 13:17:57.943 | SUCCESS  | data.kraken_fetcher:fetch_ohlcv:81 - ETH/USD: 43787 candles (2021-02-22 -> 2026-02-21)
2026-02-21 13:17:58.236 | INFO     | data.kraken_fetcher:save_data:90 - Saved -> data\raw\ETH_USD_1h.csv
2026-02-21 13:17:58.236 | INFO     | data.kraken_fetcher:fetch_ohlcv:42 - Fetching SOL/USDT [1h] — 1825 days of history...
2026-02-21 13:18:19.090 | SUCCESS  | data.kraken_fetcher:fetch_ohlcv:81 - SOL/USD: 43787 candles (2021-02-22 -> 2026-02-21)
2026-02-21 13:18:19.367 | INFO     | data.kraken_fetcher:save_data:90 - Saved -> data\raw\SOL_USD_1h.csv
2026-02-21 13:18:19.367 | INFO     | data.kraken_fetcher:fetch_ohlcv:42 - Fetching XRP/USDT [1h] — 1825 days of history...
2026-02-21 13:18:38.231 | SUCCESS  | data.kraken_fetcher:fetch_ohlcv:81 - XRP/USD: 43787 candles (2021-02-22 -> 2026-02-21)
2026-02-21 13:18:38.500 | INFO     | data.kraken_fetcher:save_data:90 - Saved -> data\raw\XRP_USD_1h.csv
2026-02-21 13:18:38.500 | SUCCESS  | data.kraken_fetcher:fetch_all_pairs:124 - Loaded 4/4 pairs
2026-02-21 13:18:38.544 | INFO     | data.alt_data:fetch_all_alt_data:137 - Fetching alternative data...
2026-02-21 13:18:39.154 | SUCCESS  | data.alt_data:fetch_fear_greed:44 - Fear & Greed: 1825 records (2021-02-22 -> 2026-02-21)
2026-02-21 13:18:39.587 | WARNING  | data.alt_data:fetch_btc_dominance:80 - BTC dominance fetch failed: Unexpected response format — will skip
2026-02-21 13:18:41.928 | SUCCESS  | data.alt_data:fetch_google_trends:111 - Google Trends: 261 records
2026-02-21 13:18:41.959 | SUCCESS  | data.alt_data:fetch_all_alt_data:173 - Alt data saved: 1825 rows, columns: ['timestamp', 'fear_greed', 'date', 'google_trends_btc']
2026-02-21 13:18:41.960 | INFO     | __main__:run_pipeline:57 - 
============================================================
Processing: BTC/USD
============================================================
2026-02-21 13:18:41.960 | INFO     | data.feature_engineer:build_features:170 - Building features for BTC/USD (43787 rows)
2026-02-21 13:18:42.123 | INFO     | data.feature_engineer:build_features:192 - Dropped 204 NaN/inf rows → 43583 usable rows
2026-02-21 13:18:42.124 | INFO     | data.feature_engineer:build_features:195 - Label distribution: DOWN=11797 NEUTRAL=19491 UP=12295
2026-02-21 13:18:42.124 | INFO     | __main__:run_pipeline:62 - Features: 69 columns
2026-02-21 13:18:42.171 | INFO     | utils.splitter:time_split:37 - Split: train=30508 | val=6537 | test=6538
2026-02-21 13:18:42.173 | INFO     | utils.splitter:save_scaler:48 - Saved scaler -> models\saved\BTC_USD_scaler.pkl
2026-02-21 13:18:42.173 | INFO     | models.catboost_model:train:34 - Training CatBoost for BTC/USD...
2026-02-21 13:18:44.141 | SUCCESS  | models.catboost_model:train:42 - CatBoost val accuracy: 0.3411
2026-02-21 13:18:44.144 | INFO     | models.catboost_model:save:50 - Saved CatBoost -> models\saved\BTC_USD_catboost.cbm
2026-02-21 13:18:45.550 | INFO     | models.cnn_model:train:116 - Training 1D CNN for BTC/USD on cpu — 30484 train samples
2026-02-21 13:18:55.267 | INFO     | models.cnn_model:train:145 -   Epoch   0 | val_loss=1.0174 | val_acc=0.3189
2026-02-21 13:20:35.828 | INFO     | models.cnn_model:train:145 -   Epoch  10 | val_loss=1.0253 | val_acc=0.3510
2026-02-21 13:21:06.237 | INFO     | models.cnn_model:train:154 - Early stopping at epoch 13
2026-02-21 13:21:06.237 | SUCCESS  | models.cnn_model:train:158 - 1D CNN best val_loss: 1.0037
2026-02-21 13:21:06.248 | INFO     | models.cnn_model:save:173 - Saved 1D CNN -> models\saved\BTC_USD_cnn.pt
2026-02-21 13:21:06.257 | INFO     | models.lstm_model:train:91 - Training LSTM for BTC/USD on cpu — 30484 train samples
2026-02-21 13:21:08.410 | INFO     | models.lstm_model:train:122 -   Epoch   0 | val_loss=1.0079 | val_acc=0.2925
2026-02-21 13:21:29.904 | INFO     | models.lstm_model:train:122 -   Epoch  10 | val_loss=1.0228 | val_acc=0.3392
2026-02-21 13:21:32.029 | INFO     | models.lstm_model:train:131 - Early stopping at epoch 11
2026-02-21 13:21:32.029 | SUCCESS  | models.lstm_model:train:135 - LSTM best val_loss: 1.0069
2026-02-21 13:21:32.038 | INFO     | models.lstm_model:save:151 - Saved LSTM -> models\saved\BTC_USD_lstm.pt
2026-02-21 13:21:38.300 | SUCCESS  | models.ensemble:optimise_weights:52 - Optimised weights: LGBM=0.333 XGB=0.333 LSTM=0.333 | acc=0.3384
2026-02-21 13:21:38.300 | INFO     | models.ensemble:save_weights:101 - Saved ensemble weights -> models\saved\BTC_USD_ensemble_weights.pkl
2026-02-21 13:21:44.769 | INFO     | models.ensemble:generate_signals:82 - Signal distribution (threshold=0.38): BUY=1401 (21.4%)  SELL=200 (3.1%)  HOLD=4937 (75.5%)
2026-02-21 13:21:44.769 | INFO     | __main__:run_pipeline:99 - Test accuracy: 0.3389
2026-02-21 13:21:44.782 | INFO     | backtest.engine:_compute_metrics:200 - BTC/USD Results: Return=-73.86% | Sharpe=-5.39 | MaxDD=-74.08% | WinRate=35.09% | Trades=171 (L:99 S:72)
2026-02-21 13:21:44.799 | INFO     | backtest.engine:save_results:218 - Results saved -> backtest\results\BTC_USD_backtest.json
2026-02-21 13:21:44.802 | INFO     | __main__:run_pipeline:57 - 
============================================================
Processing: ETH/USD
============================================================
2026-02-21 13:21:44.803 | INFO     | data.feature_engineer:build_features:170 - Building features for ETH/USD (43787 rows)
2026-02-21 13:21:44.983 | INFO     | data.feature_engineer:build_features:192 - Dropped 204 NaN/inf rows → 43583 usable rows
2026-02-21 13:21:44.987 | INFO     | data.feature_engineer:build_features:195 - Label distribution: DOWN=13782 NEUTRAL=15439 UP=14362
2026-02-21 13:21:44.987 | INFO     | __main__:run_pipeline:62 - Features: 69 columns
2026-02-21 13:21:45.038 | INFO     | utils.splitter:time_split:37 - Split: train=30508 | val=6537 | test=6538
2026-02-21 13:21:45.048 | INFO     | utils.splitter:save_scaler:48 - Saved scaler -> models\saved\ETH_USD_scaler.pkl
2026-02-21 13:21:45.050 | INFO     | models.catboost_model:train:34 - Training CatBoost for ETH/USD...
2026-02-21 13:21:46.253 | SUCCESS  | models.catboost_model:train:42 - CatBoost val accuracy: 0.3661
2026-02-21 13:21:46.254 | INFO     | models.catboost_model:save:50 - Saved CatBoost -> models\saved\ETH_USD_catboost.cbm
2026-02-21 13:21:46.254 | INFO     | models.cnn_model:train:116 - Training 1D CNN for ETH/USD on cpu — 30484 train samples
2026-02-21 13:21:56.628 | INFO     | models.cnn_model:train:145 -   Epoch   0 | val_loss=0.9600 | val_acc=0.3521
2026-02-21 13:24:32.281 | INFO     | models.cnn_model:train:145 -   Epoch  10 | val_loss=0.9500 | val_acc=0.3633
2026-02-21 13:25:58.100 | INFO     | models.cnn_model:train:154 - Early stopping at epoch 18
2026-02-21 13:25:58.102 | SUCCESS  | models.cnn_model:train:158 - 1D CNN best val_loss: 0.9481
2026-02-21 13:25:58.106 | INFO     | models.cnn_model:save:173 - Saved 1D CNN -> models\saved\ETH_USD_cnn.pt
2026-02-21 13:25:58.114 | INFO     | models.lstm_model:train:91 - Training LSTM for ETH/USD on cpu — 30484 train samples
2026-02-21 13:26:00.680 | INFO     | models.lstm_model:train:122 -   Epoch   0 | val_loss=0.9594 | val_acc=0.3591
2026-02-21 13:26:25.053 | INFO     | models.lstm_model:train:122 -   Epoch  10 | val_loss=0.9587 | val_acc=0.3524
2026-02-21 13:26:31.804 | INFO     | models.lstm_model:train:131 - Early stopping at epoch 13
2026-02-21 13:26:31.804 | SUCCESS  | models.lstm_model:train:135 - LSTM best val_loss: 0.9543
2026-02-21 13:26:31.808 | INFO     | models.lstm_model:save:151 - Saved LSTM -> models\saved\ETH_USD_lstm.pt
2026-02-21 13:26:38.472 | SUCCESS  | models.ensemble:optimise_weights:52 - Optimised weights: LGBM=0.333 XGB=0.333 LSTM=0.333 | acc=0.3710
2026-02-21 13:26:38.474 | INFO     | models.ensemble:save_weights:101 - Saved ensemble weights -> models\saved\ETH_USD_ensemble_weights.pkl
2026-02-21 13:26:45.375 | INFO     | models.ensemble:generate_signals:82 - Signal distribution (threshold=0.38): BUY=247 (3.8%)  SELL=1298 (19.9%)  HOLD=4993 (76.4%)
2026-02-21 13:26:45.375 | INFO     | __main__:run_pipeline:99 - Test accuracy: 0.3368
2026-02-21 13:26:45.384 | INFO     | backtest.engine:_compute_metrics:200 - ETH/USD Results: Return=-34.55% | Sharpe=-1.04 | MaxDD=-43.78% | WinRate=47.33% | Trades=150 (L:54 S:96)
2026-02-21 13:26:45.401 | INFO     | backtest.engine:save_results:218 - Results saved -> backtest\results\ETH_USD_backtest.json
2026-02-21 13:26:45.405 | INFO     | __main__:run_pipeline:57 - 
============================================================
Processing: SOL/USD
============================================================
2026-02-21 13:26:45.405 | INFO     | data.feature_engineer:build_features:170 - Building features for SOL/USD (43787 rows)
2026-02-21 13:26:45.588 | INFO     | data.feature_engineer:build_features:192 - Dropped 204 NaN/inf rows → 43583 usable rows
2026-02-21 13:26:45.592 | INFO     | data.feature_engineer:build_features:195 - Label distribution: DOWN=17034 NEUTRAL=9451 UP=17098
2026-02-21 13:26:45.592 | INFO     | __main__:run_pipeline:62 - Features: 69 columns
2026-02-21 13:26:45.634 | INFO     | utils.splitter:time_split:37 - Split: train=30508 | val=6537 | test=6538
2026-02-21 13:26:45.638 | INFO     | utils.splitter:save_scaler:48 - Saved scaler -> models\saved\SOL_USD_scaler.pkl
2026-02-21 13:26:45.638 | INFO     | models.catboost_model:train:34 - Training CatBoost for SOL/USD...
2026-02-21 13:26:48.969 | SUCCESS  | models.catboost_model:train:42 - CatBoost val accuracy: 0.4107
2026-02-21 13:26:48.970 | INFO     | models.catboost_model:save:50 - Saved CatBoost -> models\saved\SOL_USD_catboost.cbm
2026-02-21 13:26:48.982 | INFO     | models.cnn_model:train:116 - Training 1D CNN for SOL/USD on cpu — 30484 train samples
2026-02-21 13:27:00.098 | INFO     | models.cnn_model:train:145 -   Epoch   0 | val_loss=0.8977 | val_acc=0.3952
2026-02-21 13:28:37.461 | INFO     | models.cnn_model:train:154 - Early stopping at epoch 9
2026-02-21 13:28:37.464 | SUCCESS  | models.cnn_model:train:158 - 1D CNN best val_loss: 0.8939
2026-02-21 13:28:37.469 | INFO     | models.cnn_model:save:173 - Saved 1D CNN -> models\saved\SOL_USD_cnn.pt
2026-02-21 13:28:37.473 | INFO     | models.lstm_model:train:91 - Training LSTM for SOL/USD on cpu — 30484 train samples
2026-02-21 13:28:39.650 | INFO     | models.lstm_model:train:122 -   Epoch   0 | val_loss=0.8976 | val_acc=0.3783
2026-02-21 13:29:01.737 | INFO     | models.lstm_model:train:122 -   Epoch  10 | val_loss=0.8977 | val_acc=0.3908
2026-02-21 13:29:01.737 | INFO     | models.lstm_model:train:131 - Early stopping at epoch 10
2026-02-21 13:29:01.739 | SUCCESS  | models.lstm_model:train:135 - LSTM best val_loss: 0.8946
2026-02-21 13:29:01.741 | INFO     | models.lstm_model:save:151 - Saved LSTM -> models\saved\SOL_USD_lstm.pt
2026-02-21 13:29:08.057 | SUCCESS  | models.ensemble:optimise_weights:52 - Optimised weights: LGBM=0.333 XGB=0.333 LSTM=0.333 | acc=0.4126
2026-02-21 13:29:08.058 | INFO     | models.ensemble:save_weights:101 - Saved ensemble weights -> models\saved\SOL_USD_ensemble_weights.pkl
2026-02-21 13:29:14.617 | INFO     | models.ensemble:generate_signals:82 - Signal distribution (threshold=0.38): BUY=0 (0.0%)  SELL=0 (0.0%)  HOLD=6538 (100.0%)
2026-02-21 13:29:14.619 | INFO     | __main__:run_pipeline:99 - Test accuracy: 0.3643
2026-02-21 13:29:14.627 | INFO     | backtest.engine:_compute_metrics:200 - SOL/USD Results: Return=0.00% | Sharpe=0.00 | MaxDD=0.00% | WinRate=0.00% | Trades=0 (L:0 S:0)
2026-02-21 13:29:14.634 | INFO     | backtest.engine:save_results:218 - Results saved -> backtest\results\SOL_USD_backtest.json
2026-02-21 13:29:14.643 | INFO     | __main__:run_pipeline:57 - 
============================================================
Processing: XRP/USD
============================================================
2026-02-21 13:29:14.644 | INFO     | data.feature_engineer:build_features:170 - Building features for XRP/USD (43787 rows)
2026-02-21 13:29:14.829 | INFO     | data.feature_engineer:build_features:192 - Dropped 204 NaN/inf rows → 43583 usable rows
2026-02-21 13:29:14.829 | INFO     | data.feature_engineer:build_features:195 - Label distribution: DOWN=15126 NEUTRAL=12767 UP=15690
2026-02-21 13:29:14.829 | INFO     | __main__:run_pipeline:62 - Features: 69 columns
2026-02-21 13:29:14.875 | INFO     | utils.splitter:time_split:37 - Split: train=30508 | val=6537 | test=6538
2026-02-21 13:29:14.883 | INFO     | utils.splitter:save_scaler:48 - Saved scaler -> models\saved\XRP_USD_scaler.pkl
2026-02-21 13:29:14.883 | INFO     | models.catboost_model:train:34 - Training CatBoost for XRP/USD...
2026-02-21 13:29:16.641 | SUCCESS  | models.catboost_model:train:42 - CatBoost val accuracy: 0.4014
2026-02-21 13:29:16.641 | INFO     | models.catboost_model:save:50 - Saved CatBoost -> models\saved\XRP_USD_catboost.cbm
2026-02-21 13:29:16.652 | INFO     | models.cnn_model:train:116 - Training 1D CNN for XRP/USD on cpu — 30484 train samples
2026-02-21 13:29:27.053 | INFO     | models.cnn_model:train:145 -   Epoch   0 | val_loss=0.9535 | val_acc=0.3694
2026-02-21 13:31:19.978 | INFO     | models.cnn_model:train:145 -   Epoch  10 | val_loss=0.9141 | val_acc=0.3803
2026-02-21 13:32:10.999 | INFO     | models.cnn_model:train:154 - Early stopping at epoch 14
2026-02-21 13:32:11.001 | SUCCESS  | models.cnn_model:train:158 - 1D CNN best val_loss: 0.9133
2026-02-21 13:32:11.009 | INFO     | models.cnn_model:save:173 - Saved 1D CNN -> models\saved\XRP_USD_cnn.pt
2026-02-21 13:32:11.013 | INFO     | models.lstm_model:train:91 - Training LSTM for XRP/USD on cpu — 30484 train samples
2026-02-21 13:32:13.688 | INFO     | models.lstm_model:train:122 -   Epoch   0 | val_loss=0.9173 | val_acc=0.3759
2026-02-21 13:32:38.655 | INFO     | models.lstm_model:train:131 - Early stopping at epoch 9
2026-02-21 13:32:38.656 | SUCCESS  | models.lstm_model:train:135 - LSTM best val_loss: 0.9145
2026-02-21 13:32:38.659 | INFO     | models.lstm_model:save:151 - Saved LSTM -> models\saved\XRP_USD_lstm.pt
2026-02-21 13:32:47.115 | SUCCESS  | models.ensemble:optimise_weights:52 - Optimised weights: LGBM=0.333 XGB=0.333 LSTM=0.333 | acc=0.3993
2026-02-21 13:32:47.121 | INFO     | models.ensemble:save_weights:101 - Saved ensemble weights -> models\saved\XRP_USD_ensemble_weights.pkl
2026-02-21 13:32:56.254 | INFO     | models.ensemble:generate_signals:82 - Signal distribution (threshold=0.38): BUY=0 (0.0%)  SELL=6 (0.1%)  HOLD=6532 (99.9%)
2026-02-21 13:32:56.254 | INFO     | __main__:run_pipeline:99 - Test accuracy: 0.3565
2026-02-21 13:32:56.269 | INFO     | backtest.engine:_compute_metrics:200 - XRP/USD Results: Return=-10.00% | Sharpe=-2.20 | MaxDD=-10.54% | WinRate=0.00% | Trades=3 (L:0 S:3)
2026-02-21 13:32:56.294 | INFO     | backtest.engine:save_results:218 - Results saved -> backtest\results\XRP_USD_backtest.json
