2026-02-21 16:32:25.197 | INFO     | data.kraken_fetcher:get_exchange:38 - Connected to Binance
2026-02-21 16:32:25.197 | INFO     | data.kraken_fetcher:fetch_ohlcv:49 - Fetching BTC/USDT [1h] — 1825 days of history...
2026-02-21 16:32:46.565 | SUCCESS  | data.kraken_fetcher:fetch_ohlcv:88 - SOL/USD: 43787 candles (2021-02-22 -> 2026-02-21)
2026-02-21 16:32:46.883 | INFO     | data.kraken_fetcher:save_data:97 - Saved -> data\raw\SOL_USD_1h.csv
2026-02-21 16:32:46.883 | INFO     | data.kraken_fetcher:fetch_ohlcv:49 - Fetching ETH/USDT [1h] — 1825 days of history...
2026-02-21 16:33:05.043 | SUCCESS  | data.kraken_fetcher:fetch_ohlcv:88 - AVAX/USD: 43787 candles (2021-02-22 -> 2026-02-21)
2026-02-21 16:33:05.327 | INFO     | data.kraken_fetcher:save_data:97 - Saved -> data\raw\AVAX_USD_1h.csv
2026-02-21 16:33:05.327 | INFO     | data.kraken_fetcher:fetch_ohlcv:49 - Fetching LINK/USDT [1h] — 1825 days of history...
2026-02-21 16:33:22.893 | SUCCESS  | data.kraken_fetcher:fetch_ohlcv:88 - LINK/USD: 43787 candles (2021-02-22 -> 2026-02-21)
2026-02-21 16:33:23.169 | INFO     | data.kraken_fetcher:save_data:97 - Saved -> data\raw\LINK_USD_1h.csv
2026-02-21 16:33:23.169 | INFO     | data.kraken_fetcher:fetch_ohlcv:49 - Fetching INJ/USDT [1h] — 1825 days of history...
2026-02-21 16:33:42.901 | SUCCESS  | data.kraken_fetcher:fetch_ohlcv:88 - INJ/USD: 43787 candles (2021-02-22 -> 2026-02-21)
2026-02-21 16:33:43.186 | INFO     | data.kraken_fetcher:save_data:97 - Saved -> data\raw\INJ_USD_1h.csv
2026-02-21 16:33:43.186 | INFO     | data.kraken_fetcher:fetch_ohlcv:49 - Fetching ARB/USDT [1h] — 1825 days of history...
2026-02-21 16:33:55.662 | SUCCESS  | data.kraken_fetcher:fetch_ohlcv:88 - ARB/USD: 25585 candles (2023-03-23 -> 2026-02-21)
2026-02-21 16:33:55.825 | INFO     | data.kraken_fetcher:save_data:97 - Saved -> data\raw\ARB_USD_1h.csv
2026-02-21 16:33:55.825 | INFO     | data.kraken_fetcher:fetch_ohlcv:49 - Fetching OP/USDT [1h] — 1825 days of history...
2026-02-21 16:34:09.910 | SUCCESS  | data.kraken_fetcher:fetch_ohlcv:88 - OP/USD: 32672 candles (2022-06-01 -> 2026-02-21)
2026-02-21 16:34:10.121 | INFO     | data.kraken_fetcher:save_data:97 - Saved -> data\raw\OP_USD_1h.csv
2026-02-21 16:34:10.121 | INFO     | data.kraken_fetcher:fetch_ohlcv:49 - Fetching FTM/USDT [1h] — 1825 days of history...
2026-02-21 16:34:24.367 | SUCCESS  | data.kraken_fetcher:fetch_ohlcv:88 - FTM/USD: 34077 candles (2021-02-22 -> 2025-01-13)
2026-02-21 16:34:24.592 | INFO     | data.kraken_fetcher:save_data:97 - Saved -> data\raw\FTM_USD_1h.csv
2026-02-21 16:34:24.592 | INFO     | data.kraken_fetcher:fetch_ohlcv:49 - Fetching RUNE/USDT [1h] — 1825 days of history...
2026-02-21 16:34:46.260 | SUCCESS  | data.kraken_fetcher:fetch_ohlcv:88 - RUNE/USD: 43787 candles (2021-02-22 -> 2026-02-21)
2026-02-21 16:34:46.542 | INFO     | data.kraken_fetcher:save_data:97 - Saved -> data\raw\RUNE_USD_1h.csv
2026-02-21 16:34:46.542 | INFO     | data.kraken_fetcher:fetch_ohlcv:49 - Fetching DOGE/USDT [1h] — 1825 days of history...
2026-02-21 16:35:08.164 | SUCCESS  | data.kraken_fetcher:fetch_ohlcv:88 - DOGE/USD: 43787 candles (2021-02-22 -> 2026-02-21)
2026-02-21 16:35:08.450 | INFO     | data.kraken_fetcher:save_data:97 - Saved -> data\raw\DOGE_USD_1h.csv
2026-02-21 16:35:08.450 | INFO     | data.kraken_fetcher:fetch_ohlcv:49 - Fetching ADA/USDT [1h] — 1825 days of history...
2026-02-21 16:35:26.715 | SUCCESS  | data.kraken_fetcher:fetch_ohlcv:88 - ADA/USD: 43787 candles (2021-02-22 -> 2026-02-21)
2026-02-21 16:35:27.007 | INFO     | data.kraken_fetcher:save_data:97 - Saved -> data\raw\ADA_USD_1h.csv
2026-02-21 16:35:27.007 | SUCCESS  | data.kraken_fetcher:fetch_all_pairs:131 - Loaded 10/10 pairs
2026-02-21 16:35:27.049 | INFO     | data.alt_data:fetch_all_alt_data:137 - Fetching alternative data...
2026-02-21 16:35:27.726 | SUCCESS  | data.alt_data:fetch_fear_greed:44 - Fear & Greed: 1825 records (2021-02-22 -> 2026-02-21)
2026-02-21 16:35:28.161 | WARNING  | data.alt_data:fetch_btc_dominance:80 - BTC dominance fetch failed: Unexpected response format — will skip
2026-02-21 16:35:30.374 | SUCCESS  | data.alt_data:fetch_google_trends:111 - Google Trends: 261 records
2026-02-21 16:35:30.391 | SUCCESS  | data.alt_data:fetch_all_alt_data:173 - Alt data saved: 1825 rows, columns: ['timestamp', 'fear_greed', 'date', 'google_trends_btc']
2026-02-21 16:35:30.392 | INFO     | __main__:run_pipeline:57 - 
============================================================
Processing: SOL/USD
============================================================
2026-02-21 16:35:30.392 | INFO     | data.feature_engineer:build_features:170 - Building features for SOL/USD (43787 rows)
2026-02-21 16:35:30.519 | INFO     | data.feature_engineer:build_features:192 - Dropped 204 NaN/inf rows → 43583 usable rows
2026-02-21 16:35:30.520 | INFO     | data.feature_engineer:build_features:195 - Label distribution: DOWN=11798 NEUTRAL=19490 UP=12295
2026-02-21 16:35:30.520 | INFO     | __main__:run_pipeline:62 - Features: 69 columns
2026-02-21 16:35:30.561 | INFO     | utils.splitter:time_split:37 - Split: train=30508 | val=6537 | test=6538
2026-02-21 16:35:30.566 | INFO     | utils.splitter:save_scaler:48 - Saved scaler -> models\saved\SOL_USD_scaler.pkl
2026-02-21 16:35:30.566 | INFO     | models.catboost_model:train:34 - Training CatBoost for SOL/USD...
2026-02-21 16:35:31.528 | SUCCESS  | models.catboost_model:train:42 - CatBoost val accuracy: 0.3645
2026-02-21 16:35:31.531 | INFO     | models.catboost_model:save:50 - Saved CatBoost -> models\saved\SOL_USD_catboost.cbm
2026-02-21 16:35:33.053 | INFO     | models.cnn_model:train:116 - Training 1D CNN for SOL/USD on cuda — 30484 train samples
2026-02-21 16:35:35.337 | INFO     | models.cnn_model:train:145 -   Epoch   0 | val_loss=1.0194 | val_acc=0.3614
2026-02-21 16:35:49.459 | INFO     | models.cnn_model:train:145 -   Epoch  10 | val_loss=1.0104 | val_acc=0.3289
2026-02-21 16:36:03.614 | INFO     | models.cnn_model:train:145 -   Epoch  20 | val_loss=1.0127 | val_acc=0.3531
2026-02-21 16:36:06.452 | INFO     | models.cnn_model:train:154 - Early stopping at epoch 22
2026-02-21 16:36:06.459 | SUCCESS  | models.cnn_model:train:158 - 1D CNN best val_loss: 1.0069
2026-02-21 16:36:06.470 | INFO     | models.cnn_model:save:173 - Saved 1D CNN -> models\saved\SOL_USD_cnn.pt
2026-02-21 16:36:06.479 | INFO     | models.lstm_model:train:91 - Training LSTM for SOL/USD on cuda — 30484 train samples
2026-02-21 16:36:07.667 | INFO     | models.lstm_model:train:122 -   Epoch   0 | val_loss=1.0086 | val_acc=0.2965
2026-02-21 16:36:15.689 | INFO     | models.lstm_model:train:131 - Early stopping at epoch 7
2026-02-21 16:36:15.689 | SUCCESS  | models.lstm_model:train:135 - LSTM best val_loss: 1.0086
2026-02-21 16:36:15.693 | INFO     | models.lstm_model:save:151 - Saved LSTM -> models\saved\SOL_USD_lstm.pt
2026-02-21 16:36:24.831 | SUCCESS  | models.ensemble:optimise_weights:52 - Optimised weights: LGBM=0.333 XGB=0.333 LSTM=0.333 | acc=0.3220
2026-02-21 16:36:24.831 | INFO     | models.ensemble:save_weights:104 - Saved ensemble weights -> models\saved\SOL_USD_ensemble_weights.pkl
2026-02-21 16:36:34.231 | INFO     | models.ensemble:generate_signals:85 - Signal distribution (threshold=0.36): BUY=727 (11.1%)  SELL=513 (7.8%)  HOLD=5298 (81.0%)
2026-02-21 16:36:34.231 | INFO     | __main__:run_pipeline:99 - Test accuracy: 0.3214
2026-02-21 16:36:34.240 | INFO     | backtest.engine:_compute_metrics:200 - SOL/USD Results: Return=-71.07% | Sharpe=-4.79 | MaxDD=-72.34% | WinRate=33.15% | Trades=184 (L:89 S:95)
2026-02-21 16:36:34.252 | INFO     | backtest.engine:save_results:218 - Results saved -> backtest\results\SOL_USD_backtest.json
2026-02-21 16:36:34.258 | INFO     | __main__:run_pipeline:57 - 
============================================================
Processing: AVAX/USD
============================================================
2026-02-21 16:36:34.259 | INFO     | data.feature_engineer:build_features:170 - Building features for AVAX/USD (43787 rows)
2026-02-21 16:36:34.394 | INFO     | data.feature_engineer:build_features:192 - Dropped 204 NaN/inf rows → 43583 usable rows
2026-02-21 16:36:34.394 | INFO     | data.feature_engineer:build_features:195 - Label distribution: DOWN=13783 NEUTRAL=15439 UP=14361
2026-02-21 16:36:34.394 | INFO     | __main__:run_pipeline:62 - Features: 69 columns
2026-02-21 16:36:34.440 | INFO     | utils.splitter:time_split:37 - Split: train=30508 | val=6537 | test=6538
2026-02-21 16:36:34.444 | INFO     | utils.splitter:save_scaler:48 - Saved scaler -> models\saved\AVAX_USD_scaler.pkl
2026-02-21 16:36:34.444 | INFO     | models.catboost_model:train:34 - Training CatBoost for AVAX/USD...
2026-02-21 16:36:35.652 | SUCCESS  | models.catboost_model:train:42 - CatBoost val accuracy: 0.3714
2026-02-21 16:36:35.652 | INFO     | models.catboost_model:save:50 - Saved CatBoost -> models\saved\AVAX_USD_catboost.cbm
2026-02-21 16:36:35.669 | INFO     | models.cnn_model:train:116 - Training 1D CNN for AVAX/USD on cuda — 30484 train samples
2026-02-21 16:36:37.307 | INFO     | models.cnn_model:train:145 -   Epoch   0 | val_loss=0.9558 | val_acc=0.3579
2026-02-21 16:36:51.682 | INFO     | models.cnn_model:train:145 -   Epoch  10 | val_loss=0.9521 | val_acc=0.3490
2026-02-21 16:36:57.364 | INFO     | models.cnn_model:train:154 - Early stopping at epoch 14
2026-02-21 16:36:57.364 | SUCCESS  | models.cnn_model:train:158 - 1D CNN best val_loss: 0.9480
2026-02-21 16:36:57.364 | INFO     | models.cnn_model:save:173 - Saved 1D CNN -> models\saved\AVAX_USD_cnn.pt
2026-02-21 16:36:57.377 | INFO     | models.lstm_model:train:91 - Training LSTM for AVAX/USD on cuda — 30484 train samples
2026-02-21 16:36:58.501 | INFO     | models.lstm_model:train:122 -   Epoch   0 | val_loss=0.9609 | val_acc=0.3522
2026-02-21 16:37:09.942 | INFO     | models.lstm_model:train:122 -   Epoch  10 | val_loss=0.9629 | val_acc=0.3613
2026-02-21 16:37:13.365 | INFO     | models.lstm_model:train:131 - Early stopping at epoch 13
2026-02-21 16:37:13.365 | SUCCESS  | models.lstm_model:train:135 - LSTM best val_loss: 0.9520
2026-02-21 16:37:13.365 | INFO     | models.lstm_model:save:151 - Saved LSTM -> models\saved\AVAX_USD_lstm.pt
2026-02-21 16:37:22.603 | SUCCESS  | models.ensemble:optimise_weights:52 - Optimised weights: LGBM=0.333 XGB=0.333 LSTM=0.333 | acc=0.3713
2026-02-21 16:37:22.603 | INFO     | models.ensemble:save_weights:104 - Saved ensemble weights -> models\saved\AVAX_USD_ensemble_weights.pkl
2026-02-21 16:37:31.682 | INFO     | models.ensemble:generate_signals:85 - Signal distribution (threshold=0.36): BUY=112 (1.7%)  SELL=133 (2.0%)  HOLD=6293 (96.3%)
2026-02-21 16:37:31.683 | INFO     | __main__:run_pipeline:99 - Test accuracy: 0.3371
2026-02-21 16:37:31.689 | INFO     | backtest.engine:_compute_metrics:200 - AVAX/USD Results: Return=-7.05% | Sharpe=-0.33 | MaxDD=-22.80% | WinRate=41.46% | Trades=41 (L:20 S:21)
2026-02-21 16:37:31.697 | INFO     | backtest.engine:save_results:218 - Results saved -> backtest\results\AVAX_USD_backtest.json
2026-02-21 16:37:31.702 | INFO     | __main__:run_pipeline:57 - 
============================================================
Processing: LINK/USD
============================================================
2026-02-21 16:37:31.702 | INFO     | data.feature_engineer:build_features:170 - Building features for LINK/USD (43787 rows)
2026-02-21 16:37:31.831 | INFO     | data.feature_engineer:build_features:192 - Dropped 204 NaN/inf rows → 43583 usable rows
2026-02-21 16:37:31.831 | INFO     | data.feature_engineer:build_features:195 - Label distribution: DOWN=16739 NEUTRAL=9979 UP=16865
2026-02-21 16:37:31.831 | INFO     | __main__:run_pipeline:62 - Features: 69 columns
2026-02-21 16:37:31.870 | INFO     | utils.splitter:time_split:37 - Split: train=30508 | val=6537 | test=6538
2026-02-21 16:37:31.878 | INFO     | utils.splitter:save_scaler:48 - Saved scaler -> models\saved\LINK_USD_scaler.pkl
2026-02-21 16:37:31.878 | INFO     | models.catboost_model:train:34 - Training CatBoost for LINK/USD...
2026-02-21 16:37:34.192 | SUCCESS  | models.catboost_model:train:42 - CatBoost val accuracy: 0.4231
2026-02-21 16:37:34.192 | INFO     | models.catboost_model:save:50 - Saved CatBoost -> models\saved\LINK_USD_catboost.cbm
2026-02-21 16:37:34.206 | INFO     | models.cnn_model:train:116 - Training 1D CNN for LINK/USD on cuda — 30484 train samples
2026-02-21 16:37:35.832 | INFO     | models.cnn_model:train:145 -   Epoch   0 | val_loss=0.8794 | val_acc=0.3969
2026-02-21 16:37:50.101 | INFO     | models.cnn_model:train:145 -   Epoch  10 | val_loss=0.8789 | val_acc=0.4010
2026-02-21 16:38:03.063 | INFO     | models.cnn_model:train:154 - Early stopping at epoch 19
2026-02-21 16:38:03.063 | SUCCESS  | models.cnn_model:train:158 - 1D CNN best val_loss: 0.8765
2026-02-21 16:38:03.072 | INFO     | models.cnn_model:save:173 - Saved 1D CNN -> models\saved\LINK_USD_cnn.pt
2026-02-21 16:38:03.077 | INFO     | models.lstm_model:train:91 - Training LSTM for LINK/USD on cuda — 30484 train samples
2026-02-21 16:38:04.216 | INFO     | models.lstm_model:train:122 -   Epoch   0 | val_loss=0.8785 | val_acc=0.4049
2026-02-21 16:38:14.529 | INFO     | models.lstm_model:train:131 - Early stopping at epoch 9
2026-02-21 16:38:14.529 | SUCCESS  | models.lstm_model:train:135 - LSTM best val_loss: 0.8771
2026-02-21 16:38:14.534 | INFO     | models.lstm_model:save:151 - Saved LSTM -> models\saved\LINK_USD_lstm.pt
2026-02-21 16:38:23.992 | SUCCESS  | models.ensemble:optimise_weights:52 - Optimised weights: LGBM=0.333 XGB=0.333 LSTM=0.333 | acc=0.4292
2026-02-21 16:38:23.993 | INFO     | models.ensemble:save_weights:104 - Saved ensemble weights -> models\saved\LINK_USD_ensemble_weights.pkl
2026-02-21 16:38:33.508 | INFO     | models.ensemble:generate_signals:85 - Signal distribution (threshold=0.35): BUY=0 (0.0%)  SELL=0 (0.0%)  HOLD=6538 (100.0%)
2026-02-21 16:38:33.508 | INFO     | __main__:run_pipeline:99 - Test accuracy: 0.3896
2026-02-21 16:38:33.515 | INFO     | backtest.engine:_compute_metrics:200 - LINK/USD Results: Return=0.00% | Sharpe=0.00 | MaxDD=0.00% | WinRate=0.00% | Trades=0 (L:0 S:0)
2026-02-21 16:38:33.525 | INFO     | backtest.engine:save_results:218 - Results saved -> backtest\results\LINK_USD_backtest.json
2026-02-21 16:38:33.525 | INFO     | __main__:run_pipeline:57 - 
============================================================
Processing: INJ/USD
============================================================
2026-02-21 16:38:33.525 | INFO     | data.feature_engineer:build_features:170 - Building features for INJ/USD (43787 rows)
2026-02-21 16:38:33.657 | INFO     | data.feature_engineer:build_features:192 - Dropped 204 NaN/inf rows → 43583 usable rows
2026-02-21 16:38:33.657 | INFO     | data.feature_engineer:build_features:195 - Label distribution: DOWN=18236 NEUTRAL=7810 UP=17537
2026-02-21 16:38:33.657 | INFO     | __main__:run_pipeline:62 - Features: 69 columns
2026-02-21 16:38:33.699 | INFO     | utils.splitter:time_split:37 - Split: train=30508 | val=6537 | test=6538
2026-02-21 16:38:33.699 | INFO     | utils.splitter:save_scaler:48 - Saved scaler -> models\saved\INJ_USD_scaler.pkl
2026-02-21 16:38:33.699 | INFO     | models.catboost_model:train:34 - Training CatBoost for INJ/USD...
2026-02-21 16:38:35.472 | SUCCESS  | models.catboost_model:train:42 - CatBoost val accuracy: 0.4383
2026-02-21 16:38:35.472 | INFO     | models.catboost_model:save:50 - Saved CatBoost -> models\saved\INJ_USD_catboost.cbm
2026-02-21 16:38:35.487 | INFO     | models.cnn_model:train:116 - Training 1D CNN for INJ/USD on cuda — 30484 train samples
2026-02-21 16:38:37.182 | INFO     | models.cnn_model:train:145 -   Epoch   0 | val_loss=0.8551 | val_acc=0.4182
2026-02-21 16:38:51.545 | INFO     | models.cnn_model:train:145 -   Epoch  10 | val_loss=0.8522 | val_acc=0.4248
2026-02-21 16:38:51.545 | INFO     | models.cnn_model:train:154 - Early stopping at epoch 10
2026-02-21 16:38:51.545 | SUCCESS  | models.cnn_model:train:158 - 1D CNN best val_loss: 0.8505
2026-02-21 16:38:51.558 | INFO     | models.cnn_model:save:173 - Saved 1D CNN -> models\saved\INJ_USD_cnn.pt
2026-02-21 16:38:51.563 | INFO     | models.lstm_model:train:91 - Training LSTM for INJ/USD on cuda — 30484 train samples
2026-02-21 16:38:52.695 | INFO     | models.lstm_model:train:122 -   Epoch   0 | val_loss=0.8542 | val_acc=0.4264
2026-02-21 16:39:04.121 | INFO     | models.lstm_model:train:122 -   Epoch  10 | val_loss=0.8536 | val_acc=0.4276
2026-02-21 16:39:09.771 | INFO     | models.lstm_model:train:131 - Early stopping at epoch 15
2026-02-21 16:39:09.771 | SUCCESS  | models.lstm_model:train:135 - LSTM best val_loss: 0.8523
2026-02-21 16:39:09.775 | INFO     | models.lstm_model:save:151 - Saved LSTM -> models\saved\INJ_USD_lstm.pt
2026-02-21 16:39:19.106 | SUCCESS  | models.ensemble:optimise_weights:52 - Optimised weights: LGBM=0.333 XGB=0.333 LSTM=0.333 | acc=0.4358
2026-02-21 16:39:19.108 | INFO     | models.ensemble:save_weights:104 - Saved ensemble weights -> models\saved\INJ_USD_ensemble_weights.pkl
2026-02-21 16:39:28.602 | INFO     | models.ensemble:generate_signals:85 - Signal distribution (threshold=0.34): BUY=0 (0.0%)  SELL=0 (0.0%)  HOLD=6538 (100.0%)
2026-02-21 16:39:28.602 | INFO     | __main__:run_pipeline:99 - Test accuracy: 0.4124
2026-02-21 16:39:28.602 | INFO     | backtest.engine:_compute_metrics:200 - INJ/USD Results: Return=0.00% | Sharpe=0.00 | MaxDD=0.00% | WinRate=0.00% | Trades=0 (L:0 S:0)
2026-02-21 16:39:28.620 | INFO     | backtest.engine:save_results:218 - Results saved -> backtest\results\INJ_USD_backtest.json
2026-02-21 16:39:28.625 | INFO     | __main__:run_pipeline:57 - 
============================================================
Processing: ARB/USD
============================================================
2026-02-21 16:39:28.626 | INFO     | data.feature_engineer:build_features:170 - Building features for ARB/USD (25585 rows)
2026-02-21 16:39:28.718 | INFO     | data.feature_engineer:build_features:192 - Dropped 199 NaN/inf rows → 25386 usable rows
2026-02-21 16:39:28.719 | INFO     | data.feature_engineer:build_features:195 - Label distribution: DOWN=9835 NEUTRAL=5868 UP=9683
2026-02-21 16:39:28.720 | INFO     | __main__:run_pipeline:62 - Features: 69 columns
2026-02-21 16:39:28.740 | INFO     | utils.splitter:time_split:37 - Split: train=17770 | val=3808 | test=3808
2026-02-21 16:39:28.743 | INFO     | utils.splitter:save_scaler:48 - Saved scaler -> models\saved\ARB_USD_scaler.pkl
2026-02-21 16:39:28.743 | INFO     | models.catboost_model:train:34 - Training CatBoost for ARB/USD...
2026-02-21 16:39:29.421 | SUCCESS  | models.catboost_model:train:42 - CatBoost val accuracy: 0.4141
2026-02-21 16:39:29.425 | INFO     | models.catboost_model:save:50 - Saved CatBoost -> models\saved\ARB_USD_catboost.cbm
2026-02-21 16:39:29.433 | INFO     | models.cnn_model:train:116 - Training 1D CNN for ARB/USD on cuda — 17746 train samples
2026-02-21 16:39:30.505 | INFO     | models.cnn_model:train:145 -   Epoch   0 | val_loss=0.8774 | val_acc=0.3988
2026-02-21 16:39:38.930 | INFO     | models.cnn_model:train:145 -   Epoch  10 | val_loss=0.8822 | val_acc=0.3990
2026-02-21 16:39:40.610 | INFO     | models.cnn_model:train:154 - Early stopping at epoch 12
2026-02-21 16:39:40.610 | SUCCESS  | models.cnn_model:train:158 - 1D CNN best val_loss: 0.8753
2026-02-21 16:39:40.619 | INFO     | models.cnn_model:save:173 - Saved 1D CNN -> models\saved\ARB_USD_cnn.pt
2026-02-21 16:39:40.625 | INFO     | models.lstm_model:train:91 - Training LSTM for ARB/USD on cuda — 17746 train samples
2026-02-21 16:39:41.291 | INFO     | models.lstm_model:train:122 -   Epoch   0 | val_loss=0.8779 | val_acc=0.3985
2026-02-21 16:39:46.680 | INFO     | models.lstm_model:train:131 - Early stopping at epoch 8
2026-02-21 16:39:46.680 | SUCCESS  | models.lstm_model:train:135 - LSTM best val_loss: 0.8732
2026-02-21 16:39:46.691 | INFO     | models.lstm_model:save:151 - Saved LSTM -> models\saved\ARB_USD_lstm.pt
2026-02-21 16:39:52.083 | SUCCESS  | models.ensemble:optimise_weights:52 - Optimised weights: LGBM=0.333 XGB=0.333 LSTM=0.333 | acc=0.4084
2026-02-21 16:39:52.083 | INFO     | models.ensemble:save_weights:104 - Saved ensemble weights -> models\saved\ARB_USD_ensemble_weights.pkl
2026-02-21 16:39:57.661 | INFO     | models.ensemble:generate_signals:85 - Signal distribution (threshold=0.38): BUY=0 (0.0%)  SELL=10 (0.3%)  HOLD=3798 (99.7%)
2026-02-21 16:39:57.661 | INFO     | __main__:run_pipeline:99 - Test accuracy: 0.3968
2026-02-21 16:39:57.668 | INFO     | backtest.engine:_compute_metrics:200 - ARB/USD Results: Return=1.50% | Sharpe=0.50 | MaxDD=-5.01% | WinRate=50.00% | Trades=2 (L:0 S:2)
2026-02-21 16:39:57.677 | INFO     | backtest.engine:save_results:218 - Results saved -> backtest\results\ARB_USD_backtest.json
2026-02-21 16:39:57.679 | INFO     | __main__:run_pipeline:57 - 
============================================================
Processing: OP/USD
============================================================
2026-02-21 16:39:57.679 | INFO     | data.feature_engineer:build_features:170 - Building features for OP/USD (32672 rows)
2026-02-21 16:39:57.793 | INFO     | data.feature_engineer:build_features:192 - Dropped 204 NaN/inf rows → 32468 usable rows
2026-02-21 16:39:57.794 | INFO     | data.feature_engineer:build_features:195 - Label distribution: DOWN=13204 NEUTRAL=6418 UP=12846
2026-02-21 16:39:57.794 | INFO     | __main__:run_pipeline:62 - Features: 69 columns
2026-02-21 16:39:57.823 | INFO     | utils.splitter:time_split:37 - Split: train=22727 | val=4870 | test=4871
2026-02-21 16:39:57.828 | INFO     | utils.splitter:save_scaler:48 - Saved scaler -> models\saved\OP_USD_scaler.pkl
2026-02-21 16:39:57.828 | INFO     | models.catboost_model:train:34 - Training CatBoost for OP/USD...
2026-02-21 16:39:58.619 | SUCCESS  | models.catboost_model:train:42 - CatBoost val accuracy: 0.4207
2026-02-21 16:39:58.622 | INFO     | models.catboost_model:save:50 - Saved CatBoost -> models\saved\OP_USD_catboost.cbm
2026-02-21 16:39:58.633 | INFO     | models.cnn_model:train:116 - Training 1D CNN for OP/USD on cuda — 22703 train samples
2026-02-21 16:39:59.935 | INFO     | models.cnn_model:train:145 -   Epoch   0 | val_loss=0.8916 | val_acc=0.4016
2026-02-21 16:40:10.953 | INFO     | models.cnn_model:train:145 -   Epoch  10 | val_loss=0.8770 | val_acc=0.4139
2026-02-21 16:40:15.238 | INFO     | models.cnn_model:train:154 - Early stopping at epoch 14
2026-02-21 16:40:15.238 | SUCCESS  | models.cnn_model:train:158 - 1D CNN best val_loss: 0.8754
2026-02-21 16:40:15.248 | INFO     | models.cnn_model:save:173 - Saved 1D CNN -> models\saved\OP_USD_cnn.pt
2026-02-21 16:40:15.251 | INFO     | models.lstm_model:train:91 - Training LSTM for OP/USD on cuda — 22703 train samples
2026-02-21 16:40:16.164 | INFO     | models.lstm_model:train:122 -   Epoch   0 | val_loss=0.8783 | val_acc=0.4071
2026-02-21 16:40:24.021 | INFO     | models.lstm_model:train:131 - Early stopping at epoch 9
2026-02-21 16:40:24.021 | SUCCESS  | models.lstm_model:train:135 - LSTM best val_loss: 0.8761
2026-02-21 16:40:24.025 | INFO     | models.lstm_model:save:151 - Saved LSTM -> models\saved\OP_USD_lstm.pt
2026-02-21 16:40:31.254 | SUCCESS  | models.ensemble:optimise_weights:52 - Optimised weights: LGBM=0.333 XGB=0.333 LSTM=0.333 | acc=0.4199
2026-02-21 16:40:31.254 | INFO     | models.ensemble:save_weights:104 - Saved ensemble weights -> models\saved\OP_USD_ensemble_weights.pkl
2026-02-21 16:40:38.554 | INFO     | models.ensemble:generate_signals:85 - Signal distribution (threshold=0.38): BUY=2 (0.0%)  SELL=0 (0.0%)  HOLD=4869 (100.0%)
2026-02-21 16:40:38.554 | INFO     | __main__:run_pipeline:99 - Test accuracy: 0.4003
2026-02-21 16:40:38.564 | INFO     | backtest.engine:_compute_metrics:200 - OP/USD Results: Return=-6.72% | Sharpe=-2.05 | MaxDD=-7.40% | WinRate=0.00% | Trades=2 (L:2 S:0)
2026-02-21 16:40:38.573 | INFO     | backtest.engine:save_results:218 - Results saved -> backtest\results\OP_USD_backtest.json
2026-02-21 16:40:38.577 | INFO     | __main__:run_pipeline:57 - 
============================================================
Processing: FTM/USD
============================================================
2026-02-21 16:40:38.578 | INFO     | data.feature_engineer:build_features:170 - Building features for FTM/USD (34077 rows)
2026-02-21 16:40:38.690 | INFO     | data.feature_engineer:build_features:192 - Dropped 204 NaN/inf rows → 33873 usable rows
2026-02-21 16:40:38.691 | INFO     | data.feature_engineer:build_features:195 - Label distribution: DOWN=13993 NEUTRAL=6081 UP=13799
2026-02-21 16:40:38.691 | INFO     | __main__:run_pipeline:62 - Features: 69 columns
2026-02-21 16:40:38.722 | INFO     | utils.splitter:time_split:37 - Split: train=23711 | val=5081 | test=5081
2026-02-21 16:40:38.726 | INFO     | utils.splitter:save_scaler:48 - Saved scaler -> models\saved\FTM_USD_scaler.pkl
2026-02-21 16:40:38.726 | INFO     | models.catboost_model:train:34 - Training CatBoost for FTM/USD...
2026-02-21 16:40:39.460 | SUCCESS  | models.catboost_model:train:42 - CatBoost val accuracy: 0.4393
2026-02-21 16:40:39.460 | INFO     | models.catboost_model:save:50 - Saved CatBoost -> models\saved\FTM_USD_catboost.cbm
2026-02-21 16:40:39.478 | INFO     | models.cnn_model:train:116 - Training 1D CNN for FTM/USD on cuda — 23687 train samples
2026-02-21 16:40:40.867 | INFO     | models.cnn_model:train:145 -   Epoch   0 | val_loss=0.8614 | val_acc=0.4127
2026-02-21 16:40:52.104 | INFO     | models.cnn_model:train:145 -   Epoch  10 | val_loss=0.8610 | val_acc=0.4182
2026-02-21 16:41:03.299 | INFO     | models.cnn_model:train:145 -   Epoch  20 | val_loss=0.8597 | val_acc=0.4299
2026-02-21 16:41:04.394 | INFO     | models.cnn_model:train:154 - Early stopping at epoch 21
2026-02-21 16:41:04.394 | SUCCESS  | models.cnn_model:train:158 - 1D CNN best val_loss: 0.8565
2026-02-21 16:41:04.406 | INFO     | models.cnn_model:save:173 - Saved 1D CNN -> models\saved\FTM_USD_cnn.pt
2026-02-21 16:41:04.410 | INFO     | models.lstm_model:train:91 - Training LSTM for FTM/USD on cuda — 23687 train samples
2026-02-21 16:41:05.335 | INFO     | models.lstm_model:train:122 -   Epoch   0 | val_loss=0.8600 | val_acc=0.4255
2026-02-21 16:41:14.446 | INFO     | models.lstm_model:train:122 -   Epoch  10 | val_loss=0.8592 | val_acc=0.4344
2026-02-21 16:41:14.446 | INFO     | models.lstm_model:train:131 - Early stopping at epoch 10
2026-02-21 16:41:14.446 | SUCCESS  | models.lstm_model:train:135 - LSTM best val_loss: 0.8544
2026-02-21 16:41:14.453 | INFO     | models.lstm_model:save:151 - Saved LSTM -> models\saved\FTM_USD_lstm.pt
2026-02-21 16:41:22.166 | SUCCESS  | models.ensemble:optimise_weights:52 - Optimised weights: LGBM=0.333 XGB=0.333 LSTM=0.333 | acc=0.4285
2026-02-21 16:41:22.166 | INFO     | models.ensemble:save_weights:104 - Saved ensemble weights -> models\saved\FTM_USD_ensemble_weights.pkl
2026-02-21 16:41:29.340 | INFO     | models.ensemble:generate_signals:85 - Signal distribution (threshold=0.38): BUY=38 (0.7%)  SELL=51 (1.0%)  HOLD=4992 (98.2%)
2026-02-21 16:41:29.340 | INFO     | __main__:run_pipeline:99 - Test accuracy: 0.4391
2026-02-21 16:41:29.345 | INFO     | backtest.engine:_compute_metrics:200 - FTM/USD Results: Return=8.82% | Sharpe=0.57 | MaxDD=-24.87% | WinRate=45.10% | Trades=51 (L:22 S:29)
2026-02-21 16:41:29.357 | INFO     | backtest.engine:save_results:218 - Results saved -> backtest\results\FTM_USD_backtest.json
2026-02-21 16:41:29.358 | INFO     | __main__:run_pipeline:57 - 
============================================================
Processing: RUNE/USD
============================================================
2026-02-21 16:41:29.358 | INFO     | data.feature_engineer:build_features:170 - Building features for RUNE/USD (43787 rows)
2026-02-21 16:41:29.491 | INFO     | data.feature_engineer:build_features:192 - Dropped 204 NaN/inf rows → 43583 usable rows
2026-02-21 16:41:29.504 | INFO     | data.feature_engineer:build_features:195 - Label distribution: DOWN=17089 NEUTRAL=9307 UP=17187
2026-02-21 16:41:29.504 | INFO     | __main__:run_pipeline:62 - Features: 69 columns
2026-02-21 16:41:29.546 | INFO     | utils.splitter:time_split:37 - Split: train=30508 | val=6537 | test=6538
2026-02-21 16:41:29.549 | INFO     | utils.splitter:save_scaler:48 - Saved scaler -> models\saved\RUNE_USD_scaler.pkl
2026-02-21 16:41:29.549 | INFO     | models.catboost_model:train:34 - Training CatBoost for RUNE/USD...
2026-02-21 16:41:30.618 | SUCCESS  | models.catboost_model:train:42 - CatBoost val accuracy: 0.4176
2026-02-21 16:41:30.618 | INFO     | models.catboost_model:save:50 - Saved CatBoost -> models\saved\RUNE_USD_catboost.cbm
2026-02-21 16:41:30.636 | INFO     | models.cnn_model:train:116 - Training 1D CNN for RUNE/USD on cuda — 30484 train samples
2026-02-21 16:41:32.284 | INFO     | models.cnn_model:train:145 -   Epoch   0 | val_loss=0.8741 | val_acc=0.4096
2026-02-21 16:41:46.775 | INFO     | models.cnn_model:train:145 -   Epoch  10 | val_loss=0.8705 | val_acc=0.4024
2026-02-21 16:41:49.657 | INFO     | models.cnn_model:train:154 - Early stopping at epoch 12
2026-02-21 16:41:49.660 | SUCCESS  | models.cnn_model:train:158 - 1D CNN best val_loss: 0.8625
2026-02-21 16:41:49.660 | INFO     | models.cnn_model:save:173 - Saved 1D CNN -> models\saved\RUNE_USD_cnn.pt
2026-02-21 16:41:49.670 | INFO     | models.lstm_model:train:91 - Training LSTM for RUNE/USD on cuda — 30484 train samples
2026-02-21 16:41:50.825 | INFO     | models.lstm_model:train:122 -   Epoch   0 | val_loss=0.8657 | val_acc=0.4146
2026-02-21 16:42:02.357 | INFO     | models.lstm_model:train:122 -   Epoch  10 | val_loss=0.8738 | val_acc=0.4060
2026-02-21 16:42:02.357 | INFO     | models.lstm_model:train:131 - Early stopping at epoch 10
2026-02-21 16:42:02.357 | SUCCESS  | models.lstm_model:train:135 - LSTM best val_loss: 0.8641
2026-02-21 16:42:02.367 | INFO     | models.lstm_model:save:151 - Saved LSTM -> models\saved\RUNE_USD_lstm.pt
2026-02-21 16:42:12.092 | SUCCESS  | models.ensemble:optimise_weights:52 - Optimised weights: LGBM=0.333 XGB=0.333 LSTM=0.333 | acc=0.4199
2026-02-21 16:42:12.098 | INFO     | models.ensemble:save_weights:104 - Saved ensemble weights -> models\saved\RUNE_USD_ensemble_weights.pkl
2026-02-21 16:42:21.879 | INFO     | models.ensemble:generate_signals:85 - Signal distribution (threshold=0.38): BUY=194 (3.0%)  SELL=8 (0.1%)  HOLD=6336 (96.9%)
2026-02-21 16:42:21.879 | INFO     | __main__:run_pipeline:99 - Test accuracy: 0.3536
2026-02-21 16:42:21.887 | INFO     | backtest.engine:_compute_metrics:200 - RUNE/USD Results: Return=-26.56% | Sharpe=-1.67 | MaxDD=-29.95% | WinRate=23.08% | Trades=26 (L:22 S:4)
2026-02-21 16:42:21.896 | INFO     | backtest.engine:save_results:218 - Results saved -> backtest\results\RUNE_USD_backtest.json
2026-02-21 16:42:21.902 | INFO     | __main__:run_pipeline:57 - 
============================================================
Processing: DOGE/USD
============================================================
2026-02-21 16:42:21.902 | INFO     | data.feature_engineer:build_features:170 - Building features for DOGE/USD (43787 rows)
2026-02-21 16:42:22.043 | INFO     | data.feature_engineer:build_features:192 - Dropped 204 NaN/inf rows → 43583 usable rows
2026-02-21 16:42:22.043 | INFO     | data.feature_engineer:build_features:195 - Label distribution: DOWN=15973 NEUTRAL=11429 UP=16181
2026-02-21 16:42:22.043 | INFO     | __main__:run_pipeline:62 - Features: 69 columns
2026-02-21 16:42:22.089 | INFO     | utils.splitter:time_split:37 - Split: train=30508 | val=6537 | test=6538
2026-02-21 16:42:22.093 | INFO     | utils.splitter:save_scaler:48 - Saved scaler -> models\saved\DOGE_USD_scaler.pkl
2026-02-21 16:42:22.093 | INFO     | models.catboost_model:train:34 - Training CatBoost for DOGE/USD...
2026-02-21 16:42:23.784 | SUCCESS  | models.catboost_model:train:42 - CatBoost val accuracy: 0.4320
2026-02-21 16:42:23.786 | INFO     | models.catboost_model:save:50 - Saved CatBoost -> models\saved\DOGE_USD_catboost.cbm
2026-02-21 16:42:23.803 | INFO     | models.cnn_model:train:116 - Training 1D CNN for DOGE/USD on cuda — 30484 train samples
2026-02-21 16:42:25.495 | INFO     | models.cnn_model:train:145 -   Epoch   0 | val_loss=0.8839 | val_acc=0.4090
2026-02-21 16:42:40.009 | INFO     | models.cnn_model:train:145 -   Epoch  10 | val_loss=0.8804 | val_acc=0.4012
2026-02-21 16:42:44.312 | INFO     | models.cnn_model:train:154 - Early stopping at epoch 13
2026-02-21 16:42:44.312 | SUCCESS  | models.cnn_model:train:158 - 1D CNN best val_loss: 0.8773
2026-02-21 16:42:44.322 | INFO     | models.cnn_model:save:173 - Saved 1D CNN -> models\saved\DOGE_USD_cnn.pt
2026-02-21 16:42:44.331 | INFO     | models.lstm_model:train:91 - Training LSTM for DOGE/USD on cuda — 30484 train samples
2026-02-21 16:42:45.523 | INFO     | models.lstm_model:train:122 -   Epoch   0 | val_loss=0.8784 | val_acc=0.4153
2026-02-21 16:42:56.840 | INFO     | models.lstm_model:train:122 -   Epoch  10 | val_loss=0.8830 | val_acc=0.4027
2026-02-21 16:42:56.840 | INFO     | models.lstm_model:train:131 - Early stopping at epoch 10
2026-02-21 16:42:56.840 | SUCCESS  | models.lstm_model:train:135 - LSTM best val_loss: 0.8776
2026-02-21 16:42:56.845 | INFO     | models.lstm_model:save:151 - Saved LSTM -> models\saved\DOGE_USD_lstm.pt
2026-02-21 16:43:06.357 | SUCCESS  | models.ensemble:optimise_weights:52 - Optimised weights: LGBM=0.333 XGB=0.333 LSTM=0.333 | acc=0.4291
2026-02-21 16:43:06.357 | INFO     | models.ensemble:save_weights:104 - Saved ensemble weights -> models\saved\DOGE_USD_ensemble_weights.pkl
2026-02-21 16:43:19.903 | INFO     | models.ensemble:generate_signals:85 - Signal distribution (threshold=0.38): BUY=8 (0.1%)  SELL=60 (0.9%)  HOLD=6470 (99.0%)
2026-02-21 16:43:19.904 | INFO     | __main__:run_pipeline:99 - Test accuracy: 0.3767
2026-02-21 16:43:19.912 | INFO     | backtest.engine:_compute_metrics:200 - DOGE/USD Results: Return=5.00% | Sharpe=0.44 | MaxDD=-17.42% | WinRate=47.37% | Trades=19 (L:3 S:16)
2026-02-21 16:43:19.928 | INFO     | backtest.engine:save_results:218 - Results saved -> backtest\results\DOGE_USD_backtest.json
2026-02-21 16:43:19.933 | INFO     | __main__:run_pipeline:57 - 
============================================================
Processing: ADA/USD
============================================================
2026-02-21 16:43:19.933 | INFO     | data.feature_engineer:build_features:170 - Building features for ADA/USD (43787 rows)
2026-02-21 16:43:20.120 | INFO     | data.feature_engineer:build_features:192 - Dropped 204 NaN/inf rows → 43583 usable rows
2026-02-21 16:43:20.122 | INFO     | data.feature_engineer:build_features:195 - Label distribution: DOWN=16365 NEUTRAL=11012 UP=16206
2026-02-21 16:43:20.122 | INFO     | __main__:run_pipeline:62 - Features: 69 columns
2026-02-21 16:43:20.200 | INFO     | utils.splitter:time_split:37 - Split: train=30508 | val=6537 | test=6538
2026-02-21 16:43:20.205 | INFO     | utils.splitter:save_scaler:48 - Saved scaler -> models\saved\ADA_USD_scaler.pkl
2026-02-21 16:43:20.206 | INFO     | models.catboost_model:train:34 - Training CatBoost for ADA/USD...
2026-02-21 16:43:21.704 | SUCCESS  | models.catboost_model:train:42 - CatBoost val accuracy: 0.4239
2026-02-21 16:43:21.707 | INFO     | models.catboost_model:save:50 - Saved CatBoost -> models\saved\ADA_USD_catboost.cbm
2026-02-21 16:43:21.725 | INFO     | models.cnn_model:train:116 - Training 1D CNN for ADA/USD on cuda — 30484 train samples
2026-02-21 16:43:23.988 | INFO     | models.cnn_model:train:145 -   Epoch   0 | val_loss=0.9859 | val_acc=0.3997
2026-02-21 16:43:41.310 | INFO     | models.cnn_model:train:145 -   Epoch  10 | val_loss=0.9651 | val_acc=0.4017
2026-02-21 16:43:41.310 | INFO     | models.cnn_model:train:154 - Early stopping at epoch 10
2026-02-21 16:43:41.317 | SUCCESS  | models.cnn_model:train:158 - 1D CNN best val_loss: 0.9225
2026-02-21 16:43:41.317 | INFO     | models.cnn_model:save:173 - Saved 1D CNN -> models\saved\ADA_USD_cnn.pt
2026-02-21 16:43:41.329 | INFO     | models.lstm_model:train:91 - Training LSTM for ADA/USD on cuda — 30484 train samples
2026-02-21 16:43:42.473 | INFO     | models.lstm_model:train:122 -   Epoch   0 | val_loss=0.8905 | val_acc=0.4053
2026-02-21 16:43:54.051 | INFO     | models.lstm_model:train:122 -   Epoch  10 | val_loss=0.8907 | val_acc=0.3989
2026-02-21 16:43:54.051 | INFO     | models.lstm_model:train:131 - Early stopping at epoch 10
2026-02-21 16:43:54.051 | SUCCESS  | models.lstm_model:train:135 - LSTM best val_loss: 0.8847
2026-02-21 16:43:54.056 | INFO     | models.lstm_model:save:151 - Saved LSTM -> models\saved\ADA_USD_lstm.pt
2026-02-21 16:44:03.646 | SUCCESS  | models.ensemble:optimise_weights:52 - Optimised weights: LGBM=0.333 XGB=0.333 LSTM=0.333 | acc=0.4028
2026-02-21 16:44:03.646 | INFO     | models.ensemble:save_weights:104 - Saved ensemble weights -> models\saved\ADA_USD_ensemble_weights.pkl
2026-02-21 16:44:13.272 | INFO     | models.ensemble:generate_signals:85 - Signal distribution (threshold=0.38): BUY=630 (9.6%)  SELL=0 (0.0%)  HOLD=5908 (90.4%)
2026-02-21 16:44:13.272 | INFO     | __main__:run_pipeline:99 - Test accuracy: 0.3637
2026-02-21 16:44:13.283 | INFO     | backtest.engine:_compute_metrics:200 - ADA/USD Results: Return=-77.69% | Sharpe=-3.42 | MaxDD=-80.73% | WinRate=26.05% | Trades=119 (L:119 S:0)
2026-02-21 16:44:13.293 | INFO     | backtest.engine:save_results:218 - Results saved -> backtest\results\ADA_USD_backtest.json
