2026-02-21 15:10:34.647 | INFO     | data.kraken_fetcher:get_exchange:32 - Connected to Binance
2026-02-21 15:10:34.647 | INFO     | data.kraken_fetcher:fetch_ohlcv:43 - Fetching BTC/USDT [1h] — 1825 days of history...
2026-02-21 15:10:55.095 | SUCCESS  | data.kraken_fetcher:fetch_ohlcv:82 - SOL/USD: 43787 candles (2021-02-22 -> 2026-02-21)
2026-02-21 15:10:55.389 | INFO     | data.kraken_fetcher:save_data:91 - Saved -> data\raw\SOL_USD_1h.csv
2026-02-21 15:10:55.389 | INFO     | data.kraken_fetcher:fetch_ohlcv:43 - Fetching ETH/USDT [1h] — 1825 days of history...
2026-02-21 15:11:15.594 | SUCCESS  | data.kraken_fetcher:fetch_ohlcv:82 - AVAX/USD: 43787 candles (2021-02-22 -> 2026-02-21)
2026-02-21 15:11:15.882 | INFO     | data.kraken_fetcher:save_data:91 - Saved -> data\raw\AVAX_USD_1h.csv
2026-02-21 15:11:15.882 | INFO     | data.kraken_fetcher:fetch_ohlcv:43 - Fetching LINK/USDT [1h] — 1825 days of history...
2026-02-21 15:11:33.453 | SUCCESS  | data.kraken_fetcher:fetch_ohlcv:82 - LINK/USD: 43787 candles (2021-02-22 -> 2026-02-21)
2026-02-21 15:11:33.736 | INFO     | data.kraken_fetcher:save_data:91 - Saved -> data\raw\LINK_USD_1h.csv
2026-02-21 15:11:33.736 | INFO     | data.kraken_fetcher:fetch_ohlcv:43 - Fetching MATIC/USDT [1h] — 1825 days of history...
2026-02-21 15:11:45.614 | SUCCESS  | data.kraken_fetcher:fetch_ohlcv:82 - MATIC/USD: 31078 candles (2021-02-22 -> 2024-09-10)
2026-02-21 15:11:45.808 | INFO     | data.kraken_fetcher:save_data:91 - Saved -> data\raw\MATIC_USD_1h.csv
2026-02-21 15:11:45.808 | INFO     | data.kraken_fetcher:fetch_ohlcv:43 - Fetching INJ/USDT [1h] — 1825 days of history...
2026-02-21 15:12:06.385 | SUCCESS  | data.kraken_fetcher:fetch_ohlcv:82 - INJ/USD: 43787 candles (2021-02-22 -> 2026-02-21)
2026-02-21 15:12:06.659 | INFO     | data.kraken_fetcher:save_data:91 - Saved -> data\raw\INJ_USD_1h.csv
2026-02-21 15:12:06.659 | SUCCESS  | data.kraken_fetcher:fetch_all_pairs:125 - Loaded 5/5 pairs
2026-02-21 15:12:06.700 | INFO     | data.alt_data:fetch_all_alt_data:137 - Fetching alternative data...
2026-02-21 15:12:07.279 | SUCCESS  | data.alt_data:fetch_fear_greed:44 - Fear & Greed: 1825 records (2021-02-22 -> 2026-02-21)
2026-02-21 15:12:07.714 | WARNING  | data.alt_data:fetch_btc_dominance:80 - BTC dominance fetch failed: Unexpected response format — will skip
2026-02-21 15:12:09.958 | SUCCESS  | data.alt_data:fetch_google_trends:111 - Google Trends: 261 records
2026-02-21 15:12:09.976 | SUCCESS  | data.alt_data:fetch_all_alt_data:173 - Alt data saved: 1825 rows, columns: ['timestamp', 'fear_greed', 'date', 'google_trends_btc']
2026-02-21 15:12:09.976 | INFO     | __main__:run_pipeline:57 - 
============================================================
Processing: SOL/USD
============================================================
2026-02-21 15:12:09.976 | INFO     | data.feature_engineer:build_features:170 - Building features for SOL/USD (43787 rows)
2026-02-21 15:12:10.098 | INFO     | data.feature_engineer:build_features:192 - Dropped 204 NaN/inf rows → 43583 usable rows
2026-02-21 15:12:10.098 | INFO     | data.feature_engineer:build_features:195 - Label distribution: DOWN=11797 NEUTRAL=19492 UP=12294
2026-02-21 15:12:10.104 | INFO     | __main__:run_pipeline:62 - Features: 69 columns
2026-02-21 15:12:10.143 | INFO     | utils.splitter:time_split:37 - Split: train=30508 | val=6537 | test=6538
2026-02-21 15:12:10.145 | INFO     | utils.splitter:save_scaler:48 - Saved scaler -> models\saved\SOL_USD_scaler.pkl
2026-02-21 15:12:10.145 | INFO     | models.catboost_model:train:34 - Training CatBoost for SOL/USD...
2026-02-21 15:12:11.096 | SUCCESS  | models.catboost_model:train:42 - CatBoost val accuracy: 0.3543
2026-02-21 15:12:11.099 | INFO     | models.catboost_model:save:50 - Saved CatBoost -> models\saved\SOL_USD_catboost.cbm
2026-02-21 15:12:12.570 | INFO     | models.cnn_model:train:116 - Training 1D CNN for SOL/USD on cuda — 30484 train samples
2026-02-21 15:12:14.836 | INFO     | models.cnn_model:train:145 -   Epoch   0 | val_loss=1.0248 | val_acc=0.3464
2026-02-21 15:12:29.180 | INFO     | models.cnn_model:train:145 -   Epoch  10 | val_loss=1.0132 | val_acc=0.3627
2026-02-21 15:12:43.425 | INFO     | models.cnn_model:train:145 -   Epoch  20 | val_loss=1.0221 | val_acc=0.3230
2026-02-21 15:12:44.851 | INFO     | models.cnn_model:train:154 - Early stopping at epoch 21
2026-02-21 15:12:44.861 | SUCCESS  | models.cnn_model:train:158 - 1D CNN best val_loss: 1.0039
2026-02-21 15:12:44.873 | INFO     | models.cnn_model:save:173 - Saved 1D CNN -> models\saved\SOL_USD_cnn.pt
2026-02-21 15:12:44.885 | INFO     | models.lstm_model:train:91 - Training LSTM for SOL/USD on cuda — 30484 train samples
2026-02-21 15:12:46.085 | INFO     | models.lstm_model:train:122 -   Epoch   0 | val_loss=1.0094 | val_acc=0.2930
2026-02-21 15:12:56.344 | INFO     | models.lstm_model:train:131 - Early stopping at epoch 9
2026-02-21 15:12:56.344 | SUCCESS  | models.lstm_model:train:135 - LSTM best val_loss: 1.0070
2026-02-21 15:12:56.344 | INFO     | models.lstm_model:save:151 - Saved LSTM -> models\saved\SOL_USD_lstm.pt
2026-02-21 15:13:05.310 | SUCCESS  | models.ensemble:optimise_weights:52 - Optimised weights: LGBM=0.333 XGB=0.333 LSTM=0.333 | acc=0.3338
2026-02-21 15:13:05.310 | INFO     | models.ensemble:save_weights:101 - Saved ensemble weights -> models\saved\SOL_USD_ensemble_weights.pkl
2026-02-21 15:13:14.260 | INFO     | models.ensemble:generate_signals:82 - Signal distribution (threshold=0.38): BUY=527 (8.1%)  SELL=1322 (20.2%)  HOLD=4689 (71.7%)
2026-02-21 15:13:14.260 | INFO     | __main__:run_pipeline:99 - Test accuracy: 0.3295
2026-02-21 15:13:14.271 | INFO     | backtest.engine:_compute_metrics:200 - SOL/USD Results: Return=-61.94% | Sharpe=-3.46 | MaxDD=-63.09% | WinRate=47.87% | Trades=211 (L:102 S:109)
2026-02-21 15:13:14.281 | INFO     | backtest.engine:save_results:218 - Results saved -> backtest\results\SOL_USD_backtest.json
2026-02-21 15:13:14.285 | INFO     | __main__:run_pipeline:57 - 
============================================================
Processing: AVAX/USD
============================================================
2026-02-21 15:13:14.285 | INFO     | data.feature_engineer:build_features:170 - Building features for AVAX/USD (43787 rows)
2026-02-21 15:13:14.417 | INFO     | data.feature_engineer:build_features:192 - Dropped 204 NaN/inf rows → 43583 usable rows
2026-02-21 15:13:14.417 | INFO     | data.feature_engineer:build_features:195 - Label distribution: DOWN=13782 NEUTRAL=15439 UP=14362
2026-02-21 15:13:14.417 | INFO     | __main__:run_pipeline:62 - Features: 69 columns
2026-02-21 15:13:14.465 | INFO     | utils.splitter:time_split:37 - Split: train=30508 | val=6537 | test=6538
2026-02-21 15:13:14.468 | INFO     | utils.splitter:save_scaler:48 - Saved scaler -> models\saved\AVAX_USD_scaler.pkl
2026-02-21 15:13:14.468 | INFO     | models.catboost_model:train:34 - Training CatBoost for AVAX/USD...
2026-02-21 15:13:17.722 | SUCCESS  | models.catboost_model:train:42 - CatBoost val accuracy: 0.3734
2026-02-21 15:13:17.723 | INFO     | models.catboost_model:save:50 - Saved CatBoost -> models\saved\AVAX_USD_catboost.cbm
2026-02-21 15:13:17.739 | INFO     | models.cnn_model:train:116 - Training 1D CNN for AVAX/USD on cuda — 30484 train samples
2026-02-21 15:13:19.420 | INFO     | models.cnn_model:train:145 -   Epoch   0 | val_loss=0.9544 | val_acc=0.3475
2026-02-21 15:13:34.080 | INFO     | models.cnn_model:train:145 -   Epoch  10 | val_loss=0.9532 | val_acc=0.3720
2026-02-21 15:13:38.375 | INFO     | models.cnn_model:train:154 - Early stopping at epoch 13
2026-02-21 15:13:38.375 | SUCCESS  | models.cnn_model:train:158 - 1D CNN best val_loss: 0.9472
2026-02-21 15:13:38.388 | INFO     | models.cnn_model:save:173 - Saved 1D CNN -> models\saved\AVAX_USD_cnn.pt
2026-02-21 15:13:38.392 | INFO     | models.lstm_model:train:91 - Training LSTM for AVAX/USD on cuda — 30484 train samples
2026-02-21 15:13:39.559 | INFO     | models.lstm_model:train:122 -   Epoch   0 | val_loss=0.9627 | val_acc=0.3614
2026-02-21 15:13:48.803 | INFO     | models.lstm_model:train:131 - Early stopping at epoch 8
2026-02-21 15:13:48.803 | SUCCESS  | models.lstm_model:train:135 - LSTM best val_loss: 0.9526
2026-02-21 15:13:48.814 | INFO     | models.lstm_model:save:151 - Saved LSTM -> models\saved\AVAX_USD_lstm.pt
2026-02-21 15:13:57.541 | SUCCESS  | models.ensemble:optimise_weights:52 - Optimised weights: LGBM=0.333 XGB=0.333 LSTM=0.333 | acc=0.3717
2026-02-21 15:13:57.541 | INFO     | models.ensemble:save_weights:101 - Saved ensemble weights -> models\saved\AVAX_USD_ensemble_weights.pkl
2026-02-21 15:14:06.250 | INFO     | models.ensemble:generate_signals:82 - Signal distribution (threshold=0.38): BUY=470 (7.2%)  SELL=165 (2.5%)  HOLD=5903 (90.3%)
2026-02-21 15:14:06.250 | INFO     | __main__:run_pipeline:99 - Test accuracy: 0.3340
2026-02-21 15:14:06.260 | INFO     | backtest.engine:_compute_metrics:200 - AVAX/USD Results: Return=-51.91% | Sharpe=-2.69 | MaxDD=-56.87% | WinRate=37.29% | Trades=118 (L:71 S:47)
2026-02-21 15:14:06.273 | INFO     | backtest.engine:save_results:218 - Results saved -> backtest\results\AVAX_USD_backtest.json
2026-02-21 15:14:06.281 | INFO     | __main__:run_pipeline:57 - 
============================================================
Processing: LINK/USD
============================================================
2026-02-21 15:14:06.282 | INFO     | data.feature_engineer:build_features:170 - Building features for LINK/USD (43787 rows)
2026-02-21 15:14:06.416 | INFO     | data.feature_engineer:build_features:192 - Dropped 204 NaN/inf rows → 43583 usable rows
2026-02-21 15:14:06.416 | INFO     | data.feature_engineer:build_features:195 - Label distribution: DOWN=16738 NEUTRAL=9980 UP=16865
2026-02-21 15:14:06.416 | INFO     | __main__:run_pipeline:62 - Features: 69 columns
2026-02-21 15:14:06.461 | INFO     | utils.splitter:time_split:37 - Split: train=30508 | val=6537 | test=6538
2026-02-21 15:14:06.467 | INFO     | utils.splitter:save_scaler:48 - Saved scaler -> models\saved\LINK_USD_scaler.pkl
2026-02-21 15:14:06.467 | INFO     | models.catboost_model:train:34 - Training CatBoost for LINK/USD...
2026-02-21 15:14:08.415 | SUCCESS  | models.catboost_model:train:42 - CatBoost val accuracy: 0.4207
2026-02-21 15:14:08.415 | INFO     | models.catboost_model:save:50 - Saved CatBoost -> models\saved\LINK_USD_catboost.cbm
2026-02-21 15:14:08.437 | INFO     | models.cnn_model:train:116 - Training 1D CNN for LINK/USD on cuda — 30484 train samples
2026-02-21 15:14:10.071 | INFO     | models.cnn_model:train:145 -   Epoch   0 | val_loss=0.8821 | val_acc=0.4090
2026-02-21 15:14:24.812 | INFO     | models.cnn_model:train:145 -   Epoch  10 | val_loss=0.8768 | val_acc=0.3964
2026-02-21 15:14:34.999 | INFO     | models.cnn_model:train:154 - Early stopping at epoch 17
2026-02-21 15:14:34.999 | SUCCESS  | models.cnn_model:train:158 - 1D CNN best val_loss: 0.8768
2026-02-21 15:14:35.010 | INFO     | models.cnn_model:save:173 - Saved 1D CNN -> models\saved\LINK_USD_cnn.pt
2026-02-21 15:14:35.015 | INFO     | models.lstm_model:train:91 - Training LSTM for LINK/USD on cuda — 30484 train samples
2026-02-21 15:14:36.170 | INFO     | models.lstm_model:train:122 -   Epoch   0 | val_loss=0.8809 | val_acc=0.4010
2026-02-21 15:14:47.807 | INFO     | models.lstm_model:train:122 -   Epoch  10 | val_loss=0.8864 | val_acc=0.4030
2026-02-21 15:14:50.097 | INFO     | models.lstm_model:train:131 - Early stopping at epoch 12
2026-02-21 15:14:50.098 | SUCCESS  | models.lstm_model:train:135 - LSTM best val_loss: 0.8791
2026-02-21 15:14:50.103 | INFO     | models.lstm_model:save:151 - Saved LSTM -> models\saved\LINK_USD_lstm.pt
2026-02-21 15:14:59.212 | SUCCESS  | models.ensemble:optimise_weights:52 - Optimised weights: LGBM=0.333 XGB=0.333 LSTM=0.333 | acc=0.4224
2026-02-21 15:14:59.216 | INFO     | models.ensemble:save_weights:101 - Saved ensemble weights -> models\saved\LINK_USD_ensemble_weights.pkl
2026-02-21 15:15:08.248 | INFO     | models.ensemble:generate_signals:82 - Signal distribution (threshold=0.38): BUY=0 (0.0%)  SELL=1 (0.0%)  HOLD=6537 (100.0%)
2026-02-21 15:15:08.248 | INFO     | __main__:run_pipeline:99 - Test accuracy: 0.3871
2026-02-21 15:15:08.254 | INFO     | backtest.engine:_compute_metrics:200 - LINK/USD Results: Return=-3.45% | Sharpe=-1.68 | MaxDD=-3.45% | WinRate=0.00% | Trades=1 (L:0 S:1)
2026-02-21 15:15:08.264 | INFO     | backtest.engine:save_results:218 - Results saved -> backtest\results\LINK_USD_backtest.json
2026-02-21 15:15:08.267 | INFO     | __main__:run_pipeline:57 - 
============================================================
Processing: MATIC/USD
============================================================
2026-02-21 15:15:08.268 | INFO     | data.feature_engineer:build_features:170 - Building features for MATIC/USD (31078 rows)
2026-02-21 15:15:08.365 | INFO     | data.feature_engineer:build_features:192 - Dropped 204 NaN/inf rows → 30874 usable rows
2026-02-21 15:15:08.365 | INFO     | data.feature_engineer:build_features:195 - Label distribution: DOWN=11775 NEUTRAL=7126 UP=11973
2026-02-21 15:15:08.365 | INFO     | __main__:run_pipeline:62 - Features: 69 columns
2026-02-21 15:15:08.397 | INFO     | utils.splitter:time_split:37 - Split: train=21611 | val=4631 | test=4632
2026-02-21 15:15:08.400 | INFO     | utils.splitter:save_scaler:48 - Saved scaler -> models\saved\MATIC_USD_scaler.pkl
2026-02-21 15:15:08.400 | INFO     | models.catboost_model:train:34 - Training CatBoost for MATIC/USD...
2026-02-21 15:15:10.073 | SUCCESS  | models.catboost_model:train:42 - CatBoost val accuracy: 0.3839
2026-02-21 15:15:10.078 | INFO     | models.catboost_model:save:50 - Saved CatBoost -> models\saved\MATIC_USD_catboost.cbm
2026-02-21 15:15:10.087 | INFO     | models.cnn_model:train:116 - Training 1D CNN for MATIC/USD on cuda — 21587 train samples
2026-02-21 15:15:11.361 | INFO     | models.cnn_model:train:145 -   Epoch   0 | val_loss=0.9336 | val_acc=0.3605
2026-02-21 15:15:21.499 | INFO     | models.cnn_model:train:145 -   Epoch  10 | val_loss=0.9414 | val_acc=0.3909
2026-02-21 15:15:29.594 | INFO     | models.cnn_model:train:154 - Early stopping at epoch 18
2026-02-21 15:15:29.594 | SUCCESS  | models.cnn_model:train:158 - 1D CNN best val_loss: 0.9303
2026-02-21 15:15:29.594 | INFO     | models.cnn_model:save:173 - Saved 1D CNN -> models\saved\MATIC_USD_cnn.pt
2026-02-21 15:15:29.608 | INFO     | models.lstm_model:train:91 - Training LSTM for MATIC/USD on cuda — 21587 train samples
2026-02-21 15:15:30.447 | INFO     | models.lstm_model:train:122 -   Epoch   0 | val_loss=0.9415 | val_acc=0.3736
2026-02-21 15:15:38.907 | INFO     | models.lstm_model:train:131 - Early stopping at epoch 9
2026-02-21 15:15:38.907 | SUCCESS  | models.lstm_model:train:135 - LSTM best val_loss: 0.9329
2026-02-21 15:15:38.913 | INFO     | models.lstm_model:save:151 - Saved LSTM -> models\saved\MATIC_USD_lstm.pt
2026-02-21 15:15:46.856 | SUCCESS  | models.ensemble:optimise_weights:52 - Optimised weights: LGBM=0.333 XGB=0.333 LSTM=0.333 | acc=0.3833
2026-02-21 15:15:46.872 | INFO     | models.ensemble:save_weights:101 - Saved ensemble weights -> models\saved\MATIC_USD_ensemble_weights.pkl
2026-02-21 15:15:53.396 | INFO     | models.ensemble:generate_signals:82 - Signal distribution (threshold=0.38): BUY=18 (0.4%)  SELL=2 (0.0%)  HOLD=4612 (99.6%)
2026-02-21 15:15:53.396 | INFO     | __main__:run_pipeline:99 - Test accuracy: 0.3700
2026-02-21 15:15:53.396 | INFO     | backtest.engine:_compute_metrics:200 - MATIC/USD Results: Return=-19.24% | Sharpe=-1.62 | MaxDD=-23.44% | WinRate=18.18% | Trades=11 (L:10 S:1)
2026-02-21 15:15:53.411 | INFO     | backtest.engine:save_results:218 - Results saved -> backtest\results\MATIC_USD_backtest.json
2026-02-21 15:15:53.420 | INFO     | __main__:run_pipeline:57 - 
============================================================
Processing: INJ/USD
============================================================
2026-02-21 15:15:53.420 | INFO     | data.feature_engineer:build_features:170 - Building features for INJ/USD (43787 rows)
2026-02-21 15:15:53.558 | INFO     | data.feature_engineer:build_features:192 - Dropped 204 NaN/inf rows → 43583 usable rows
2026-02-21 15:15:53.558 | INFO     | data.feature_engineer:build_features:195 - Label distribution: DOWN=18236 NEUTRAL=7810 UP=17537
2026-02-21 15:15:53.558 | INFO     | __main__:run_pipeline:62 - Features: 69 columns
2026-02-21 15:15:53.604 | INFO     | utils.splitter:time_split:37 - Split: train=30508 | val=6537 | test=6538
2026-02-21 15:15:53.604 | INFO     | utils.splitter:save_scaler:48 - Saved scaler -> models\saved\INJ_USD_scaler.pkl
2026-02-21 15:15:53.604 | INFO     | models.catboost_model:train:34 - Training CatBoost for INJ/USD...
2026-02-21 15:15:54.566 | SUCCESS  | models.catboost_model:train:42 - CatBoost val accuracy: 0.4318
2026-02-21 15:15:54.579 | INFO     | models.catboost_model:save:50 - Saved CatBoost -> models\saved\INJ_USD_catboost.cbm
2026-02-21 15:15:54.592 | INFO     | models.cnn_model:train:116 - Training 1D CNN for INJ/USD on cuda — 30484 train samples
2026-02-21 15:15:56.228 | INFO     | models.cnn_model:train:145 -   Epoch   0 | val_loss=0.8557 | val_acc=0.4133
2026-02-21 15:16:11.589 | INFO     | models.cnn_model:train:145 -   Epoch  10 | val_loss=0.8562 | val_acc=0.4302
2026-02-21 15:16:13.130 | INFO     | models.cnn_model:train:154 - Early stopping at epoch 11
2026-02-21 15:16:13.130 | SUCCESS  | models.cnn_model:train:158 - 1D CNN best val_loss: 0.8509
2026-02-21 15:16:13.139 | INFO     | models.cnn_model:save:173 - Saved 1D CNN -> models\saved\INJ_USD_cnn.pt
2026-02-21 15:16:13.144 | INFO     | models.lstm_model:train:91 - Training LSTM for INJ/USD on cuda — 30484 train samples
2026-02-21 15:16:14.379 | INFO     | models.lstm_model:train:122 -   Epoch   0 | val_loss=0.8519 | val_acc=0.4216
2026-02-21 15:16:26.035 | INFO     | models.lstm_model:train:122 -   Epoch  10 | val_loss=0.8606 | val_acc=0.4233
2026-02-21 15:16:39.221 | INFO     | models.lstm_model:train:131 - Early stopping at epoch 12
2026-02-21 15:16:39.221 | SUCCESS  | models.lstm_model:train:135 - LSTM best val_loss: 0.8510
2026-02-21 15:16:39.230 | INFO     | models.lstm_model:save:151 - Saved LSTM -> models\saved\INJ_USD_lstm.pt
2026-02-21 15:17:11.626 | SUCCESS  | models.ensemble:optimise_weights:52 - Optimised weights: LGBM=0.333 XGB=0.333 LSTM=0.333 | acc=0.4354
2026-02-21 15:17:11.640 | INFO     | models.ensemble:save_weights:101 - Saved ensemble weights -> models\saved\INJ_USD_ensemble_weights.pkl
2026-02-21 15:17:22.106 | INFO     | models.ensemble:generate_signals:82 - Signal distribution (threshold=0.38): BUY=0 (0.0%)  SELL=8 (0.1%)  HOLD=6530 (99.9%)
2026-02-21 15:17:22.108 | INFO     | __main__:run_pipeline:99 - Test accuracy: 0.4085
2026-02-21 15:17:22.112 | INFO     | backtest.engine:_compute_metrics:200 - INJ/USD Results: Return=19.72% | Sharpe=2.04 | MaxDD=-6.37% | WinRate=71.43% | Trades=7 (L:0 S:7)
2026-02-21 15:17:22.121 | INFO     | backtest.engine:save_results:218 - Results saved -> backtest\results\INJ_USD_backtest.json
