2026-02-21 20:33:31.729 | INFO     | data.kraken_fetcher:get_exchange:38 - Connected to Binance
2026-02-21 20:33:31.730 | INFO     | data.kraken_fetcher:fetch_ohlcv:49 - Fetching BTC/USDT [1h] — 1825 days of history...
2026-02-21 20:33:56.134 | SUCCESS  | data.kraken_fetcher:fetch_ohlcv:88 - SOL/USD: 43787 candles (2021-02-22 -> 2026-02-21)
2026-02-21 20:33:56.539 | INFO     | data.kraken_fetcher:save_data:97 - Saved -> data\raw\SOL_USD_1h.csv
2026-02-21 20:33:56.539 | INFO     | data.kraken_fetcher:fetch_ohlcv:49 - Fetching ETH/USDT [1h] — 1825 days of history...
2026-02-21 20:34:15.543 | SUCCESS  | data.kraken_fetcher:fetch_ohlcv:88 - AVAX/USD: 43787 candles (2021-02-22 -> 2026-02-21)
2026-02-21 20:34:15.834 | INFO     | data.kraken_fetcher:save_data:97 - Saved -> data\raw\AVAX_USD_1h.csv
2026-02-21 20:34:15.834 | INFO     | data.kraken_fetcher:fetch_ohlcv:49 - Fetching LINK/USDT [1h] — 1825 days of history...
2026-02-21 20:34:34.455 | SUCCESS  | data.kraken_fetcher:fetch_ohlcv:88 - LINK/USD: 43787 candles (2021-02-22 -> 2026-02-21)
2026-02-21 20:34:34.741 | INFO     | data.kraken_fetcher:save_data:97 - Saved -> data\raw\LINK_USD_1h.csv
2026-02-21 20:34:34.742 | INFO     | data.kraken_fetcher:fetch_ohlcv:49 - Fetching INJ/USDT [1h] — 1825 days of history...
2026-02-21 20:34:55.043 | SUCCESS  | data.kraken_fetcher:fetch_ohlcv:88 - INJ/USD: 43787 candles (2021-02-22 -> 2026-02-21)
2026-02-21 20:34:55.323 | INFO     | data.kraken_fetcher:save_data:97 - Saved -> data\raw\INJ_USD_1h.csv
2026-02-21 20:34:55.323 | INFO     | data.kraken_fetcher:fetch_ohlcv:49 - Fetching ARB/USDT [1h] — 1825 days of history...
2026-02-21 20:35:06.604 | SUCCESS  | data.kraken_fetcher:fetch_ohlcv:88 - ARB/USD: 25589 candles (2023-03-23 -> 2026-02-21)
2026-02-21 20:35:06.776 | INFO     | data.kraken_fetcher:save_data:97 - Saved -> data\raw\ARB_USD_1h.csv
2026-02-21 20:35:06.776 | INFO     | data.kraken_fetcher:fetch_ohlcv:49 - Fetching OP/USDT [1h] — 1825 days of history...
2026-02-21 20:35:20.018 | SUCCESS  | data.kraken_fetcher:fetch_ohlcv:88 - OP/USD: 32676 candles (2022-06-01 -> 2026-02-21)
2026-02-21 20:35:20.235 | INFO     | data.kraken_fetcher:save_data:97 - Saved -> data\raw\OP_USD_1h.csv
2026-02-21 20:35:20.236 | INFO     | data.kraken_fetcher:fetch_ohlcv:49 - Fetching FTM/USDT [1h] — 1825 days of history...
2026-02-21 20:35:36.005 | SUCCESS  | data.kraken_fetcher:fetch_ohlcv:88 - FTM/USD: 34073 candles (2021-02-22 -> 2025-01-13)
2026-02-21 20:35:36.250 | INFO     | data.kraken_fetcher:save_data:97 - Saved -> data\raw\FTM_USD_1h.csv
2026-02-21 20:35:36.251 | INFO     | data.kraken_fetcher:fetch_ohlcv:49 - Fetching RUNE/USDT [1h] — 1825 days of history...
2026-02-21 20:35:53.595 | SUCCESS  | data.kraken_fetcher:fetch_ohlcv:88 - RUNE/USD: 43787 candles (2021-02-22 -> 2026-02-21)
2026-02-21 20:35:53.890 | INFO     | data.kraken_fetcher:save_data:97 - Saved -> data\raw\RUNE_USD_1h.csv
2026-02-21 20:35:53.890 | INFO     | data.kraken_fetcher:fetch_ohlcv:49 - Fetching DOGE/USDT [1h] — 1825 days of history...
2026-02-21 20:36:10.842 | SUCCESS  | data.kraken_fetcher:fetch_ohlcv:88 - DOGE/USD: 43787 candles (2021-02-22 -> 2026-02-21)
2026-02-21 20:36:11.183 | INFO     | data.kraken_fetcher:save_data:97 - Saved -> data\raw\DOGE_USD_1h.csv
2026-02-21 20:36:11.183 | INFO     | data.kraken_fetcher:fetch_ohlcv:49 - Fetching ADA/USDT [1h] — 1825 days of history...
2026-02-21 20:36:31.139 | SUCCESS  | data.kraken_fetcher:fetch_ohlcv:88 - ADA/USD: 43787 candles (2021-02-22 -> 2026-02-21)
2026-02-21 20:36:31.431 | INFO     | data.kraken_fetcher:save_data:97 - Saved -> data\raw\ADA_USD_1h.csv
2026-02-21 20:36:31.431 | SUCCESS  | data.kraken_fetcher:fetch_all_pairs:131 - Loaded 10/10 pairs
2026-02-21 20:36:31.471 | INFO     | data.alt_data:fetch_all_alt_data:137 - Fetching alternative data...
2026-02-21 20:36:32.058 | SUCCESS  | data.alt_data:fetch_fear_greed:44 - Fear & Greed: 1825 records (2021-02-22 -> 2026-02-21)
2026-02-21 20:36:32.487 | WARNING  | data.alt_data:fetch_btc_dominance:80 - BTC dominance fetch failed: Unexpected response format — will skip
2026-02-21 20:36:34.731 | SUCCESS  | data.alt_data:fetch_google_trends:111 - Google Trends: 261 records
2026-02-21 20:36:34.748 | SUCCESS  | data.alt_data:fetch_all_alt_data:173 - Alt data saved: 1825 rows, columns: ['timestamp', 'fear_greed', 'date', 'google_trends_btc']
2026-02-21 20:36:34.748 | INFO     | __main__:run_pipeline:57 - 
============================================================
Processing: SOL/USD
============================================================
2026-02-21 20:36:34.748 | INFO     | data.feature_engineer:build_features:170 - Building features for SOL/USD (43787 rows)
2026-02-21 20:36:34.877 | INFO     | data.feature_engineer:build_features:192 - Dropped 204 NaN/inf rows → 43583 usable rows
2026-02-21 20:36:34.884 | INFO     | data.feature_engineer:build_features:195 - Label distribution: DOWN=11797 NEUTRAL=19494 UP=12292
2026-02-21 20:36:34.884 | INFO     | __main__:run_pipeline:62 - Features: 69 columns
2026-02-21 20:36:34.925 | INFO     | utils.splitter:time_split:37 - Split: train=30508 | val=6537 | test=6538
2026-02-21 20:36:34.930 | INFO     | utils.splitter:save_scaler:48 - Saved scaler -> models\saved\SOL_USD_scaler.pkl
2026-02-21 20:36:34.930 | INFO     | models.catboost_model:train:34 - Training CatBoost for SOL/USD...
2026-02-21 20:36:36.167 | SUCCESS  | models.catboost_model:train:42 - CatBoost val accuracy: 0.3332
2026-02-21 20:36:36.170 | INFO     | models.catboost_model:save:50 - Saved CatBoost -> models\saved\SOL_USD_catboost.cbm
2026-02-21 20:36:37.747 | INFO     | models.cnn_model:train:116 - Training 1D CNN for SOL/USD on cuda — 30484 train samples
2026-02-21 20:36:40.378 | INFO     | models.cnn_model:train:145 -   Epoch   0 | val_loss=1.0135 | val_acc=0.3101
2026-02-21 20:36:57.125 | INFO     | models.cnn_model:train:145 -   Epoch  10 | val_loss=1.0076 | val_acc=0.3137
2026-02-21 20:36:58.723 | INFO     | models.cnn_model:train:154 - Early stopping at epoch 11
2026-02-21 20:36:58.727 | SUCCESS  | models.cnn_model:train:158 - 1D CNN best val_loss: 1.0049
2026-02-21 20:36:58.740 | INFO     | models.cnn_model:save:173 - Saved 1D CNN -> models\saved\SOL_USD_cnn.pt
2026-02-21 20:36:58.755 | INFO     | models.lstm_model:train:91 - Training LSTM for SOL/USD on cuda — 30484 train samples
2026-02-21 20:37:00.087 | INFO     | models.lstm_model:train:122 -   Epoch   0 | val_loss=1.0112 | val_acc=0.3032
2026-02-21 20:37:12.187 | INFO     | models.lstm_model:train:122 -   Epoch  10 | val_loss=1.0266 | val_acc=0.3387
2026-02-21 20:37:14.922 | INFO     | models.lstm_model:train:131 - Early stopping at epoch 12
2026-02-21 20:37:14.924 | SUCCESS  | models.lstm_model:train:135 - LSTM best val_loss: 1.0056
2026-02-21 20:37:14.929 | INFO     | models.lstm_model:save:151 - Saved LSTM -> models\saved\SOL_USD_lstm.pt
2026-02-21 20:37:24.943 | SUCCESS  | models.ensemble:optimise_weights:52 - Optimised weights: LGBM=0.333 XGB=0.333 LSTM=0.333 | acc=0.3347
2026-02-21 20:37:24.944 | INFO     | models.ensemble:save_weights:104 - Saved ensemble weights -> models\saved\SOL_USD_ensemble_weights.pkl
2026-02-21 20:37:33.954 | INFO     | models.ensemble:generate_signals:85 - Signal distribution (threshold=0.36): BUY=176 (2.7%)  SELL=453 (6.9%)  HOLD=5909 (90.4%)
2026-02-21 20:37:33.955 | INFO     | __main__:run_pipeline:99 - Test accuracy: 0.3308
2026-02-21 20:37:33.964 | INFO     | backtest.engine:_compute_metrics:200 - SOL/USD Results: Return=-40.92% | Sharpe=-2.46 | MaxDD=-46.81% | WinRate=37.37% | Trades=99 (L:44 S:55)
2026-02-21 20:37:33.976 | INFO     | backtest.engine:save_results:218 - Results saved -> backtest\results\SOL_USD_backtest.json
2026-02-21 20:37:33.979 | INFO     | __main__:run_pipeline:57 - 
============================================================
Processing: AVAX/USD
============================================================
2026-02-21 20:37:33.979 | INFO     | data.feature_engineer:build_features:170 - Building features for AVAX/USD (43787 rows)
2026-02-21 20:37:34.133 | INFO     | data.feature_engineer:build_features:192 - Dropped 204 NaN/inf rows → 43583 usable rows
2026-02-21 20:37:34.135 | INFO     | data.feature_engineer:build_features:195 - Label distribution: DOWN=13781 NEUTRAL=15444 UP=14358
2026-02-21 20:37:34.135 | INFO     | __main__:run_pipeline:62 - Features: 69 columns
2026-02-21 20:37:34.184 | INFO     | utils.splitter:time_split:37 - Split: train=30508 | val=6537 | test=6538
2026-02-21 20:37:34.187 | INFO     | utils.splitter:save_scaler:48 - Saved scaler -> models\saved\AVAX_USD_scaler.pkl
2026-02-21 20:37:34.187 | INFO     | models.catboost_model:train:34 - Training CatBoost for AVAX/USD...
2026-02-21 20:37:35.051 | SUCCESS  | models.catboost_model:train:42 - CatBoost val accuracy: 0.3665
2026-02-21 20:37:35.053 | INFO     | models.catboost_model:save:50 - Saved CatBoost -> models\saved\AVAX_USD_catboost.cbm
2026-02-21 20:37:35.066 | INFO     | models.cnn_model:train:116 - Training 1D CNN for AVAX/USD on cuda — 30484 train samples
2026-02-21 20:37:37.008 | INFO     | models.cnn_model:train:145 -   Epoch   0 | val_loss=0.9565 | val_acc=0.3574
2026-02-21 20:37:51.926 | INFO     | models.cnn_model:train:145 -   Epoch  10 | val_loss=0.9610 | val_acc=0.3624
2026-02-21 20:38:01.013 | INFO     | models.cnn_model:train:154 - Early stopping at epoch 16
2026-02-21 20:38:01.020 | SUCCESS  | models.cnn_model:train:158 - 1D CNN best val_loss: 0.9485
2026-02-21 20:38:01.027 | INFO     | models.cnn_model:save:173 - Saved 1D CNN -> models\saved\AVAX_USD_cnn.pt
2026-02-21 20:38:01.031 | INFO     | models.lstm_model:train:91 - Training LSTM for AVAX/USD on cuda — 30484 train samples
2026-02-21 20:38:02.286 | INFO     | models.lstm_model:train:122 -   Epoch   0 | val_loss=0.9626 | val_acc=0.3594
2026-02-21 20:38:12.322 | INFO     | models.lstm_model:train:131 - Early stopping at epoch 9
2026-02-21 20:38:12.323 | SUCCESS  | models.lstm_model:train:135 - LSTM best val_loss: 0.9519
2026-02-21 20:38:12.327 | INFO     | models.lstm_model:save:151 - Saved LSTM -> models\saved\AVAX_USD_lstm.pt
2026-02-21 20:38:21.766 | SUCCESS  | models.ensemble:optimise_weights:52 - Optimised weights: LGBM=0.333 XGB=0.333 LSTM=0.333 | acc=0.3648
2026-02-21 20:38:21.768 | INFO     | models.ensemble:save_weights:104 - Saved ensemble weights -> models\saved\AVAX_USD_ensemble_weights.pkl
2026-02-21 20:38:31.484 | INFO     | models.ensemble:generate_signals:85 - Signal distribution (threshold=0.36): BUY=105 (1.6%)  SELL=197 (3.0%)  HOLD=6236 (95.4%)
2026-02-21 20:38:31.485 | INFO     | __main__:run_pipeline:99 - Test accuracy: 0.3313
2026-02-21 20:38:31.492 | INFO     | backtest.engine:_compute_metrics:200 - AVAX/USD Results: Return=-15.52% | Sharpe=-0.89 | MaxDD=-31.47% | WinRate=36.59% | Trades=41 (L:19 S:22)
2026-02-21 20:38:31.502 | INFO     | backtest.engine:save_results:218 - Results saved -> backtest\results\AVAX_USD_backtest.json
2026-02-21 20:38:31.506 | INFO     | __main__:run_pipeline:57 - 
============================================================
Processing: LINK/USD
============================================================
2026-02-21 20:38:31.506 | INFO     | data.feature_engineer:build_features:170 - Building features for LINK/USD (43787 rows)
2026-02-21 20:38:31.659 | INFO     | data.feature_engineer:build_features:192 - Dropped 204 NaN/inf rows → 43583 usable rows
2026-02-21 20:38:31.661 | INFO     | data.feature_engineer:build_features:195 - Label distribution: DOWN=16739 NEUTRAL=9980 UP=16864
2026-02-21 20:38:31.661 | INFO     | __main__:run_pipeline:62 - Features: 69 columns
2026-02-21 20:38:31.708 | INFO     | utils.splitter:time_split:37 - Split: train=30508 | val=6537 | test=6538
2026-02-21 20:38:31.710 | INFO     | utils.splitter:save_scaler:48 - Saved scaler -> models\saved\LINK_USD_scaler.pkl
2026-02-21 20:38:31.711 | INFO     | models.catboost_model:train:34 - Training CatBoost for LINK/USD...
2026-02-21 20:38:34.647 | SUCCESS  | models.catboost_model:train:42 - CatBoost val accuracy: 0.4279
2026-02-21 20:38:34.649 | INFO     | models.catboost_model:save:50 - Saved CatBoost -> models\saved\LINK_USD_catboost.cbm
2026-02-21 20:38:34.658 | INFO     | models.cnn_model:train:116 - Training 1D CNN for LINK/USD on cuda — 30484 train samples
2026-02-21 20:38:36.386 | INFO     | models.cnn_model:train:145 -   Epoch   0 | val_loss=0.8783 | val_acc=0.4012
2026-02-21 20:38:48.483 | INFO     | models.cnn_model:train:154 - Early stopping at epoch 8
2026-02-21 20:38:48.484 | SUCCESS  | models.cnn_model:train:158 - 1D CNN best val_loss: 0.8760
2026-02-21 20:38:48.490 | INFO     | models.cnn_model:save:173 - Saved 1D CNN -> models\saved\LINK_USD_cnn.pt
2026-02-21 20:38:48.495 | INFO     | models.lstm_model:train:91 - Training LSTM for LINK/USD on cuda — 30484 train samples
2026-02-21 20:38:49.657 | INFO     | models.lstm_model:train:122 -   Epoch   0 | val_loss=0.8802 | val_acc=0.4043
2026-02-21 20:38:58.912 | INFO     | models.lstm_model:train:131 - Early stopping at epoch 8
2026-02-21 20:38:58.913 | SUCCESS  | models.lstm_model:train:135 - LSTM best val_loss: 0.8765
2026-02-21 20:38:58.916 | INFO     | models.lstm_model:save:151 - Saved LSTM -> models\saved\LINK_USD_lstm.pt
2026-02-21 20:39:08.233 | SUCCESS  | models.ensemble:optimise_weights:52 - Optimised weights: LGBM=0.333 XGB=0.333 LSTM=0.333 | acc=0.4276
2026-02-21 20:39:08.233 | INFO     | models.ensemble:save_weights:104 - Saved ensemble weights -> models\saved\LINK_USD_ensemble_weights.pkl
2026-02-21 20:39:17.629 | INFO     | models.ensemble:generate_signals:85 - Signal distribution (threshold=0.35): BUY=0 (0.0%)  SELL=0 (0.0%)  HOLD=6538 (100.0%)
2026-02-21 20:39:17.629 | INFO     | __main__:run_pipeline:99 - Test accuracy: 0.3968
2026-02-21 20:39:17.634 | INFO     | backtest.engine:_compute_metrics:200 - LINK/USD Results: Return=0.00% | Sharpe=0.00 | MaxDD=0.00% | WinRate=0.00% | Trades=0 (L:0 S:0)
2026-02-21 20:39:17.647 | INFO     | backtest.engine:save_results:218 - Results saved -> backtest\results\LINK_USD_backtest.json
2026-02-21 20:39:17.650 | INFO     | __main__:run_pipeline:57 - 
============================================================
Processing: INJ/USD
============================================================
2026-02-21 20:39:17.650 | INFO     | data.feature_engineer:build_features:170 - Building features for INJ/USD (43787 rows)
2026-02-21 20:39:17.774 | INFO     | data.feature_engineer:build_features:192 - Dropped 204 NaN/inf rows → 43583 usable rows
2026-02-21 20:39:17.779 | INFO     | data.feature_engineer:build_features:195 - Label distribution: DOWN=18237 NEUTRAL=7810 UP=17536
2026-02-21 20:39:17.779 | INFO     | __main__:run_pipeline:62 - Features: 69 columns
2026-02-21 20:39:17.825 | INFO     | utils.splitter:time_split:37 - Split: train=30508 | val=6537 | test=6538
2026-02-21 20:39:17.830 | INFO     | utils.splitter:save_scaler:48 - Saved scaler -> models\saved\INJ_USD_scaler.pkl
2026-02-21 20:39:17.830 | INFO     | models.catboost_model:train:34 - Training CatBoost for INJ/USD...
2026-02-21 20:39:19.049 | SUCCESS  | models.catboost_model:train:42 - CatBoost val accuracy: 0.4349
2026-02-21 20:39:19.055 | INFO     | models.catboost_model:save:50 - Saved CatBoost -> models\saved\INJ_USD_catboost.cbm
2026-02-21 20:39:19.065 | INFO     | models.cnn_model:train:116 - Training 1D CNN for INJ/USD on cuda — 30484 train samples
2026-02-21 20:39:20.660 | INFO     | models.cnn_model:train:145 -   Epoch   0 | val_loss=0.8548 | val_acc=0.4175
2026-02-21 20:39:35.681 | INFO     | models.cnn_model:train:145 -   Epoch  10 | val_loss=0.8527 | val_acc=0.4227
2026-02-21 20:39:43.455 | INFO     | models.cnn_model:train:154 - Early stopping at epoch 15
2026-02-21 20:39:43.457 | SUCCESS  | models.cnn_model:train:158 - 1D CNN best val_loss: 0.8510
2026-02-21 20:39:43.464 | INFO     | models.cnn_model:save:173 - Saved 1D CNN -> models\saved\INJ_USD_cnn.pt
2026-02-21 20:39:43.470 | INFO     | models.lstm_model:train:91 - Training LSTM for INJ/USD on cuda — 30484 train samples
2026-02-21 20:39:44.790 | INFO     | models.lstm_model:train:122 -   Epoch   0 | val_loss=0.8541 | val_acc=0.4204
2026-02-21 20:39:56.814 | INFO     | models.lstm_model:train:122 -   Epoch  10 | val_loss=0.8540 | val_acc=0.4251
2026-02-21 20:39:57.880 | INFO     | models.lstm_model:train:131 - Early stopping at epoch 11
2026-02-21 20:39:57.883 | SUCCESS  | models.lstm_model:train:135 - LSTM best val_loss: 0.8507
2026-02-21 20:39:57.886 | INFO     | models.lstm_model:save:151 - Saved LSTM -> models\saved\INJ_USD_lstm.pt
2026-02-21 20:40:07.508 | SUCCESS  | models.ensemble:optimise_weights:52 - Optimised weights: LGBM=0.333 XGB=0.333 LSTM=0.333 | acc=0.4392
2026-02-21 20:40:07.508 | INFO     | models.ensemble:save_weights:104 - Saved ensemble weights -> models\saved\INJ_USD_ensemble_weights.pkl
2026-02-21 20:40:16.740 | INFO     | models.ensemble:generate_signals:85 - Signal distribution (threshold=0.34): BUY=0 (0.0%)  SELL=0 (0.0%)  HOLD=6538 (100.0%)
2026-02-21 20:40:16.740 | INFO     | __main__:run_pipeline:99 - Test accuracy: 0.4024
2026-02-21 20:40:16.740 | INFO     | backtest.engine:_compute_metrics:200 - INJ/USD Results: Return=0.00% | Sharpe=0.00 | MaxDD=0.00% | WinRate=0.00% | Trades=0 (L:0 S:0)
2026-02-21 20:40:16.757 | INFO     | backtest.engine:save_results:218 - Results saved -> backtest\results\INJ_USD_backtest.json
2026-02-21 20:40:16.757 | INFO     | __main__:run_pipeline:57 - 
============================================================
Processing: ARB/USD
============================================================
2026-02-21 20:40:16.757 | INFO     | data.feature_engineer:build_features:170 - Building features for ARB/USD (25589 rows)
2026-02-21 20:40:16.856 | INFO     | data.feature_engineer:build_features:192 - Dropped 199 NaN/inf rows → 25390 usable rows
2026-02-21 20:40:16.856 | INFO     | data.feature_engineer:build_features:195 - Label distribution: DOWN=9836 NEUTRAL=5869 UP=9685
2026-02-21 20:40:16.856 | INFO     | __main__:run_pipeline:62 - Features: 69 columns
2026-02-21 20:40:16.884 | INFO     | utils.splitter:time_split:37 - Split: train=17773 | val=3808 | test=3809
2026-02-21 20:40:16.887 | INFO     | utils.splitter:save_scaler:48 - Saved scaler -> models\saved\ARB_USD_scaler.pkl
2026-02-21 20:40:16.887 | INFO     | models.catboost_model:train:34 - Training CatBoost for ARB/USD...
2026-02-21 20:40:17.631 | SUCCESS  | models.catboost_model:train:42 - CatBoost val accuracy: 0.4154
2026-02-21 20:40:17.633 | INFO     | models.catboost_model:save:50 - Saved CatBoost -> models\saved\ARB_USD_catboost.cbm
2026-02-21 20:40:17.643 | INFO     | models.cnn_model:train:116 - Training 1D CNN for ARB/USD on cuda — 17749 train samples
2026-02-21 20:40:18.738 | INFO     | models.cnn_model:train:145 -   Epoch   0 | val_loss=0.8811 | val_acc=0.4049
2026-02-21 20:40:27.114 | INFO     | models.cnn_model:train:145 -   Epoch  10 | val_loss=0.8900 | val_acc=0.4027
2026-02-21 20:40:29.629 | INFO     | models.cnn_model:train:154 - Early stopping at epoch 13
2026-02-21 20:40:29.629 | SUCCESS  | models.cnn_model:train:158 - 1D CNN best val_loss: 0.8765
2026-02-21 20:40:29.640 | INFO     | models.cnn_model:save:173 - Saved 1D CNN -> models\saved\ARB_USD_cnn.pt
2026-02-21 20:40:29.643 | INFO     | models.lstm_model:train:91 - Training LSTM for ARB/USD on cuda — 17749 train samples
2026-02-21 20:40:30.260 | INFO     | models.lstm_model:train:122 -   Epoch   0 | val_loss=0.8784 | val_acc=0.4049
2026-02-21 20:40:35.461 | INFO     | models.lstm_model:train:131 - Early stopping at epoch 8
2026-02-21 20:40:35.461 | SUCCESS  | models.lstm_model:train:135 - LSTM best val_loss: 0.8738
2026-02-21 20:40:35.461 | INFO     | models.lstm_model:save:151 - Saved LSTM -> models\saved\ARB_USD_lstm.pt
2026-02-21 20:40:41.041 | SUCCESS  | models.ensemble:optimise_weights:52 - Optimised weights: LGBM=0.333 XGB=0.333 LSTM=0.333 | acc=0.4023
2026-02-21 20:40:41.041 | INFO     | models.ensemble:save_weights:104 - Saved ensemble weights -> models\saved\ARB_USD_ensemble_weights.pkl
2026-02-21 20:40:46.561 | INFO     | models.ensemble:generate_signals:85 - Signal distribution (threshold=0.38): BUY=19 (0.5%)  SELL=0 (0.0%)  HOLD=3790 (99.5%)
2026-02-21 20:40:46.561 | INFO     | __main__:run_pipeline:99 - Test accuracy: 0.3817
2026-02-21 20:40:46.561 | INFO     | backtest.engine:_compute_metrics:200 - ARB/USD Results: Return=2.99% | Sharpe=0.52 | MaxDD=-7.00% | WinRate=50.00% | Trades=4 (L:4 S:0)
2026-02-21 20:40:46.575 | INFO     | backtest.engine:save_results:218 - Results saved -> backtest\results\ARB_USD_backtest.json
2026-02-21 20:40:46.578 | INFO     | __main__:run_pipeline:57 - 
============================================================
Processing: OP/USD
============================================================
2026-02-21 20:40:46.578 | INFO     | data.feature_engineer:build_features:170 - Building features for OP/USD (32676 rows)
2026-02-21 20:40:46.688 | INFO     | data.feature_engineer:build_features:192 - Dropped 204 NaN/inf rows → 32472 usable rows
2026-02-21 20:40:46.688 | INFO     | data.feature_engineer:build_features:195 - Label distribution: DOWN=13206 NEUTRAL=6419 UP=12847
2026-02-21 20:40:46.688 | INFO     | __main__:run_pipeline:62 - Features: 69 columns
2026-02-21 20:40:46.717 | INFO     | utils.splitter:time_split:37 - Split: train=22730 | val=4871 | test=4871
2026-02-21 20:40:46.721 | INFO     | utils.splitter:save_scaler:48 - Saved scaler -> models\saved\OP_USD_scaler.pkl
2026-02-21 20:40:46.722 | INFO     | models.catboost_model:train:34 - Training CatBoost for OP/USD...
2026-02-21 20:40:47.519 | SUCCESS  | models.catboost_model:train:42 - CatBoost val accuracy: 0.4213
2026-02-21 20:40:47.519 | INFO     | models.catboost_model:save:50 - Saved CatBoost -> models\saved\OP_USD_catboost.cbm
2026-02-21 20:40:47.542 | INFO     | models.cnn_model:train:116 - Training 1D CNN for OP/USD on cuda — 22706 train samples
2026-02-21 20:40:48.737 | INFO     | models.cnn_model:train:145 -   Epoch   0 | val_loss=0.8771 | val_acc=0.4089
2026-02-21 20:40:59.177 | INFO     | models.cnn_model:train:145 -   Epoch  10 | val_loss=0.8769 | val_acc=0.4073
2026-02-21 20:41:02.410 | INFO     | models.cnn_model:train:154 - Early stopping at epoch 13
2026-02-21 20:41:02.413 | SUCCESS  | models.cnn_model:train:158 - 1D CNN best val_loss: 0.8753
2026-02-21 20:41:02.415 | INFO     | models.cnn_model:save:173 - Saved 1D CNN -> models\saved\OP_USD_cnn.pt
2026-02-21 20:41:02.424 | INFO     | models.lstm_model:train:91 - Training LSTM for OP/USD on cuda — 22706 train samples
2026-02-21 20:41:03.309 | INFO     | models.lstm_model:train:122 -   Epoch   0 | val_loss=0.8748 | val_acc=0.4122
2026-02-21 20:41:10.217 | INFO     | models.lstm_model:train:131 - Early stopping at epoch 7
2026-02-21 20:41:10.217 | SUCCESS  | models.lstm_model:train:135 - LSTM best val_loss: 0.8748
2026-02-21 20:41:10.221 | INFO     | models.lstm_model:save:151 - Saved LSTM -> models\saved\OP_USD_lstm.pt
2026-02-21 20:41:18.351 | SUCCESS  | models.ensemble:optimise_weights:52 - Optimised weights: LGBM=0.333 XGB=0.333 LSTM=0.333 | acc=0.4143
2026-02-21 20:41:18.351 | INFO     | models.ensemble:save_weights:104 - Saved ensemble weights -> models\saved\OP_USD_ensemble_weights.pkl
2026-02-21 20:41:25.326 | INFO     | models.ensemble:generate_signals:85 - Signal distribution (threshold=0.38): BUY=4 (0.1%)  SELL=0 (0.0%)  HOLD=4867 (99.9%)
2026-02-21 20:41:25.326 | INFO     | __main__:run_pipeline:99 - Test accuracy: 0.4055
2026-02-21 20:41:25.330 | INFO     | backtest.engine:_compute_metrics:200 - OP/USD Results: Return=-0.34% | Sharpe=-0.58 | MaxDD=-0.81% | WinRate=0.00% | Trades=1 (L:1 S:0)
2026-02-21 20:41:25.340 | INFO     | backtest.engine:save_results:218 - Results saved -> backtest\results\OP_USD_backtest.json
2026-02-21 20:41:25.342 | INFO     | __main__:run_pipeline:57 - 
============================================================
Processing: FTM/USD
============================================================
2026-02-21 20:41:25.342 | INFO     | data.feature_engineer:build_features:170 - Building features for FTM/USD (34073 rows)
2026-02-21 20:41:25.453 | INFO     | data.feature_engineer:build_features:192 - Dropped 204 NaN/inf rows → 33869 usable rows
2026-02-21 20:41:25.455 | INFO     | data.feature_engineer:build_features:195 - Label distribution: DOWN=13992 NEUTRAL=6081 UP=13796
2026-02-21 20:41:25.455 | INFO     | __main__:run_pipeline:62 - Features: 69 columns
2026-02-21 20:41:25.484 | INFO     | utils.splitter:time_split:37 - Split: train=23708 | val=5080 | test=5081
2026-02-21 20:41:25.488 | INFO     | utils.splitter:save_scaler:48 - Saved scaler -> models\saved\FTM_USD_scaler.pkl
2026-02-21 20:41:25.488 | INFO     | models.catboost_model:train:34 - Training CatBoost for FTM/USD...
2026-02-21 20:41:26.786 | SUCCESS  | models.catboost_model:train:42 - CatBoost val accuracy: 0.4384
2026-02-21 20:41:26.790 | INFO     | models.catboost_model:save:50 - Saved CatBoost -> models\saved\FTM_USD_catboost.cbm
2026-02-21 20:41:26.798 | INFO     | models.cnn_model:train:116 - Training 1D CNN for FTM/USD on cuda — 23684 train samples
2026-02-21 20:41:28.162 | INFO     | models.cnn_model:train:145 -   Epoch   0 | val_loss=0.8608 | val_acc=0.4169
2026-02-21 20:41:39.164 | INFO     | models.cnn_model:train:145 -   Epoch  10 | val_loss=0.8592 | val_acc=0.4177
2026-02-21 20:41:48.973 | INFO     | models.cnn_model:train:154 - Early stopping at epoch 19
2026-02-21 20:41:48.973 | SUCCESS  | models.cnn_model:train:158 - 1D CNN best val_loss: 0.8563
2026-02-21 20:41:48.982 | INFO     | models.cnn_model:save:173 - Saved 1D CNN -> models\saved\FTM_USD_cnn.pt
2026-02-21 20:41:48.990 | INFO     | models.lstm_model:train:91 - Training LSTM for FTM/USD on cuda — 23684 train samples
2026-02-21 20:41:49.870 | INFO     | models.lstm_model:train:122 -   Epoch   0 | val_loss=0.8594 | val_acc=0.4225
2026-02-21 20:41:57.072 | INFO     | models.lstm_model:train:131 - Early stopping at epoch 9
2026-02-21 20:41:57.072 | SUCCESS  | models.lstm_model:train:135 - LSTM best val_loss: 0.8557
2026-02-21 20:41:57.072 | INFO     | models.lstm_model:save:151 - Saved LSTM -> models\saved\FTM_USD_lstm.pt
2026-02-21 20:42:04.388 | SUCCESS  | models.ensemble:optimise_weights:52 - Optimised weights: LGBM=0.333 XGB=0.333 LSTM=0.333 | acc=0.4317
2026-02-21 20:42:04.390 | INFO     | models.ensemble:save_weights:104 - Saved ensemble weights -> models\saved\FTM_USD_ensemble_weights.pkl
2026-02-21 20:42:11.671 | INFO     | models.ensemble:generate_signals:85 - Signal distribution (threshold=0.38): BUY=12 (0.2%)  SELL=0 (0.0%)  HOLD=5069 (99.8%)
2026-02-21 20:42:11.671 | INFO     | __main__:run_pipeline:99 - Test accuracy: 0.4375
2026-02-21 20:42:11.677 | INFO     | backtest.engine:_compute_metrics:200 - FTM/USD Results: Return=2.44% | Sharpe=0.30 | MaxDD=-16.94% | WinRate=44.44% | Trades=9 (L:9 S:0)
2026-02-21 20:42:11.685 | INFO     | backtest.engine:save_results:218 - Results saved -> backtest\results\FTM_USD_backtest.json
2026-02-21 20:42:11.689 | INFO     | __main__:run_pipeline:57 - 
============================================================
Processing: RUNE/USD
============================================================
2026-02-21 20:42:11.689 | INFO     | data.feature_engineer:build_features:170 - Building features for RUNE/USD (43787 rows)
2026-02-21 20:42:11.822 | INFO     | data.feature_engineer:build_features:192 - Dropped 204 NaN/inf rows → 43583 usable rows
2026-02-21 20:42:11.822 | INFO     | data.feature_engineer:build_features:195 - Label distribution: DOWN=17090 NEUTRAL=9310 UP=17183
2026-02-21 20:42:11.822 | INFO     | __main__:run_pipeline:62 - Features: 69 columns
2026-02-21 20:42:11.865 | INFO     | utils.splitter:time_split:37 - Split: train=30508 | val=6537 | test=6538
2026-02-21 20:42:11.866 | INFO     | utils.splitter:save_scaler:48 - Saved scaler -> models\saved\RUNE_USD_scaler.pkl
2026-02-21 20:42:11.866 | INFO     | models.catboost_model:train:34 - Training CatBoost for RUNE/USD...
2026-02-21 20:42:12.686 | SUCCESS  | models.catboost_model:train:42 - CatBoost val accuracy: 0.4196
2026-02-21 20:42:12.686 | INFO     | models.catboost_model:save:50 - Saved CatBoost -> models\saved\RUNE_USD_catboost.cbm
2026-02-21 20:42:12.705 | INFO     | models.cnn_model:train:116 - Training 1D CNN for RUNE/USD on cuda — 30484 train samples
2026-02-21 20:42:14.225 | INFO     | models.cnn_model:train:145 -   Epoch   0 | val_loss=0.8712 | val_acc=0.4078
2026-02-21 20:42:27.067 | INFO     | models.cnn_model:train:154 - Early stopping at epoch 9
2026-02-21 20:42:27.077 | SUCCESS  | models.cnn_model:train:158 - 1D CNN best val_loss: 0.8624
2026-02-21 20:42:27.077 | INFO     | models.cnn_model:save:173 - Saved 1D CNN -> models\saved\RUNE_USD_cnn.pt
2026-02-21 20:42:27.089 | INFO     | models.lstm_model:train:91 - Training LSTM for RUNE/USD on cuda — 30484 train samples
2026-02-21 20:42:28.200 | INFO     | models.lstm_model:train:122 -   Epoch   0 | val_loss=0.8658 | val_acc=0.4101
2026-02-21 20:42:38.306 | INFO     | models.lstm_model:train:122 -   Epoch  10 | val_loss=0.8732 | val_acc=0.4046
2026-02-21 20:42:38.306 | INFO     | models.lstm_model:train:131 - Early stopping at epoch 10
2026-02-21 20:42:38.306 | SUCCESS  | models.lstm_model:train:135 - LSTM best val_loss: 0.8631
2026-02-21 20:42:38.313 | INFO     | models.lstm_model:save:151 - Saved LSTM -> models\saved\RUNE_USD_lstm.pt
2026-02-21 20:42:48.188 | SUCCESS  | models.ensemble:optimise_weights:52 - Optimised weights: LGBM=0.333 XGB=0.333 LSTM=0.333 | acc=0.4156
2026-02-21 20:42:48.188 | INFO     | models.ensemble:save_weights:104 - Saved ensemble weights -> models\saved\RUNE_USD_ensemble_weights.pkl
2026-02-21 20:42:57.458 | INFO     | models.ensemble:generate_signals:85 - Signal distribution (threshold=0.38): BUY=464 (7.1%)  SELL=29 (0.4%)  HOLD=6045 (92.5%)
2026-02-21 20:42:57.458 | INFO     | __main__:run_pipeline:99 - Test accuracy: 0.3423
2026-02-21 20:42:57.458 | INFO     | backtest.engine:_compute_metrics:200 - RUNE/USD Results: Return=-68.41% | Sharpe=-3.41 | MaxDD=-71.50% | WinRate=20.00% | Trades=70 (L:60 S:10)
2026-02-21 20:42:57.480 | INFO     | backtest.engine:save_results:218 - Results saved -> backtest\results\RUNE_USD_backtest.json
2026-02-21 20:42:57.483 | INFO     | __main__:run_pipeline:57 - 
============================================================
Processing: DOGE/USD
============================================================
2026-02-21 20:42:57.484 | INFO     | data.feature_engineer:build_features:170 - Building features for DOGE/USD (43787 rows)
2026-02-21 20:42:57.614 | INFO     | data.feature_engineer:build_features:192 - Dropped 204 NaN/inf rows → 43583 usable rows
2026-02-21 20:42:57.614 | INFO     | data.feature_engineer:build_features:195 - Label distribution: DOWN=15974 NEUTRAL=11429 UP=16180
2026-02-21 20:42:57.614 | INFO     | __main__:run_pipeline:62 - Features: 69 columns
2026-02-21 20:42:57.659 | INFO     | utils.splitter:time_split:37 - Split: train=30508 | val=6537 | test=6538
2026-02-21 20:42:57.659 | INFO     | utils.splitter:save_scaler:48 - Saved scaler -> models\saved\DOGE_USD_scaler.pkl
2026-02-21 20:42:57.659 | INFO     | models.catboost_model:train:34 - Training CatBoost for DOGE/USD...
2026-02-21 20:42:58.804 | SUCCESS  | models.catboost_model:train:42 - CatBoost val accuracy: 0.4270
2026-02-21 20:42:58.804 | INFO     | models.catboost_model:save:50 - Saved CatBoost -> models\saved\DOGE_USD_catboost.cbm
2026-02-21 20:42:58.823 | INFO     | models.cnn_model:train:116 - Training 1D CNN for DOGE/USD on cuda — 30484 train samples
2026-02-21 20:43:00.396 | INFO     | models.cnn_model:train:145 -   Epoch   0 | val_loss=0.8946 | val_acc=0.3903
2026-02-21 20:43:14.485 | INFO     | models.cnn_model:train:145 -   Epoch  10 | val_loss=0.8777 | val_acc=0.4133
2026-02-21 20:43:22.986 | INFO     | models.cnn_model:train:154 - Early stopping at epoch 16
2026-02-21 20:43:22.989 | SUCCESS  | models.cnn_model:train:158 - 1D CNN best val_loss: 0.8770
2026-02-21 20:43:22.996 | INFO     | models.cnn_model:save:173 - Saved 1D CNN -> models\saved\DOGE_USD_cnn.pt
2026-02-21 20:43:22.999 | INFO     | models.lstm_model:train:91 - Training LSTM for DOGE/USD on cuda — 30484 train samples
2026-02-21 20:43:24.099 | INFO     | models.lstm_model:train:122 -   Epoch   0 | val_loss=0.8792 | val_acc=0.4084
2026-02-21 20:43:32.393 | INFO     | models.lstm_model:train:131 - Early stopping at epoch 8
2026-02-21 20:43:32.393 | SUCCESS  | models.lstm_model:train:135 - LSTM best val_loss: 0.8788
2026-02-21 20:43:32.398 | INFO     | models.lstm_model:save:151 - Saved LSTM -> models\saved\DOGE_USD_lstm.pt
2026-02-21 20:43:41.812 | SUCCESS  | models.ensemble:optimise_weights:52 - Optimised weights: LGBM=0.333 XGB=0.333 LSTM=0.333 | acc=0.4260
2026-02-21 20:43:41.812 | INFO     | models.ensemble:save_weights:104 - Saved ensemble weights -> models\saved\DOGE_USD_ensemble_weights.pkl
2026-02-21 20:43:50.970 | INFO     | models.ensemble:generate_signals:85 - Signal distribution (threshold=0.38): BUY=29 (0.4%)  SELL=90 (1.4%)  HOLD=6419 (98.2%)
2026-02-21 20:43:50.972 | INFO     | __main__:run_pipeline:99 - Test accuracy: 0.3784
2026-02-21 20:43:50.974 | INFO     | backtest.engine:_compute_metrics:200 - DOGE/USD Results: Return=-25.88% | Sharpe=-1.54 | MaxDD=-35.72% | WinRate=34.38% | Trades=32 (L:10 S:22)
2026-02-21 20:43:50.987 | INFO     | backtest.engine:save_results:218 - Results saved -> backtest\results\DOGE_USD_backtest.json
2026-02-21 20:43:50.992 | INFO     | __main__:run_pipeline:57 - 
============================================================
Processing: ADA/USD
============================================================
2026-02-21 20:43:50.993 | INFO     | data.feature_engineer:build_features:170 - Building features for ADA/USD (43787 rows)
2026-02-21 20:43:51.119 | INFO     | data.feature_engineer:build_features:192 - Dropped 204 NaN/inf rows → 43583 usable rows
2026-02-21 20:43:51.135 | INFO     | data.feature_engineer:build_features:195 - Label distribution: DOWN=16365 NEUTRAL=11011 UP=16207
2026-02-21 20:43:51.135 | INFO     | __main__:run_pipeline:62 - Features: 69 columns
2026-02-21 20:43:51.176 | INFO     | utils.splitter:time_split:37 - Split: train=30508 | val=6537 | test=6538
2026-02-21 20:43:51.178 | INFO     | utils.splitter:save_scaler:48 - Saved scaler -> models\saved\ADA_USD_scaler.pkl
2026-02-21 20:43:51.178 | INFO     | models.catboost_model:train:34 - Training CatBoost for ADA/USD...
2026-02-21 20:43:53.077 | SUCCESS  | models.catboost_model:train:42 - CatBoost val accuracy: 0.4251
2026-02-21 20:43:53.077 | INFO     | models.catboost_model:save:50 - Saved CatBoost -> models\saved\ADA_USD_catboost.cbm
2026-02-21 20:43:53.092 | INFO     | models.cnn_model:train:116 - Training 1D CNN for ADA/USD on cuda — 30484 train samples
2026-02-21 20:43:54.599 | INFO     | models.cnn_model:train:145 -   Epoch   0 | val_loss=0.8846 | val_acc=0.3952
2026-02-21 20:44:08.839 | INFO     | models.cnn_model:train:145 -   Epoch  10 | val_loss=0.8857 | val_acc=0.3978
2026-02-21 20:44:10.260 | INFO     | models.cnn_model:train:154 - Early stopping at epoch 11
2026-02-21 20:44:10.260 | SUCCESS  | models.cnn_model:train:158 - 1D CNN best val_loss: 0.8811
2026-02-21 20:44:10.266 | INFO     | models.cnn_model:save:173 - Saved 1D CNN -> models\saved\ADA_USD_cnn.pt
2026-02-21 20:44:10.273 | INFO     | models.lstm_model:train:91 - Training LSTM for ADA/USD on cuda — 30484 train samples
2026-02-21 20:44:11.309 | INFO     | models.lstm_model:train:122 -   Epoch   0 | val_loss=0.8847 | val_acc=0.4009
2026-02-21 20:44:19.344 | INFO     | models.lstm_model:train:131 - Early stopping at epoch 8
2026-02-21 20:44:19.344 | SUCCESS  | models.lstm_model:train:135 - LSTM best val_loss: 0.8813
2026-02-21 20:44:19.350 | INFO     | models.lstm_model:save:151 - Saved LSTM -> models\saved\ADA_USD_lstm.pt
2026-02-21 20:44:28.820 | SUCCESS  | models.ensemble:optimise_weights:52 - Optimised weights: LGBM=0.333 XGB=0.333 LSTM=0.333 | acc=0.4141
2026-02-21 20:44:28.820 | INFO     | models.ensemble:save_weights:104 - Saved ensemble weights -> models\saved\ADA_USD_ensemble_weights.pkl
2026-02-21 20:44:38.261 | INFO     | models.ensemble:generate_signals:85 - Signal distribution (threshold=0.38): BUY=14 (0.2%)  SELL=8 (0.1%)  HOLD=6516 (99.7%)
2026-02-21 20:44:38.261 | INFO     | __main__:run_pipeline:99 - Test accuracy: 0.3845
2026-02-21 20:44:38.272 | INFO     | backtest.engine:_compute_metrics:200 - ADA/USD Results: Return=-0.77% | Sharpe=-0.05 | MaxDD=-7.83% | WinRate=33.33% | Trades=6 (L:5 S:1)
2026-02-21 20:44:38.279 | INFO     | backtest.engine:save_results:218 - Results saved -> backtest\results\ADA_USD_backtest.json
