2026-02-21 07:14:04.370 | INFO     | data.kraken_fetcher:get_exchange:31 - Connected to Binance
2026-02-21 07:14:04.503 | INFO     | data.kraken_fetcher:fetch_all_pairs:117 - Loaded BTC/USD from cache (43787 rows)
2026-02-21 07:14:04.629 | INFO     | data.kraken_fetcher:fetch_all_pairs:117 - Loaded ETH/USD from cache (43787 rows)
2026-02-21 07:14:04.757 | INFO     | data.kraken_fetcher:fetch_all_pairs:117 - Loaded SOL/USD from cache (43787 rows)
2026-02-21 07:14:04.882 | INFO     | data.kraken_fetcher:fetch_all_pairs:117 - Loaded XRP/USD from cache (43787 rows)
2026-02-21 07:14:04.883 | SUCCESS  | data.kraken_fetcher:fetch_all_pairs:124 - Loaded 4/4 pairs
2026-02-21 07:14:04.884 | INFO     | __main__:run_pipeline:53 - 
============================================================
Processing: BTC/USD
============================================================
2026-02-21 07:14:04.884 | INFO     | data.feature_engineer:build_features:145 - Building features for BTC/USD (43787 rows)
2026-02-21 07:14:05.012 | INFO     | data.feature_engineer:build_features:165 - Dropped 204 NaN/inf rows → 43583 usable rows
2026-02-21 07:14:05.013 | INFO     | data.feature_engineer:build_features:168 - Label distribution: DOWN=11804 NEUTRAL=19482 UP=12297
2026-02-21 07:14:05.013 | INFO     | __main__:run_pipeline:58 - Features: 69 columns
2026-02-21 07:14:05.050 | INFO     | utils.splitter:time_split:37 - Split: train=30508 | val=6537 | test=6538
2026-02-21 07:14:05.054 | INFO     | utils.splitter:save_scaler:48 - Saved scaler -> models\saved\BTC_USD_scaler.pkl
2026-02-21 07:14:05.054 | INFO     | models.catboost_model:train:33 - Training CatBoost for BTC/USD...
2026-02-21 07:14:06.441 | SUCCESS  | models.catboost_model:train:41 - CatBoost val accuracy: 0.4728
2026-02-21 07:14:06.456 | INFO     | models.catboost_model:save:49 - Saved CatBoost -> models\saved\BTC_USD_catboost.cbm
2026-02-21 07:14:07.645 | INFO     | models.cnn_model:train:114 - Training 1D CNN for BTC/USD on cpu — 30484 train samples
2026-02-21 07:14:11.413 | INFO     | models.cnn_model:train:143 -   Epoch   0 | val_loss=1.0626 | val_acc=0.4316
2026-02-21 07:14:49.956 | INFO     | models.cnn_model:train:143 -   Epoch  10 | val_loss=1.0405 | val_acc=0.4546
2026-02-21 07:15:17.234 | INFO     | models.cnn_model:train:152 - Early stopping at epoch 17
2026-02-21 07:15:17.235 | SUCCESS  | models.cnn_model:train:156 - 1D CNN best val_loss: 1.0405
2026-02-21 07:15:17.239 | INFO     | models.cnn_model:save:171 - Saved 1D CNN -> models\saved\BTC_USD_cnn.pt
2026-02-21 07:15:17.243 | INFO     | models.lstm_model:train:89 - Training LSTM for BTC/USD on cpu — 30448 train samples
2026-02-21 07:15:28.354 | INFO     | models.lstm_model:train:120 -   Epoch   0 | val_loss=1.0582 | val_acc=0.4358
2026-02-21 07:17:19.263 | INFO     | models.lstm_model:train:120 -   Epoch  10 | val_loss=1.0714 | val_acc=0.4480
2026-02-21 07:17:41.813 | INFO     | models.lstm_model:train:129 - Early stopping at epoch 12
2026-02-21 07:17:41.814 | SUCCESS  | models.lstm_model:train:133 - LSTM best val_loss: 1.0400
2026-02-21 07:17:41.818 | INFO     | models.lstm_model:save:149 - Saved LSTM -> models\saved\BTC_USD_lstm.pt
2026-02-21 07:17:49.115 | SUCCESS  | models.ensemble:optimise_weights:52 - Optimised weights: LGBM=0.333 XGB=0.333 LSTM=0.333 | acc=0.4704
2026-02-21 07:17:49.116 | INFO     | models.ensemble:save_weights:101 - Saved ensemble weights -> models\saved\BTC_USD_ensemble_weights.pkl
2026-02-21 07:17:56.444 | INFO     | models.ensemble:generate_signals:82 - Signal distribution (threshold=0.42): BUY=63 (1.0%)  SELL=1 (0.0%)  HOLD=6474 (99.0%)
2026-02-21 07:17:56.445 | INFO     | __main__:run_pipeline:95 - Test accuracy: 0.5479
2026-02-21 07:17:56.451 | INFO     | backtest.engine:_compute_metrics:200 - BTC/USD Results: Return=-33.13% | Sharpe=-2.69 | MaxDD=-39.74% | WinRate=20.00% | Trades=20 (L:19 S:1)
2026-02-21 07:17:56.463 | INFO     | backtest.engine:save_results:218 - Results saved -> backtest\results\BTC_USD_backtest.json
2026-02-21 07:17:56.468 | INFO     | __main__:run_pipeline:53 - 
============================================================
Processing: ETH/USD
============================================================
2026-02-21 07:17:56.468 | INFO     | data.feature_engineer:build_features:145 - Building features for ETH/USD (43787 rows)
2026-02-21 07:17:56.606 | INFO     | data.feature_engineer:build_features:165 - Dropped 204 NaN/inf rows → 43583 usable rows
2026-02-21 07:17:56.608 | INFO     | data.feature_engineer:build_features:168 - Label distribution: DOWN=13791 NEUTRAL=15426 UP=14366
2026-02-21 07:17:56.608 | INFO     | __main__:run_pipeline:58 - Features: 69 columns
2026-02-21 07:17:56.641 | INFO     | utils.splitter:time_split:37 - Split: train=30508 | val=6537 | test=6538
2026-02-21 07:17:56.645 | INFO     | utils.splitter:save_scaler:48 - Saved scaler -> models\saved\ETH_USD_scaler.pkl
2026-02-21 07:17:56.645 | INFO     | models.catboost_model:train:33 - Training CatBoost for ETH/USD...
2026-02-21 07:17:58.420 | SUCCESS  | models.catboost_model:train:41 - CatBoost val accuracy: 0.4161
2026-02-21 07:17:58.426 | INFO     | models.catboost_model:save:49 - Saved CatBoost -> models\saved\ETH_USD_catboost.cbm
2026-02-21 07:17:58.430 | INFO     | models.cnn_model:train:114 - Training 1D CNN for ETH/USD on cpu — 30484 train samples
2026-02-21 07:18:02.058 | INFO     | models.cnn_model:train:143 -   Epoch   0 | val_loss=1.0884 | val_acc=0.3777
2026-02-21 07:18:38.156 | INFO     | models.cnn_model:train:143 -   Epoch  10 | val_loss=1.0831 | val_acc=0.4017
2026-02-21 07:18:55.671 | INFO     | models.cnn_model:train:152 - Early stopping at epoch 15
2026-02-21 07:18:55.673 | SUCCESS  | models.cnn_model:train:156 - 1D CNN best val_loss: 1.0771
2026-02-21 07:18:55.677 | INFO     | models.cnn_model:save:171 - Saved 1D CNN -> models\saved\ETH_USD_cnn.pt
2026-02-21 07:18:55.680 | INFO     | models.lstm_model:train:89 - Training LSTM for ETH/USD on cpu — 30448 train samples
2026-02-21 07:19:06.788 | INFO     | models.lstm_model:train:120 -   Epoch   0 | val_loss=1.0946 | val_acc=0.3812
2026-02-21 07:20:57.387 | INFO     | models.lstm_model:train:120 -   Epoch  10 | val_loss=1.1037 | val_acc=0.3937
2026-02-21 07:22:04.287 | INFO     | models.lstm_model:train:129 - Early stopping at epoch 16
2026-02-21 07:22:04.288 | SUCCESS  | models.lstm_model:train:133 - LSTM best val_loss: 1.0787
2026-02-21 07:22:04.292 | INFO     | models.lstm_model:save:149 - Saved LSTM -> models\saved\ETH_USD_lstm.pt
2026-02-21 07:22:11.627 | SUCCESS  | models.ensemble:optimise_weights:52 - Optimised weights: LGBM=0.333 XGB=0.333 LSTM=0.333 | acc=0.4129
2026-02-21 07:22:11.628 | INFO     | models.ensemble:save_weights:101 - Saved ensemble weights -> models\saved\ETH_USD_ensemble_weights.pkl
2026-02-21 07:22:19.533 | INFO     | models.ensemble:generate_signals:82 - Signal distribution (threshold=0.42): BUY=582 (8.9%)  SELL=44 (0.7%)  HOLD=5912 (90.4%)
2026-02-21 07:22:19.533 | INFO     | __main__:run_pipeline:95 - Test accuracy: 0.4287
2026-02-21 07:22:19.541 | INFO     | backtest.engine:_compute_metrics:200 - ETH/USD Results: Return=-78.25% | Sharpe=-3.66 | MaxDD=-80.21% | WinRate=34.04% | Trades=141 (L:120 S:21)
2026-02-21 07:22:19.553 | INFO     | backtest.engine:save_results:218 - Results saved -> backtest\results\ETH_USD_backtest.json
2026-02-21 07:22:19.559 | INFO     | __main__:run_pipeline:53 - 
============================================================
Processing: SOL/USD
============================================================
2026-02-21 07:22:19.560 | INFO     | data.feature_engineer:build_features:145 - Building features for SOL/USD (43787 rows)
2026-02-21 07:22:19.690 | INFO     | data.feature_engineer:build_features:165 - Dropped 204 NaN/inf rows → 43583 usable rows
2026-02-21 07:22:19.691 | INFO     | data.feature_engineer:build_features:168 - Label distribution: DOWN=17041 NEUTRAL=9445 UP=17097
2026-02-21 07:22:19.692 | INFO     | __main__:run_pipeline:58 - Features: 69 columns
2026-02-21 07:22:19.725 | INFO     | utils.splitter:time_split:37 - Split: train=30508 | val=6537 | test=6538
2026-02-21 07:22:19.728 | INFO     | utils.splitter:save_scaler:48 - Saved scaler -> models\saved\SOL_USD_scaler.pkl
2026-02-21 07:22:19.728 | INFO     | models.catboost_model:train:33 - Training CatBoost for SOL/USD...
2026-02-21 07:22:21.074 | SUCCESS  | models.catboost_model:train:41 - CatBoost val accuracy: 0.4106
2026-02-21 07:22:21.081 | INFO     | models.catboost_model:save:49 - Saved CatBoost -> models\saved\SOL_USD_catboost.cbm
2026-02-21 07:22:21.085 | INFO     | models.cnn_model:train:114 - Training 1D CNN for SOL/USD on cpu — 30484 train samples
2026-02-21 07:22:24.965 | INFO     | models.cnn_model:train:143 -   Epoch   0 | val_loss=1.0722 | val_acc=0.3874
2026-02-21 07:22:59.922 | INFO     | models.cnn_model:train:143 -   Epoch  10 | val_loss=1.0746 | val_acc=0.3837
2026-02-21 07:23:10.396 | INFO     | models.cnn_model:train:152 - Early stopping at epoch 13
2026-02-21 07:23:10.397 | SUCCESS  | models.cnn_model:train:156 - 1D CNN best val_loss: 1.0639
2026-02-21 07:23:10.401 | INFO     | models.cnn_model:save:171 - Saved 1D CNN -> models\saved\SOL_USD_cnn.pt
2026-02-21 07:23:10.405 | INFO     | models.lstm_model:train:89 - Training LSTM for SOL/USD on cpu — 30448 train samples
2026-02-21 07:23:21.493 | INFO     | models.lstm_model:train:120 -   Epoch   0 | val_loss=1.0657 | val_acc=0.3813
2026-02-21 07:25:11.003 | INFO     | models.lstm_model:train:120 -   Epoch  10 | val_loss=1.0706 | val_acc=0.3922
2026-02-21 07:25:54.830 | INFO     | models.lstm_model:train:129 - Early stopping at epoch 14
2026-02-21 07:25:54.831 | SUCCESS  | models.lstm_model:train:133 - LSTM best val_loss: 1.0634
2026-02-21 07:25:54.835 | INFO     | models.lstm_model:save:149 - Saved LSTM -> models\saved\SOL_USD_lstm.pt
2026-02-21 07:26:01.993 | SUCCESS  | models.ensemble:optimise_weights:52 - Optimised weights: LGBM=0.333 XGB=0.333 LSTM=0.333 | acc=0.4034
2026-02-21 07:26:01.995 | INFO     | models.ensemble:save_weights:101 - Saved ensemble weights -> models\saved\SOL_USD_ensemble_weights.pkl
2026-02-21 07:26:09.190 | INFO     | models.ensemble:generate_signals:82 - Signal distribution (threshold=0.42): BUY=372 (5.7%)  SELL=687 (10.5%)  HOLD=5479 (83.8%)
2026-02-21 07:26:09.190 | INFO     | __main__:run_pipeline:95 - Test accuracy: 0.3839
2026-02-21 07:26:09.201 | INFO     | backtest.engine:_compute_metrics:200 - SOL/USD Results: Return=-89.19% | Sharpe=-4.68 | MaxDD=-90.52% | WinRate=43.30% | Trades=261 (L:113 S:148)
2026-02-21 07:26:09.209 | INFO     | backtest.engine:save_results:218 - Results saved -> backtest\results\SOL_USD_backtest.json
2026-02-21 07:26:09.213 | INFO     | __main__:run_pipeline:53 - 
============================================================
Processing: XRP/USD
============================================================
2026-02-21 07:26:09.214 | INFO     | data.feature_engineer:build_features:145 - Building features for XRP/USD (43787 rows)
2026-02-21 07:26:09.343 | INFO     | data.feature_engineer:build_features:165 - Dropped 204 NaN/inf rows → 43583 usable rows
2026-02-21 07:26:09.344 | INFO     | data.feature_engineer:build_features:168 - Label distribution: DOWN=15130 NEUTRAL=12762 UP=15691
2026-02-21 07:26:09.345 | INFO     | __main__:run_pipeline:58 - Features: 69 columns
2026-02-21 07:26:09.377 | INFO     | utils.splitter:time_split:37 - Split: train=30508 | val=6537 | test=6538
2026-02-21 07:26:09.380 | INFO     | utils.splitter:save_scaler:48 - Saved scaler -> models\saved\XRP_USD_scaler.pkl
2026-02-21 07:26:09.381 | INFO     | models.catboost_model:train:33 - Training CatBoost for XRP/USD...
2026-02-21 07:26:10.142 | SUCCESS  | models.catboost_model:train:41 - CatBoost val accuracy: 0.4331
2026-02-21 07:26:10.146 | INFO     | models.catboost_model:save:49 - Saved CatBoost -> models\saved\XRP_USD_catboost.cbm
2026-02-21 07:26:10.150 | INFO     | models.cnn_model:train:114 - Training 1D CNN for XRP/USD on cpu — 30484 train samples
2026-02-21 07:26:13.738 | INFO     | models.cnn_model:train:143 -   Epoch   0 | val_loss=1.0648 | val_acc=0.4130
2026-02-21 07:26:48.370 | INFO     | models.cnn_model:train:143 -   Epoch  10 | val_loss=1.0766 | val_acc=0.3995
2026-02-21 07:26:48.371 | INFO     | models.cnn_model:train:152 - Early stopping at epoch 10
2026-02-21 07:26:48.372 | SUCCESS  | models.cnn_model:train:156 - 1D CNN best val_loss: 1.0523
2026-02-21 07:26:48.375 | INFO     | models.cnn_model:save:171 - Saved 1D CNN -> models\saved\XRP_USD_cnn.pt
2026-02-21 07:26:48.379 | INFO     | models.lstm_model:train:89 - Training LSTM for XRP/USD on cpu — 30448 train samples
2026-02-21 07:26:59.356 | INFO     | models.lstm_model:train:120 -   Epoch   0 | val_loss=1.0614 | val_acc=0.4076
2026-02-21 07:28:48.788 | INFO     | models.lstm_model:train:120 -   Epoch  10 | val_loss=1.0711 | val_acc=0.4003
2026-02-21 07:28:59.658 | INFO     | models.lstm_model:train:129 - Early stopping at epoch 11
2026-02-21 07:28:59.658 | SUCCESS  | models.lstm_model:train:133 - LSTM best val_loss: 1.0527
2026-02-21 07:28:59.662 | INFO     | models.lstm_model:save:149 - Saved LSTM -> models\saved\XRP_USD_lstm.pt
2026-02-21 07:29:06.889 | SUCCESS  | models.ensemble:optimise_weights:52 - Optimised weights: LGBM=0.333 XGB=0.333 LSTM=0.333 | acc=0.4247
2026-02-21 07:29:06.891 | INFO     | models.ensemble:save_weights:101 - Saved ensemble weights -> models\saved\XRP_USD_ensemble_weights.pkl
2026-02-21 07:29:14.264 | INFO     | models.ensemble:generate_signals:82 - Signal distribution (threshold=0.42): BUY=70 (1.1%)  SELL=113 (1.7%)  HOLD=6355 (97.2%)
2026-02-21 07:29:14.265 | INFO     | __main__:run_pipeline:95 - Test accuracy: 0.3778
2026-02-21 07:29:14.272 | INFO     | backtest.engine:_compute_metrics:200 - XRP/USD Results: Return=-46.29% | Sharpe=-2.40 | MaxDD=-51.89% | WinRate=33.93% | Trades=56 (L:29 S:27)
2026-02-21 07:29:14.282 | INFO     | backtest.engine:save_results:218 - Results saved -> backtest\results\XRP_USD_backtest.json
