2026-02-22 09:59:43.141 | INFO     | data.kraken_fetcher:get_exchange:40 - Connected to Binance
2026-02-22 09:59:43.213 | INFO     | data.kraken_fetcher:fetch_all_pairs:126 - Loaded BTC/USD from cache (43787 rows)
2026-02-22 09:59:43.272 | INFO     | data.kraken_fetcher:fetch_all_pairs:126 - Loaded ETH/USD from cache (43787 rows)
2026-02-22 09:59:43.331 | INFO     | data.kraken_fetcher:fetch_all_pairs:126 - Loaded XRP/USD from cache (43788 rows)
2026-02-22 09:59:43.496 | INFO     | data.kraken_fetcher:fetch_all_pairs:126 - Loaded SOL/USD from cache (43787 rows)
2026-02-22 09:59:43.780 | INFO     | data.kraken_fetcher:fetch_all_pairs:126 - Loaded AVAX/USD from cache (43787 rows)
2026-02-22 09:59:43.929 | INFO     | data.kraken_fetcher:fetch_all_pairs:126 - Loaded LINK/USD from cache (43787 rows)
2026-02-22 09:59:43.975 | INFO     | data.kraken_fetcher:fetch_all_pairs:126 - Loaded MATIC/USD from cache (31071 rows)
2026-02-22 09:59:44.123 | INFO     | data.kraken_fetcher:fetch_all_pairs:126 - Loaded INJ/USD from cache (43787 rows)
2026-02-22 09:59:44.214 | INFO     | data.kraken_fetcher:fetch_all_pairs:126 - Loaded ARB/USD from cache (25589 rows)
2026-02-22 09:59:44.329 | INFO     | data.kraken_fetcher:fetch_all_pairs:126 - Loaded OP/USD from cache (32676 rows)
2026-02-22 09:59:44.473 | INFO     | data.kraken_fetcher:fetch_all_pairs:126 - Loaded RUNE/USD from cache (43787 rows)
2026-02-22 09:59:44.596 | INFO     | data.kraken_fetcher:fetch_all_pairs:126 - Loaded DOGE/USD from cache (43787 rows)
2026-02-22 09:59:44.730 | INFO     | data.kraken_fetcher:fetch_all_pairs:126 - Loaded ADA/USD from cache (43787 rows)
2026-02-22 09:59:44.730 | SUCCESS  | data.kraken_fetcher:fetch_all_pairs:133 - Loaded 13/13 pairs
2026-02-22 09:59:44.730 | INFO     | __main__:run_pipeline:53 - 
============================================================
Processing: BTC/USD
============================================================
2026-02-22 09:59:44.730 | INFO     | data.feature_engineer:build_features:247 - Building features for BTC/USD (43787 rows)
2026-02-22 09:59:44.946 | INFO     | data.feature_engineer:build_features:271 - Dropped 205 NaN/inf rows → 43582 usable rows
2026-02-22 09:59:44.955 | INFO     | data.feature_engineer:build_features:274 - Label distribution: DOWN=12652 NEUTRAL=17713 UP=13217
2026-02-22 09:59:44.956 | INFO     | data.feature_engineer:build_features:281 - Regime: ranging=28100 trending_up=6713 trending_down=8769
2026-02-22 09:59:44.956 | INFO     | __main__:run_pipeline:58 - Features: 79 columns
2026-02-22 09:59:45.014 | INFO     | utils.splitter:time_split:37 - Split: train=30507 | val=6537 | test=6538
2026-02-22 09:59:45.020 | INFO     | utils.splitter:save_scaler:48 - Saved scaler -> models\saved\BTC_USD_scaler.pkl
2026-02-22 09:59:45.020 | INFO     | models.catboost_model:train:34 - Training CatBoost for BTC/USD...
2026-02-22 09:59:46.209 | SUCCESS  | models.catboost_model:train:42 - CatBoost val accuracy: 0.3086
2026-02-22 09:59:46.212 | INFO     | models.catboost_model:save:50 - Saved CatBoost -> models\saved\BTC_USD_catboost.cbm
2026-02-22 09:59:47.229 | INFO     | models.cnn_model:train:116 - Training 1D CNN for BTC/USD on cuda — 30483 train samples
2026-02-22 09:59:49.252 | INFO     | models.cnn_model:train:145 -   Epoch   0 | val_loss=1.0169 | val_acc=0.2931
2026-02-22 10:00:00.320 | INFO     | models.cnn_model:train:154 - Early stopping at epoch 7
2026-02-22 10:00:00.320 | SUCCESS  | models.cnn_model:train:158 - 1D CNN best val_loss: 1.0169
2026-02-22 10:00:00.337 | INFO     | models.cnn_model:save:173 - Saved 1D CNN -> models\saved\BTC_USD_cnn.pt
2026-02-22 10:00:00.344 | INFO     | models.lstm_model:train:91 - Training LSTM for BTC/USD on cuda — 30483 train samples
2026-02-22 10:00:01.623 | INFO     | models.lstm_model:train:122 -   Epoch   0 | val_loss=1.0118 | val_acc=0.3191
2026-02-22 10:00:10.203 | INFO     | models.lstm_model:train:131 - Early stopping at epoch 7
2026-02-22 10:00:10.203 | SUCCESS  | models.lstm_model:train:135 - LSTM best val_loss: 1.0118
2026-02-22 10:00:10.213 | INFO     | models.lstm_model:save:151 - Saved LSTM -> models\saved\BTC_USD_lstm.pt
2026-02-22 10:00:20.303 | SUCCESS  | models.ensemble:optimise_weights:88 - Optimised weights: TFT=0.810 CNN=0.010 LSTM=0.180 | acc=0.3216
2026-02-22 10:00:20.315 | INFO     | models.ensemble:save_weights:138 - Saved ensemble weights -> models\saved\BTC_USD_ensemble_weights.pkl
2026-02-22 10:00:30.137 | INFO     | models.ensemble:generate_signals:119 - Signal distribution (threshold=0.38): BUY=4377 (66.9%)  SELL=1351 (20.7%)  HOLD=810 (12.4%)
2026-02-22 10:00:30.137 | INFO     | __main__:run_pipeline:95 - Test accuracy: 0.3038
2026-02-22 10:00:30.148 | INFO     | backtest.engine:_compute_metrics:200 - BTC/USD Results: Return=-69.79% | Sharpe=-3.86 | MaxDD=-71.52% | WinRate=48.33% | Trades=329 (L:189 S:140)
2026-02-22 10:00:30.158 | INFO     | backtest.engine:save_results:218 - Results saved -> backtest\results\BTC_USD_backtest.json
2026-02-22 10:00:30.164 | INFO     | __main__:run_pipeline:53 - 
============================================================
Processing: ETH/USD
============================================================
2026-02-22 10:00:30.164 | INFO     | data.feature_engineer:build_features:247 - Building features for ETH/USD (43787 rows)
2026-02-22 10:00:30.322 | INFO     | data.feature_engineer:build_features:271 - Dropped 205 NaN/inf rows → 43582 usable rows
2026-02-22 10:00:30.322 | INFO     | data.feature_engineer:build_features:274 - Label distribution: DOWN=14244 NEUTRAL=14402 UP=14936
2026-02-22 10:00:30.322 | INFO     | data.feature_engineer:build_features:281 - Regime: ranging=28292 trending_up=6340 trending_down=8950
2026-02-22 10:00:30.322 | INFO     | __main__:run_pipeline:58 - Features: 79 columns
2026-02-22 10:00:30.372 | INFO     | utils.splitter:time_split:37 - Split: train=30507 | val=6537 | test=6538
2026-02-22 10:00:30.372 | INFO     | utils.splitter:save_scaler:48 - Saved scaler -> models\saved\ETH_USD_scaler.pkl
2026-02-22 10:00:30.372 | INFO     | models.catboost_model:train:34 - Training CatBoost for ETH/USD...
2026-02-22 10:00:32.687 | SUCCESS  | models.catboost_model:train:42 - CatBoost val accuracy: 0.3785
2026-02-22 10:00:32.687 | INFO     | models.catboost_model:save:50 - Saved CatBoost -> models\saved\ETH_USD_catboost.cbm
2026-02-22 10:00:32.709 | INFO     | models.cnn_model:train:116 - Training 1D CNN for ETH/USD on cuda — 30483 train samples
2026-02-22 10:00:34.530 | INFO     | models.cnn_model:train:145 -   Epoch   0 | val_loss=0.9488 | val_acc=0.3883
2026-02-22 10:00:46.736 | INFO     | models.cnn_model:train:154 - Early stopping at epoch 8
2026-02-22 10:00:46.738 | SUCCESS  | models.cnn_model:train:158 - 1D CNN best val_loss: 0.9486
2026-02-22 10:00:46.741 | INFO     | models.cnn_model:save:173 - Saved 1D CNN -> models\saved\ETH_USD_cnn.pt
2026-02-22 10:00:46.747 | INFO     | models.lstm_model:train:91 - Training LSTM for ETH/USD on cuda — 30483 train samples
2026-02-22 10:00:47.957 | INFO     | models.lstm_model:train:122 -   Epoch   0 | val_loss=0.9508 | val_acc=0.3819
2026-02-22 10:00:56.555 | INFO     | models.lstm_model:train:131 - Early stopping at epoch 7
2026-02-22 10:00:56.556 | SUCCESS  | models.lstm_model:train:135 - LSTM best val_loss: 0.9508
2026-02-22 10:00:56.558 | INFO     | models.lstm_model:save:151 - Saved LSTM -> models\saved\ETH_USD_lstm.pt
2026-02-22 10:01:07.227 | SUCCESS  | models.ensemble:optimise_weights:88 - Optimised weights: TFT=0.020 CNN=0.440 LSTM=0.540 | acc=0.3956
2026-02-22 10:01:07.230 | INFO     | models.ensemble:save_weights:138 - Saved ensemble weights -> models\saved\ETH_USD_ensemble_weights.pkl
2026-02-22 10:01:17.296 | INFO     | models.ensemble:generate_signals:119 - Signal distribution (threshold=0.38): BUY=1625 (24.9%)  SELL=1911 (29.2%)  HOLD=3002 (45.9%)
2026-02-22 10:01:17.296 | INFO     | __main__:run_pipeline:95 - Test accuracy: 0.3344
2026-02-22 10:01:17.306 | INFO     | backtest.engine:_compute_metrics:200 - ETH/USD Results: Return=-75.54% | Sharpe=-3.05 | MaxDD=-76.53% | WinRate=41.15% | Trades=226 (L:114 S:112)
2026-02-22 10:01:17.311 | INFO     | backtest.engine:save_results:218 - Results saved -> backtest\results\ETH_USD_backtest.json
2026-02-22 10:01:17.319 | INFO     | __main__:run_pipeline:53 - 
============================================================
Processing: XRP/USD
============================================================
2026-02-22 10:01:17.320 | INFO     | data.feature_engineer:build_features:247 - Building features for XRP/USD (43788 rows)
2026-02-22 10:01:17.481 | INFO     | data.feature_engineer:build_features:271 - Dropped 205 NaN/inf rows → 43583 usable rows
2026-02-22 10:01:17.481 | INFO     | data.feature_engineer:build_features:274 - Label distribution: DOWN=15206 NEUTRAL=13298 UP=15079
2026-02-22 10:01:17.481 | INFO     | data.feature_engineer:build_features:281 - Regime: ranging=28214 trending_up=6036 trending_down=9333
2026-02-22 10:01:17.481 | INFO     | __main__:run_pipeline:58 - Features: 79 columns
2026-02-22 10:01:17.532 | INFO     | utils.splitter:time_split:37 - Split: train=30508 | val=6537 | test=6538
2026-02-22 10:01:17.536 | INFO     | utils.splitter:save_scaler:48 - Saved scaler -> models\saved\XRP_USD_scaler.pkl
2026-02-22 10:01:17.536 | INFO     | models.catboost_model:train:34 - Training CatBoost for XRP/USD...
2026-02-22 10:01:18.506 | SUCCESS  | models.catboost_model:train:42 - CatBoost val accuracy: 0.3838
2026-02-22 10:01:18.506 | INFO     | models.catboost_model:save:50 - Saved CatBoost -> models\saved\XRP_USD_catboost.cbm
2026-02-22 10:01:18.526 | INFO     | models.cnn_model:train:116 - Training 1D CNN for XRP/USD on cuda — 30484 train samples
2026-02-22 10:01:20.321 | INFO     | models.cnn_model:train:145 -   Epoch   0 | val_loss=0.9637 | val_acc=0.3640
2026-02-22 10:01:30.920 | INFO     | models.cnn_model:train:154 - Early stopping at epoch 7
2026-02-22 10:01:30.920 | SUCCESS  | models.cnn_model:train:158 - 1D CNN best val_loss: 0.9637
2026-02-22 10:01:30.931 | INFO     | models.cnn_model:save:173 - Saved 1D CNN -> models\saved\XRP_USD_cnn.pt
2026-02-22 10:01:30.935 | INFO     | models.lstm_model:train:91 - Training LSTM for XRP/USD on cuda — 30484 train samples
2026-02-22 10:01:32.096 | INFO     | models.lstm_model:train:122 -   Epoch   0 | val_loss=0.9411 | val_acc=0.3680
2026-02-22 10:01:40.350 | INFO     | models.lstm_model:train:131 - Early stopping at epoch 7
2026-02-22 10:01:40.351 | SUCCESS  | models.lstm_model:train:135 - LSTM best val_loss: 0.9411
2026-02-22 10:01:40.354 | INFO     | models.lstm_model:save:151 - Saved LSTM -> models\saved\XRP_USD_lstm.pt
2026-02-22 10:01:50.213 | SUCCESS  | models.ensemble:optimise_weights:88 - Optimised weights: TFT=0.910 CNN=0.000 LSTM=0.090 | acc=0.3847
2026-02-22 10:01:50.219 | INFO     | models.ensemble:save_weights:138 - Saved ensemble weights -> models\saved\XRP_USD_ensemble_weights.pkl
2026-02-22 10:02:00.369 | INFO     | models.ensemble:generate_signals:119 - Signal distribution (threshold=0.38): BUY=962 (14.7%)  SELL=3762 (57.5%)  HOLD=1814 (27.7%)
2026-02-22 10:02:00.369 | INFO     | __main__:run_pipeline:95 - Test accuracy: 0.3552
2026-02-22 10:02:00.369 | INFO     | backtest.engine:_compute_metrics:200 - XRP/USD Results: Return=-81.93% | Sharpe=-3.25 | MaxDD=-84.67% | WinRate=45.76% | Trades=389 (L:177 S:212)
2026-02-22 10:02:00.388 | INFO     | backtest.engine:save_results:218 - Results saved -> backtest\results\XRP_USD_backtest.json
2026-02-22 10:02:00.394 | INFO     | __main__:run_pipeline:53 - 
============================================================
Processing: SOL/USD
============================================================
2026-02-22 10:02:00.395 | INFO     | data.feature_engineer:build_features:247 - Building features for SOL/USD (43787 rows)
2026-02-22 10:02:00.536 | INFO     | data.feature_engineer:build_features:271 - Dropped 205 NaN/inf rows → 43582 usable rows
2026-02-22 10:02:00.553 | INFO     | data.feature_engineer:build_features:274 - Label distribution: DOWN=12652 NEUTRAL=17711 UP=13219
2026-02-22 10:02:00.554 | INFO     | data.feature_engineer:build_features:281 - Regime: ranging=28100 trending_up=6713 trending_down=8769
2026-02-22 10:02:00.554 | INFO     | __main__:run_pipeline:58 - Features: 79 columns
2026-02-22 10:02:00.593 | INFO     | utils.splitter:time_split:37 - Split: train=30507 | val=6537 | test=6538
2026-02-22 10:02:00.604 | INFO     | utils.splitter:save_scaler:48 - Saved scaler -> models\saved\SOL_USD_scaler.pkl
2026-02-22 10:02:00.604 | INFO     | models.catboost_model:train:34 - Training CatBoost for SOL/USD...
2026-02-22 10:02:01.422 | SUCCESS  | models.catboost_model:train:42 - CatBoost val accuracy: 0.3052
2026-02-22 10:02:01.422 | INFO     | models.catboost_model:save:50 - Saved CatBoost -> models\saved\SOL_USD_catboost.cbm
2026-02-22 10:02:01.440 | INFO     | models.cnn_model:train:116 - Training 1D CNN for SOL/USD on cuda — 30483 train samples
2026-02-22 10:02:03.081 | INFO     | models.cnn_model:train:145 -   Epoch   0 | val_loss=1.1204 | val_acc=0.3057
2026-02-22 10:02:15.296 | INFO     | models.cnn_model:train:154 - Early stopping at epoch 8
2026-02-22 10:02:15.296 | SUCCESS  | models.cnn_model:train:158 - 1D CNN best val_loss: 1.0304
2026-02-22 10:02:15.304 | INFO     | models.cnn_model:save:173 - Saved 1D CNN -> models\saved\SOL_USD_cnn.pt
2026-02-22 10:02:15.308 | INFO     | models.lstm_model:train:91 - Training LSTM for SOL/USD on cuda — 30483 train samples
2026-02-22 10:02:16.548 | INFO     | models.lstm_model:train:122 -   Epoch   0 | val_loss=1.0329 | val_acc=0.2991
2026-02-22 10:02:26.748 | INFO     | models.lstm_model:train:131 - Early stopping at epoch 8
2026-02-22 10:02:26.748 | SUCCESS  | models.lstm_model:train:135 - LSTM best val_loss: 1.0284
2026-02-22 10:02:26.755 | INFO     | models.lstm_model:save:151 - Saved LSTM -> models\saved\SOL_USD_lstm.pt
2026-02-22 10:02:36.529 | SUCCESS  | models.ensemble:optimise_weights:88 - Optimised weights: TFT=0.010 CNN=0.900 LSTM=0.090 | acc=0.3095
2026-02-22 10:02:36.529 | INFO     | models.ensemble:save_weights:138 - Saved ensemble weights -> models\saved\SOL_USD_ensemble_weights.pkl
2026-02-22 10:02:46.195 | INFO     | models.ensemble:generate_signals:119 - Signal distribution (threshold=0.38): BUY=973 (14.9%)  SELL=4514 (69.0%)  HOLD=1051 (16.1%)
2026-02-22 10:02:46.195 | INFO     | __main__:run_pipeline:95 - Test accuracy: 0.3148
2026-02-22 10:02:46.205 | INFO     | backtest.engine:_compute_metrics:200 - SOL/USD Results: Return=-6.13% | Sharpe=-0.03 | MaxDD=-32.24% | WinRate=47.55% | Trades=143 (L:64 S:79)
2026-02-22 10:02:46.209 | INFO     | backtest.engine:save_results:218 - Results saved -> backtest\results\SOL_USD_backtest.json
2026-02-22 10:02:46.216 | INFO     | __main__:run_pipeline:53 - 
============================================================
Processing: AVAX/USD
============================================================
2026-02-22 10:02:46.216 | INFO     | data.feature_engineer:build_features:247 - Building features for AVAX/USD (43787 rows)
2026-02-22 10:02:46.364 | INFO     | data.feature_engineer:build_features:271 - Dropped 205 NaN/inf rows → 43582 usable rows
2026-02-22 10:02:46.370 | INFO     | data.feature_engineer:build_features:274 - Label distribution: DOWN=14244 NEUTRAL=14400 UP=14938
2026-02-22 10:02:46.370 | INFO     | data.feature_engineer:build_features:281 - Regime: ranging=28292 trending_up=6340 trending_down=8950
2026-02-22 10:02:46.370 | INFO     | __main__:run_pipeline:58 - Features: 79 columns
2026-02-22 10:02:46.420 | INFO     | utils.splitter:time_split:37 - Split: train=30507 | val=6537 | test=6538
2026-02-22 10:02:46.421 | INFO     | utils.splitter:save_scaler:48 - Saved scaler -> models\saved\AVAX_USD_scaler.pkl
2026-02-22 10:02:46.421 | INFO     | models.catboost_model:train:34 - Training CatBoost for AVAX/USD...
2026-02-22 10:02:49.136 | SUCCESS  | models.catboost_model:train:42 - CatBoost val accuracy: 0.3736
2026-02-22 10:02:49.136 | INFO     | models.catboost_model:save:50 - Saved CatBoost -> models\saved\AVAX_USD_catboost.cbm
2026-02-22 10:02:49.153 | INFO     | models.cnn_model:train:116 - Training 1D CNN for AVAX/USD on cuda — 30483 train samples
2026-02-22 10:02:50.895 | INFO     | models.cnn_model:train:145 -   Epoch   0 | val_loss=0.9670 | val_acc=0.3900
2026-02-22 10:03:03.762 | INFO     | models.cnn_model:train:154 - Early stopping at epoch 8
2026-02-22 10:03:03.763 | SUCCESS  | models.cnn_model:train:158 - 1D CNN best val_loss: 0.9526
2026-02-22 10:03:03.770 | INFO     | models.cnn_model:save:173 - Saved 1D CNN -> models\saved\AVAX_USD_cnn.pt
2026-02-22 10:03:03.774 | INFO     | models.lstm_model:train:91 - Training LSTM for AVAX/USD on cuda — 30483 train samples
2026-02-22 10:03:05.040 | INFO     | models.lstm_model:train:122 -   Epoch   0 | val_loss=0.9479 | val_acc=0.3686
2026-02-22 10:03:14.161 | INFO     | models.lstm_model:train:131 - Early stopping at epoch 7
2026-02-22 10:03:14.163 | SUCCESS  | models.lstm_model:train:135 - LSTM best val_loss: 0.9479
2026-02-22 10:03:14.165 | INFO     | models.lstm_model:save:151 - Saved LSTM -> models\saved\AVAX_USD_lstm.pt
2026-02-22 10:03:24.469 | SUCCESS  | models.ensemble:optimise_weights:88 - Optimised weights: TFT=0.000 CNN=0.280 LSTM=0.720 | acc=0.3821
2026-02-22 10:03:24.469 | INFO     | models.ensemble:save_weights:138 - Saved ensemble weights -> models\saved\AVAX_USD_ensemble_weights.pkl
2026-02-22 10:03:34.803 | INFO     | models.ensemble:generate_signals:119 - Signal distribution (threshold=0.38): BUY=2248 (34.4%)  SELL=517 (7.9%)  HOLD=3773 (57.7%)
2026-02-22 10:03:34.803 | INFO     | __main__:run_pipeline:95 - Test accuracy: 0.3337
2026-02-22 10:03:34.820 | INFO     | backtest.engine:_compute_metrics:200 - AVAX/USD Results: Return=-72.03% | Sharpe=-2.78 | MaxDD=-73.86% | WinRate=37.50% | Trades=200 (L:138 S:62)
2026-02-22 10:03:34.831 | INFO     | backtest.engine:save_results:218 - Results saved -> backtest\results\AVAX_USD_backtest.json
2026-02-22 10:03:34.836 | INFO     | __main__:run_pipeline:53 - 
============================================================
Processing: LINK/USD
============================================================
2026-02-22 10:03:34.836 | INFO     | data.feature_engineer:build_features:247 - Building features for LINK/USD (43787 rows)
2026-02-22 10:03:35.005 | INFO     | data.feature_engineer:build_features:271 - Dropped 205 NaN/inf rows → 43582 usable rows
2026-02-22 10:03:35.006 | INFO     | data.feature_engineer:build_features:274 - Label distribution: DOWN=16679 NEUTRAL=10188 UP=16715
2026-02-22 10:03:35.007 | INFO     | data.feature_engineer:build_features:281 - Regime: ranging=29123 trending_up=6113 trending_down=8346
2026-02-22 10:03:35.007 | INFO     | __main__:run_pipeline:58 - Features: 79 columns
2026-02-22 10:03:35.057 | INFO     | utils.splitter:time_split:37 - Split: train=30507 | val=6537 | test=6538
2026-02-22 10:03:35.061 | INFO     | utils.splitter:save_scaler:48 - Saved scaler -> models\saved\LINK_USD_scaler.pkl
2026-02-22 10:03:35.061 | INFO     | models.catboost_model:train:34 - Training CatBoost for LINK/USD...
2026-02-22 10:03:38.390 | SUCCESS  | models.catboost_model:train:42 - CatBoost val accuracy: 0.4222
2026-02-22 10:03:38.392 | INFO     | models.catboost_model:save:50 - Saved CatBoost -> models\saved\LINK_USD_catboost.cbm
2026-02-22 10:03:38.404 | INFO     | models.cnn_model:train:116 - Training 1D CNN for LINK/USD on cuda — 30483 train samples
2026-02-22 10:03:40.108 | INFO     | models.cnn_model:train:145 -   Epoch   0 | val_loss=0.8859 | val_acc=0.4354
2026-02-22 10:03:50.769 | INFO     | models.cnn_model:train:154 - Early stopping at epoch 7
2026-02-22 10:03:50.769 | SUCCESS  | models.cnn_model:train:158 - 1D CNN best val_loss: 0.8859
2026-02-22 10:03:50.778 | INFO     | models.cnn_model:save:173 - Saved 1D CNN -> models\saved\LINK_USD_cnn.pt
2026-02-22 10:03:50.790 | INFO     | models.lstm_model:train:91 - Training LSTM for LINK/USD on cuda — 30483 train samples
2026-02-22 10:03:51.988 | INFO     | models.lstm_model:train:122 -   Epoch   0 | val_loss=0.8877 | val_acc=0.4167
2026-02-22 10:04:00.535 | INFO     | models.lstm_model:train:131 - Early stopping at epoch 7
2026-02-22 10:04:00.535 | SUCCESS  | models.lstm_model:train:135 - LSTM best val_loss: 0.8877
2026-02-22 10:04:00.540 | INFO     | models.lstm_model:save:151 - Saved LSTM -> models\saved\LINK_USD_lstm.pt
2026-02-22 10:04:10.802 | SUCCESS  | models.ensemble:optimise_weights:88 - Optimised weights: TFT=0.230 CNN=0.360 LSTM=0.410 | acc=0.4427
2026-02-22 10:04:10.802 | INFO     | models.ensemble:save_weights:138 - Saved ensemble weights -> models\saved\LINK_USD_ensemble_weights.pkl
2026-02-22 10:04:20.845 | INFO     | models.ensemble:generate_signals:119 - Signal distribution (threshold=0.38): BUY=649 (9.9%)  SELL=680 (10.4%)  HOLD=5209 (79.7%)
2026-02-22 10:04:20.846 | INFO     | __main__:run_pipeline:95 - Test accuracy: 0.3763
2026-02-22 10:04:20.854 | INFO     | backtest.engine:_compute_metrics:200 - LINK/USD Results: Return=-44.85% | Sharpe=-1.24 | MaxDD=-55.01% | WinRate=32.50% | Trades=120 (L:49 S:71)
2026-02-22 10:04:20.858 | INFO     | backtest.engine:save_results:218 - Results saved -> backtest\results\LINK_USD_backtest.json
2026-02-22 10:04:20.866 | INFO     | __main__:run_pipeline:53 - 
============================================================
Processing: MATIC/USD
============================================================
2026-02-22 10:04:20.866 | INFO     | data.feature_engineer:build_features:247 - Building features for MATIC/USD (31071 rows)
2026-02-22 10:04:20.985 | INFO     | data.feature_engineer:build_features:271 - Dropped 205 NaN/inf rows → 30866 usable rows
2026-02-22 10:04:20.985 | INFO     | data.feature_engineer:build_features:274 - Label distribution: DOWN=11944 NEUTRAL=7346 UP=11576
2026-02-22 10:04:20.985 | INFO     | data.feature_engineer:build_features:281 - Regime: ranging=20272 trending_up=4408 trending_down=6186
2026-02-22 10:04:20.985 | INFO     | __main__:run_pipeline:58 - Features: 79 columns
2026-02-22 10:04:21.027 | INFO     | utils.splitter:time_split:37 - Split: train=21606 | val=4630 | test=4630
2026-02-22 10:04:21.030 | INFO     | utils.splitter:save_scaler:48 - Saved scaler -> models\saved\MATIC_USD_scaler.pkl
2026-02-22 10:04:21.030 | INFO     | models.catboost_model:train:34 - Training CatBoost for MATIC/USD...
2026-02-22 10:04:22.609 | SUCCESS  | models.catboost_model:train:42 - CatBoost val accuracy: 0.3905
2026-02-22 10:04:22.609 | INFO     | models.catboost_model:save:50 - Saved CatBoost -> models\saved\MATIC_USD_catboost.cbm
2026-02-22 10:04:22.623 | INFO     | models.cnn_model:train:116 - Training 1D CNN for MATIC/USD on cuda — 21582 train samples
2026-02-22 10:04:24.011 | INFO     | models.cnn_model:train:145 -   Epoch   0 | val_loss=0.9517 | val_acc=0.3565
2026-02-22 10:04:32.552 | INFO     | models.cnn_model:train:154 - Early stopping at epoch 8
2026-02-22 10:04:32.552 | SUCCESS  | models.cnn_model:train:158 - 1D CNN best val_loss: 0.9385
2026-02-22 10:04:32.561 | INFO     | models.cnn_model:save:173 - Saved 1D CNN -> models\saved\MATIC_USD_cnn.pt
2026-02-22 10:04:32.564 | INFO     | models.lstm_model:train:91 - Training LSTM for MATIC/USD on cuda — 21582 train samples
2026-02-22 10:04:33.396 | INFO     | models.lstm_model:train:122 -   Epoch   0 | val_loss=0.9620 | val_acc=0.3500
2026-02-22 10:04:39.501 | INFO     | models.lstm_model:train:131 - Early stopping at epoch 7
2026-02-22 10:04:39.501 | SUCCESS  | models.lstm_model:train:135 - LSTM best val_loss: 0.9620
2026-02-22 10:04:39.508 | INFO     | models.lstm_model:save:151 - Saved LSTM -> models\saved\MATIC_USD_lstm.pt
2026-02-22 10:04:46.603 | SUCCESS  | models.ensemble:optimise_weights:88 - Optimised weights: TFT=0.940 CNN=0.050 LSTM=0.010 | acc=0.3929
2026-02-22 10:04:46.603 | INFO     | models.ensemble:save_weights:138 - Saved ensemble weights -> models\saved\MATIC_USD_ensemble_weights.pkl
2026-02-22 10:04:53.719 | INFO     | models.ensemble:generate_signals:119 - Signal distribution (threshold=0.38): BUY=6 (0.1%)  SELL=320 (6.9%)  HOLD=4304 (93.0%)
2026-02-22 10:04:53.719 | INFO     | __main__:run_pipeline:95 - Test accuracy: 0.3516
2026-02-22 10:04:53.719 | INFO     | backtest.engine:_compute_metrics:200 - MATIC/USD Results: Return=-21.90% | Sharpe=-1.41 | MaxDD=-29.89% | WinRate=27.59% | Trades=29 (L:4 S:25)
2026-02-22 10:04:53.735 | INFO     | backtest.engine:save_results:218 - Results saved -> backtest\results\MATIC_USD_backtest.json
2026-02-22 10:04:53.737 | INFO     | __main__:run_pipeline:53 - 
============================================================
Processing: INJ/USD
============================================================
2026-02-22 10:04:53.737 | INFO     | data.feature_engineer:build_features:247 - Building features for INJ/USD (43787 rows)
2026-02-22 10:04:53.885 | INFO     | data.feature_engineer:build_features:271 - Dropped 205 NaN/inf rows → 43582 usable rows
2026-02-22 10:04:53.900 | INFO     | data.feature_engineer:build_features:274 - Label distribution: DOWN=18136 NEUTRAL=8173 UP=17273
2026-02-22 10:04:53.902 | INFO     | data.feature_engineer:build_features:281 - Regime: ranging=29304 trending_up=8767 trending_down=5511
2026-02-22 10:04:53.902 | INFO     | __main__:run_pipeline:58 - Features: 79 columns
2026-02-22 10:04:53.942 | INFO     | utils.splitter:time_split:37 - Split: train=30507 | val=6537 | test=6538
2026-02-22 10:04:53.952 | INFO     | utils.splitter:save_scaler:48 - Saved scaler -> models\saved\INJ_USD_scaler.pkl
2026-02-22 10:04:53.952 | INFO     | models.catboost_model:train:34 - Training CatBoost for INJ/USD...
2026-02-22 10:04:54.949 | SUCCESS  | models.catboost_model:train:42 - CatBoost val accuracy: 0.4265
2026-02-22 10:04:54.952 | INFO     | models.catboost_model:save:50 - Saved CatBoost -> models\saved\INJ_USD_catboost.cbm
2026-02-22 10:04:54.964 | INFO     | models.cnn_model:train:116 - Training 1D CNN for INJ/USD on cuda — 30483 train samples
2026-02-22 10:04:56.618 | INFO     | models.cnn_model:train:145 -   Epoch   0 | val_loss=0.8704 | val_acc=0.4251
2026-02-22 10:05:07.344 | INFO     | models.cnn_model:train:154 - Early stopping at epoch 7
2026-02-22 10:05:07.349 | SUCCESS  | models.cnn_model:train:158 - 1D CNN best val_loss: 0.8704
2026-02-22 10:05:07.355 | INFO     | models.cnn_model:save:173 - Saved 1D CNN -> models\saved\INJ_USD_cnn.pt
2026-02-22 10:05:07.360 | INFO     | models.lstm_model:train:91 - Training LSTM for INJ/USD on cuda — 30483 train samples
2026-02-22 10:05:08.589 | INFO     | models.lstm_model:train:122 -   Epoch   0 | val_loss=0.8706 | val_acc=0.4322
2026-02-22 10:05:16.994 | INFO     | models.lstm_model:train:131 - Early stopping at epoch 7
2026-02-22 10:05:16.994 | SUCCESS  | models.lstm_model:train:135 - LSTM best val_loss: 0.8706
2026-02-22 10:05:17.001 | INFO     | models.lstm_model:save:151 - Saved LSTM -> models\saved\INJ_USD_lstm.pt
2026-02-22 10:05:27.372 | SUCCESS  | models.ensemble:optimise_weights:88 - Optimised weights: TFT=0.240 CNN=0.440 LSTM=0.320 | acc=0.4444
2026-02-22 10:05:27.372 | INFO     | models.ensemble:save_weights:138 - Saved ensemble weights -> models\saved\INJ_USD_ensemble_weights.pkl
2026-02-22 10:05:36.587 | INFO     | models.ensemble:generate_signals:119 - Signal distribution (threshold=0.38): BUY=184 (2.8%)  SELL=177 (2.7%)  HOLD=6177 (94.5%)
2026-02-22 10:05:36.594 | INFO     | __main__:run_pipeline:95 - Test accuracy: 0.4003
2026-02-22 10:05:36.596 | INFO     | backtest.engine:_compute_metrics:200 - INJ/USD Results: Return=-18.11% | Sharpe=-0.39 | MaxDD=-44.62% | WinRate=36.23% | Trades=69 (L:47 S:22)
2026-02-22 10:05:36.609 | INFO     | backtest.engine:save_results:218 - Results saved -> backtest\results\INJ_USD_backtest.json
2026-02-22 10:05:36.611 | INFO     | __main__:run_pipeline:53 - 
============================================================
Processing: ARB/USD
============================================================
2026-02-22 10:05:36.611 | INFO     | data.feature_engineer:build_features:247 - Building features for ARB/USD (25589 rows)
2026-02-22 10:05:36.721 | INFO     | data.feature_engineer:build_features:271 - Dropped 200 NaN/inf rows → 25389 usable rows
2026-02-22 10:05:36.721 | INFO     | data.feature_engineer:build_features:274 - Label distribution: DOWN=9960 NEUTRAL=6061 UP=9368
2026-02-22 10:05:36.723 | INFO     | data.feature_engineer:build_features:281 - Regime: ranging=17103 trending_up=3189 trending_down=5097
2026-02-22 10:05:36.723 | INFO     | __main__:run_pipeline:58 - Features: 79 columns
2026-02-22 10:05:36.751 | INFO     | utils.splitter:time_split:37 - Split: train=17772 | val=3808 | test=3809
2026-02-22 10:05:36.754 | INFO     | utils.splitter:save_scaler:48 - Saved scaler -> models\saved\ARB_USD_scaler.pkl
2026-02-22 10:05:36.754 | INFO     | models.catboost_model:train:34 - Training CatBoost for ARB/USD...
2026-02-22 10:05:37.859 | SUCCESS  | models.catboost_model:train:42 - CatBoost val accuracy: 0.4002
2026-02-22 10:05:37.859 | INFO     | models.catboost_model:save:50 - Saved CatBoost -> models\saved\ARB_USD_catboost.cbm
2026-02-22 10:05:37.870 | INFO     | models.cnn_model:train:116 - Training 1D CNN for ARB/USD on cuda — 17748 train samples
2026-02-22 10:05:38.971 | INFO     | models.cnn_model:train:145 -   Epoch   0 | val_loss=0.8960 | val_acc=0.4289
2026-02-22 10:05:45.104 | INFO     | models.cnn_model:train:154 - Early stopping at epoch 7
2026-02-22 10:05:45.105 | SUCCESS  | models.cnn_model:train:158 - 1D CNN best val_loss: 0.8960
2026-02-22 10:05:45.105 | INFO     | models.cnn_model:save:173 - Saved 1D CNN -> models\saved\ARB_USD_cnn.pt
2026-02-22 10:05:45.113 | INFO     | models.lstm_model:train:91 - Training LSTM for ARB/USD on cuda — 17748 train samples
2026-02-22 10:05:45.795 | INFO     | models.lstm_model:train:122 -   Epoch   0 | val_loss=0.8843 | val_acc=0.4136
2026-02-22 10:05:50.504 | INFO     | models.lstm_model:train:131 - Early stopping at epoch 7
2026-02-22 10:05:50.511 | SUCCESS  | models.lstm_model:train:135 - LSTM best val_loss: 0.8843
2026-02-22 10:05:50.511 | INFO     | models.lstm_model:save:151 - Saved LSTM -> models\saved\ARB_USD_lstm.pt
2026-02-22 10:05:56.484 | SUCCESS  | models.ensemble:optimise_weights:88 - Optimised weights: TFT=0.030 CNN=0.500 LSTM=0.470 | acc=0.4351
2026-02-22 10:05:56.484 | INFO     | models.ensemble:save_weights:138 - Saved ensemble weights -> models\saved\ARB_USD_ensemble_weights.pkl
2026-02-22 10:06:02.013 | INFO     | models.ensemble:generate_signals:119 - Signal distribution (threshold=0.38): BUY=396 (10.4%)  SELL=321 (8.4%)  HOLD=3092 (81.2%)
2026-02-22 10:06:02.013 | INFO     | __main__:run_pipeline:95 - Test accuracy: 0.4017
2026-02-22 10:06:02.019 | INFO     | backtest.engine:_compute_metrics:200 - ARB/USD Results: Return=-50.47% | Sharpe=-1.79 | MaxDD=-54.98% | WinRate=29.07% | Trades=86 (L:41 S:45)
2026-02-22 10:06:02.027 | INFO     | backtest.engine:save_results:218 - Results saved -> backtest\results\ARB_USD_backtest.json
2026-02-22 10:06:02.028 | INFO     | __main__:run_pipeline:53 - 
============================================================
Processing: OP/USD
============================================================
2026-02-22 10:06:02.028 | INFO     | data.feature_engineer:build_features:247 - Building features for OP/USD (32676 rows)
2026-02-22 10:06:02.151 | INFO     | data.feature_engineer:build_features:271 - Dropped 205 NaN/inf rows → 32471 usable rows
2026-02-22 10:06:02.151 | INFO     | data.feature_engineer:build_features:274 - Label distribution: DOWN=13147 NEUTRAL=6816 UP=12508
2026-02-22 10:06:02.151 | INFO     | data.feature_engineer:build_features:281 - Regime: ranging=21923 trending_up=4864 trending_down=5684
2026-02-22 10:06:02.151 | INFO     | __main__:run_pipeline:58 - Features: 79 columns
2026-02-22 10:06:02.188 | INFO     | utils.splitter:time_split:37 - Split: train=22729 | val=4871 | test=4871
2026-02-22 10:06:02.188 | INFO     | utils.splitter:save_scaler:48 - Saved scaler -> models\saved\OP_USD_scaler.pkl
2026-02-22 10:06:02.188 | INFO     | models.catboost_model:train:34 - Training CatBoost for OP/USD...
2026-02-22 10:06:03.168 | SUCCESS  | models.catboost_model:train:42 - CatBoost val accuracy: 0.4118
2026-02-22 10:06:03.168 | INFO     | models.catboost_model:save:50 - Saved CatBoost -> models\saved\OP_USD_catboost.cbm
2026-02-22 10:06:03.188 | INFO     | models.cnn_model:train:116 - Training 1D CNN for OP/USD on cuda — 22705 train samples
2026-02-22 10:06:04.556 | INFO     | models.cnn_model:train:145 -   Epoch   0 | val_loss=0.9051 | val_acc=0.3974
2026-02-22 10:06:13.668 | INFO     | models.cnn_model:train:154 - Early stopping at epoch 8
2026-02-22 10:06:13.668 | SUCCESS  | models.cnn_model:train:158 - 1D CNN best val_loss: 0.8957
2026-02-22 10:06:13.678 | INFO     | models.cnn_model:save:173 - Saved 1D CNN -> models\saved\OP_USD_cnn.pt
2026-02-22 10:06:13.683 | INFO     | models.lstm_model:train:91 - Training LSTM for OP/USD on cuda — 22705 train samples
2026-02-22 10:06:14.552 | INFO     | models.lstm_model:train:122 -   Epoch   0 | val_loss=0.8762 | val_acc=0.4190
2026-02-22 10:06:20.751 | INFO     | models.lstm_model:train:131 - Early stopping at epoch 7
2026-02-22 10:06:20.751 | SUCCESS  | models.lstm_model:train:135 - LSTM best val_loss: 0.8762
2026-02-22 10:06:20.751 | INFO     | models.lstm_model:save:151 - Saved LSTM -> models\saved\OP_USD_lstm.pt
2026-02-22 10:06:27.943 | SUCCESS  | models.ensemble:optimise_weights:88 - Optimised weights: TFT=0.000 CNN=0.070 LSTM=0.930 | acc=0.4243
2026-02-22 10:06:27.945 | INFO     | models.ensemble:save_weights:138 - Saved ensemble weights -> models\saved\OP_USD_ensemble_weights.pkl
2026-02-22 10:06:35.351 | INFO     | models.ensemble:generate_signals:119 - Signal distribution (threshold=0.38): BUY=1536 (31.5%)  SELL=241 (4.9%)  HOLD=3094 (63.5%)
2026-02-22 10:06:35.351 | INFO     | __main__:run_pipeline:95 - Test accuracy: 0.3925
2026-02-22 10:06:35.361 | INFO     | backtest.engine:_compute_metrics:200 - OP/USD Results: Return=-68.20% | Sharpe=-1.75 | MaxDD=-83.17% | WinRate=33.33% | Trades=198 (L:170 S:28)
2026-02-22 10:06:35.368 | INFO     | backtest.engine:save_results:218 - Results saved -> backtest\results\OP_USD_backtest.json
2026-02-22 10:06:35.371 | INFO     | __main__:run_pipeline:53 - 
============================================================
Processing: RUNE/USD
============================================================
2026-02-22 10:06:35.372 | INFO     | data.feature_engineer:build_features:247 - Building features for RUNE/USD (43787 rows)
2026-02-22 10:06:35.521 | INFO     | data.feature_engineer:build_features:271 - Dropped 205 NaN/inf rows → 43582 usable rows
2026-02-22 10:06:35.529 | INFO     | data.feature_engineer:build_features:274 - Label distribution: DOWN=17847 NEUTRAL=8803 UP=16932
2026-02-22 10:06:35.529 | INFO     | data.feature_engineer:build_features:281 - Regime: ranging=29115 trending_up=6826 trending_down=7641
2026-02-22 10:06:35.529 | INFO     | __main__:run_pipeline:58 - Features: 79 columns
2026-02-22 10:06:35.572 | INFO     | utils.splitter:time_split:37 - Split: train=30507 | val=6537 | test=6538
2026-02-22 10:06:35.579 | INFO     | utils.splitter:save_scaler:48 - Saved scaler -> models\saved\RUNE_USD_scaler.pkl
2026-02-22 10:06:35.579 | INFO     | models.catboost_model:train:34 - Training CatBoost for RUNE/USD...
2026-02-22 10:06:36.584 | SUCCESS  | models.catboost_model:train:42 - CatBoost val accuracy: 0.4426
2026-02-22 10:06:36.584 | INFO     | models.catboost_model:save:50 - Saved CatBoost -> models\saved\RUNE_USD_catboost.cbm
2026-02-22 10:06:36.598 | INFO     | models.cnn_model:train:116 - Training 1D CNN for RUNE/USD on cuda — 30483 train samples
2026-02-22 10:06:38.371 | INFO     | models.cnn_model:train:145 -   Epoch   0 | val_loss=0.9124 | val_acc=0.4144
2026-02-22 10:06:52.119 | INFO     | models.cnn_model:train:154 - Early stopping at epoch 9
2026-02-22 10:06:52.119 | SUCCESS  | models.cnn_model:train:158 - 1D CNN best val_loss: 0.8996
2026-02-22 10:06:52.127 | INFO     | models.cnn_model:save:173 - Saved 1D CNN -> models\saved\RUNE_USD_cnn.pt
2026-02-22 10:06:52.134 | INFO     | models.lstm_model:train:91 - Training LSTM for RUNE/USD on cuda — 30483 train samples
2026-02-22 10:06:53.351 | INFO     | models.lstm_model:train:122 -   Epoch   0 | val_loss=0.8763 | val_acc=0.4222
2026-02-22 10:07:03.051 | INFO     | models.lstm_model:train:131 - Early stopping at epoch 8
2026-02-22 10:07:03.051 | SUCCESS  | models.lstm_model:train:135 - LSTM best val_loss: 0.8734
2026-02-22 10:07:03.051 | INFO     | models.lstm_model:save:151 - Saved LSTM -> models\saved\RUNE_USD_lstm.pt
2026-02-22 10:07:13.350 | SUCCESS  | models.ensemble:optimise_weights:88 - Optimised weights: TFT=1.000 CNN=0.000 LSTM=0.000 | acc=0.4426
2026-02-22 10:07:13.350 | INFO     | models.ensemble:save_weights:138 - Saved ensemble weights -> models\saved\RUNE_USD_ensemble_weights.pkl
2026-02-22 10:07:23.067 | INFO     | models.ensemble:generate_signals:119 - Signal distribution (threshold=0.38): BUY=2376 (36.3%)  SELL=1108 (16.9%)  HOLD=3054 (46.7%)
2026-02-22 10:07:23.067 | INFO     | __main__:run_pipeline:95 - Test accuracy: 0.3425
2026-02-22 10:07:23.085 | INFO     | backtest.engine:_compute_metrics:200 - RUNE/USD Results: Return=-90.93% | Sharpe=-4.38 | MaxDD=-91.51% | WinRate=34.37% | Trades=387 (L:230 S:157)
2026-02-22 10:07:23.090 | INFO     | backtest.engine:save_results:218 - Results saved -> backtest\results\RUNE_USD_backtest.json
2026-02-22 10:07:23.097 | INFO     | __main__:run_pipeline:53 - 
============================================================
Processing: DOGE/USD
============================================================
2026-02-22 10:07:23.098 | INFO     | data.feature_engineer:build_features:247 - Building features for DOGE/USD (43787 rows)
2026-02-22 10:07:23.248 | INFO     | data.feature_engineer:build_features:271 - Dropped 205 NaN/inf rows → 43582 usable rows
2026-02-22 10:07:23.249 | INFO     | data.feature_engineer:build_features:274 - Label distribution: DOWN=16167 NEUTRAL=11657 UP=15758
2026-02-22 10:07:23.250 | INFO     | data.feature_engineer:build_features:281 - Regime: ranging=27637 trending_up=6981 trending_down=8964
2026-02-22 10:07:23.250 | INFO     | __main__:run_pipeline:58 - Features: 79 columns
2026-02-22 10:07:23.296 | INFO     | utils.splitter:time_split:37 - Split: train=30507 | val=6537 | test=6538
2026-02-22 10:07:23.300 | INFO     | utils.splitter:save_scaler:48 - Saved scaler -> models\saved\DOGE_USD_scaler.pkl
2026-02-22 10:07:23.301 | INFO     | models.catboost_model:train:34 - Training CatBoost for DOGE/USD...
2026-02-22 10:07:25.505 | SUCCESS  | models.catboost_model:train:42 - CatBoost val accuracy: 0.4094
2026-02-22 10:07:25.505 | INFO     | models.catboost_model:save:50 - Saved CatBoost -> models\saved\DOGE_USD_catboost.cbm
2026-02-22 10:07:25.527 | INFO     | models.cnn_model:train:116 - Training 1D CNN for DOGE/USD on cuda — 30483 train samples
2026-02-22 10:07:27.211 | INFO     | models.cnn_model:train:145 -   Epoch   0 | val_loss=0.8956 | val_acc=0.4072
2026-02-22 10:07:37.900 | INFO     | models.cnn_model:train:154 - Early stopping at epoch 7
2026-02-22 10:07:37.902 | SUCCESS  | models.cnn_model:train:158 - 1D CNN best val_loss: 0.8956
2026-02-22 10:07:37.903 | INFO     | models.cnn_model:save:173 - Saved 1D CNN -> models\saved\DOGE_USD_cnn.pt
2026-02-22 10:07:37.912 | INFO     | models.lstm_model:train:91 - Training LSTM for DOGE/USD on cuda — 30483 train samples
2026-02-22 10:07:39.100 | INFO     | models.lstm_model:train:122 -   Epoch   0 | val_loss=0.8993 | val_acc=0.4069
2026-02-22 10:07:47.643 | INFO     | models.lstm_model:train:131 - Early stopping at epoch 7
2026-02-22 10:07:47.643 | SUCCESS  | models.lstm_model:train:135 - LSTM best val_loss: 0.8993
2026-02-22 10:07:47.643 | INFO     | models.lstm_model:save:151 - Saved LSTM -> models\saved\DOGE_USD_lstm.pt
2026-02-22 10:07:57.449 | SUCCESS  | models.ensemble:optimise_weights:88 - Optimised weights: TFT=0.000 CNN=0.350 LSTM=0.650 | acc=0.4188
2026-02-22 10:07:57.449 | INFO     | models.ensemble:save_weights:138 - Saved ensemble weights -> models\saved\DOGE_USD_ensemble_weights.pkl
2026-02-22 10:08:07.298 | INFO     | models.ensemble:generate_signals:119 - Signal distribution (threshold=0.38): BUY=211 (3.2%)  SELL=2662 (40.7%)  HOLD=3665 (56.1%)
2026-02-22 10:08:07.298 | INFO     | __main__:run_pipeline:95 - Test accuracy: 0.3900
2026-02-22 10:08:07.306 | INFO     | backtest.engine:_compute_metrics:200 - DOGE/USD Results: Return=64.02% | Sharpe=1.37 | MaxDD=-45.01% | WinRate=42.39% | Trades=184 (L:35 S:149)
2026-02-22 10:08:07.316 | INFO     | backtest.engine:save_results:218 - Results saved -> backtest\results\DOGE_USD_backtest.json
2026-02-22 10:08:07.321 | INFO     | __main__:run_pipeline:53 - 
============================================================
Processing: ADA/USD
============================================================
2026-02-22 10:08:07.321 | INFO     | data.feature_engineer:build_features:247 - Building features for ADA/USD (43787 rows)
2026-02-22 10:08:07.478 | INFO     | data.feature_engineer:build_features:271 - Dropped 205 NaN/inf rows → 43582 usable rows
2026-02-22 10:08:07.478 | INFO     | data.feature_engineer:build_features:274 - Label distribution: DOWN=16524 NEUTRAL=11386 UP=15672
2026-02-22 10:08:07.484 | INFO     | data.feature_engineer:build_features:281 - Regime: ranging=29756 trending_up=5134 trending_down=8692
2026-02-22 10:08:07.485 | INFO     | __main__:run_pipeline:58 - Features: 79 columns
2026-02-22 10:08:07.536 | INFO     | utils.splitter:time_split:37 - Split: train=30507 | val=6537 | test=6538
2026-02-22 10:08:07.536 | INFO     | utils.splitter:save_scaler:48 - Saved scaler -> models\saved\ADA_USD_scaler.pkl
2026-02-22 10:08:07.546 | INFO     | models.catboost_model:train:34 - Training CatBoost for ADA/USD...
2026-02-22 10:08:08.588 | SUCCESS  | models.catboost_model:train:42 - CatBoost val accuracy: 0.4250
2026-02-22 10:08:08.593 | INFO     | models.catboost_model:save:50 - Saved CatBoost -> models\saved\ADA_USD_catboost.cbm
2026-02-22 10:08:08.594 | INFO     | models.cnn_model:train:116 - Training 1D CNN for ADA/USD on cuda — 30483 train samples
2026-02-22 10:08:10.354 | INFO     | models.cnn_model:train:145 -   Epoch   0 | val_loss=0.8969 | val_acc=0.4084
2026-02-22 10:08:22.569 | INFO     | models.cnn_model:train:154 - Early stopping at epoch 8
2026-02-22 10:08:22.569 | SUCCESS  | models.cnn_model:train:158 - 1D CNN best val_loss: 0.8894
2026-02-22 10:08:22.577 | INFO     | models.cnn_model:save:173 - Saved 1D CNN -> models\saved\ADA_USD_cnn.pt
2026-02-22 10:08:22.584 | INFO     | models.lstm_model:train:91 - Training LSTM for ADA/USD on cuda — 30483 train samples
2026-02-22 10:08:23.732 | INFO     | models.lstm_model:train:122 -   Epoch   0 | val_loss=0.8891 | val_acc=0.4228
2026-02-22 10:08:32.056 | INFO     | models.lstm_model:train:131 - Early stopping at epoch 7
2026-02-22 10:08:32.066 | SUCCESS  | models.lstm_model:train:135 - LSTM best val_loss: 0.8891
2026-02-22 10:08:32.066 | INFO     | models.lstm_model:save:151 - Saved LSTM -> models\saved\ADA_USD_lstm.pt
2026-02-22 10:08:41.917 | SUCCESS  | models.ensemble:optimise_weights:88 - Optimised weights: TFT=0.280 CNN=0.600 LSTM=0.120 | acc=0.4453
2026-02-22 10:08:41.921 | INFO     | models.ensemble:save_weights:138 - Saved ensemble weights -> models\saved\ADA_USD_ensemble_weights.pkl
2026-02-22 10:08:52.349 | INFO     | models.ensemble:generate_signals:119 - Signal distribution (threshold=0.38): BUY=2849 (43.6%)  SELL=866 (13.2%)  HOLD=2823 (43.2%)
2026-02-22 10:08:52.349 | INFO     | __main__:run_pipeline:95 - Test accuracy: 0.3548
2026-02-22 10:08:52.367 | INFO     | backtest.engine:_compute_metrics:200 - ADA/USD Results: Return=-88.31% | Sharpe=-3.73 | MaxDD=-89.87% | WinRate=30.71% | Trades=241 (L:172 S:69)
2026-02-22 10:08:52.375 | INFO     | backtest.engine:save_results:218 - Results saved -> backtest\results\ADA_USD_backtest.json
