2026-04-13 23:11:58.006 | INFO     | __main__:main:886 - Tiers [original]: 38 symbols selected
2026-04-13 23:11:58.010 | INFO     | __main__:main:950 - Running 76 combos with 1 parallel worker(s) across 1 GPU(s)
2026-04-13 23:28:35.586 | INFO     | __main__:main:986 - [1/76] BTC/USD 4h done
2026-04-13 23:34:06.340 | INFO     | __main__:main:986 - [2/76] BTC/USD 1d done
2026-04-13 23:48:53.746 | INFO     | __main__:main:986 - [3/76] ETH/USD 4h done
2026-04-13 23:54:42.696 | INFO     | __main__:main:986 - [4/76] ETH/USD 1d done
2026-04-14 00:07:38.521 | INFO     | __main__:main:986 - [5/76] SOL/USD 4h done
2026-04-14 00:14:19.237 | INFO     | __main__:main:986 - [6/76] SOL/USD 1d done
2026-04-14 00:33:19.859 | INFO     | __main__:main:986 - [7/76] XRP/USD 4h done
2026-04-14 00:41:22.018 | INFO     | __main__:main:986 - [8/76] XRP/USD 1d done
2026-04-14 01:00:17.345 | INFO     | __main__:main:986 - [9/76] ADA/USD 4h done
2026-04-14 01:08:22.006 | INFO     | __main__:main:986 - [10/76] ADA/USD 1d done
2026-04-14 01:27:25.603 | INFO     | __main__:main:986 - [11/76] AVAX/USD 4h done
2026-04-14 01:34:06.231 | INFO     | __main__:main:986 - [12/76] AVAX/USD 1d done
2026-04-14 01:53:03.023 | INFO     | __main__:main:986 - [13/76] DOT/USD 4h done
2026-04-14 02:00:29.305 | INFO     | __main__:main:986 - [14/76] DOT/USD 1d done
2026-04-14 02:15:16.246 | INFO     | __main__:main:986 - [15/76] POL/USD 4h done
2026-04-14 02:18:53.237 | INFO     | __main__:main:986 - [16/76] POL/USD 1d done
2026-04-14 02:37:08.365 | INFO     | __main__:main:986 - [17/76] LTC/USD 4h done
2026-04-14 02:45:01.809 | INFO     | __main__:main:986 - [18/76] LTC/USD 1d done
2026-04-14 03:04:05.186 | INFO     | __main__:main:986 - [19/76] BCH/USD 4h done
2026-04-14 03:12:17.652 | INFO     | __main__:main:986 - [20/76] BCH/USD 1d done
2026-04-14 03:31:02.206 | INFO     | __main__:main:986 - [21/76] LINK/USD 4h done
2026-04-14 03:39:02.331 | INFO     | __main__:main:986 - [22/76] LINK/USD 1d done
2026-04-14 03:57:40.462 | INFO     | __main__:main:986 - [23/76] DOGE/USD 4h done
2026-04-14 04:05:15.768 | INFO     | __main__:main:986 - [24/76] DOGE/USD 1d done
2026-04-14 04:23:42.718 | INFO     | __main__:main:986 - [25/76] ETC/USD 4h done
2026-04-14 04:30:55.811 | INFO     | __main__:main:986 - [26/76] ETC/USD 1d done
2026-04-14 04:49:51.354 | INFO     | __main__:main:986 - [27/76] XLM/USD 4h done
2026-04-14 04:57:24.894 | INFO     | __main__:main:986 - [28/76] XLM/USD 1d done
2026-04-14 05:16:16.612 | INFO     | __main__:main:986 - [29/76] ATOM/USD 4h done
2026-04-14 05:23:35.809 | INFO     | __main__:main:986 - [30/76] ATOM/USD 1d done
2026-04-14 05:41:49.223 | INFO     | __main__:main:986 - [31/76] ALGO/USD 4h done
2026-04-14 05:49:16.020 | INFO     | __main__:main:986 - [32/76] ALGO/USD 1d done
2026-04-14 06:08:04.646 | INFO     | __main__:main:986 - [33/76] NEAR/USD 4h done
2026-04-14 06:13:33.074 | INFO     | __main__:main:986 - [34/76] NEAR/USD 1d done
2026-04-14 06:21:27.478 | INFO     | __main__:main:986 - [35/76] S/USD 4h done
2026-04-14 06:21:33.655 | WARNING  | __main__:main:980 - [36/76] S/USD 1d — no result
2026-04-14 06:40:53.785 | INFO     | __main__:main:986 - [37/76] XTZ/USD 4h done
2026-04-14 06:49:04.770 | INFO     | __main__:main:986 - [38/76] XTZ/USD 1d done
2026-04-14 07:00:54.821 | INFO     | __main__:main:986 - [39/76] EOS/USD 4h done
2026-04-14 07:07:29.864 | INFO     | __main__:main:986 - [40/76] EOS/USD 1d done
2026-04-14 07:25:30.740 | INFO     | __main__:main:986 - [41/76] UNI/USD 4h done
2026-04-14 07:33:01.645 | INFO     | __main__:main:986 - [42/76] UNI/USD 1d done
2026-04-14 07:52:20.258 | INFO     | __main__:main:986 - [43/76] AAVE/USD 4h done
2026-04-14 08:00:27.699 | INFO     | __main__:main:986 - [44/76] AAVE/USD 1d done
2026-04-14 08:12:56.043 | INFO     | __main__:main:986 - [45/76] MKR/USD 4h done
2026-04-14 08:18:58.284 | INFO     | __main__:main:986 - [46/76] MKR/USD 1d done
2026-04-14 08:38:00.657 | INFO     | __main__:main:986 - [47/76] COMP/USD 4h done
2026-04-14 08:45:31.862 | INFO     | __main__:main:986 - [48/76] COMP/USD 1d done
2026-04-14 09:04:43.870 | INFO     | __main__:main:986 - [49/76] SNX/USD 4h done
2026-04-14 09:12:42.706 | INFO     | __main__:main:986 - [50/76] SNX/USD 1d done
2026-04-14 09:30:41.138 | INFO     | __main__:main:986 - [51/76] CRV/USD 4h done
2026-04-14 09:38:04.183 | INFO     | __main__:main:986 - [52/76] CRV/USD 1d done
2026-04-14 09:58:23.866 | INFO     | __main__:main:986 - [53/76] GRT/USD 4h done
2026-04-14 10:05:43.031 | INFO     | __main__:main:986 - [54/76] GRT/USD 1d done
2026-04-14 10:24:38.295 | INFO     | __main__:main:986 - [55/76] INJ/USD 4h done
2026-04-14 10:30:30.977 | INFO     | __main__:main:986 - [56/76] INJ/USD 1d done
2026-04-14 10:49:12.143 | INFO     | __main__:main:986 - [57/76] ARB/USD 4h done
2026-04-14 10:54:28.019 | INFO     | __main__:main:986 - [58/76] ARB/USD 1d done
2026-04-14 11:13:26.907 | INFO     | __main__:main:986 - [59/76] OP/USD 4h done
2026-04-14 11:17:35.117 | INFO     | __main__:main:986 - [60/76] OP/USD 1d done
2026-04-14 11:37:33.736 | INFO     | __main__:main:986 - [61/76] RUNE/USD 4h done
2026-04-14 11:42:33.039 | INFO     | __main__:main:986 - [62/76] RUNE/USD 1d done
2026-04-14 11:57:30.562 | INFO     | __main__:main:986 - [63/76] FIL/USD 4h done
2026-04-14 12:03:42.692 | INFO     | __main__:main:986 - [64/76] FIL/USD 1d done
2026-04-14 12:19:25.826 | INFO     | __main__:main:986 - [65/76] XMR/USD 4h done
2026-04-14 12:26:10.737 | INFO     | __main__:main:986 - [66/76] XMR/USD 1d done
2026-04-14 12:40:22.816 | INFO     | __main__:main:986 - [67/76] ZEC/USD 4h done
2026-04-14 12:46:40.423 | INFO     | __main__:main:986 - [68/76] ZEC/USD 1d done
2026-04-14 13:03:06.837 | INFO     | __main__:main:986 - [69/76] DASH/USD 4h done
2026-04-14 13:10:14.951 | INFO     | __main__:main:986 - [70/76] DASH/USD 1d done
2026-04-14 13:26:35.022 | INFO     | __main__:main:986 - [71/76] EUR/USD 4h done
2026-04-14 13:33:19.372 | INFO     | __main__:main:986 - [72/76] EUR/USD 1d done
2026-04-14 13:50:41.537 | INFO     | __main__:main:986 - [73/76] GBP/USD 4h done
2026-04-14 13:59:56.518 | INFO     | __main__:main:986 - [74/76] GBP/USD 1d done
2026-04-14 14:15:02.351 | INFO     | __main__:main:986 - [75/76] AUD/USD 4h done
2026-04-14 14:20:21.011 | INFO     | __main__:main:986 - [76/76] AUD/USD 1d done
2026-04-14 14:20:22.669 | INFO     | src.notifier:send:15 - [Telegram disabled] ✅ <b>Scan Complete</b> (15.1h)
Combos: 76 | Failed: 1 | Skipped: 0
<b>Strong: 0</b> | Good: 0
Output: expanded_scan_20260413_231158.csv
