2026-04-14 19:24:06.672 | INFO     | __main__:main:902 - Tiers [original]: 38 symbols selected
2026-04-14 19:24:06.679 | INFO     | __main__:main:966 - Running 114 combos with 1 parallel worker(s) across 1 GPU(s)
2026-04-14 20:25:34.976 | INFO     | __main__:main:1002 - [1/114] BTC/USD 1h done
2026-04-14 20:26:36.225 | INFO     | __main__:main:1002 - [2/114] BTC/USD 4h done
2026-04-14 20:32:03.081 | INFO     | __main__:main:1002 - [3/114] BTC/USD 1d done
2026-04-14 21:28:57.209 | INFO     | __main__:main:1002 - [4/114] ETH/USD 1h done
2026-04-14 21:46:17.439 | INFO     | __main__:main:1002 - [5/114] ETH/USD 4h done
2026-04-14 21:51:50.212 | INFO     | __main__:main:1002 - [6/114] ETH/USD 1d done
2026-04-14 22:55:24.988 | INFO     | __main__:main:1002 - [7/114] SOL/USD 1h done
2026-04-14 22:56:17.502 | INFO     | __main__:main:1002 - [8/114] SOL/USD 4h done
2026-04-14 23:02:13.879 | INFO     | __main__:main:1002 - [9/114] SOL/USD 1d done
2026-04-15 00:05:30.693 | INFO     | __main__:main:1002 - [10/114] XRP/USD 1h done
2026-04-15 00:06:28.566 | INFO     | __main__:main:1002 - [11/114] XRP/USD 4h done
2026-04-15 00:12:45.805 | INFO     | __main__:main:1002 - [12/114] XRP/USD 1d done
2026-04-15 01:22:27.558 | INFO     | __main__:main:1002 - [13/114] ADA/USD 1h done
2026-04-15 01:23:22.416 | INFO     | __main__:main:1002 - [14/114] ADA/USD 4h done
2026-04-15 01:29:31.241 | INFO     | __main__:main:1002 - [15/114] ADA/USD 1d done
2026-04-15 02:35:30.393 | INFO     | __main__:main:1002 - [16/114] AVAX/USD 1h done
2026-04-15 02:36:23.039 | INFO     | __main__:main:1002 - [17/114] AVAX/USD 4h done
2026-04-15 02:40:56.701 | INFO     | __main__:main:1002 - [18/114] AVAX/USD 1d done
2026-04-15 03:48:46.140 | INFO     | __main__:main:1002 - [19/114] DOT/USD 1h done
2026-04-15 03:49:44.067 | INFO     | __main__:main:1002 - [20/114] DOT/USD 4h done
2026-04-15 03:55:29.858 | INFO     | __main__:main:1002 - [21/114] DOT/USD 1d done
2026-04-15 04:44:25.775 | INFO     | __main__:main:1002 - [22/114] POL/USD 1h done
2026-04-15 04:45:06.582 | INFO     | __main__:main:1002 - [23/114] POL/USD 4h done
2026-04-15 04:48:32.793 | INFO     | __main__:main:1002 - [24/114] POL/USD 1d done
2026-04-15 05:57:08.678 | INFO     | __main__:main:1002 - [25/114] LTC/USD 1h done
2026-04-15 05:58:06.813 | INFO     | __main__:main:1002 - [26/114] LTC/USD 4h done
2026-04-15 06:03:58.337 | INFO     | __main__:main:1002 - [27/114] LTC/USD 1d done
2026-04-15 07:13:34.113 | INFO     | __main__:main:1002 - [28/114] BCH/USD 1h done
2026-04-15 07:14:34.559 | INFO     | __main__:main:1002 - [29/114] BCH/USD 4h done
2026-04-15 07:20:48.153 | INFO     | __main__:main:1002 - [30/114] BCH/USD 1d done
2026-04-15 08:24:39.548 | INFO     | __main__:main:1002 - [31/114] LINK/USD 1h done
2026-04-15 08:25:39.671 | INFO     | __main__:main:1002 - [32/114] LINK/USD 4h done
2026-04-15 08:31:35.280 | INFO     | __main__:main:1002 - [33/114] LINK/USD 1d done
2026-04-15 09:33:43.456 | INFO     | __main__:main:1002 - [34/114] DOGE/USD 1h done
2026-04-15 09:34:41.342 | INFO     | __main__:main:1002 - [35/114] DOGE/USD 4h done
2026-04-15 09:40:35.029 | INFO     | __main__:main:1002 - [36/114] DOGE/USD 1d done
2026-04-15 10:41:59.086 | INFO     | __main__:main:1002 - [37/114] ETC/USD 1h done
2026-04-15 10:42:59.413 | INFO     | __main__:main:1002 - [38/114] ETC/USD 4h done
2026-04-15 10:48:43.096 | INFO     | __main__:main:1002 - [39/114] ETC/USD 1d done
2026-04-15 11:56:40.070 | INFO     | __main__:main:1002 - [40/114] XLM/USD 1h done
2026-04-15 11:57:39.206 | INFO     | __main__:main:1002 - [41/114] XLM/USD 4h done
2026-04-15 12:03:28.497 | INFO     | __main__:main:1002 - [42/114] XLM/USD 1d done
2026-04-15 13:07:56.504 | INFO     | __main__:main:1002 - [43/114] ATOM/USD 1h done
2026-04-15 13:08:45.201 | INFO     | __main__:main:1002 - [44/114] ATOM/USD 4h done
2026-04-15 13:13:23.504 | INFO     | __main__:main:1002 - [45/114] ATOM/USD 1d done
2026-04-15 14:17:19.133 | INFO     | __main__:main:1002 - [46/114] ALGO/USD 1h done
2026-04-15 14:18:02.610 | INFO     | __main__:main:1002 - [47/114] ALGO/USD 4h done
2026-04-15 14:22:51.435 | INFO     | __main__:main:1002 - [48/114] ALGO/USD 1d done
2026-04-15 15:17:52.498 | INFO     | __main__:main:1002 - [49/114] NEAR/USD 1h done
2026-04-15 15:18:35.308 | INFO     | __main__:main:1002 - [50/114] NEAR/USD 4h done
2026-04-15 15:21:43.372 | INFO     | __main__:main:1002 - [51/114] NEAR/USD 1d done
2026-04-15 15:41:11.982 | INFO     | __main__:main:1002 - [52/114] S/USD 1h done
2026-04-15 15:41:29.342 | INFO     | __main__:main:1002 - [53/114] S/USD 4h done
2026-04-15 15:41:29.410 | WARNING  | __main__:main:996 - [54/114] S/USD 1d — no result
2026-04-15 16:46:16.626 | INFO     | __main__:main:1002 - [55/114] XTZ/USD 1h done
2026-04-15 16:47:16.306 | INFO     | __main__:main:1002 - [56/114] XTZ/USD 4h done
2026-04-15 16:53:13.244 | INFO     | __main__:main:1002 - [57/114] XTZ/USD 1d done
2026-04-15 17:33:14.626 | INFO     | __main__:main:1002 - [58/114] EOS/USD 1h done
2026-04-15 17:33:41.771 | INFO     | __main__:main:1002 - [59/114] EOS/USD 4h done
2026-04-15 17:38:21.610 | INFO     | __main__:main:1002 - [60/114] EOS/USD 1d done
2026-04-15 18:42:04.816 | INFO     | __main__:main:1002 - [61/114] UNI/USD 1h done
2026-04-15 18:42:46.239 | INFO     | __main__:main:1002 - [62/114] UNI/USD 4h done
2026-04-15 18:47:27.073 | INFO     | __main__:main:1002 - [63/114] UNI/USD 1d done
2026-04-15 19:44:40.809 | INFO     | __main__:main:1002 - [64/114] AAVE/USD 1h done
2026-04-15 19:45:36.800 | INFO     | __main__:main:1002 - [65/114] AAVE/USD 4h done
2026-04-15 19:51:49.378 | INFO     | __main__:main:1002 - [66/114] AAVE/USD 1d done
2026-04-15 20:37:50.523 | INFO     | __main__:main:1002 - [67/114] MKR/USD 1h done
2026-04-15 20:38:29.666 | INFO     | __main__:main:1002 - [68/114] MKR/USD 4h done
2026-04-15 20:43:11.732 | INFO     | __main__:main:1002 - [69/114] MKR/USD 1d done
2026-04-15 21:35:19.918 | INFO     | __main__:main:1002 - [70/114] COMP/USD 1h done
2026-04-15 21:36:07.757 | INFO     | __main__:main:1002 - [71/114] COMP/USD 4h done
2026-04-15 21:40:41.172 | INFO     | __main__:main:1002 - [72/114] COMP/USD 1d done
2026-04-15 22:45:52.590 | INFO     | __main__:main:1002 - [73/114] SNX/USD 1h done
2026-04-15 22:46:41.937 | INFO     | __main__:main:1002 - [74/114] SNX/USD 4h done
2026-04-15 22:52:55.358 | INFO     | __main__:main:1002 - [75/114] SNX/USD 1d done
2026-04-15 23:57:12.823 | INFO     | __main__:main:1002 - [76/114] CRV/USD 1h done
2026-04-15 23:58:04.081 | INFO     | __main__:main:1002 - [77/114] CRV/USD 4h done
2026-04-16 00:03:47.090 | INFO     | __main__:main:1002 - [78/114] CRV/USD 1d done
2026-04-16 01:13:28.524 | INFO     | __main__:main:1002 - [79/114] GRT/USD 1h done
2026-04-16 01:14:27.312 | INFO     | __main__:main:1002 - [80/114] GRT/USD 4h done
2026-04-16 01:20:35.864 | INFO     | __main__:main:1002 - [81/114] GRT/USD 1d done
2026-04-16 02:26:44.619 | INFO     | __main__:main:1002 - [82/114] INJ/USD 1h done
2026-04-16 02:27:34.046 | INFO     | __main__:main:1002 - [83/114] INJ/USD 4h done
2026-04-16 02:33:11.467 | INFO     | __main__:main:1002 - [84/114] INJ/USD 1d done
2026-04-16 03:42:00.854 | INFO     | __main__:main:1002 - [85/114] ARB/USD 1h done
2026-04-16 03:42:54.551 | INFO     | __main__:main:1002 - [86/114] ARB/USD 4h done
2026-04-16 03:47:14.265 | INFO     | __main__:main:1002 - [87/114] ARB/USD 1d done
2026-04-16 04:58:07.908 | INFO     | __main__:main:1002 - [88/114] OP/USD 1h done
2026-04-16 04:59:00.570 | INFO     | __main__:main:1002 - [89/114] OP/USD 4h done
2026-04-16 05:02:46.408 | INFO     | __main__:main:1002 - [90/114] OP/USD 1d done
2026-04-16 06:04:36.063 | INFO     | __main__:main:1002 - [91/114] RUNE/USD 1h done
2026-04-16 06:05:34.855 | INFO     | __main__:main:1002 - [92/114] RUNE/USD 4h done
2026-04-16 06:10:53.230 | INFO     | __main__:main:1002 - [93/114] RUNE/USD 1d done
2026-04-16 07:17:46.798 | INFO     | __main__:main:1002 - [94/114] FIL/USD 1h done
2026-04-16 07:18:42.169 | INFO     | __main__:main:1002 - [95/114] FIL/USD 4h done
2026-04-16 07:24:46.829 | INFO     | __main__:main:1002 - [96/114] FIL/USD 1d done
2026-04-16 08:32:33.756 | INFO     | __main__:main:1002 - [97/114] XMR/USD 1h done
2026-04-16 08:33:32.595 | INFO     | __main__:main:1002 - [98/114] XMR/USD 4h done
2026-04-16 08:39:49.579 | INFO     | __main__:main:1002 - [99/114] XMR/USD 1d done
2026-04-16 09:44:16.751 | INFO     | __main__:main:1002 - [100/114] ZEC/USD 1h done
2026-04-16 10:01:03.694 | INFO     | __main__:main:1002 - [101/114] ZEC/USD 4h done
2026-04-16 10:07:12.643 | INFO     | __main__:main:1002 - [102/114] ZEC/USD 1d done
2026-04-16 11:12:22.173 | INFO     | __main__:main:1002 - [103/114] DASH/USD 1h done
2026-04-16 11:29:42.420 | INFO     | __main__:main:1002 - [104/114] DASH/USD 4h done
2026-04-16 11:35:49.672 | INFO     | __main__:main:1002 - [105/114] DASH/USD 1d done
2026-04-16 12:37:29.940 | INFO     | __main__:main:1002 - [106/114] EUR/USD 1h done
2026-04-16 12:38:31.983 | INFO     | __main__:main:1002 - [107/114] EUR/USD 4h done
2026-04-16 12:43:42.300 | INFO     | __main__:main:1002 - [108/114] EUR/USD 1d done
2026-04-16 13:44:12.766 | INFO     | __main__:main:1002 - [109/114] GBP/USD 1h done
2026-04-16 13:57:17.850 | INFO     | __main__:main:1002 - [110/114] GBP/USD 4h done
2026-04-16 14:01:29.224 | INFO     | __main__:main:1002 - [111/114] GBP/USD 1d done
2026-04-16 15:07:16.332 | INFO     | __main__:main:1002 - [112/114] AUD/USD 1h done
2026-04-16 15:23:01.934 | INFO     | __main__:main:1002 - [113/114] AUD/USD 4h done
2026-04-16 15:28:29.911 | INFO     | __main__:main:1002 - [114/114] AUD/USD 1d done
2026-04-16 15:28:31.162 | INFO     | src.notifier:send:15 - [Telegram disabled] ✅ <b>Scan Complete</b> (44.1h)
Combos: 114 | Failed: 1 | Skipped: 0
<b>Strong: 0</b> | Good: 0
Output: expanded_scan_20260414_192406.csv
