2026-03-04 10:15:12.128 | INFO     | __main__:main:284 - [1/6] DOGE/USD
2026-03-04 10:15:12.557 | INFO     | timeframe_comparison:fetch_ohlcv_timeframe:232 - Loaded DOGE/USD 4h from cache (10950 rows)
2026-03-04 10:15:12.557 | INFO     | data.feature_engineer:build_features:334 - Building features for unknown (10950 rows)
2026-03-04 10:15:12.673 | INFO     | data.feature_engineer:build_features:359 - Dropped 200 NaN/inf rows → 10750 usable rows
2026-03-04 10:15:12.674 | INFO     | data.feature_engineer:build_features:362 - Label distribution: DOWN=1423 NEUTRAL=7859 UP=1468
2026-03-04 10:15:12.675 | INFO     | data.feature_engineer:build_features:369 - Regime: ranging=4061 trending_up=2982 trending_down=3707
2026-03-04 10:15:14.031 | INFO     | models.lstm_model:train:118 - Training LSTM for DOGE/USD on cuda — 6426 train samples
2026-03-04 10:15:14.540 | INFO     | models.lstm_model:train:148 -   Epoch   0 | val_loss=1.1440 | val_acc=0.5607 | lr=0.000976
2026-03-04 10:15:14.828 | INFO     | models.lstm_model:train:148 -   Epoch   1 | val_loss=1.1966 | val_acc=0.6129 | lr=0.000905
2026-03-04 10:15:15.098 | INFO     | models.lstm_model:train:148 -   Epoch   2 | val_loss=1.2667 | val_acc=0.5753 | lr=0.000794
2026-03-04 10:15:15.358 | INFO     | models.lstm_model:train:148 -   Epoch   3 | val_loss=1.2857 | val_acc=0.5414 | lr=0.000655
2026-03-04 10:15:15.602 | INFO     | models.lstm_model:train:148 -   Epoch   4 | val_loss=1.3466 | val_acc=0.5644 | lr=0.000501
2026-03-04 10:15:15.892 | INFO     | models.lstm_model:train:148 -   Epoch   5 | val_loss=1.4259 | val_acc=0.5936 | lr=0.000346
2026-03-04 10:15:16.136 | INFO     | models.lstm_model:train:148 -   Epoch   6 | val_loss=1.4422 | val_acc=0.5974 | lr=0.000207
2026-03-04 10:15:16.420 | INFO     | models.lstm_model:train:148 -   Epoch   7 | val_loss=1.4691 | val_acc=0.5786 | lr=0.000096
2026-03-04 10:15:16.420 | INFO     | models.lstm_model:train:157 - Early stopping at epoch 7
2026-03-04 10:15:16.423 | SUCCESS  | models.lstm_model:train:161 - LSTM best val_loss: 1.1440
2026-03-04 10:15:17.827 | INFO     | models.ensemble:generate_signals:136 - Signal distribution (threshold=0.4443046748638153): BUY=32 (1.5%)  SELL=131 (6.1%)  HOLD=1987 (92.4%)
2026-03-04 10:15:17.833 | INFO     | backtest.filters:apply_filters:120 - Filters [4h] 10/163 removed (94% survive) — trend=0 vol=10 volume=0 funding=0 regime=0
2026-03-04 10:15:17.837 | INFO     | backtest.engine:_compute_metrics:223 -  Results: Return=7.41% | Sharpe=0.65 | MaxDD=-8.33% | WinRate=38.81% | Trades=67 (L:12 S:55)
