2026-03-04 10:45:46.959 | INFO     | __main__:main:282 - [1/6] DOGE/USD
2026-03-04 10:45:47.405 | INFO     | timeframe_comparison:fetch_ohlcv_timeframe:232 - Loaded DOGE/USD 4h from cache (10950 rows)
2026-03-04 10:45:47.405 | INFO     | data.feature_engineer:build_features:334 - Building features for unknown (10950 rows)
2026-03-04 10:45:47.514 | INFO     | data.feature_engineer:build_features:359 - Dropped 200 NaN/inf rows → 10750 usable rows
2026-03-04 10:45:47.515 | INFO     | data.feature_engineer:build_features:362 - Label distribution: DOWN=1423 NEUTRAL=7859 UP=1468
2026-03-04 10:45:47.515 | INFO     | data.feature_engineer:build_features:369 - Regime: ranging=4061 trending_up=2982 trending_down=3707
2026-03-04 10:45:48.839 | INFO     | models.lstm_model:train:118 - Training LSTM for DOGE/USD on cuda — 6426 train samples
2026-03-04 10:45:49.463 | INFO     | models.lstm_model:train:148 -   Epoch   0 | val_loss=1.1442 | val_acc=0.5235 | lr=0.000976
2026-03-04 10:45:49.724 | INFO     | models.lstm_model:train:148 -   Epoch   1 | val_loss=1.2241 | val_acc=0.6054 | lr=0.000905
2026-03-04 10:45:49.982 | INFO     | models.lstm_model:train:148 -   Epoch   2 | val_loss=1.2277 | val_acc=0.5188 | lr=0.000794
2026-03-04 10:45:50.240 | INFO     | models.lstm_model:train:148 -   Epoch   3 | val_loss=1.3156 | val_acc=0.5226 | lr=0.000655
2026-03-04 10:45:50.513 | INFO     | models.lstm_model:train:148 -   Epoch   4 | val_loss=1.3836 | val_acc=0.5710 | lr=0.000501
2026-03-04 10:45:50.775 | INFO     | models.lstm_model:train:148 -   Epoch   5 | val_loss=1.4097 | val_acc=0.5865 | lr=0.000346
2026-03-04 10:45:51.063 | INFO     | models.lstm_model:train:148 -   Epoch   6 | val_loss=1.4642 | val_acc=0.5936 | lr=0.000207
2026-03-04 10:45:51.333 | INFO     | models.lstm_model:train:148 -   Epoch   7 | val_loss=1.4819 | val_acc=0.5908 | lr=0.000096
2026-03-04 10:45:51.334 | INFO     | models.lstm_model:train:157 - Early stopping at epoch 7
2026-03-04 10:45:51.334 | SUCCESS  | models.lstm_model:train:161 - LSTM best val_loss: 1.1442
2026-03-04 10:45:52.645 | INFO     | models.ensemble:generate_signals:136 - Signal distribution (threshold=0.44788098335266113): BUY=16 (0.7%)  SELL=133 (6.2%)  HOLD=2001 (93.1%)
2026-03-04 10:45:52.649 | INFO     | backtest.filters:apply_filters:120 - Filters [4h] 4/149 removed (97% survive) — trend=0 vol=2 volume=2 funding=0 regime=0
2026-03-04 10:45:52.653 | INFO     | backtest.engine:_compute_metrics:223 -  Results: Return=16.95% | Sharpe=1.43 | MaxDD=-6.13% | WinRate=44.44% | Trades=54 (L:6 S:48)
2026-03-04 10:45:52.656 | INFO     | __main__:main:282 - [2/6] BTC/USD
2026-03-04 10:45:52.673 | INFO     | timeframe_comparison:fetch_ohlcv_timeframe:232 - Loaded BTC/USD 4h from cache (10950 rows)
2026-03-04 10:45:52.674 | INFO     | data.feature_engineer:build_features:334 - Building features for unknown (10950 rows)
2026-03-04 10:45:52.769 | INFO     | data.feature_engineer:build_features:359 - Dropped 200 NaN/inf rows → 10750 usable rows
2026-03-04 10:45:52.769 | INFO     | data.feature_engineer:build_features:362 - Label distribution: DOWN=662 NEUTRAL=9326 UP=762
2026-03-04 10:45:52.774 | INFO     | data.feature_engineer:build_features:369 - Regime: ranging=4760 trending_up=2769 trending_down=3221
2026-03-04 10:45:52.793 | INFO     | models.lstm_model:train:118 - Training LSTM for BTC/USD on cuda — 6426 train samples
2026-03-04 10:45:53.066 | INFO     | models.lstm_model:train:148 -   Epoch   0 | val_loss=0.9736 | val_acc=0.8142 | lr=0.000976
2026-03-04 10:45:53.351 | INFO     | models.lstm_model:train:148 -   Epoch   1 | val_loss=0.9692 | val_acc=0.7973 | lr=0.000905
2026-03-04 10:45:53.624 | INFO     | models.lstm_model:train:148 -   Epoch   2 | val_loss=0.9878 | val_acc=0.7126 | lr=0.000794
2026-03-04 10:45:53.885 | INFO     | models.lstm_model:train:148 -   Epoch   3 | val_loss=0.9482 | val_acc=0.8283 | lr=0.000655
2026-03-04 10:45:54.177 | INFO     | models.lstm_model:train:148 -   Epoch   4 | val_loss=1.0499 | val_acc=0.6242 | lr=0.000501
2026-03-04 10:45:54.449 | INFO     | models.lstm_model:train:148 -   Epoch   5 | val_loss=1.1221 | val_acc=0.4939 | lr=0.000346
2026-03-04 10:45:54.717 | INFO     | models.lstm_model:train:148 -   Epoch   6 | val_loss=1.0591 | val_acc=0.6712 | lr=0.000207
2026-03-04 10:45:55.005 | INFO     | models.lstm_model:train:148 -   Epoch   7 | val_loss=1.0893 | val_acc=0.6209 | lr=0.000096
2026-03-04 10:45:55.286 | INFO     | models.lstm_model:train:148 -   Epoch   8 | val_loss=1.0922 | val_acc=0.6101 | lr=0.000025
2026-03-04 10:45:55.563 | INFO     | models.lstm_model:train:148 -   Epoch   9 | val_loss=1.0905 | val_acc=0.6129 | lr=0.001000
2026-03-04 10:45:55.822 | INFO     | models.lstm_model:train:148 -   Epoch  10 | val_loss=1.1815 | val_acc=0.5141 | lr=0.000994
2026-03-04 10:45:55.822 | INFO     | models.lstm_model:train:157 - Early stopping at epoch 10
2026-03-04 10:45:55.822 | SUCCESS  | models.lstm_model:train:161 - LSTM best val_loss: 0.9482
2026-03-04 10:45:57.068 | INFO     | models.ensemble:generate_signals:136 - Signal distribution (threshold=0.48691059947013854): BUY=0 (0.0%)  SELL=155 (7.2%)  HOLD=1995 (92.8%)
2026-03-04 10:45:57.080 | INFO     | backtest.filters:apply_filters:120 - Filters [4h] 27/155 removed (83% survive) — trend=0 vol=26 volume=1 funding=0 regime=0
2026-03-04 10:45:57.084 | INFO     | backtest.engine:_compute_metrics:223 -  Results: Return=-5.70% | Sharpe=-1.38 | MaxDD=-6.81% | WinRate=29.63% | Trades=54 (L:0 S:54)
2026-03-04 10:45:57.087 | INFO     | __main__:main:282 - [3/6] ETH/USD
2026-03-04 10:45:57.101 | INFO     | timeframe_comparison:fetch_ohlcv_timeframe:232 - Loaded ETH/USD 4h from cache (10950 rows)
2026-03-04 10:45:57.101 | INFO     | data.feature_engineer:build_features:334 - Building features for unknown (10950 rows)
2026-03-04 10:45:57.191 | INFO     | data.feature_engineer:build_features:359 - Dropped 200 NaN/inf rows → 10750 usable rows
2026-03-04 10:45:57.192 | INFO     | data.feature_engineer:build_features:362 - Label distribution: DOWN=1082 NEUTRAL=8479 UP=1189
2026-03-04 10:45:57.192 | INFO     | data.feature_engineer:build_features:369 - Regime: ranging=4259 trending_up=2765 trending_down=3726
2026-03-04 10:45:57.210 | INFO     | models.lstm_model:train:118 - Training LSTM for ETH/USD on cuda — 6426 train samples
2026-03-04 10:45:57.514 | INFO     | models.lstm_model:train:148 -   Epoch   0 | val_loss=1.0324 | val_acc=0.7168 | lr=0.000976
2026-03-04 10:45:57.764 | INFO     | models.lstm_model:train:148 -   Epoch   1 | val_loss=1.0353 | val_acc=0.7446 | lr=0.000905
2026-03-04 10:45:58.021 | INFO     | models.lstm_model:train:148 -   Epoch   2 | val_loss=1.0902 | val_acc=0.7794 | lr=0.000794
2026-03-04 10:45:58.281 | INFO     | models.lstm_model:train:148 -   Epoch   3 | val_loss=1.1106 | val_acc=0.7662 | lr=0.000655
2026-03-04 10:45:58.545 | INFO     | models.lstm_model:train:148 -   Epoch   4 | val_loss=1.1607 | val_acc=0.7785 | lr=0.000501
2026-03-04 10:45:58.798 | INFO     | models.lstm_model:train:148 -   Epoch   5 | val_loss=1.1746 | val_acc=0.7394 | lr=0.000346
2026-03-04 10:45:59.062 | INFO     | models.lstm_model:train:148 -   Epoch   6 | val_loss=1.2417 | val_acc=0.7427 | lr=0.000207
2026-03-04 10:45:59.365 | INFO     | models.lstm_model:train:148 -   Epoch   7 | val_loss=1.2700 | val_acc=0.7573 | lr=0.000096
2026-03-04 10:45:59.365 | INFO     | models.lstm_model:train:157 - Early stopping at epoch 7
2026-03-04 10:45:59.365 | SUCCESS  | models.lstm_model:train:161 - LSTM best val_loss: 1.0324
2026-03-04 10:46:00.640 | INFO     | models.ensemble:generate_signals:136 - Signal distribution (threshold=0.4882073372602463): BUY=0 (0.0%)  SELL=95 (4.4%)  HOLD=2055 (95.6%)
2026-03-04 10:46:00.646 | INFO     | backtest.filters:apply_filters:120 - Filters [4h] 0/95 removed (100% survive) — trend=0 vol=0 volume=0 funding=0 regime=0
2026-03-04 10:46:00.649 | INFO     | backtest.engine:_compute_metrics:223 -  Results: Return=2.50% | Sharpe=0.39 | MaxDD=-4.26% | WinRate=37.50% | Trades=24 (L:0 S:24)
2026-03-04 10:46:00.652 | INFO     | __main__:main:282 - [4/6] SOL/USD
2026-03-04 10:46:00.669 | INFO     | timeframe_comparison:fetch_ohlcv_timeframe:232 - Loaded SOL/USD 4h from cache (10950 rows)
2026-03-04 10:46:00.669 | INFO     | data.feature_engineer:build_features:334 - Building features for unknown (10950 rows)
2026-03-04 10:46:00.760 | INFO     | data.feature_engineer:build_features:359 - Dropped 200 NaN/inf rows → 10750 usable rows
2026-03-04 10:46:00.761 | INFO     | data.feature_engineer:build_features:362 - Label distribution: DOWN=1624 NEUTRAL=7313 UP=1813
2026-03-04 10:46:00.762 | INFO     | data.feature_engineer:build_features:369 - Regime: ranging=4071 trending_up=3228 trending_down=3451
2026-03-04 10:46:00.780 | INFO     | models.lstm_model:train:118 - Training LSTM for SOL/USD on cuda — 6426 train samples
2026-03-04 10:46:01.051 | INFO     | models.lstm_model:train:148 -   Epoch   0 | val_loss=1.1043 | val_acc=0.2944 | lr=0.000976
2026-03-04 10:46:01.311 | INFO     | models.lstm_model:train:148 -   Epoch   1 | val_loss=1.1004 | val_acc=0.4516 | lr=0.000905
2026-03-04 10:46:01.580 | INFO     | models.lstm_model:train:148 -   Epoch   2 | val_loss=1.1175 | val_acc=0.4398 | lr=0.000794
2026-03-04 10:46:01.840 | INFO     | models.lstm_model:train:148 -   Epoch   3 | val_loss=1.1757 | val_acc=0.4017 | lr=0.000655
2026-03-04 10:46:02.098 | INFO     | models.lstm_model:train:148 -   Epoch   4 | val_loss=1.1689 | val_acc=0.4643 | lr=0.000501
2026-03-04 10:46:02.355 | INFO     | models.lstm_model:train:148 -   Epoch   5 | val_loss=1.1892 | val_acc=0.4440 | lr=0.000346
2026-03-04 10:46:02.621 | INFO     | models.lstm_model:train:148 -   Epoch   6 | val_loss=1.1848 | val_acc=0.4327 | lr=0.000207
2026-03-04 10:46:02.881 | INFO     | models.lstm_model:train:148 -   Epoch   7 | val_loss=1.2585 | val_acc=0.4464 | lr=0.000096
2026-03-04 10:46:03.142 | INFO     | models.lstm_model:train:148 -   Epoch   8 | val_loss=1.2762 | val_acc=0.4511 | lr=0.000025
2026-03-04 10:46:03.142 | INFO     | models.lstm_model:train:157 - Early stopping at epoch 8
2026-03-04 10:46:03.142 | SUCCESS  | models.lstm_model:train:161 - LSTM best val_loss: 1.1004
2026-03-04 10:46:04.390 | INFO     | models.ensemble:generate_signals:136 - Signal distribution (threshold=0.4948026120662689): BUY=171 (8.0%)  SELL=3 (0.1%)  HOLD=1976 (91.9%)
2026-03-04 10:46:04.396 | INFO     | backtest.filters:apply_filters:120 - Filters [4h] 9/174 removed (95% survive) — trend=0 vol=9 volume=0 funding=0 regime=0
2026-03-04 10:46:04.400 | INFO     | backtest.engine:_compute_metrics:223 -  Results: Return=-1.78% | Sharpe=-0.15 | MaxDD=-9.11% | WinRate=37.50% | Trades=48 (L:46 S:2)
2026-03-04 10:46:04.404 | INFO     | __main__:main:282 - [5/6] LINK/USD
2026-03-04 10:46:04.420 | INFO     | timeframe_comparison:fetch_ohlcv_timeframe:232 - Loaded LINK/USD 4h from cache (10950 rows)
2026-03-04 10:46:04.421 | INFO     | data.feature_engineer:build_features:334 - Building features for unknown (10950 rows)
2026-03-04 10:46:04.515 | INFO     | data.feature_engineer:build_features:359 - Dropped 200 NaN/inf rows → 10750 usable rows
2026-03-04 10:46:04.517 | INFO     | data.feature_engineer:build_features:362 - Label distribution: DOWN=1524 NEUTRAL=7568 UP=1658
2026-03-04 10:46:04.517 | INFO     | data.feature_engineer:build_features:369 - Regime: ranging=4295 trending_up=2816 trending_down=3639
2026-03-04 10:46:04.539 | INFO     | models.lstm_model:train:118 - Training LSTM for LINK/USD on cuda — 6426 train samples
2026-03-04 10:46:04.824 | INFO     | models.lstm_model:train:148 -   Epoch   0 | val_loss=1.1021 | val_acc=0.5005 | lr=0.000976
2026-03-04 10:46:05.092 | INFO     | models.lstm_model:train:148 -   Epoch   1 | val_loss=1.1005 | val_acc=0.4849 | lr=0.000905
2026-03-04 10:46:05.350 | INFO     | models.lstm_model:train:148 -   Epoch   2 | val_loss=1.1072 | val_acc=0.4530 | lr=0.000794
2026-03-04 10:46:05.615 | INFO     | models.lstm_model:train:148 -   Epoch   3 | val_loss=1.1307 | val_acc=0.4986 | lr=0.000655
2026-03-04 10:46:05.868 | INFO     | models.lstm_model:train:148 -   Epoch   4 | val_loss=1.1571 | val_acc=0.4581 | lr=0.000501
2026-03-04 10:46:06.125 | INFO     | models.lstm_model:train:148 -   Epoch   5 | val_loss=1.1888 | val_acc=0.4722 | lr=0.000346
2026-03-04 10:46:06.383 | INFO     | models.lstm_model:train:148 -   Epoch   6 | val_loss=1.2072 | val_acc=0.4873 | lr=0.000207
2026-03-04 10:46:06.656 | INFO     | models.lstm_model:train:148 -   Epoch   7 | val_loss=1.2295 | val_acc=0.5132 | lr=0.000096
2026-03-04 10:46:06.924 | INFO     | models.lstm_model:train:148 -   Epoch   8 | val_loss=1.2378 | val_acc=0.4831 | lr=0.000025
2026-03-04 10:46:06.924 | INFO     | models.lstm_model:train:157 - Early stopping at epoch 8
2026-03-04 10:46:06.924 | SUCCESS  | models.lstm_model:train:161 - LSTM best val_loss: 1.1005
2026-03-04 10:46:08.257 | INFO     | models.ensemble:generate_signals:136 - Signal distribution (threshold=0.4871095240116119): BUY=120 (5.6%)  SELL=70 (3.3%)  HOLD=1960 (91.2%)
2026-03-04 10:46:08.263 | INFO     | backtest.filters:apply_filters:120 - Filters [4h] 9/190 removed (95% survive) — trend=0 vol=9 volume=0 funding=0 regime=0
2026-03-04 10:46:08.268 | INFO     | backtest.engine:_compute_metrics:223 -  Results: Return=-6.33% | Sharpe=-0.60 | MaxDD=-10.25% | WinRate=32.81% | Trades=64 (L:44 S:20)
2026-03-04 10:46:08.270 | INFO     | __main__:main:282 - [6/6] ARB/USD
2026-03-04 10:46:08.282 | INFO     | timeframe_comparison:fetch_ohlcv_timeframe:232 - Loaded ARB/USD 4h from cache (6462 rows)
2026-03-04 10:46:08.282 | INFO     | data.feature_engineer:build_features:334 - Building features for unknown (6462 rows)
2026-03-04 10:46:08.361 | INFO     | data.feature_engineer:build_features:359 - Dropped 200 NaN/inf rows → 6262 usable rows
2026-03-04 10:46:08.361 | INFO     | data.feature_engineer:build_features:362 - Label distribution: DOWN=937 NEUTRAL=4501 UP=824
2026-03-04 10:46:08.363 | INFO     | data.feature_engineer:build_features:369 - Regime: ranging=2367 trending_up=1541 trending_down=2354
2026-03-04 10:46:08.374 | INFO     | models.lstm_model:train:118 - Training LSTM for ARB/USD on cuda — 3733 train samples
2026-03-04 10:46:08.549 | INFO     | models.lstm_model:train:148 -   Epoch   0 | val_loss=1.1788 | val_acc=0.2907 | lr=0.000976
2026-03-04 10:46:08.731 | INFO     | models.lstm_model:train:148 -   Epoch   1 | val_loss=1.1633 | val_acc=0.3632 | lr=0.000905
2026-03-04 10:46:08.889 | INFO     | models.lstm_model:train:148 -   Epoch   2 | val_loss=1.2055 | val_acc=0.4340 | lr=0.000794
2026-03-04 10:46:09.044 | INFO     | models.lstm_model:train:148 -   Epoch   3 | val_loss=1.2372 | val_acc=0.2883 | lr=0.000655
2026-03-04 10:46:09.197 | INFO     | models.lstm_model:train:148 -   Epoch   4 | val_loss=1.2733 | val_acc=0.4137 | lr=0.000501
2026-03-04 10:46:09.359 | INFO     | models.lstm_model:train:148 -   Epoch   5 | val_loss=1.2940 | val_acc=0.3836 | lr=0.000346
2026-03-04 10:46:09.518 | INFO     | models.lstm_model:train:148 -   Epoch   6 | val_loss=1.3445 | val_acc=0.3901 | lr=0.000207
2026-03-04 10:46:09.689 | INFO     | models.lstm_model:train:148 -   Epoch   7 | val_loss=1.3567 | val_acc=0.3746 | lr=0.000096
2026-03-04 10:46:09.851 | INFO     | models.lstm_model:train:148 -   Epoch   8 | val_loss=1.3635 | val_acc=0.3721 | lr=0.000025
2026-03-04 10:46:09.851 | INFO     | models.lstm_model:train:157 - Early stopping at epoch 8
2026-03-04 10:46:09.851 | SUCCESS  | models.lstm_model:train:161 - LSTM best val_loss: 1.1633
2026-03-04 10:46:10.564 | INFO     | models.ensemble:generate_signals:136 - Signal distribution (threshold=0.494570916891098): BUY=84 (6.7%)  SELL=41 (3.3%)  HOLD=1128 (90.0%)
2026-03-04 10:46:10.569 | INFO     | backtest.filters:apply_filters:120 - Filters [4h] 7/125 removed (94% survive) — trend=0 vol=7 volume=0 funding=0 regime=0
2026-03-04 10:46:10.569 | INFO     | backtest.engine:_compute_metrics:223 -  Results: Return=-2.60% | Sharpe=-0.32 | MaxDD=-8.71% | WinRate=29.73% | Trades=37 (L:24 S:13)
