2026-03-04 09:24:14.371 | INFO     | timeframe_comparison:fetch_ohlcv_timeframe:235 - Fetching DOGE/USD [4h] — 1825 days...
2026-03-04 09:24:22.103 | SUCCESS  | timeframe_comparison:fetch_ohlcv_timeframe:268 - DOGE/USD 4h: 10950 candles (2021-03-05 -> 2026-03-04)
2026-03-04 09:24:22.152 | INFO     | data.feature_engineer:build_features:334 - Building features for DOGE/USD (10950 rows)
2026-03-04 09:24:22.313 | INFO     | data.feature_engineer:build_features:359 - Dropped 200 NaN/inf rows → 10750 usable rows
2026-03-04 09:24:22.313 | INFO     | data.feature_engineer:build_features:362 - Label distribution: DOWN=1423 NEUTRAL=7859 UP=1468
2026-03-04 09:24:22.313 | INFO     | data.feature_engineer:build_features:369 - Regime: ranging=4061 trending_up=2982 trending_down=3707
2026-03-04 09:24:22.339 | INFO     | __main__:main:202 - Data split — Train: 6450, Val: 2150, Test: 2150
2026-03-04 09:24:22.341 | INFO     | __main__:main:209 - 
──────────────────────────────────────── LightGBM ────────────────────────────────────────
2026-03-04 09:24:24.575 | INFO     | models.lgbm_model:train:44 - Training LightGBM for DOGE/USD — 6450 train samples, 2150 val samples, 100 features
2026-03-04 09:24:24.743 | SUCCESS  | models.lgbm_model:train:64 - LightGBM val_acc=0.6842 | best_iter=1 | pred_dist: DOWN=0 NEUTRAL=2150 UP=0
2026-03-04 09:24:24.748 | INFO     | __main__:main:218 - Top 20 features: ema_200(5), bb_width_20(5), obv(5), macd_hist(4), atr_pct_7(4), adx(4), hurst_approx(4), vol_regime(4), close_vs_sma_200(3), atr_14(3), vol_sma_7(3), dow_sin(3), close_vs_sma_7(2), close_vs_sma_50(2), sma_200(2), macd_signal(2), bb_lower_20(2), atr_pct_14(2), vol_ratio_21(2), close_vs_vwap(2)
2026-03-04 09:24:24.749 | INFO     | models.ensemble:generate_signals:136 - Signal distribution (threshold=0.4): BUY=0 (0.0%)  SELL=0 (0.0%)  HOLD=2150 (100.0%)
2026-03-04 09:24:24.751 | INFO     | backtest.filters:apply_filters:120 - Filters [4h] 0/0 removed (0% survive) — trend=0 vol=0 volume=0 funding=0 regime=0
2026-03-04 09:24:24.755 | INFO     | backtest.engine:_compute_metrics:223 -  Results: Return=0.00% | Sharpe=0.00 | MaxDD=0.00% | WinRate=0.00% | Trades=0 (L:0 S:0)
2026-03-04 09:24:24.755 | INFO     | __main__:main:224 - 
──────────────────────────────────────── LSTM ────────────────────────────────────────
2026-03-04 09:24:26.556 | INFO     | models.lstm_model:train:108 - Training LSTM for DOGE/USD on cuda — 6426 train samples
2026-03-04 09:24:27.434 | INFO     | models.lstm_model:train:139 -   Epoch   0 | val_loss=1.1119 | val_acc=0.5409
2026-03-04 09:24:29.385 | INFO     | models.lstm_model:train:148 - Early stopping at epoch 7
2026-03-04 09:24:29.387 | SUCCESS  | models.lstm_model:train:152 - LSTM best val_loss: 1.1119
2026-03-04 09:24:30.863 | INFO     | models.ensemble:generate_signals:136 - Signal distribution (threshold=0.4654003828763962): BUY=33 (1.5%)  SELL=108 (5.0%)  HOLD=2009 (93.4%)
2026-03-04 09:24:30.869 | INFO     | backtest.filters:apply_filters:120 - Filters [4h] 3/141 removed (98% survive) — trend=0 vol=2 volume=1 funding=0 regime=0
2026-03-04 09:24:30.874 | INFO     | backtest.engine:_compute_metrics:223 -  Results: Return=13.70% | Sharpe=1.25 | MaxDD=-5.30% | WinRate=46.34% | Trades=41 (L:14 S:27)
2026-03-04 09:24:30.874 | INFO     | __main__:main:233 - 
──────────────────────────────────────── CNN ────────────────────────────────────────
2026-03-04 09:24:30.886 | INFO     | models.cnn_model:train:116 - Training 1D CNN for DOGE/USD on cuda — 6426 train samples
2026-03-04 09:24:31.700 | INFO     | models.cnn_model:train:145 -   Epoch   0 | val_loss=1.1241 | val_acc=0.5466
2026-03-04 09:24:34.059 | INFO     | models.cnn_model:train:154 - Early stopping at epoch 7
2026-03-04 09:24:34.059 | SUCCESS  | models.cnn_model:train:158 - 1D CNN best val_loss: 1.1241
2026-03-04 09:24:36.112 | INFO     | models.ensemble:generate_signals:136 - Signal distribution (threshold=0.4389344692230225): BUY=0 (0.0%)  SELL=117 (5.4%)  HOLD=2033 (94.6%)
2026-03-04 09:24:36.112 | INFO     | backtest.filters:apply_filters:120 - Filters [4h] 0/117 removed (100% survive) — trend=0 vol=0 volume=0 funding=0 regime=0
2026-03-04 09:24:36.121 | INFO     | backtest.engine:_compute_metrics:223 -  Results: Return=-1.79% | Sharpe=-0.23 | MaxDD=-6.28% | WinRate=33.33% | Trades=24 (L:0 S:24)
2026-03-04 09:24:36.122 | INFO     | __main__:main:242 - 
──────────────────────────────────────── TFT ────────────────────────────────────────
2026-03-04 09:24:36.133 | INFO     | models.tft_model:<module>:33 - TFT using cuda
2026-03-04 09:24:36.141 | INFO     | models.tft_model:train:222 - Training TFT for DOGE/USD on cuda — 6426 train samples
