2026-02-23 13:23:37.637 | INFO     | __main__:main:397 - Testing 5 symbols x 6 timeframes = 30 combinations
2026-02-23 13:23:37.638 | INFO     | data.alt_data:fetch_all_alt_data:172 - Fetching alternative data...
2026-02-23 13:23:37.971 | SUCCESS  | data.alt_data:fetch_fear_greed:44 - Fear & Greed: 1825 records (2021-02-24 -> 2026-02-23)
2026-02-23 13:23:38.177 | WARNING  | data.alt_data:fetch_btc_dominance:88 - BTC dominance chart endpoint failed: Empty BTC dominance series from chart endpoint — trying /global fallback
2026-02-23 13:23:38.346 | WARNING  | data.alt_data:fetch_btc_dominance:108 - BTC Dominance: using current-only value (56.3%) — historical chart unavailable. Feature will be constant.
2026-02-23 13:23:39.807 | SUCCESS  | data.alt_data:fetch_google_trends:146 - Google Trends: 262 records
2026-02-23 13:23:39.832 | SUCCESS  | data.alt_data:fetch_all_alt_data:208 - Alt data saved: 1825 rows, columns: ['timestamp', 'fear_greed', 'date', 'btc_dominance', 'google_trends_btc']
2026-02-23 13:23:39.833 | INFO     | __main__:main:407 - 
============================================================
Timeframe: 15 minutes (15m)
============================================================
2026-02-23 13:23:40.423 | INFO     | __main__:fetch_ohlcv_timeframe:211 - Loaded INJ/USD 15m from cache (35040 rows)
2026-02-23 13:23:40.461 | INFO     | __main__:fetch_ohlcv_timeframe:211 - Loaded LINK/USD 15m from cache (35041 rows)
2026-02-23 13:23:40.503 | INFO     | __main__:fetch_ohlcv_timeframe:211 - Loaded DOGE/USD 15m from cache (35040 rows)
2026-02-23 13:23:40.542 | INFO     | __main__:fetch_ohlcv_timeframe:211 - Loaded OP/USD 15m from cache (35040 rows)
2026-02-23 13:23:40.582 | INFO     | __main__:fetch_ohlcv_timeframe:211 - Loaded ARB/USD 15m from cache (35040 rows)
2026-02-23 13:23:40.582 | INFO     | __main__:main:423 - 
Processing: INJ/USD [15m]
2026-02-23 13:23:40.597 | WARNING  | data.alt_data:merge_alt_data:299 - btc_dominance is constant (API fallback) — dropping feature to avoid feeding noise to the model. Will use BTC proxy instead.
2026-02-23 13:23:40.600 | INFO     | data.alt_data:merge_alt_data:312 - Alt data merged: added 7 new columns
2026-02-23 13:23:40.600 | INFO     | utils.walk_forward:walk_forward_validate:299 - 
============================================================
Walk-Forward Validation: INJ/USD_15m
============================================================
2026-02-23 13:23:40.601 | INFO     | utils.walk_forward:walk_forward_validate:300 - Config [15m]: train=35040 bars val=5280 test=5280 step=5280
2026-02-23 13:23:40.601 | INFO     | data.feature_engineer:build_features:283 - Building features for INJ/USD_15m (35040 rows)
2026-02-23 13:23:40.742 | INFO     | data.feature_engineer:build_features:308 - Dropped 200 NaN/inf rows → 34840 usable rows
2026-02-23 13:23:40.744 | INFO     | data.feature_engineer:build_features:311 - Label distribution: DOWN=11701 NEUTRAL=12035 UP=11104
2026-02-23 13:23:40.745 | INFO     | data.feature_engineer:build_features:318 - Regime: ranging=16586 trending_up=9176 trending_down=9078
2026-02-23 13:23:40.745 | WARNING  | utils.walk_forward:walk_forward_validate:325 - Insufficient data for walk-forward [15m]: 34840/45600 bars — scaling down proportionally (train=26771 val=4034 test=4034)
2026-02-23 13:23:40.885 | INFO     | utils.optuna_search:run_optuna_search:209 - Optuna search: INJ/USD_15m [15m] — 30 trials
2026-02-23 13:23:42.994 | INFO     | models.tft_model:train:211 - Training TFT for optuna_trial on cuda — 26759 train samples
2026-02-23 13:23:46.751 | INFO     | models.tft_model:train:211 - Training TFT for optuna_trial on cuda — 26747 train samples
2026-02-23 13:23:47.401 | INFO     | models.tft_model:train:211 - Training TFT for optuna_trial on cuda — 26759 train samples
