2026-03-04 13:30:47.323 | INFO     | __main__:run_oot:70 - Fetching 3000 days of history for DOGE/USD...
2026-03-04 13:30:47.722 | INFO     | timeframe_comparison:fetch_ohlcv_timeframe:232 - Loaded DOGE/USD 4h from cache (10950 rows)
2026-03-04 13:30:47.722 | INFO     | data.feature_engineer:build_features:334 - Building features for unknown (10950 rows)
2026-03-04 13:30:47.812 | INFO     | data.feature_engineer:build_features:359 - Dropped 200 NaN/inf rows → 10750 usable rows
2026-03-04 13:30:47.821 | INFO     | data.feature_engineer:build_features:362 - Label distribution: DOWN=1423 NEUTRAL=7859 UP=1468
2026-03-04 13:30:47.821 | INFO     | data.feature_engineer:build_features:369 - Regime: ranging=4061 trending_up=2982 trending_down=3707
2026-03-04 13:30:47.829 | INFO     | __main__:run_oot:106 - Data split:
2026-03-04 13:30:47.829 | INFO     | __main__:run_oot:107 -   OOT   (unseen): bars 0     → 4211   = 4211 bars (702 days)  [0 → 4210]
2026-03-04 13:30:47.831 | INFO     | __main__:run_oot:110 -   Train:          bars 4211 → 8134 = 3923 bars
2026-03-04 13:30:47.831 | INFO     | __main__:run_oot:111 -   Val:            bars 8134 → 9441   = 1307 bars
2026-03-04 13:30:47.831 | INFO     | __main__:run_oot:112 -   Test:           bars 9441 → 10750  = 1309 bars
2026-03-04 13:30:47.841 | INFO     | __main__:run_oot:132 - Training LSTM on 3923 bars...
2026-03-04 13:30:49.066 | INFO     | models.lstm_model:train:118 - Training LSTM for DOGE/USD on cuda — 3899 train samples
2026-03-04 13:30:49.491 | INFO     | models.lstm_model:train:148 -   Epoch   0 | val_loss=1.1169 | val_acc=0.4497 | lr=0.000976
2026-03-04 13:30:49.662 | INFO     | models.lstm_model:train:148 -   Epoch   1 | val_loss=1.1668 | val_acc=0.3375 | lr=0.000905
2026-03-04 13:30:49.840 | INFO     | models.lstm_model:train:148 -   Epoch   2 | val_loss=1.1491 | val_acc=0.3975 | lr=0.000794
2026-03-04 13:30:50.023 | INFO     | models.lstm_model:train:148 -   Epoch   3 | val_loss=1.1860 | val_acc=0.4139 | lr=0.000655
2026-03-04 13:30:50.202 | INFO     | models.lstm_model:train:148 -   Epoch   4 | val_loss=1.2941 | val_acc=0.4061 | lr=0.000501
2026-03-04 13:30:50.386 | INFO     | models.lstm_model:train:148 -   Epoch   5 | val_loss=1.2818 | val_acc=0.4022 | lr=0.000346
2026-03-04 13:30:50.591 | INFO     | models.lstm_model:train:148 -   Epoch   6 | val_loss=1.3629 | val_acc=0.4030 | lr=0.000207
2026-03-04 13:30:50.803 | INFO     | models.lstm_model:train:148 -   Epoch   7 | val_loss=1.3646 | val_acc=0.4263 | lr=0.000096
2026-03-04 13:30:50.803 | INFO     | models.lstm_model:train:157 - Early stopping at epoch 7
2026-03-04 13:30:50.803 | SUCCESS  | models.lstm_model:train:161 - LSTM best val_loss: 1.1169
2026-03-04 13:30:50.803 | INFO     | __main__:run_oot:171 - Running inference on standard TEST window...
2026-03-04 13:30:51.647 | INFO     | models.ensemble:generate_signals:136 - Signal distribution (threshold=0.5147305071353913): BUY=43 (3.3%)  SELL=92 (7.0%)  HOLD=1174 (89.7%)
2026-03-04 13:30:51.651 | INFO     | backtest.filters:apply_filters:120 - Filters [4h] 3/135 removed (98% survive) — trend=0 vol=3 volume=0 funding=0 regime=0
2026-03-04 13:30:51.657 | INFO     | backtest.engine:_compute_metrics:223 -  Results: Return=3.88% | Sharpe=0.64 | MaxDD=-7.14% | WinRate=43.90% | Trades=41 (L:21 S:20)
2026-03-04 13:30:51.658 | INFO     | __main__:run_oot:174 - Running inference on OOT (historical, never-seen) window...
2026-03-04 13:30:54.378 | INFO     | models.ensemble:generate_signals:136 - Signal distribution (threshold=0.508269464969635): BUY=203 (4.8%)  SELL=99 (2.4%)  HOLD=3909 (92.8%)
2026-03-04 13:30:54.387 | INFO     | backtest.filters:apply_filters:120 - Filters [4h] 8/302 removed (97% survive) — trend=0 vol=7 volume=1 funding=0 regime=0
2026-03-04 13:30:54.391 | INFO     | backtest.engine:_compute_metrics:223 -  Results: Return=-12.52% | Sharpe=-0.27 | MaxDD=-23.07% | WinRate=36.67% | Trades=120 (L:82 S:38)
2026-03-04 13:30:54.396 | SUCCESS  | __main__:save_results:240 - Results saved -> backtest\results\oot_DOGE_USD_4h_20260304_133054.csv
