2026-03-04 21:31:18.039 | INFO     | models.lstm_ensemble:<module>:39 - Ensemble using cuda
2026-03-04 21:31:18.043 | INFO     | __main__:main:369 - [1/126] BTC/USD 4h
2026-03-04 21:31:18.500 | INFO     | timeframe_comparison:fetch_ohlcv_timeframe:232 - Loaded BTC/USD 4h from cache (10950 rows)
2026-03-04 21:31:18.500 | INFO     | data.feature_engineer:build_features:334 - Building features for unknown (10950 rows)
2026-03-04 21:31:18.618 | INFO     | data.feature_engineer:build_features:359 - Dropped 200 NaN/inf rows → 10750 usable rows
2026-03-04 21:31:18.619 | INFO     | data.feature_engineer:build_features:362 - Label distribution: DOWN=662 NEUTRAL=9326 UP=762
2026-03-04 21:31:18.620 | INFO     | data.feature_engineer:build_features:369 - Regime: ranging=4760 trending_up=2769 trending_down=3221
2026-03-04 21:31:18.659 | INFO     | models.lstm_ensemble:train_ensemble:181 - 
Training 9-model ensemble for BTC/USD_4h on cuda
2026-03-04 21:31:18.660 | INFO     | models.lstm_ensemble:train_ensemble:182 -   Train: 6450 | Val: 2150 | Features: 100
2026-03-04 21:31:19.968 | INFO     | models.lstm_ensemble:_train_one:126 -   [1/9] Training seed=42 — 6390 samples
2026-03-04 21:31:20.913 | INFO     | models.lstm_ensemble:_train_one:153 -     Epoch   0 | val_loss=0.8577 | val_acc=0.8780 | lr=0.000976
2026-03-04 21:31:21.574 | INFO     | models.lstm_ensemble:_train_one:153 -     Epoch   1 | val_loss=0.9434 | val_acc=0.8206 | lr=0.000905
2026-03-04 21:31:22.301 | INFO     | models.lstm_ensemble:_train_one:153 -     Epoch   2 | val_loss=1.0706 | val_acc=0.6856 | lr=0.000794
2026-03-04 21:31:22.929 | INFO     | models.lstm_ensemble:_train_one:153 -     Epoch   3 | val_loss=1.3437 | val_acc=0.4627 | lr=0.000655
2026-03-04 21:31:23.570 | INFO     | models.lstm_ensemble:_train_one:153 -     Epoch   4 | val_loss=1.2956 | val_acc=0.6316 | lr=0.000501
2026-03-04 21:31:24.232 | INFO     | models.lstm_ensemble:_train_one:153 -     Epoch   5 | val_loss=1.4549 | val_acc=0.6971 | lr=0.000346
2026-03-04 21:31:24.862 | INFO     | models.lstm_ensemble:_train_one:153 -     Epoch   6 | val_loss=1.5896 | val_acc=0.6349 | lr=0.000207
2026-03-04 21:31:25.511 | INFO     | models.lstm_ensemble:_train_one:153 -     Epoch   7 | val_loss=1.7493 | val_acc=0.6048 | lr=0.000096
2026-03-04 21:31:26.185 | INFO     | models.lstm_ensemble:_train_one:153 -     Epoch   8 | val_loss=1.6979 | val_acc=0.6842 | lr=0.000025
2026-03-04 21:31:26.792 | INFO     | models.lstm_ensemble:_train_one:153 -     Epoch   9 | val_loss=1.6954 | val_acc=0.6876 | lr=0.001000
2026-03-04 21:31:27.435 | INFO     | models.lstm_ensemble:_train_one:153 -     Epoch  10 | val_loss=1.5689 | val_acc=0.7177 | lr=0.000994
2026-03-04 21:31:28.073 | INFO     | models.lstm_ensemble:_train_one:153 -     Epoch  11 | val_loss=1.7601 | val_acc=0.5311 | lr=0.000976
2026-03-04 21:31:28.694 | INFO     | models.lstm_ensemble:_train_one:153 -     Epoch  12 | val_loss=1.6970 | val_acc=0.5943 | lr=0.000946
2026-03-04 21:31:29.326 | INFO     | models.lstm_ensemble:_train_one:153 -     Epoch  13 | val_loss=1.5577 | val_acc=0.7057 | lr=0.000905
2026-03-04 21:31:29.940 | INFO     | models.lstm_ensemble:_train_one:153 -     Epoch  14 | val_loss=1.8620 | val_acc=0.6550 | lr=0.000854
2026-03-04 21:31:30.570 | INFO     | models.lstm_ensemble:_train_one:153 -     Epoch  15 | val_loss=1.9181 | val_acc=0.5938 | lr=0.000794
2026-03-04 21:31:31.184 | INFO     | models.lstm_ensemble:_train_one:153 -     Epoch  16 | val_loss=1.7794 | val_acc=0.6660 | lr=0.000727
2026-03-04 21:31:31.809 | INFO     | models.lstm_ensemble:_train_one:153 -     Epoch  17 | val_loss=2.0110 | val_acc=0.7785 | lr=0.000655
2026-03-04 21:31:32.417 | INFO     | models.lstm_ensemble:_train_one:153 -     Epoch  18 | val_loss=2.2591 | val_acc=0.6225 | lr=0.000579
2026-03-04 21:31:33.072 | INFO     | models.lstm_ensemble:_train_one:153 -     Epoch  19 | val_loss=2.2736 | val_acc=0.6091 | lr=0.000501
2026-03-04 21:31:33.702 | INFO     | models.lstm_ensemble:_train_one:153 -     Epoch  20 | val_loss=2.3132 | val_acc=0.6507 | lr=0.000422
2026-03-04 21:31:34.351 | INFO     | models.lstm_ensemble:_train_one:153 -     Epoch  21 | val_loss=2.4480 | val_acc=0.6986 | lr=0.000346
