2026-02-25 07:52:27.503 | INFO     | __main__:main:397 - Testing 5 symbols x 6 timeframes = 30 combinations
2026-02-25 07:52:27.505 | INFO     | data.alt_data:fetch_all_alt_data:172 - Fetching alternative data...
2026-02-25 07:52:27.938 | SUCCESS  | data.alt_data:fetch_fear_greed:44 - Fear & Greed: 1825 records (2021-02-26 -> 2026-02-25)
2026-02-25 07:52:28.094 | WARNING  | data.alt_data:fetch_btc_dominance:88 - BTC dominance chart endpoint failed: Empty BTC dominance series from chart endpoint — trying /global fallback
2026-02-25 07:52:28.260 | WARNING  | data.alt_data:fetch_btc_dominance:108 - BTC Dominance: using current-only value (56.0%) — historical chart unavailable. Feature will be constant.
2026-02-25 07:52:29.640 | SUCCESS  | data.alt_data:fetch_google_trends:146 - Google Trends: 262 records
2026-02-25 07:52:29.665 | SUCCESS  | data.alt_data:fetch_all_alt_data:208 - Alt data saved: 1825 rows, columns: ['timestamp', 'fear_greed', 'date', 'btc_dominance', 'google_trends_btc']
2026-02-25 07:52:29.665 | INFO     | __main__:main:407 - 
============================================================
Timeframe: 15 minutes (15m)
============================================================
2026-02-25 07:52:29.916 | INFO     | __main__:fetch_ohlcv_timeframe:211 - Loaded INJ/USD 15m from cache (35040 rows)
2026-02-25 07:52:29.948 | INFO     | __main__:fetch_ohlcv_timeframe:211 - Loaded LINK/USD 15m from cache (35040 rows)
2026-02-25 07:52:29.984 | INFO     | __main__:fetch_ohlcv_timeframe:211 - Loaded DOGE/USD 15m from cache (35040 rows)
2026-02-25 07:52:30.017 | INFO     | __main__:fetch_ohlcv_timeframe:211 - Loaded OP/USD 15m from cache (35040 rows)
2026-02-25 07:52:30.051 | INFO     | __main__:fetch_ohlcv_timeframe:211 - Loaded ARB/USD 15m from cache (35040 rows)
2026-02-25 07:52:30.052 | INFO     | __main__:main:423 - 
Processing: INJ/USD [15m]
2026-02-25 07:52:30.116 | WARNING  | data.alt_data:merge_alt_data:299 - btc_dominance is constant (API fallback) — dropping feature to avoid feeding noise to the model. Will use BTC proxy instead.
2026-02-25 07:52:30.118 | INFO     | data.alt_data:merge_alt_data:312 - Alt data merged: added 7 new columns
2026-02-25 07:52:30.119 | INFO     | utils.walk_forward:walk_forward_validate:299 - 
============================================================
Walk-Forward Validation: INJ/USD_15m
============================================================
2026-02-25 07:52:30.119 | INFO     | utils.walk_forward:walk_forward_validate:300 - Config [15m]: train=35040 bars val=5280 test=5280 step=5280
2026-02-25 07:52:30.120 | INFO     | data.feature_engineer:build_features:283 - Building features for INJ/USD_15m (35040 rows)
2026-02-25 07:52:30.281 | INFO     | data.feature_engineer:build_features:308 - Dropped 200 NaN/inf rows → 34840 usable rows
2026-02-25 07:52:30.282 | INFO     | data.feature_engineer:build_features:311 - Label distribution: DOWN=11728 NEUTRAL=12052 UP=11060
2026-02-25 07:52:30.283 | INFO     | data.feature_engineer:build_features:318 - Regime: ranging=16690 trending_up=9098 trending_down=9052
2026-02-25 07:52:30.283 | WARNING  | utils.walk_forward:walk_forward_validate:325 - Insufficient data for walk-forward [15m]: 34840/45600 bars — scaling down proportionally (train=26771 val=4034 test=4034)
2026-02-25 07:52:30.343 | INFO     | utils.optuna_search:run_optuna_search:209 - Optuna search: INJ/USD_15m [15m] — 30 trials
2026-02-25 07:52:31.033 | INFO     | models.tft_model:train:211 - Training TFT for optuna_trial on cpu — 26759 train samples
