2026-03-03 10:00:46.785 | INFO     | __main__:main:433 - Testing 37 symbols x 4 timeframes = 148 combinations
2026-03-03 10:00:46.812 | INFO     | data.alt_data:fetch_all_alt_data:170 - Alt data cache stale — refreshing
2026-03-03 10:00:46.812 | INFO     | data.alt_data:fetch_all_alt_data:172 - Fetching alternative data...
2026-03-03 10:00:47.516 | SUCCESS  | data.alt_data:fetch_fear_greed:44 - Fear & Greed: 1825 records (2021-03-04 -> 2026-03-03)
2026-03-03 10:00:48.043 | WARNING  | data.alt_data:fetch_btc_dominance:88 - BTC dominance chart endpoint failed: Empty BTC dominance series from chart endpoint — trying /global fallback
2026-03-03 10:00:48.494 | WARNING  | data.alt_data:fetch_btc_dominance:108 - BTC Dominance: using current-only value (56.3%) — historical chart unavailable. Feature will be constant.
2026-03-03 10:00:51.021 | SUCCESS  | data.alt_data:fetch_google_trends:146 - Google Trends: 262 records
2026-03-03 10:00:51.047 | SUCCESS  | data.alt_data:fetch_all_alt_data:208 - Alt data saved: 1825 rows, columns: ['timestamp', 'fear_greed', 'date', 'btc_dominance', 'google_trends_btc']
2026-03-03 10:00:51.048 | INFO     | __main__:main:443 - 
============================================================
Timeframe: 2 hours (2h)
============================================================
2026-03-03 10:00:51.694 | INFO     | __main__:fetch_ohlcv_timeframe:232 - Loaded INJ/USD 2h from cache (21896 rows)
2026-03-03 10:00:51.718 | INFO     | __main__:fetch_ohlcv_timeframe:232 - Loaded LINK/USD 2h from cache (21896 rows)
2026-03-03 10:00:51.749 | INFO     | __main__:fetch_ohlcv_timeframe:232 - Loaded DOGE/USD 2h from cache (21896 rows)
2026-03-03 10:00:51.770 | INFO     | __main__:fetch_ohlcv_timeframe:232 - Loaded OP/USD 2h from cache (16445 rows)
2026-03-03 10:00:51.787 | INFO     | __main__:fetch_ohlcv_timeframe:232 - Loaded ARB/USD 2h from cache (12902 rows)
2026-03-03 10:00:51.815 | INFO     | __main__:fetch_ohlcv_timeframe:232 - Loaded BTC/USD 2h from cache (21896 rows)
2026-03-03 10:00:51.839 | INFO     | __main__:fetch_ohlcv_timeframe:232 - Loaded ETH/USD 2h from cache (21896 rows)
2026-03-03 10:00:51.869 | INFO     | __main__:fetch_ohlcv_timeframe:232 - Loaded SOL/USD 2h from cache (21896 rows)
2026-03-03 10:00:51.896 | INFO     | __main__:fetch_ohlcv_timeframe:232 - Loaded ADA/USD 2h from cache (21896 rows)
2026-03-03 10:00:51.919 | INFO     | __main__:fetch_ohlcv_timeframe:232 - Loaded DOT/USD 2h from cache (21900 rows)
2026-03-03 10:00:51.946 | INFO     | __main__:fetch_ohlcv_timeframe:232 - Loaded AVAX/USD 2h from cache (21896 rows)
2026-03-03 10:00:51.946 | INFO     | __main__:fetch_ohlcv_timeframe:235 - Fetching SHIB/USD [2h] — 1825 days...
