2026-03-04 11:28:36.357 | INFO     | __main__:run_oot:70 - Fetching 3000 days of history for DOGE/USD...
2026-03-04 11:28:37.163 | INFO     | timeframe_comparison:fetch_ohlcv_timeframe:232 - Loaded DOGE/USD 4h from cache (10950 rows)
2026-03-04 11:28:37.165 | INFO     | data.feature_engineer:build_features:334 - Building features for unknown (10950 rows)
2026-03-04 11:28:37.308 | INFO     | data.feature_engineer:build_features:359 - Dropped 200 NaN/inf rows → 10750 usable rows
2026-03-04 11:28:37.311 | INFO     | data.feature_engineer:build_features:362 - Label distribution: DOWN=1423 NEUTRAL=7859 UP=1468
2026-03-04 11:28:37.313 | INFO     | data.feature_engineer:build_features:369 - Regime: ranging=4061 trending_up=2982 trending_down=3707
2026-03-04 11:28:37.321 | INFO     | __main__:run_oot:106 - Data split:
2026-03-04 11:28:37.321 | INFO     | __main__:run_oot:107 -   OOT   (unseen): bars 0     → 4211   = 4211 bars (702 days)  [0 → 4210]
2026-03-04 11:28:37.321 | INFO     | __main__:run_oot:110 -   Train:          bars 4211 → 8134 = 3923 bars
2026-03-04 11:28:37.323 | INFO     | __main__:run_oot:111 -   Val:            bars 8134 → 9441   = 1307 bars
2026-03-04 11:28:37.323 | INFO     | __main__:run_oot:112 -   Test:           bars 9441 → 10750  = 1309 bars
2026-03-04 11:28:37.334 | INFO     | __main__:run_oot:132 - Training LSTM on 3923 bars...
2026-03-04 11:28:39.191 | INFO     | models.lstm_model:train:118 - Training LSTM for DOGE/USD on cuda — 3899 train samples
2026-03-04 11:28:40.115 | INFO     | models.lstm_model:train:148 -   Epoch   0 | val_loss=1.1015 | val_acc=0.3172 | lr=0.000976
2026-03-04 11:28:40.296 | INFO     | models.lstm_model:train:148 -   Epoch   1 | val_loss=1.1136 | val_acc=0.3570 | lr=0.000905
2026-03-04 11:28:40.593 | INFO     | models.lstm_model:train:148 -   Epoch   2 | val_loss=1.1262 | val_acc=0.3741 | lr=0.000794
2026-03-04 11:28:40.859 | INFO     | models.lstm_model:train:148 -   Epoch   3 | val_loss=1.1892 | val_acc=0.3741 | lr=0.000655
2026-03-04 11:28:41.097 | INFO     | models.lstm_model:train:148 -   Epoch   4 | val_loss=1.2515 | val_acc=0.3804 | lr=0.000501
2026-03-04 11:28:41.300 | INFO     | models.lstm_model:train:148 -   Epoch   5 | val_loss=1.2452 | val_acc=0.4022 | lr=0.000346
2026-03-04 11:28:41.528 | INFO     | models.lstm_model:train:148 -   Epoch   6 | val_loss=1.2907 | val_acc=0.4139 | lr=0.000207
2026-03-04 11:28:41.705 | INFO     | models.lstm_model:train:148 -   Epoch   7 | val_loss=1.3261 | val_acc=0.4193 | lr=0.000096
2026-03-04 11:28:41.705 | INFO     | models.lstm_model:train:157 - Early stopping at epoch 7
2026-03-04 11:28:41.708 | SUCCESS  | models.lstm_model:train:161 - LSTM best val_loss: 1.1015
2026-03-04 11:28:41.709 | INFO     | __main__:run_oot:171 - Running inference on standard TEST window...
2026-03-04 11:28:42.649 | INFO     | models.ensemble:generate_signals:136 - Signal distribution (threshold=0.5664353251457215): BUY=35 (2.7%)  SELL=101 (7.7%)  HOLD=1173 (89.6%)
2026-03-04 11:28:42.656 | INFO     | backtest.filters:apply_filters:120 - Filters [4h] 1/136 removed (99% survive) — trend=0 vol=0 volume=1 funding=0 regime=0
2026-03-04 11:28:42.660 | INFO     | backtest.engine:_compute_metrics:223 -  Results: Return=1.92% | Sharpe=0.32 | MaxDD=-6.99% | WinRate=39.47% | Trades=38 (L:18 S:20)
2026-03-04 11:28:42.661 | INFO     | __main__:run_oot:174 - Running inference on OOT (historical, never-seen) window...
2026-03-04 11:28:45.511 | INFO     | models.ensemble:generate_signals:136 - Signal distribution (threshold=0.5662193059921263): BUY=247 (5.9%)  SELL=151 (3.6%)  HOLD=3813 (90.5%)
2026-03-04 11:28:45.531 | INFO     | backtest.filters:apply_filters:120 - Filters [4h] 3/398 removed (99% survive) — trend=0 vol=2 volume=1 funding=0 regime=0
2026-03-04 11:28:45.536 | INFO     | backtest.engine:_compute_metrics:223 -  Results: Return=22.80% | Sharpe=0.62 | MaxDD=-22.13% | WinRate=38.28% | Trades=128 (L:94 S:34)
2026-03-04 11:28:45.544 | SUCCESS  | __main__:save_results:240 - Results saved -> backtest\results\oot_DOGE_USD_4h_20260304_112845.csv
