2026-03-04 16:15:30.691 | INFO     | __main__:main:95 - Freezing 2 symbol(s): ['DOGE/USD', 'LINK/USD']
2026-03-04 16:15:30.692 | INFO     | __main__:freeze:39 - 
==================================================
Freezing DOGE/USD
==================================================
2026-03-04 16:15:31.428 | INFO     | timeframe_comparison:fetch_ohlcv_timeframe:232 - Loaded DOGE/USD 4h from cache (10950 rows)
2026-03-04 16:15:31.428 | INFO     | data.feature_engineer:build_features:334 - Building features for unknown (10950 rows)
2026-03-04 16:15:31.560 | INFO     | data.feature_engineer:build_features:359 - Dropped 200 NaN/inf rows → 10750 usable rows
2026-03-04 16:15:31.560 | INFO     | data.feature_engineer:build_features:362 - Label distribution: DOWN=1423 NEUTRAL=7859 UP=1468
2026-03-04 16:15:31.560 | INFO     | data.feature_engineer:build_features:369 - Regime: ranging=4061 trending_up=2982 trending_down=3707
2026-03-04 16:15:31.574 | INFO     | __main__:freeze:56 - Train: 8600 | Val: 2150 | Features: 100
2026-03-04 16:15:33.787 | INFO     | models.lstm_model:train:118 - Training LSTM for DOGE/USD on cuda — 8576 train samples
2026-03-04 16:15:34.822 | INFO     | models.lstm_model:train:148 -   Epoch   0 | val_loss=1.1312 | val_acc=0.3100 | lr=0.000976
2026-03-04 16:15:35.189 | INFO     | models.lstm_model:train:148 -   Epoch   1 | val_loss=1.1356 | val_acc=0.4135 | lr=0.000905
2026-03-04 16:15:35.542 | INFO     | models.lstm_model:train:148 -   Epoch   2 | val_loss=1.1623 | val_acc=0.3579 | lr=0.000794
2026-03-04 16:15:35.903 | INFO     | models.lstm_model:train:148 -   Epoch   3 | val_loss=1.2014 | val_acc=0.3650 | lr=0.000655
2026-03-04 16:15:36.258 | INFO     | models.lstm_model:train:148 -   Epoch   4 | val_loss=1.2054 | val_acc=0.4158 | lr=0.000501
2026-03-04 16:15:36.603 | INFO     | models.lstm_model:train:148 -   Epoch   5 | val_loss=1.2610 | val_acc=0.3923 | lr=0.000346
2026-03-04 16:15:36.958 | INFO     | models.lstm_model:train:148 -   Epoch   6 | val_loss=1.2925 | val_acc=0.3975 | lr=0.000207
2026-03-04 16:15:37.316 | INFO     | models.lstm_model:train:148 -   Epoch   7 | val_loss=1.3214 | val_acc=0.3782 | lr=0.000096
2026-03-04 16:15:37.317 | INFO     | models.lstm_model:train:157 - Early stopping at epoch 7
2026-03-04 16:15:37.317 | SUCCESS  | models.lstm_model:train:161 - LSTM best val_loss: 1.1312
2026-03-04 16:15:37.328 | SUCCESS  | __main__:freeze:83 - Saved: lstm_doge_usd.pt | lstm_doge_usd_info.pkl | scaler_doge_usd.pkl
2026-03-04 16:15:37.330 | INFO     | __main__:freeze:39 - 
==================================================
Freezing LINK/USD
==================================================
2026-03-04 16:15:37.345 | INFO     | timeframe_comparison:fetch_ohlcv_timeframe:232 - Loaded LINK/USD 4h from cache (10950 rows)
2026-03-04 16:15:37.346 | INFO     | data.feature_engineer:build_features:334 - Building features for unknown (10950 rows)
2026-03-04 16:15:37.449 | INFO     | data.feature_engineer:build_features:359 - Dropped 200 NaN/inf rows → 10750 usable rows
2026-03-04 16:15:37.450 | INFO     | data.feature_engineer:build_features:362 - Label distribution: DOWN=1524 NEUTRAL=7568 UP=1658
2026-03-04 16:15:37.451 | INFO     | data.feature_engineer:build_features:369 - Regime: ranging=4295 trending_up=2816 trending_down=3639
2026-03-04 16:15:37.460 | INFO     | __main__:freeze:56 - Train: 8600 | Val: 2150 | Features: 100
2026-03-04 16:15:37.475 | INFO     | models.lstm_model:train:118 - Training LSTM for LINK/USD on cuda — 8576 train samples
2026-03-04 16:15:37.885 | INFO     | models.lstm_model:train:148 -   Epoch   0 | val_loss=1.1153 | val_acc=0.4586 | lr=0.000976
2026-03-04 16:15:38.288 | INFO     | models.lstm_model:train:148 -   Epoch   1 | val_loss=1.1174 | val_acc=0.4421 | lr=0.000905
2026-03-04 16:15:38.709 | INFO     | models.lstm_model:train:148 -   Epoch   2 | val_loss=1.1504 | val_acc=0.4219 | lr=0.000794
2026-03-04 16:15:39.090 | INFO     | models.lstm_model:train:148 -   Epoch   3 | val_loss=1.1609 | val_acc=0.4708 | lr=0.000655
2026-03-04 16:15:39.471 | INFO     | models.lstm_model:train:148 -   Epoch   4 | val_loss=1.2152 | val_acc=0.4473 | lr=0.000501
2026-03-04 16:15:39.846 | INFO     | models.lstm_model:train:148 -   Epoch   5 | val_loss=1.2474 | val_acc=0.4304 | lr=0.000346
2026-03-04 16:15:40.191 | INFO     | models.lstm_model:train:148 -   Epoch   6 | val_loss=1.2799 | val_acc=0.4497 | lr=0.000207
2026-03-04 16:15:40.571 | INFO     | models.lstm_model:train:148 -   Epoch   7 | val_loss=1.2989 | val_acc=0.4341 | lr=0.000096
2026-03-04 16:15:40.571 | INFO     | models.lstm_model:train:157 - Early stopping at epoch 7
2026-03-04 16:15:40.571 | SUCCESS  | models.lstm_model:train:161 - LSTM best val_loss: 1.1153
2026-03-04 16:15:40.582 | SUCCESS  | __main__:freeze:83 - Saved: lstm_link_usd.pt | lstm_link_usd_info.pkl | scaler_link_usd.pkl
2026-03-04 16:15:40.584 | INFO     | __main__:main:100 - 
All models frozen and ready for deployment.
2026-03-04 16:15:40.584 | INFO     | __main__:main:101 - Commit the contents of C:\Users\Cameron\Documents\GitHub\Algotrader\trading_bot\paper_trader\models to your Railway repo.
