2026-02-26 19:51:23.958 | INFO     | timeframe_comparison:fetch_ohlcv_timeframe:211 - Loaded LINK/USD 8h from cache (5475 rows)
2026-02-26 19:51:23.958 | INFO     | __main__:main:763 -   LINK/USD 8h: 5475 bars
2026-02-26 19:51:23.964 | WARNING  | data.alt_data:merge_alt_data:299 - btc_dominance is constant (API fallback) — dropping feature to avoid feeding noise to the model. Will use BTC proxy instead.
2026-02-26 19:51:23.966 | INFO     | data.alt_data:merge_alt_data:312 - Alt data merged: added 7 new columns
2026-02-26 19:51:23.966 | INFO     | data.feature_engineer:build_features:334 - Building features for LINK/USD (5475 rows)
2026-02-26 19:51:24.028 | INFO     | data.feature_engineer:build_features:359 - Dropped 200 NaN/inf rows → 5275 usable rows
2026-02-26 19:51:24.029 | INFO     | data.feature_engineer:build_features:362 - Label distribution: DOWN=468 NEUTRAL=4275 UP=532
2026-02-26 19:51:24.030 | INFO     | data.feature_engineer:build_features:369 - Regime: ranging=2363 trending_up=1172 trending_down=1740
2026-02-26 19:51:24.031 | INFO     | __main__:run_edge_scan:513 - Edge scan: LINK/USD [8h] — 9 combinations × 3 folds
2026-02-26 19:51:24.033 | INFO     | __main__:run_edge_scan:548 -   [1/9] h8h_t0.008_ternary | UP=20% NEU=60% DOWN=20% | n=5275
2026-02-26 19:51:27.575 | INFO     | models.ensemble:generate_signals:119 - Signal distribution (threshold=0.38): BUY=211 (24.7%)  SELL=269 (31.5%)  HOLD=375 (43.9%)
2026-02-26 19:51:27.578 | INFO     | backtest.engine:_compute_metrics:219 - LINK/USD_8h Results: Return=-11.93% | Sharpe=-1.55 | MaxDD=-24.87% | WinRate=37.93% | Trades=116 (L:54 S:62)
2026-02-26 19:51:30.485 | INFO     | models.ensemble:generate_signals:119 - Signal distribution (threshold=0.38): BUY=256 (29.9%)  SELL=261 (30.5%)  HOLD=338 (39.5%)
2026-02-26 19:51:30.488 | INFO     | backtest.engine:_compute_metrics:219 - LINK/USD_8h Results: Return=-7.72% | Sharpe=-1.29 | MaxDD=-17.13% | WinRate=43.48% | Trades=138 (L:68 S:70)
2026-02-26 19:51:30.493 | INFO     | __main__:run_edge_scan:582 -     ---- | score=2.16 | acc=0.329 | wr=0.407 | ret=-0.098 | trades=127
2026-02-26 19:51:30.500 | INFO     | __main__:run_edge_scan:548 -   [4/9] h24h_t0.008_ternary | UP=31% NEU=37% DOWN=32% | n=5275
2026-02-26 19:51:32.627 | INFO     | models.ensemble:generate_signals:119 - Signal distribution (threshold=0.38): BUY=96 (11.2%)  SELL=305 (35.7%)  HOLD=454 (53.1%)
2026-02-26 19:51:32.629 | INFO     | backtest.engine:_compute_metrics:219 - LINK/USD_8h Results: Return=-7.71% | Sharpe=-1.06 | MaxDD=-26.53% | WinRate=34.67% | Trades=75 (L:26 S:49)
2026-02-26 19:51:34.739 | INFO     | models.ensemble:generate_signals:119 - Signal distribution (threshold=0.38): BUY=166 (19.4%)  SELL=422 (49.4%)  HOLD=267 (31.2%)
2026-02-26 19:51:34.741 | INFO     | backtest.engine:_compute_metrics:219 - LINK/USD_8h Results: Return=1.23% | Sharpe=0.50 | MaxDD=-17.01% | WinRate=42.31% | Trades=78 (L:25 S:53)
2026-02-26 19:51:34.742 | INFO     | __main__:run_edge_scan:582 -     ---- | score=3.32 | acc=0.326 | wr=0.385 | ret=-0.032 | trades=76
2026-02-26 19:51:34.744 | INFO     | __main__:run_edge_scan:548 -   [5/9] h24h_t0.018_ternary | UP=22% NEU=56% DOWN=22% | n=5275
2026-02-26 19:51:37.137 | INFO     | models.ensemble:generate_signals:119 - Signal distribution (threshold=0.38): BUY=234 (27.4%)  SELL=388 (45.4%)  HOLD=233 (27.3%)
2026-02-26 19:51:37.139 | INFO     | backtest.engine:_compute_metrics:219 - LINK/USD_8h Results: Return=-18.58% | Sharpe=-2.75 | MaxDD=-21.23% | WinRate=34.23% | Trades=111 (L:51 S:60)
2026-02-26 19:51:39.263 | INFO     | models.ensemble:generate_signals:119 - Signal distribution (threshold=0.38): BUY=207 (24.2%)  SELL=493 (57.7%)  HOLD=155 (18.1%)
2026-02-26 19:51:39.265 | INFO     | backtest.engine:_compute_metrics:219 - LINK/USD_8h Results: Return=5.06% | Sharpe=1.20 | MaxDD=-10.06% | WinRate=41.76% | Trades=91 (L:31 S:60)
2026-02-26 19:51:39.266 | INFO     | __main__:run_edge_scan:582 -     ---- | score=3.25 | acc=0.258 | wr=0.380 | ret=-0.068 | trades=101
2026-02-26 19:51:39.269 | INFO     | __main__:run_edge_scan:548 -   [6/9] h24h_t0.035_ternary | UP=13% NEU=74% DOWN=12% | n=5275
2026-02-26 19:51:41.429 | INFO     | models.ensemble:generate_signals:119 - Signal distribution (threshold=0.38): BUY=147 (17.2%)  SELL=117 (13.7%)  HOLD=591 (69.1%)
2026-02-26 19:51:41.431 | INFO     | backtest.engine:_compute_metrics:219 - LINK/USD_8h Results: Return=-1.70% | Sharpe=0.02 | MaxDD=-17.68% | WinRate=35.00% | Trades=60 (L:38 S:22)
2026-02-26 19:51:43.604 | INFO     | models.ensemble:generate_signals:119 - Signal distribution (threshold=0.38): BUY=16 (1.9%)  SELL=66 (7.7%)  HOLD=773 (90.4%)
2026-02-26 19:51:43.606 | INFO     | backtest.engine:_compute_metrics:219 - LINK/USD_8h Results: Return=6.98% | Sharpe=2.46 | MaxDD=-4.80% | WinRate=43.75% | Trades=16 (L:4 S:12)
2026-02-26 19:51:43.607 | INFO     | __main__:run_edge_scan:582 -     ---- | score=10.89 | acc=0.640 | wr=0.394 | ret=+0.026 | trades=38
2026-02-26 19:51:43.609 | INFO     | __main__:run_edge_scan:548 -   [7/9] h48h_t0.008_ternary | UP=36% NEU=26% DOWN=38% | n=5275
2026-02-26 19:51:45.773 | INFO     | models.ensemble:generate_signals:119 - Signal distribution (threshold=0.38): BUY=70 (8.2%)  SELL=358 (41.9%)  HOLD=427 (49.9%)
2026-02-26 19:51:45.776 | INFO     | backtest.engine:_compute_metrics:219 - LINK/USD_8h Results: Return=-9.44% | Sharpe=-1.35 | MaxDD=-19.94% | WinRate=35.29% | Trades=68 (L:21 S:47)
2026-02-26 19:51:47.983 | INFO     | models.ensemble:generate_signals:119 - Signal distribution (threshold=0.38): BUY=39 (4.6%)  SELL=566 (66.2%)  HOLD=250 (29.2%)
2026-02-26 19:51:47.986 | INFO     | backtest.engine:_compute_metrics:219 - LINK/USD_8h Results: Return=-0.29% | Sharpe=0.21 | MaxDD=-12.79% | WinRate=42.86% | Trades=77 (L:13 S:64)
2026-02-26 19:51:47.986 | INFO     | __main__:run_edge_scan:582 -     ---- | score=3.29 | acc=0.399 | wr=0.391 | ret=-0.049 | trades=72
2026-02-26 19:51:47.989 | INFO     | __main__:run_edge_scan:548 -   [8/9] h48h_t0.018_ternary | UP=29% NEU=41% DOWN=30% | n=5275
2026-02-26 19:51:50.124 | INFO     | models.ensemble:generate_signals:119 - Signal distribution (threshold=0.38): BUY=235 (27.5%)  SELL=425 (49.7%)  HOLD=195 (22.8%)
2026-02-26 19:51:50.127 | INFO     | backtest.engine:_compute_metrics:219 - LINK/USD_8h Results: Return=-12.01% | Sharpe=-1.53 | MaxDD=-22.54% | WinRate=34.91% | Trades=106 (L:44 S:62)
2026-02-26 19:51:52.295 | INFO     | models.ensemble:generate_signals:119 - Signal distribution (threshold=0.38): BUY=139 (16.3%)  SELL=430 (50.3%)  HOLD=286 (33.5%)
2026-02-26 19:51:52.297 | INFO     | backtest.engine:_compute_metrics:219 - LINK/USD_8h Results: Return=0.74% | Sharpe=0.41 | MaxDD=-11.02% | WinRate=40.26% | Trades=77 (L:27 S:50)
2026-02-26 19:51:52.298 | INFO     | __main__:run_edge_scan:582 -     ---- | score=3.19 | acc=0.301 | wr=0.376 | ret=-0.056 | trades=92
2026-02-26 19:51:52.301 | INFO     | __main__:run_edge_scan:548 -   [9/9] h48h_t0.035_ternary | UP=21% NEU=59% DOWN=20% | n=5275
2026-02-26 19:51:54.482 | INFO     | models.ensemble:generate_signals:119 - Signal distribution (threshold=0.38): BUY=242 (28.3%)  SELL=344 (40.2%)  HOLD=269 (31.5%)
2026-02-26 19:51:54.484 | INFO     | backtest.engine:_compute_metrics:219 - LINK/USD_8h Results: Return=-7.90% | Sharpe=-0.95 | MaxDD=-17.02% | WinRate=35.42% | Trades=96 (L:51 S:45)
2026-02-26 19:51:56.633 | INFO     | models.ensemble:generate_signals:119 - Signal distribution (threshold=0.38): BUY=371 (43.4%)  SELL=122 (14.3%)  HOLD=362 (42.3%)
2026-02-26 19:51:56.636 | INFO     | backtest.engine:_compute_metrics:219 - LINK/USD_8h Results: Return=-4.11% | Sharpe=-0.56 | MaxDD=-16.08% | WinRate=39.78% | Trades=93 (L:63 S:30)
2026-02-26 19:51:56.637 | INFO     | __main__:run_edge_scan:582 -     ---- | score=1.69 | acc=0.316 | wr=0.376 | ret=-0.060 | trades=94
2026-02-26 19:51:56.642 | INFO     | __main__:save_results:672 - Full scan results saved → backtest\results\edge_scan_20260226_195156.csv
2026-02-26 19:51:56.643 | INFO     | __main__:save_results:697 - Best edges saved → backtest\results\best_edges.json
