2026-03-04 09:25:20.654 | INFO     | timeframe_comparison:fetch_ohlcv_timeframe:235 - Fetching ETC/USD [4h] — 1825 days...
2026-03-04 09:25:28.472 | SUCCESS  | timeframe_comparison:fetch_ohlcv_timeframe:268 - ETC/USD 4h: 10950 candles (2021-03-05 -> 2026-03-04)
2026-03-04 09:25:28.522 | INFO     | data.feature_engineer:build_features:334 - Building features for ETC/USD (10950 rows)
2026-03-04 09:25:28.627 | INFO     | data.feature_engineer:build_features:359 - Dropped 200 NaN/inf rows → 10750 usable rows
2026-03-04 09:25:28.628 | INFO     | data.feature_engineer:build_features:362 - Label distribution: DOWN=1306 NEUTRAL=8174 UP=1270
2026-03-04 09:25:28.630 | INFO     | data.feature_engineer:build_features:369 - Regime: ranging=4003 trending_up=2692 trending_down=4055
2026-03-04 09:25:28.644 | INFO     | __main__:main:202 - Data split — Train: 6450, Val: 2150, Test: 2150
2026-03-04 09:25:28.645 | INFO     | __main__:main:209 - 
──────────────────────────────────────── LightGBM ────────────────────────────────────────
2026-03-04 09:25:28.767 | INFO     | models.lgbm_model:train:44 - Training LightGBM for ETC/USD — 6450 train samples, 2150 val samples, 100 features
2026-03-04 09:25:29.094 | SUCCESS  | models.lgbm_model:train:64 - LightGBM val_acc=0.6916 | best_iter=32 | pred_dist: DOWN=0 NEUTRAL=1805 UP=345
2026-03-04 09:25:29.101 | INFO     | __main__:main:218 - Top 20 features: obv(112), ema_200(105), adx(101), sma_200(100), close_vs_sma_200(94), hurst_approx(87), bb_width_20(79), minus_di(75), macd_signal(67), dow_sin(66), bb_width_14(65), atr_pct_14(64), vol_regime(64), vol_sma_14(58), vol_sma_21(56), dayofweek(54), atr_pct_7(51), sma_50(50), atr_14(49), plus_di(49)
2026-03-04 09:25:29.102 | INFO     | models.ensemble:generate_signals:136 - Signal distribution (threshold=0.431906706779443): BUY=57 (2.7%)  SELL=0 (0.0%)  HOLD=2093 (97.3%)
2026-03-04 09:25:29.106 | INFO     | backtest.filters:apply_filters:120 - Filters [4h] 2/57 removed (96% survive) — trend=0 vol=2 volume=0 funding=0 regime=0
2026-03-04 09:25:29.111 | INFO     | backtest.engine:_compute_metrics:223 -  Results: Return=-4.10% | Sharpe=-0.65 | MaxDD=-7.78% | WinRate=30.77% | Trades=26 (L:26 S:0)
2026-03-04 09:25:29.113 | INFO     | __main__:main:224 - 
──────────────────────────────────────── LSTM ────────────────────────────────────────
2026-03-04 09:25:30.473 | INFO     | models.lstm_model:train:108 - Training LSTM for ETC/USD on cuda — 6426 train samples
2026-03-04 09:25:30.960 | INFO     | models.lstm_model:train:139 -   Epoch   0 | val_loss=1.0452 | val_acc=0.6896
2026-03-04 09:25:33.360 | INFO     | models.lstm_model:train:148 - Early stopping at epoch 8
2026-03-04 09:25:33.360 | SUCCESS  | models.lstm_model:train:152 - LSTM best val_loss: 1.0397
2026-03-04 09:25:34.822 | INFO     | models.ensemble:generate_signals:136 - Signal distribution (threshold=0.4889602094888687): BUY=73 (3.4%)  SELL=1 (0.0%)  HOLD=2076 (96.6%)
2026-03-04 09:25:34.834 | INFO     | backtest.filters:apply_filters:120 - Filters [4h] 7/74 removed (91% survive) — trend=0 vol=3 volume=4 funding=0 regime=0
2026-03-04 09:25:34.839 | INFO     | backtest.engine:_compute_metrics:223 -  Results: Return=9.56% | Sharpe=1.08 | MaxDD=-6.05% | WinRate=40.00% | Trades=25 (L:24 S:1)
2026-03-04 09:25:34.840 | INFO     | __main__:main:233 - 
──────────────────────────────────────── CNN ────────────────────────────────────────
2026-03-04 09:25:34.850 | INFO     | models.cnn_model:train:116 - Training 1D CNN for ETC/USD on cuda — 6426 train samples
2026-03-04 09:25:35.358 | INFO     | models.cnn_model:train:145 -   Epoch   0 | val_loss=1.2418 | val_acc=0.7606
2026-03-04 09:25:38.849 | INFO     | models.cnn_model:train:145 -   Epoch  10 | val_loss=1.4320 | val_acc=0.6538
2026-03-04 09:25:38.849 | INFO     | models.cnn_model:train:154 - Early stopping at epoch 10
2026-03-04 09:25:38.857 | SUCCESS  | models.cnn_model:train:158 - 1D CNN best val_loss: 1.1241
2026-03-04 09:25:40.889 | INFO     | models.ensemble:generate_signals:136 - Signal distribution (threshold=0.7502536177635193): BUY=94 (4.4%)  SELL=0 (0.0%)  HOLD=2056 (95.6%)
2026-03-04 09:25:40.889 | INFO     | backtest.filters:apply_filters:120 - Filters [4h] 30/94 removed (68% survive) — trend=0 vol=26 volume=4 funding=0 regime=0
2026-03-04 09:25:40.901 | INFO     | backtest.engine:_compute_metrics:223 -  Results: Return=-0.11% | Sharpe=0.00 | MaxDD=-7.20% | WinRate=33.33% | Trades=6 (L:6 S:0)
2026-03-04 09:25:40.903 | INFO     | __main__:main:242 - 
──────────────────────────────────────── TFT ────────────────────────────────────────
2026-03-04 09:25:40.905 | INFO     | models.tft_model:<module>:33 - TFT using cuda
2026-03-04 09:25:40.915 | INFO     | models.tft_model:train:222 - Training TFT for ETC/USD on cuda — 6426 train samples
