2026-02-23 12:30:59.908 | INFO     | __main__:main:397 - Testing 5 symbols x 6 timeframes = 30 combinations
2026-02-23 12:30:59.909 | INFO     | data.alt_data:fetch_all_alt_data:172 - Fetching alternative data...
2026-02-23 12:31:00.242 | SUCCESS  | data.alt_data:fetch_fear_greed:44 - Fear & Greed: 1825 records (2021-02-24 -> 2026-02-23)
2026-02-23 12:31:00.414 | WARNING  | data.alt_data:fetch_btc_dominance:88 - BTC dominance chart endpoint failed: Empty BTC dominance series from chart endpoint — trying /global fallback
2026-02-23 12:31:00.587 | WARNING  | data.alt_data:fetch_btc_dominance:108 - BTC Dominance: using current-only value (56.3%) — historical chart unavailable. Feature will be constant.
2026-02-23 12:31:02.275 | SUCCESS  | data.alt_data:fetch_google_trends:146 - Google Trends: 262 records
2026-02-23 12:31:02.297 | SUCCESS  | data.alt_data:fetch_all_alt_data:208 - Alt data saved: 1825 rows, columns: ['timestamp', 'fear_greed', 'date', 'btc_dominance', 'google_trends_btc']
2026-02-23 12:31:02.297 | INFO     | __main__:main:407 - 
============================================================
Timeframe: 15 minutes (15m)
============================================================
2026-02-23 12:31:02.889 | INFO     | __main__:fetch_ohlcv_timeframe:211 - Loaded INJ/USD 15m from cache (35040 rows)
2026-02-23 12:31:02.928 | INFO     | __main__:fetch_ohlcv_timeframe:211 - Loaded LINK/USD 15m from cache (35041 rows)
2026-02-23 12:31:02.973 | INFO     | __main__:fetch_ohlcv_timeframe:211 - Loaded DOGE/USD 15m from cache (35040 rows)
2026-02-23 12:31:03.009 | INFO     | __main__:fetch_ohlcv_timeframe:211 - Loaded OP/USD 15m from cache (35040 rows)
2026-02-23 12:31:03.050 | INFO     | __main__:fetch_ohlcv_timeframe:211 - Loaded ARB/USD 15m from cache (35040 rows)
2026-02-23 12:31:03.050 | INFO     | __main__:main:423 - 
Processing: INJ/USD [15m]
2026-02-23 12:31:03.066 | WARNING  | data.alt_data:merge_alt_data:299 - btc_dominance is constant (API fallback) — dropping feature to avoid feeding noise to the model. Will use BTC proxy instead.
2026-02-23 12:31:03.069 | INFO     | data.alt_data:merge_alt_data:312 - Alt data merged: added 7 new columns
2026-02-23 12:31:03.070 | INFO     | utils.walk_forward:walk_forward_validate:299 - 
============================================================
Walk-Forward Validation: INJ/USD_15m
============================================================
2026-02-23 12:31:03.070 | INFO     | utils.walk_forward:walk_forward_validate:300 - Config [15m]: train=35040 bars val=5280 test=5280 step=5280
2026-02-23 12:31:03.070 | INFO     | data.feature_engineer:build_features:283 - Building features for INJ/USD_15m (35040 rows)
2026-02-23 12:31:03.246 | INFO     | data.feature_engineer:build_features:308 - Dropped 200 NaN/inf rows → 34840 usable rows
2026-02-23 12:31:03.247 | INFO     | data.feature_engineer:build_features:311 - Label distribution: DOWN=11701 NEUTRAL=12035 UP=11104
2026-02-23 12:31:03.248 | INFO     | data.feature_engineer:build_features:318 - Regime: ranging=16586 trending_up=9176 trending_down=9078
2026-02-23 12:31:03.248 | WARNING  | utils.walk_forward:walk_forward_validate:325 - Insufficient data for walk-forward [15m]: 34840/45600 bars — scaling down proportionally (train=26771 val=4034 test=4034)
2026-02-23 12:31:03.403 | INFO     | utils.optuna_search:run_optuna_search:209 - Optuna search: INJ/USD_15m [15m] — 30 trials
2026-02-23 12:31:04.748 | INFO     | models.tft_model:train:191 - Training TFT for optuna_trial on cuda — 26759 train samples
2026-02-23 12:31:06.933 | INFO     | models.tft_model:train:191 - Training TFT for optuna_trial on cuda — 26747 train samples
2026-02-23 12:31:07.663 | INFO     | models.tft_model:train:191 - Training TFT for optuna_trial on cuda — 26759 train samples
2026-02-23 12:31:08.721 | INFO     | models.tft_model:train:191 - Training TFT for optuna_trial on cuda — 26747 train samples
2026-02-23 12:31:09.846 | INFO     | models.tft_model:train:191 - Training TFT for optuna_trial on cuda — 26747 train samples
2026-02-23 12:31:10.911 | INFO     | models.tft_model:train:191 - Training TFT for optuna_trial on cuda — 26723 train samples
2026-02-23 12:31:11.890 | INFO     | models.tft_model:train:191 - Training TFT for optuna_trial on cuda — 26759 train samples
2026-02-23 12:31:12.602 | INFO     | models.tft_model:train:191 - Training TFT for optuna_trial on cuda — 26723 train samples
2026-02-23 12:31:13.347 | INFO     | models.tft_model:train:191 - Training TFT for optuna_trial on cuda — 26759 train samples
2026-02-23 12:31:14.105 | INFO     | models.tft_model:train:191 - Training TFT for optuna_trial on cuda — 26723 train samples
2026-02-23 12:31:14.890 | INFO     | models.tft_model:train:191 - Training TFT for optuna_trial on cuda — 26759 train samples
2026-02-23 12:31:15.653 | INFO     | models.tft_model:train:191 - Training TFT for optuna_trial on cuda — 26747 train samples
2026-02-23 12:31:16.449 | INFO     | models.tft_model:train:191 - Training TFT for optuna_trial on cuda — 26747 train samples
2026-02-23 12:31:17.210 | INFO     | models.tft_model:train:191 - Training TFT for optuna_trial on cuda — 26759 train samples
2026-02-23 12:31:17.995 | INFO     | models.tft_model:train:191 - Training TFT for optuna_trial on cuda — 26747 train samples
2026-02-23 12:31:18.764 | INFO     | models.tft_model:train:191 - Training TFT for optuna_trial on cuda — 26759 train samples
2026-02-23 12:31:19.547 | INFO     | models.tft_model:train:191 - Training TFT for optuna_trial on cuda — 26747 train samples
2026-02-23 12:31:20.312 | INFO     | models.tft_model:train:191 - Training TFT for optuna_trial on cuda — 26747 train samples
2026-02-23 12:31:21.123 | INFO     | models.tft_model:train:191 - Training TFT for optuna_trial on cuda — 26759 train samples
2026-02-23 12:31:21.951 | INFO     | models.tft_model:train:191 - Training TFT for optuna_trial on cuda — 26723 train samples
2026-02-23 12:31:22.768 | INFO     | models.tft_model:train:191 - Training TFT for optuna_trial on cuda — 26759 train samples
