2026-03-04 09:49:48.318 | INFO     | timeframe_comparison:fetch_ohlcv_timeframe:232 - Loaded DOGE/USD 4h from cache (10950 rows)
2026-03-04 09:49:48.318 | INFO     | data.feature_engineer:build_features:334 - Building features for DOGE/USD (10950 rows)
2026-03-04 09:49:48.488 | INFO     | data.feature_engineer:build_features:359 - Dropped 200 NaN/inf rows → 10750 usable rows
2026-03-04 09:49:48.492 | INFO     | data.feature_engineer:build_features:362 - Label distribution: DOWN=1423 NEUTRAL=7859 UP=1468
2026-03-04 09:49:48.493 | INFO     | data.feature_engineer:build_features:369 - Regime: ranging=4061 trending_up=2982 trending_down=3707
2026-03-04 09:49:48.525 | INFO     | __main__:main:235 - Data split — Train: 6450, Val: 2150, Test: 2150
2026-03-04 09:49:48.525 | INFO     | __main__:main:242 - 
──────────────────────────────────────── LightGBM ────────────────────────────────────────
2026-03-04 09:49:48.842 | INFO     | models.lgbm_model:train:55 - Training LightGBM for DOGE/USD — 6450 train samples, 2150 val samples, 100 features
2026-03-04 09:49:48.842 | INFO     | models.lgbm_model:train:61 -   Train label dist: class0=795 class1=4834 class2=821
2026-03-04 09:49:49.143 | SUCCESS  | models.lgbm_model:train:83 - LightGBM val_acc=0.6842 | best_iter=1 | pred_dist: DOWN=0 NEUTRAL=2150 UP=0
2026-03-04 09:49:49.150 | INFO     | __main__:main:251 - Top 20 features: ema_200(5), bb_width_20(5), obv(5), macd_hist(4), atr_pct_7(4), adx(4), hurst_approx(4), vol_regime(4), close_vs_sma_200(3), atr_14(3), vol_sma_7(3), dow_sin(3), close_vs_sma_7(2), close_vs_sma_50(2), sma_200(2), macd_signal(2), bb_lower_20(2), atr_pct_14(2), vol_ratio_21(2), close_vs_vwap(2)
2026-03-04 09:49:49.151 | INFO     | models.ensemble:generate_signals:136 - Signal distribution (threshold=0.4): BUY=0 (0.0%)  SELL=0 (0.0%)  HOLD=2150 (100.0%)
2026-03-04 09:49:49.155 | INFO     | backtest.filters:apply_filters:120 - Filters [4h] 0/0 removed (0% survive) — trend=0 vol=0 volume=0 funding=0 regime=0
2026-03-04 09:49:49.160 | INFO     | backtest.engine:_compute_metrics:223 -  Results: Return=0.00% | Sharpe=0.00 | MaxDD=0.00% | WinRate=0.00% | Trades=0 (L:0 S:0)
2026-03-04 09:49:49.160 | INFO     | __main__:main:257 - 
──────────────────────────────────────── LSTM ────────────────────────────────────────
2026-03-04 09:49:50.797 | INFO     | models.lstm_model:train:118 - Training LSTM for DOGE/USD on cuda — 6426 train samples
2026-03-04 09:49:51.756 | INFO     | models.lstm_model:train:148 -   Epoch   0 | val_loss=1.1309 | val_acc=0.5202 | lr=0.000976
2026-03-04 09:49:52.065 | INFO     | models.lstm_model:train:148 -   Epoch   1 | val_loss=1.1538 | val_acc=0.4690 | lr=0.000905
2026-03-04 09:49:52.383 | INFO     | models.lstm_model:train:148 -   Epoch   2 | val_loss=1.1824 | val_acc=0.4812 | lr=0.000794
2026-03-04 09:49:52.718 | INFO     | models.lstm_model:train:148 -   Epoch   3 | val_loss=1.2919 | val_acc=0.5099 | lr=0.000655
2026-03-04 09:49:52.994 | INFO     | models.lstm_model:train:148 -   Epoch   4 | val_loss=1.3217 | val_acc=0.4407 | lr=0.000501
2026-03-04 09:49:53.325 | INFO     | models.lstm_model:train:148 -   Epoch   5 | val_loss=1.3437 | val_acc=0.5165 | lr=0.000346
2026-03-04 09:49:53.690 | INFO     | models.lstm_model:train:148 -   Epoch   6 | val_loss=1.3819 | val_acc=0.4981 | lr=0.000207
2026-03-04 09:49:53.976 | INFO     | models.lstm_model:train:148 -   Epoch   7 | val_loss=1.4252 | val_acc=0.5339 | lr=0.000096
2026-03-04 09:49:53.976 | INFO     | models.lstm_model:train:157 - Early stopping at epoch 7
2026-03-04 09:49:53.980 | SUCCESS  | models.lstm_model:train:161 - LSTM best val_loss: 1.1309
2026-03-04 09:49:55.630 | INFO     | models.ensemble:generate_signals:136 - Signal distribution (threshold=0.48397940397262573): BUY=18 (0.8%)  SELL=181 (8.4%)  HOLD=1951 (90.7%)
2026-03-04 09:49:55.649 | INFO     | backtest.filters:apply_filters:120 - Filters [4h] 16/199 removed (92% survive) — trend=0 vol=11 volume=5 funding=0 regime=0
2026-03-04 09:49:55.654 | INFO     | backtest.engine:_compute_metrics:223 -  Results: Return=13.06% | Sharpe=1.05 | MaxDD=-12.14% | WinRate=41.67% | Trades=72 (L:5 S:67)
2026-03-04 09:49:55.658 | INFO     | __main__:main:266 - 
──────────────────────────────────────── CNN ────────────────────────────────────────
2026-03-04 09:49:55.672 | INFO     | models.cnn_model:train:128 - Training 1D CNN for DOGE/USD on cuda — 6426 train samples
2026-03-04 09:49:56.618 | INFO     | models.cnn_model:train:156 -   Epoch   0 | val_loss=1.1539 | val_acc=0.5080 | lr=0.000976
2026-03-04 09:49:57.053 | INFO     | models.cnn_model:train:156 -   Epoch   1 | val_loss=1.1444 | val_acc=0.5856 | lr=0.000905
2026-03-04 09:49:57.445 | INFO     | models.cnn_model:train:156 -   Epoch   2 | val_loss=1.2270 | val_acc=0.5941 | lr=0.000794
2026-03-04 09:49:57.761 | INFO     | models.cnn_model:train:156 -   Epoch   3 | val_loss=1.2524 | val_acc=0.5922 | lr=0.000655
2026-03-04 09:49:58.162 | INFO     | models.cnn_model:train:156 -   Epoch   4 | val_loss=1.2127 | val_acc=0.4581 | lr=0.000501
2026-03-04 09:49:58.522 | INFO     | models.cnn_model:train:156 -   Epoch   5 | val_loss=1.2760 | val_acc=0.5494 | lr=0.000346
2026-03-04 09:49:58.840 | INFO     | models.cnn_model:train:156 -   Epoch   6 | val_loss=1.3794 | val_acc=0.5880 | lr=0.000207
2026-03-04 09:49:59.284 | INFO     | models.cnn_model:train:156 -   Epoch   7 | val_loss=1.3642 | val_acc=0.5583 | lr=0.000096
2026-03-04 09:49:59.650 | INFO     | models.cnn_model:train:156 -   Epoch   8 | val_loss=1.3797 | val_acc=0.5696 | lr=0.000025
2026-03-04 09:49:59.650 | INFO     | models.cnn_model:train:165 - Early stopping at epoch 8
2026-03-04 09:49:59.654 | SUCCESS  | models.cnn_model:train:169 - 1D CNN best val_loss: 1.1444
2026-03-04 09:50:01.988 | INFO     | models.ensemble:generate_signals:136 - Signal distribution (threshold=0.47031130194664): BUY=22 (1.0%)  SELL=91 (4.2%)  HOLD=2037 (94.7%)
2026-03-04 09:50:01.991 | INFO     | backtest.filters:apply_filters:120 - Filters [4h] 16/113 removed (86% survive) — trend=0 vol=15 volume=1 funding=0 regime=0
2026-03-04 09:50:01.996 | INFO     | backtest.engine:_compute_metrics:223 -  Results: Return=-5.42% | Sharpe=-1.01 | MaxDD=-8.79% | WinRate=26.92% | Trades=26 (L:4 S:22)
2026-03-04 09:50:01.997 | INFO     | __main__:main:275 - 
──────────────────────────────────────── TFT ────────────────────────────────────────
2026-03-04 09:50:02.007 | INFO     | models.tft_model:<module>:33 - TFT using cuda
2026-03-04 09:50:02.017 | INFO     | models.tft_model:train:224 - Training TFT for DOGE/USD on cuda — 6426 train samples
2026-03-04 09:50:03.557 | INFO     | models.tft_model:train:255 -   Epoch   0 | val_loss=1.1252 | val_acc=0.6388
2026-03-04 09:50:10.894 | INFO     | models.tft_model:train:255 -   Epoch   5 | val_loss=1.5535 | val_acc=0.4473
2026-03-04 09:50:17.699 | INFO     | models.tft_model:train:255 -   Epoch  10 | val_loss=1.7090 | val_acc=0.4784
2026-03-04 09:50:24.254 | INFO     | models.tft_model:train:255 -   Epoch  15 | val_loss=2.1009 | val_acc=0.4915
2026-03-04 09:50:24.254 | INFO     | models.tft_model:train:264 - Early stopping at epoch 15
2026-03-04 09:50:24.257 | SUCCESS  | models.tft_model:train:268 - TFT best val_loss: 1.1252
2026-03-04 09:50:29.254 | INFO     | models.ensemble:generate_signals:136 - Signal distribution (threshold=0.3865872919559479): BUY=7 (0.3%)  SELL=150 (7.0%)  HOLD=1993 (92.7%)
2026-03-04 09:50:29.254 | INFO     | backtest.filters:apply_filters:120 - Filters [4h] 0/157 removed (100% survive) — trend=0 vol=0 volume=0 funding=0 regime=0
2026-03-04 09:50:29.262 | INFO     | backtest.engine:_compute_metrics:223 -  Results: Return=7.92% | Sharpe=0.76 | MaxDD=-10.90% | WinRate=38.98% | Trades=59 (L:5 S:54)
2026-03-04 09:50:29.263 | INFO     | __main__:main:284 - 
──────────────────────────────────────── Ensemble ────────────────────────────────────────
2026-03-04 09:50:29.264 | INFO     | models.ensemble:generate_signals:136 - Signal distribution (threshold=0.3913964399635646): BUY=1 (0.0%)  SELL=106 (4.9%)  HOLD=2043 (95.0%)
2026-03-04 09:50:29.266 | INFO     | backtest.filters:apply_filters:120 - Filters [4h] 5/107 removed (95% survive) — trend=0 vol=5 volume=0 funding=0 regime=0
2026-03-04 09:50:29.271 | INFO     | backtest.engine:_compute_metrics:223 -  Results: Return=0.52% | Sharpe=0.11 | MaxDD=-7.45% | WinRate=36.36% | Trades=33 (L:1 S:32)
