2026-02-26 19:52:59.162 | INFO     | timeframe_comparison:fetch_ohlcv_timeframe:211 - Loaded LINK/USD 8h from cache (5475 rows)
2026-02-26 19:52:59.162 | INFO     | __main__:main:763 -   LINK/USD 8h: 5475 bars
2026-02-26 19:52:59.168 | WARNING  | data.alt_data:merge_alt_data:299 - btc_dominance is constant (API fallback) — dropping feature to avoid feeding noise to the model. Will use BTC proxy instead.
2026-02-26 19:52:59.169 | INFO     | data.alt_data:merge_alt_data:312 - Alt data merged: added 7 new columns
2026-02-26 19:52:59.170 | INFO     | data.feature_engineer:build_features:334 - Building features for LINK/USD (5475 rows)
2026-02-26 19:52:59.233 | INFO     | data.feature_engineer:build_features:359 - Dropped 200 NaN/inf rows → 5275 usable rows
2026-02-26 19:52:59.234 | INFO     | data.feature_engineer:build_features:362 - Label distribution: DOWN=468 NEUTRAL=4275 UP=532
2026-02-26 19:52:59.235 | INFO     | data.feature_engineer:build_features:369 - Regime: ranging=2363 trending_up=1172 trending_down=1740
2026-02-26 19:52:59.235 | INFO     | __main__:run_edge_scan:513 - Edge scan: LINK/USD [8h] — 20 combinations × 3 folds
2026-02-26 19:52:59.238 | INFO     | __main__:run_edge_scan:548 -   [1/20] h8h_t0.008_ternary | UP=20% NEU=60% DOWN=20% | n=5275
2026-02-26 19:53:02.407 | INFO     | models.ensemble:generate_signals:119 - Signal distribution (threshold=0.38): BUY=664 (77.7%)  SELL=12 (1.4%)  HOLD=179 (20.9%)
2026-02-26 19:53:02.409 | INFO     | backtest.engine:_compute_metrics:219 - LINK/USD_8h Results: Return=-18.69% | Sharpe=-2.64 | MaxDD=-23.96% | WinRate=31.48% | Trades=108 (L:103 S:5)
2026-02-26 19:53:04.751 | INFO     | models.ensemble:generate_signals:119 - Signal distribution (threshold=0.38): BUY=200 (23.4%)  SELL=184 (21.5%)  HOLD=471 (55.1%)
2026-02-26 19:53:04.753 | INFO     | backtest.engine:_compute_metrics:219 - LINK/USD_8h Results: Return=-6.25% | Sharpe=-1.10 | MaxDD=-17.75% | WinRate=40.00% | Trades=80 (L:38 S:42)
2026-02-26 19:53:04.753 | INFO     | __main__:run_edge_scan:582 -     ---- | score=1.41 | acc=0.292 | wr=0.357 | ret=-0.125 | trades=94
2026-02-26 19:53:04.765 | INFO     | __main__:run_edge_scan:548 -   [6/20] h24h_t0.008_ternary | UP=31% NEU=37% DOWN=32% | n=5275
2026-02-26 19:53:07.109 | INFO     | models.ensemble:generate_signals:119 - Signal distribution (threshold=0.38): BUY=156 (18.2%)  SELL=263 (30.8%)  HOLD=436 (51.0%)
2026-02-26 19:53:07.111 | INFO     | backtest.engine:_compute_metrics:219 - LINK/USD_8h Results: Return=-29.84% | Sharpe=-5.47 | MaxDD=-40.10% | WinRate=26.92% | Trades=78 (L:29 S:49)
2026-02-26 19:53:09.716 | INFO     | models.ensemble:generate_signals:119 - Signal distribution (threshold=0.38): BUY=322 (37.7%)  SELL=285 (33.3%)  HOLD=248 (29.0%)
2026-02-26 19:53:09.719 | INFO     | backtest.engine:_compute_metrics:219 - LINK/USD_8h Results: Return=0.83% | Sharpe=0.43 | MaxDD=-12.67% | WinRate=43.16% | Trades=95 (L:53 S:42)
2026-02-26 19:53:09.720 | INFO     | __main__:run_edge_scan:582 -     ---- | score=2.81 | acc=0.310 | wr=0.350 | ret=-0.145 | trades=86
2026-02-26 19:53:09.722 | INFO     | __main__:run_edge_scan:548 -   [7/20] h24h_t0.018_ternary | UP=22% NEU=56% DOWN=22% | n=5275
2026-02-26 19:53:12.059 | INFO     | models.ensemble:generate_signals:119 - Signal distribution (threshold=0.38): BUY=297 (34.7%)  SELL=302 (35.3%)  HOLD=256 (29.9%)
2026-02-26 19:53:12.061 | INFO     | backtest.engine:_compute_metrics:219 - LINK/USD_8h Results: Return=17.54% | Sharpe=2.75 | MaxDD=-13.93% | WinRate=40.95% | Trades=105 (L:48 S:57)
2026-02-26 19:53:14.394 | INFO     | models.ensemble:generate_signals:119 - Signal distribution (threshold=0.38): BUY=297 (34.7%)  SELL=349 (40.8%)  HOLD=209 (24.4%)
2026-02-26 19:53:14.396 | INFO     | backtest.engine:_compute_metrics:219 - LINK/USD_8h Results: Return=-6.90% | Sharpe=-1.07 | MaxDD=-15.88% | WinRate=40.22% | Trades=92 (L:47 S:45)
2026-02-26 19:53:14.397 | INFO     | __main__:run_edge_scan:582 -     ---- | score=4.47 | acc=0.280 | wr=0.406 | ret=+0.053 | trades=98
2026-02-26 19:53:14.399 | INFO     | __main__:run_edge_scan:548 -   [8/20] h24h_t0.025_ternary | UP=18% NEU=64% DOWN=18% | n=5275
2026-02-26 19:53:16.764 | INFO     | models.ensemble:generate_signals:119 - Signal distribution (threshold=0.38): BUY=175 (20.5%)  SELL=427 (49.9%)  HOLD=253 (29.6%)
2026-02-26 19:53:16.766 | INFO     | backtest.engine:_compute_metrics:219 - LINK/USD_8h Results: Return=-24.13% | Sharpe=-3.98 | MaxDD=-29.71% | WinRate=32.00% | Trades=100 (L:33 S:67)
2026-02-26 19:53:19.076 | INFO     | models.ensemble:generate_signals:119 - Signal distribution (threshold=0.38): BUY=150 (17.5%)  SELL=145 (17.0%)  HOLD=560 (65.5%)
2026-02-26 19:53:19.078 | INFO     | backtest.engine:_compute_metrics:219 - LINK/USD_8h Results: Return=-8.63% | Sharpe=-1.69 | MaxDD=-18.11% | WinRate=37.50% | Trades=64 (L:28 S:36)
2026-02-26 19:53:19.079 | INFO     | __main__:run_edge_scan:582 -     ---- | score=1.64 | acc=0.349 | wr=0.348 | ret=-0.164 | trades=82
2026-02-26 19:53:19.081 | INFO     | __main__:run_edge_scan:548 -   [9/20] h24h_t0.035_ternary | UP=13% NEU=74% DOWN=12% | n=5275
2026-02-26 19:53:21.453 | INFO     | models.ensemble:generate_signals:119 - Signal distribution (threshold=0.38): BUY=88 (10.3%)  SELL=290 (33.9%)  HOLD=477 (55.8%)
2026-02-26 19:53:21.455 | INFO     | backtest.engine:_compute_metrics:219 - LINK/USD_8h Results: Return=16.54% | Sharpe=2.86 | MaxDD=-13.40% | WinRate=42.65% | Trades=68 (L:19 S:49)
2026-02-26 19:53:23.799 | INFO     | models.ensemble:generate_signals:119 - Signal distribution (threshold=0.38): BUY=65 (7.6%)  SELL=36 (4.2%)  HOLD=754 (88.2%)
2026-02-26 19:53:23.801 | INFO     | backtest.engine:_compute_metrics:219 - LINK/USD_8h Results: Return=-1.69% | Sharpe=-0.25 | MaxDD=-7.26% | WinRate=42.11% | Trades=19 (L:12 S:7)
2026-02-26 19:53:23.802 | INFO     | __main__:run_edge_scan:582 -   ✓ EDGE | score=10.52 | acc=0.595 | wr=0.424 | ret=+0.074 | trades=44
2026-02-26 19:53:23.806 | INFO     | __main__:run_edge_scan:548 -   [11/20] h36h_t0.008_ternary | UP=33% NEU=32% DOWN=34% | n=5275
2026-02-26 19:53:26.175 | INFO     | models.ensemble:generate_signals:119 - Signal distribution (threshold=0.38): BUY=148 (17.3%)  SELL=365 (42.7%)  HOLD=342 (40.0%)
2026-02-26 19:53:26.177 | INFO     | backtest.engine:_compute_metrics:219 - LINK/USD_8h Results: Return=12.68% | Sharpe=2.19 | MaxDD=-21.21% | WinRate=41.30% | Trades=92 (L:23 S:69)
2026-02-26 19:53:28.809 | INFO     | models.ensemble:generate_signals:119 - Signal distribution (threshold=0.38): BUY=338 (39.5%)  SELL=340 (39.8%)  HOLD=177 (20.7%)
2026-02-26 19:53:28.811 | INFO     | backtest.engine:_compute_metrics:219 - LINK/USD_8h Results: Return=-26.42% | Sharpe=-5.34 | MaxDD=-29.06% | WinRate=32.65% | Trades=98 (L:53 S:45)
2026-02-26 19:53:28.812 | INFO     | __main__:run_edge_scan:582 -     ---- | score=3.76 | acc=0.363 | wr=0.370 | ret=-0.069 | trades=95
2026-02-26 19:53:28.814 | INFO     | __main__:run_edge_scan:548 -   [12/20] h36h_t0.018_ternary | UP=25% NEU=50% DOWN=25% | n=5275
2026-02-26 19:53:31.174 | INFO     | models.ensemble:generate_signals:119 - Signal distribution (threshold=0.38): BUY=189 (22.1%)  SELL=425 (49.7%)  HOLD=241 (28.2%)
2026-02-26 19:53:31.177 | INFO     | backtest.engine:_compute_metrics:219 - LINK/USD_8h Results: Return=-0.92% | Sharpe=0.20 | MaxDD=-17.10% | WinRate=36.00% | Trades=100 (L:44 S:56)
2026-02-26 19:53:33.796 | INFO     | models.ensemble:generate_signals:119 - Signal distribution (threshold=0.38): BUY=254 (29.7%)  SELL=417 (48.8%)  HOLD=184 (21.5%)
2026-02-26 19:53:33.798 | INFO     | backtest.engine:_compute_metrics:219 - LINK/USD_8h Results: Return=17.82% | Sharpe=3.40 | MaxDD=-7.93% | WinRate=45.92% | Trades=98 (L:40 S:58)
2026-02-26 19:53:33.799 | INFO     | __main__:run_edge_scan:582 -     ---- | score=5.50 | acc=0.291 | wr=0.410 | ret=+0.084 | trades=99
2026-02-26 19:53:33.802 | INFO     | __main__:run_edge_scan:548 -   [13/20] h36h_t0.025_ternary | UP=21% NEU=58% DOWN=21% | n=5275
2026-02-26 19:53:36.163 | INFO     | models.ensemble:generate_signals:119 - Signal distribution (threshold=0.38): BUY=360 (42.1%)  SELL=218 (25.5%)  HOLD=277 (32.4%)
2026-02-26 19:53:36.166 | INFO     | backtest.engine:_compute_metrics:219 - LINK/USD_8h Results: Return=12.16% | Sharpe=2.00 | MaxDD=-16.80% | WinRate=38.71% | Trades=93 (L:61 S:32)
2026-02-26 19:53:38.514 | INFO     | models.ensemble:generate_signals:119 - Signal distribution (threshold=0.38): BUY=227 (26.5%)  SELL=457 (53.5%)  HOLD=171 (20.0%)
2026-02-26 19:53:38.517 | INFO     | backtest.engine:_compute_metrics:219 - LINK/USD_8h Results: Return=6.47% | Sharpe=1.43 | MaxDD=-8.66% | WinRate=41.18% | Trades=85 (L:35 S:50)
2026-02-26 19:53:38.517 | INFO     | __main__:run_edge_scan:582 -     ---- | score=6.76 | acc=0.291 | wr=0.399 | ret=+0.093 | trades=89
2026-02-26 19:53:38.519 | INFO     | __main__:run_edge_scan:548 -   [14/20] h36h_t0.035_ternary | UP=16% NEU=68% DOWN=16% | n=5275
2026-02-26 19:53:40.901 | INFO     | models.ensemble:generate_signals:119 - Signal distribution (threshold=0.38): BUY=147 (17.2%)  SELL=389 (45.5%)  HOLD=319 (37.3%)
2026-02-26 19:53:40.903 | INFO     | backtest.engine:_compute_metrics:219 - LINK/USD_8h Results: Return=-4.72% | Sharpe=-0.40 | MaxDD=-25.10% | WinRate=34.04% | Trades=94 (L:29 S:65)
2026-02-26 19:53:43.214 | INFO     | models.ensemble:generate_signals:119 - Signal distribution (threshold=0.38): BUY=124 (14.5%)  SELL=21 (2.5%)  HOLD=710 (83.0%)
2026-02-26 19:53:43.217 | INFO     | backtest.engine:_compute_metrics:219 - LINK/USD_8h Results: Return=-8.89% | Sharpe=-2.63 | MaxDD=-15.43% | WinRate=29.63% | Trades=27 (L:22 S:5)
2026-02-26 19:53:43.218 | INFO     | __main__:run_edge_scan:582 -     ---- | score=4.12 | acc=0.486 | wr=0.318 | ret=-0.068 | trades=60
2026-02-26 19:53:43.220 | INFO     | __main__:run_edge_scan:548 -   [15/20] h36h_t0.050_ternary | UP=11% NEU=79% DOWN=10% | n=5275
2026-02-26 19:53:45.580 | INFO     | models.ensemble:generate_signals:119 - Signal distribution (threshold=0.38): BUY=87 (10.2%)  SELL=155 (18.1%)  HOLD=613 (71.7%)
2026-02-26 19:53:45.581 | INFO     | backtest.engine:_compute_metrics:219 - LINK/USD_8h Results: Return=-2.74% | Sharpe=-0.28 | MaxDD=-19.26% | WinRate=44.23% | Trades=52 (L:23 S:29)
2026-02-26 19:53:47.917 | INFO     | models.ensemble:generate_signals:119 - Signal distribution (threshold=0.38): BUY=19 (2.2%)  SELL=0 (0.0%)  HOLD=836 (97.8%)
2026-02-26 19:53:47.920 | INFO     | backtest.engine:_compute_metrics:219 - LINK/USD_8h Results: Return=-5.25% | Sharpe=-3.28 | MaxDD=-7.86% | WinRate=14.29% | Trades=7 (L:7 S:0)
2026-02-26 19:53:47.920 | INFO     | __main__:run_edge_scan:582 -     ---- | score=8.58 | acc=0.709 | wr=0.293 | ret=-0.040 | trades=30
2026-02-26 19:53:47.923 | INFO     | __main__:run_edge_scan:548 -   [16/20] h48h_t0.008_ternary | UP=36% NEU=26% DOWN=38% | n=5275
2026-02-26 19:53:50.268 | INFO     | models.ensemble:generate_signals:119 - Signal distribution (threshold=0.38): BUY=79 (9.2%)  SELL=457 (53.5%)  HOLD=319 (37.3%)
2026-02-26 19:53:50.271 | INFO     | backtest.engine:_compute_metrics:219 - LINK/USD_8h Results: Return=-11.38% | Sharpe=-1.55 | MaxDD=-23.94% | WinRate=33.33% | Trades=78 (L:22 S:56)
2026-02-26 19:53:52.590 | INFO     | models.ensemble:generate_signals:119 - Signal distribution (threshold=0.38): BUY=46 (5.4%)  SELL=306 (35.8%)  HOLD=503 (58.8%)
2026-02-26 19:53:52.592 | INFO     | backtest.engine:_compute_metrics:219 - LINK/USD_8h Results: Return=-3.94% | Sharpe=-0.65 | MaxDD=-12.58% | WinRate=37.29% | Trades=59 (L:15 S:44)
2026-02-26 19:53:52.593 | INFO     | __main__:run_edge_scan:582 -     ---- | score=2.88 | acc=0.406 | wr=0.353 | ret=-0.077 | trades=68
2026-02-26 19:53:52.596 | INFO     | __main__:run_edge_scan:548 -   [17/20] h48h_t0.018_ternary | UP=29% NEU=41% DOWN=30% | n=5275
2026-02-26 19:53:54.951 | INFO     | models.ensemble:generate_signals:119 - Signal distribution (threshold=0.38): BUY=200 (23.4%)  SELL=429 (50.2%)  HOLD=226 (26.4%)
2026-02-26 19:53:54.953 | INFO     | backtest.engine:_compute_metrics:219 - LINK/USD_8h Results: Return=-22.73% | Sharpe=-3.43 | MaxDD=-35.20% | WinRate=33.62% | Trades=116 (L:46 S:70)
2026-02-26 19:53:57.275 | INFO     | models.ensemble:generate_signals:119 - Signal distribution (threshold=0.38): BUY=180 (21.1%)  SELL=488 (57.1%)  HOLD=187 (21.9%)
2026-02-26 19:53:57.278 | INFO     | backtest.engine:_compute_metrics:219 - LINK/USD_8h Results: Return=0.51% | Sharpe=0.37 | MaxDD=-11.74% | WinRate=41.44% | Trades=111 (L:43 S:68)
2026-02-26 19:53:57.279 | INFO     | __main__:run_edge_scan:582 -     ---- | score=3.18 | acc=0.301 | wr=0.375 | ret=-0.111 | trades=114
2026-02-26 19:53:57.281 | INFO     | __main__:run_edge_scan:548 -   [18/20] h48h_t0.025_ternary | UP=25% NEU=49% DOWN=26% | n=5275
2026-02-26 19:53:59.690 | INFO     | models.ensemble:generate_signals:119 - Signal distribution (threshold=0.38): BUY=302 (35.3%)  SELL=290 (33.9%)  HOLD=263 (30.8%)
2026-02-26 19:53:59.692 | INFO     | backtest.engine:_compute_metrics:219 - LINK/USD_8h Results: Return=-27.55% | Sharpe=-4.28 | MaxDD=-33.45% | WinRate=31.43% | Trades=105 (L:52 S:53)
2026-02-26 19:54:02.024 | INFO     | models.ensemble:generate_signals:119 - Signal distribution (threshold=0.38): BUY=395 (46.2%)  SELL=302 (35.3%)  HOLD=158 (18.5%)
2026-02-26 19:54:02.026 | INFO     | backtest.engine:_compute_metrics:219 - LINK/USD_8h Results: Return=-3.29% | Sharpe=-0.34 | MaxDD=-9.13% | WinRate=43.75% | Trades=128 (L:75 S:53)
2026-02-26 19:54:02.027 | INFO     | __main__:run_edge_scan:582 -     ---- | score=1.69 | acc=0.263 | wr=0.376 | ret=-0.154 | trades=116
2026-02-26 19:54:02.029 | INFO     | __main__:run_edge_scan:548 -   [19/20] h48h_t0.035_ternary | UP=21% NEU=59% DOWN=20% | n=5275
2026-02-26 19:54:04.390 | INFO     | models.ensemble:generate_signals:119 - Signal distribution (threshold=0.38): BUY=600 (70.2%)  SELL=177 (20.7%)  HOLD=78 (9.1%)
2026-02-26 19:54:04.393 | INFO     | backtest.engine:_compute_metrics:219 - LINK/USD_8h Results: Return=-5.26% | Sharpe=-0.38 | MaxDD=-16.14% | WinRate=33.93% | Trades=112 (L:85 S:27)
2026-02-26 19:54:06.730 | INFO     | models.ensemble:generate_signals:119 - Signal distribution (threshold=0.38): BUY=307 (35.9%)  SELL=302 (35.3%)  HOLD=246 (28.8%)
2026-02-26 19:54:06.733 | INFO     | backtest.engine:_compute_metrics:219 - LINK/USD_8h Results: Return=-18.53% | Sharpe=-3.56 | MaxDD=-25.86% | WinRate=33.33% | Trades=93 (L:41 S:52)
2026-02-26 19:54:06.733 | INFO     | __main__:run_edge_scan:582 -     ---- | score=1.09 | acc=0.276 | wr=0.336 | ret=-0.119 | trades=102
2026-02-26 19:54:06.736 | INFO     | __main__:run_edge_scan:548 -   [20/20] h48h_t0.050_ternary | UP=15% NEU=71% DOWN=14% | n=5275
2026-02-26 19:54:09.093 | INFO     | models.ensemble:generate_signals:119 - Signal distribution (threshold=0.38): BUY=102 (11.9%)  SELL=244 (28.5%)  HOLD=509 (59.5%)
2026-02-26 19:54:09.095 | INFO     | backtest.engine:_compute_metrics:219 - LINK/USD_8h Results: Return=-27.02% | Sharpe=-4.90 | MaxDD=-33.30% | WinRate=31.43% | Trades=70 (L:26 S:44)
2026-02-26 19:54:11.449 | INFO     | models.ensemble:generate_signals:119 - Signal distribution (threshold=0.38): BUY=56 (6.5%)  SELL=228 (26.7%)  HOLD=571 (66.8%)
2026-02-26 19:54:11.451 | INFO     | backtest.engine:_compute_metrics:219 - LINK/USD_8h Results: Return=-14.75% | Sharpe=-3.35 | MaxDD=-18.56% | WinRate=34.43% | Trades=61 (L:19 S:42)
2026-02-26 19:54:11.451 | INFO     | __main__:run_edge_scan:582 -     ---- | score=5.08 | acc=0.534 | wr=0.329 | ret=-0.209 | trades=66
2026-02-26 19:54:11.456 | INFO     | __main__:save_results:672 - Full scan results saved → backtest\results\edge_scan_20260226_195411.csv
2026-02-26 19:54:11.457 | INFO     | __main__:save_results:697 - Best edges saved → backtest\results\best_edges.json
