2026-03-04 14:49:15.899 | INFO     | __main__:main:45 - Fetching 1825 days of DOGE/USD 4h...
2026-03-04 14:49:16.538 | INFO     | timeframe_comparison:fetch_ohlcv_timeframe:232 - Loaded DOGE/USD 4h from cache (10950 rows)
2026-03-04 14:49:16.538 | INFO     | data.feature_engineer:build_features:334 - Building features for unknown (10950 rows)
2026-03-04 14:49:16.663 | INFO     | data.feature_engineer:build_features:359 - Dropped 200 NaN/inf rows → 10750 usable rows
2026-03-04 14:49:16.665 | INFO     | data.feature_engineer:build_features:362 - Label distribution: DOWN=1423 NEUTRAL=7859 UP=1468
2026-03-04 14:49:16.666 | INFO     | data.feature_engineer:build_features:369 - Regime: ranging=4061 trending_up=2982 trending_down=3707
2026-03-04 14:49:16.675 | INFO     | __main__:main:63 - Train: 8600 bars | Val: 2150 bars
2026-03-04 14:49:16.675 | INFO     | __main__:main:64 - Features: 100
2026-03-04 14:49:16.689 | INFO     | __main__:main:73 - Training LSTM...
2026-03-04 14:49:18.972 | INFO     | models.lstm_model:train:118 - Training LSTM for DOGE/USD on cuda — 8576 train samples
2026-03-04 14:49:19.956 | INFO     | models.lstm_model:train:148 -   Epoch   0 | val_loss=1.0909 | val_acc=0.4247 | lr=0.000976
2026-03-04 14:49:20.319 | INFO     | models.lstm_model:train:148 -   Epoch   1 | val_loss=1.0984 | val_acc=0.4516 | lr=0.000905
2026-03-04 14:49:20.707 | INFO     | models.lstm_model:train:148 -   Epoch   2 | val_loss=1.1314 | val_acc=0.4661 | lr=0.000794
2026-03-04 14:49:21.076 | INFO     | models.lstm_model:train:148 -   Epoch   3 | val_loss=1.1496 | val_acc=0.4078 | lr=0.000655
2026-03-04 14:49:21.432 | INFO     | models.lstm_model:train:148 -   Epoch   4 | val_loss=1.2007 | val_acc=0.4158 | lr=0.000501
2026-03-04 14:49:21.783 | INFO     | models.lstm_model:train:148 -   Epoch   5 | val_loss=1.2255 | val_acc=0.4732 | lr=0.000346
2026-03-04 14:49:22.162 | INFO     | models.lstm_model:train:148 -   Epoch   6 | val_loss=1.2633 | val_acc=0.4704 | lr=0.000207
2026-03-04 14:49:22.544 | INFO     | models.lstm_model:train:148 -   Epoch   7 | val_loss=1.3037 | val_acc=0.4431 | lr=0.000096
2026-03-04 14:49:22.544 | INFO     | models.lstm_model:train:157 - Early stopping at epoch 7
2026-03-04 14:49:22.549 | SUCCESS  | models.lstm_model:train:161 - LSTM best val_loss: 1.0909
2026-03-04 14:49:22.557 | SUCCESS  | __main__:main:80 - Saved weights → C:\Users\Cameron\Documents\GitHub\Algotrader\AlgoTrader\trading_bot\paper_trader\models\lstm_doge.pt
2026-03-04 14:49:22.558 | SUCCESS  | __main__:main:96 - Saved model info → C:\Users\Cameron\Documents\GitHub\Algotrader\AlgoTrader\trading_bot\paper_trader\models\lstm_info.pkl
2026-03-04 14:49:22.560 | SUCCESS  | __main__:main:101 - Saved scaler → C:\Users\Cameron\Documents\GitHub\Algotrader\AlgoTrader\trading_bot\paper_trader\models\scaler.pkl
2026-03-04 14:49:22.560 | INFO     | __main__:main:103 - 
==================================================
2026-03-04 14:49:22.561 | INFO     | __main__:main:104 - Model frozen and ready for deployment.
2026-03-04 14:49:22.561 | INFO     | __main__:main:105 - Copy the contents of C:\Users\Cameron\Documents\GitHub\Algotrader\AlgoTrader\trading_bot\paper_trader\models to your Railway repo.
2026-03-04 14:49:22.561 | INFO     | __main__:main:106 - ==================================================
