2026-02-20 20:54:56.986 | INFO     | data.kraken_fetcher:get_exchange:31 - Connected to Binance
2026-02-20 20:54:56.987 | INFO     | data.kraken_fetcher:fetch_ohlcv:42 - Fetching BTC/USDT [1h] — 1825 days of history...
2026-02-20 20:55:26.494 | SUCCESS  | data.kraken_fetcher:fetch_ohlcv:81 - BTC/USD: 43787 candles (2021-02-21 -> 2026-02-20)
2026-02-20 20:55:26.777 | INFO     | data.kraken_fetcher:save_data:90 - Saved -> data\raw\BTC_USD_1h.csv
2026-02-20 20:55:26.778 | INFO     | data.kraken_fetcher:fetch_ohlcv:42 - Fetching ETH/USDT [1h] — 1825 days of history...
2026-02-20 20:55:46.942 | SUCCESS  | data.kraken_fetcher:fetch_ohlcv:81 - ETH/USD: 43787 candles (2021-02-21 -> 2026-02-20)
2026-02-20 20:55:47.186 | INFO     | data.kraken_fetcher:save_data:90 - Saved -> data\raw\ETH_USD_1h.csv
2026-02-20 20:55:47.187 | INFO     | data.kraken_fetcher:fetch_ohlcv:42 - Fetching SOL/USDT [1h] — 1825 days of history...
2026-02-20 20:56:10.812 | SUCCESS  | data.kraken_fetcher:fetch_ohlcv:81 - SOL/USD: 43787 candles (2021-02-21 -> 2026-02-20)
2026-02-20 20:56:11.055 | INFO     | data.kraken_fetcher:save_data:90 - Saved -> data\raw\SOL_USD_1h.csv
2026-02-20 20:56:11.056 | INFO     | data.kraken_fetcher:fetch_ohlcv:42 - Fetching XRP/USDT [1h] — 1825 days of history...
2026-02-20 20:56:31.863 | SUCCESS  | data.kraken_fetcher:fetch_ohlcv:81 - XRP/USD: 43787 candles (2021-02-21 -> 2026-02-20)
2026-02-20 20:56:32.272 | INFO     | data.kraken_fetcher:save_data:90 - Saved -> data\raw\XRP_USD_1h.csv
2026-02-20 20:56:32.273 | SUCCESS  | data.kraken_fetcher:fetch_all_pairs:124 - Loaded 4/4 pairs
2026-02-20 20:56:32.316 | INFO     | __main__:run_pipeline:53 - 
============================================================
Processing: BTC/USD
============================================================
2026-02-20 20:56:32.316 | INFO     | data.feature_engineer:build_features:145 - Building features for BTC/USD (43787 rows)
2026-02-20 20:56:32.449 | INFO     | data.feature_engineer:build_features:163 - Dropped 199 NaN rows → 43588 usable rows
2026-02-20 20:56:32.451 | INFO     | data.feature_engineer:build_features:166 - Label distribution: DOWN=11807 NEUTRAL=19482 UP=12299
2026-02-20 20:56:32.451 | INFO     | __main__:run_pipeline:58 - Features: 69 columns
2026-02-20 20:56:32.464 | ERROR    | __main__:main:129 - Pipeline failed for BTC/USD: Input X contains infinity or a value too large for dtype('float64').
2026-02-20 20:56:32.472 | INFO     | __main__:run_pipeline:53 - 
============================================================
Processing: ETH/USD
============================================================
2026-02-20 20:56:32.473 | INFO     | data.feature_engineer:build_features:145 - Building features for ETH/USD (43787 rows)
2026-02-20 20:56:32.618 | INFO     | data.feature_engineer:build_features:163 - Dropped 199 NaN rows → 43588 usable rows
2026-02-20 20:56:32.619 | INFO     | data.feature_engineer:build_features:166 - Label distribution: DOWN=13794 NEUTRAL=15426 UP=14368
2026-02-20 20:56:32.619 | INFO     | __main__:run_pipeline:58 - Features: 69 columns
2026-02-20 20:56:32.632 | ERROR    | __main__:main:129 - Pipeline failed for ETH/USD: Input X contains infinity or a value too large for dtype('float64').
2026-02-20 20:56:32.636 | INFO     | __main__:run_pipeline:53 - 
============================================================
Processing: SOL/USD
============================================================
2026-02-20 20:56:32.637 | INFO     | data.feature_engineer:build_features:145 - Building features for SOL/USD (43787 rows)
2026-02-20 20:56:32.755 | INFO     | data.feature_engineer:build_features:163 - Dropped 199 NaN rows → 43588 usable rows
2026-02-20 20:56:32.756 | INFO     | data.feature_engineer:build_features:166 - Label distribution: DOWN=17044 NEUTRAL=9445 UP=17099
2026-02-20 20:56:32.756 | INFO     | __main__:run_pipeline:58 - Features: 69 columns
2026-02-20 20:56:32.769 | ERROR    | __main__:main:129 - Pipeline failed for SOL/USD: Input X contains infinity or a value too large for dtype('float64').
2026-02-20 20:56:32.774 | INFO     | __main__:run_pipeline:53 - 
============================================================
Processing: XRP/USD
============================================================
2026-02-20 20:56:32.775 | INFO     | data.feature_engineer:build_features:145 - Building features for XRP/USD (43787 rows)
2026-02-20 20:56:32.888 | INFO     | data.feature_engineer:build_features:163 - Dropped 199 NaN rows → 43588 usable rows
2026-02-20 20:56:32.890 | INFO     | data.feature_engineer:build_features:166 - Label distribution: DOWN=15133 NEUTRAL=12762 UP=15693
2026-02-20 20:56:32.891 | INFO     | __main__:run_pipeline:58 - Features: 69 columns
2026-02-20 20:56:32.905 | ERROR    | __main__:main:129 - Pipeline failed for XRP/USD: Input X contains infinity or a value too large for dtype('float64').
