2026-02-20 20:48:42.190 | INFO     | data.kraken_fetcher:get_exchange:18 - Connected to Kraken
2026-02-20 20:48:42.191 | INFO     | data.kraken_fetcher:fetch_ohlcv:25 - Fetching BTC/USD [1h] — 1825 days of history...
2026-02-20 20:48:48.291 | SUCCESS  | data.kraken_fetcher:fetch_ohlcv:55 - BTC/USD: 720 candles (2026-01-21 -> 2026-02-20)
2026-02-20 20:48:48.302 | INFO     | data.kraken_fetcher:save_data:64 - Saved -> data\raw\BTC_USD_1h.csv
2026-02-20 20:48:48.302 | INFO     | data.kraken_fetcher:fetch_ohlcv:25 - Fetching ETH/USD [1h] — 1825 days of history...
2026-02-20 20:48:51.355 | SUCCESS  | data.kraken_fetcher:fetch_ohlcv:55 - ETH/USD: 720 candles (2026-01-21 -> 2026-02-20)
2026-02-20 20:48:51.361 | INFO     | data.kraken_fetcher:save_data:64 - Saved -> data\raw\ETH_USD_1h.csv
2026-02-20 20:48:51.362 | INFO     | data.kraken_fetcher:fetch_ohlcv:25 - Fetching SOL/USD [1h] — 1825 days of history...
2026-02-20 20:48:54.298 | SUCCESS  | data.kraken_fetcher:fetch_ohlcv:55 - SOL/USD: 720 candles (2026-01-21 -> 2026-02-20)
2026-02-20 20:48:54.305 | INFO     | data.kraken_fetcher:save_data:64 - Saved -> data\raw\SOL_USD_1h.csv
2026-02-20 20:48:54.305 | INFO     | data.kraken_fetcher:fetch_ohlcv:25 - Fetching XRP/USD [1h] — 1825 days of history...
2026-02-20 20:48:57.290 | SUCCESS  | data.kraken_fetcher:fetch_ohlcv:55 - XRP/USD: 720 candles (2026-01-21 -> 2026-02-20)
2026-02-20 20:48:57.296 | INFO     | data.kraken_fetcher:save_data:64 - Saved -> data\raw\XRP_USD_1h.csv
2026-02-20 20:48:57.297 | SUCCESS  | data.kraken_fetcher:fetch_all_pairs:98 - Loaded 4/4 pairs
2026-02-20 20:48:57.303 | INFO     | __main__:run_pipeline:53 - 
============================================================
Processing: BTC/USD
============================================================
2026-02-20 20:48:57.304 | INFO     | data.feature_engineer:build_features:145 - Building features for BTC/USD (720 rows)
2026-02-20 20:48:57.336 | INFO     | data.feature_engineer:build_features:163 - Dropped 199 NaN rows → 521 usable rows
2026-02-20 20:48:57.337 | INFO     | data.feature_engineer:build_features:166 - Label distribution: DOWN=193 NEUTRAL=150 UP=178
2026-02-20 20:48:57.337 | INFO     | __main__:run_pipeline:58 - Features: 69 columns
2026-02-20 20:48:57.338 | INFO     | utils.splitter:time_split:37 - Split: train=364 | val=78 | test=79
2026-02-20 20:48:57.340 | INFO     | utils.splitter:save_scaler:48 - Saved scaler -> models\saved\BTC_USD_scaler.pkl
2026-02-20 20:48:57.341 | INFO     | models.lgbm_model:train:19 - Training LightGBM for BTC/USD...
2026-02-20 20:48:57.664 | SUCCESS  | models.lgbm_model:train:27 - LightGBM val accuracy: 0.3846
2026-02-20 20:48:57.714 | INFO     | models.lgbm_model:save:35 - Saved LightGBM -> models\saved\BTC_USD_lgbm.pkl
2026-02-20 20:48:57.715 | INFO     | models.xgb_model:train:17 - Training XGBoost for BTC/USD...
2026-02-20 20:48:57.906 | SUCCESS  | models.xgb_model:train:21 - XGBoost val accuracy: 0.3590
2026-02-20 20:48:57.910 | INFO     | models.xgb_model:save:29 - Saved XGBoost -> models\saved\BTC_USD_xgb.pkl
2026-02-20 20:48:59.098 | INFO     | models.lstm_model:train:89 - Training LSTM for BTC/USD on cpu — 304 train samples
2026-02-20 20:48:59.239 | INFO     | models.lstm_model:train:120 -   Epoch   0 | val_loss=1.1495 | val_acc=0.3333
2026-02-20 20:49:00.351 | INFO     | models.lstm_model:train:120 -   Epoch  10 | val_loss=1.1620 | val_acc=0.4444
2026-02-20 20:49:00.463 | INFO     | models.lstm_model:train:129 - Early stopping at epoch 11
2026-02-20 20:49:00.463 | SUCCESS  | models.lstm_model:train:133 - LSTM best val_loss: 1.0543
2026-02-20 20:49:00.467 | INFO     | models.lstm_model:save:149 - Saved LSTM -> models\saved\BTC_USD_lstm.pt
2026-02-20 20:49:00.509 | SUCCESS  | models.ensemble:optimise_weights:52 - Optimised weights: LGBM=0.333 XGB=0.333 LSTM=0.333 | acc=0.4231
2026-02-20 20:49:00.511 | INFO     | models.ensemble:save_weights:101 - Saved ensemble weights -> models\saved\BTC_USD_ensemble_weights.pkl
2026-02-20 20:49:00.556 | INFO     | models.ensemble:generate_signals:82 - Signal distribution (threshold=0.42): BUY=14 (17.7%)  SELL=5 (6.3%)  HOLD=60 (75.9%)
2026-02-20 20:49:00.557 | INFO     | __main__:run_pipeline:95 - Test accuracy: 0.4177
2026-02-20 20:49:00.559 | INFO     | backtest.engine:_compute_metrics:200 - BTC/USD Results: Return=2.35% | Sharpe=7.27 | MaxDD=-1.97% | WinRate=100.00% | Trades=2 (L:1 S:1)
2026-02-20 20:49:00.562 | INFO     | backtest.engine:save_results:218 - Results saved -> backtest\results\BTC_USD_backtest.json
2026-02-20 20:49:00.565 | INFO     | __main__:run_pipeline:53 - 
============================================================
Processing: ETH/USD
============================================================
2026-02-20 20:49:00.565 | INFO     | data.feature_engineer:build_features:145 - Building features for ETH/USD (720 rows)
2026-02-20 20:49:00.606 | INFO     | data.feature_engineer:build_features:163 - Dropped 199 NaN rows → 521 usable rows
2026-02-20 20:49:00.607 | INFO     | data.feature_engineer:build_features:166 - Label distribution: DOWN=201 NEUTRAL=144 UP=176
2026-02-20 20:49:00.607 | INFO     | __main__:run_pipeline:58 - Features: 69 columns
2026-02-20 20:49:00.609 | INFO     | utils.splitter:time_split:37 - Split: train=364 | val=78 | test=79
2026-02-20 20:49:00.611 | INFO     | utils.splitter:save_scaler:48 - Saved scaler -> models\saved\ETH_USD_scaler.pkl
2026-02-20 20:49:00.611 | INFO     | models.lgbm_model:train:19 - Training LightGBM for ETH/USD...
2026-02-20 20:49:00.959 | SUCCESS  | models.lgbm_model:train:27 - LightGBM val accuracy: 0.3718
2026-02-20 20:49:01.012 | INFO     | models.lgbm_model:save:35 - Saved LightGBM -> models\saved\ETH_USD_lgbm.pkl
2026-02-20 20:49:01.013 | INFO     | models.xgb_model:train:17 - Training XGBoost for ETH/USD...
2026-02-20 20:49:01.208 | SUCCESS  | models.xgb_model:train:21 - XGBoost val accuracy: 0.4231
2026-02-20 20:49:01.211 | INFO     | models.xgb_model:save:29 - Saved XGBoost -> models\saved\ETH_USD_xgb.pkl
2026-02-20 20:49:01.214 | INFO     | models.lstm_model:train:89 - Training LSTM for ETH/USD on cpu — 304 train samples
2026-02-20 20:49:01.349 | INFO     | models.lstm_model:train:120 -   Epoch   0 | val_loss=1.1586 | val_acc=0.3889
2026-02-20 20:49:02.490 | INFO     | models.lstm_model:train:120 -   Epoch  10 | val_loss=1.0643 | val_acc=0.3889
2026-02-20 20:49:03.036 | INFO     | models.lstm_model:train:129 - Early stopping at epoch 14
2026-02-20 20:49:03.037 | SUCCESS  | models.lstm_model:train:133 - LSTM best val_loss: 1.0599
2026-02-20 20:49:03.041 | INFO     | models.lstm_model:save:149 - Saved LSTM -> models\saved\ETH_USD_lstm.pt
2026-02-20 20:49:03.079 | SUCCESS  | models.ensemble:optimise_weights:52 - Optimised weights: LGBM=0.333 XGB=0.333 LSTM=0.333 | acc=0.3718
2026-02-20 20:49:03.081 | INFO     | models.ensemble:save_weights:101 - Saved ensemble weights -> models\saved\ETH_USD_ensemble_weights.pkl
2026-02-20 20:49:03.121 | INFO     | models.ensemble:generate_signals:82 - Signal distribution (threshold=0.42): BUY=14 (17.7%)  SELL=1 (1.3%)  HOLD=64 (81.0%)
2026-02-20 20:49:03.121 | INFO     | __main__:run_pipeline:95 - Test accuracy: 0.3924
2026-02-20 20:49:03.122 | INFO     | backtest.engine:_compute_metrics:200 - ETH/USD Results: Return=-3.74% | Sharpe=-11.98 | MaxDD=-5.09% | WinRate=0.00% | Trades=3 (L:2 S:1)
2026-02-20 20:49:03.125 | INFO     | backtest.engine:save_results:218 - Results saved -> backtest\results\ETH_USD_backtest.json
2026-02-20 20:49:03.127 | INFO     | __main__:run_pipeline:53 - 
============================================================
Processing: SOL/USD
============================================================
2026-02-20 20:49:03.128 | INFO     | data.feature_engineer:build_features:145 - Building features for SOL/USD (720 rows)
2026-02-20 20:49:03.169 | INFO     | data.feature_engineer:build_features:163 - Dropped 199 NaN rows → 521 usable rows
2026-02-20 20:49:03.169 | INFO     | data.feature_engineer:build_features:166 - Label distribution: DOWN=203 NEUTRAL=126 UP=192
2026-02-20 20:49:03.169 | INFO     | __main__:run_pipeline:58 - Features: 69 columns
2026-02-20 20:49:03.172 | INFO     | utils.splitter:time_split:37 - Split: train=364 | val=78 | test=79
2026-02-20 20:49:03.174 | INFO     | utils.splitter:save_scaler:48 - Saved scaler -> models\saved\SOL_USD_scaler.pkl
2026-02-20 20:49:03.174 | INFO     | models.lgbm_model:train:19 - Training LightGBM for SOL/USD...
2026-02-20 20:49:03.491 | SUCCESS  | models.lgbm_model:train:27 - LightGBM val accuracy: 0.3974
2026-02-20 20:49:03.546 | INFO     | models.lgbm_model:save:35 - Saved LightGBM -> models\saved\SOL_USD_lgbm.pkl
2026-02-20 20:49:03.546 | INFO     | models.xgb_model:train:17 - Training XGBoost for SOL/USD...
2026-02-20 20:49:03.669 | SUCCESS  | models.xgb_model:train:21 - XGBoost val accuracy: 0.3333
2026-02-20 20:49:03.674 | INFO     | models.xgb_model:save:29 - Saved XGBoost -> models\saved\SOL_USD_xgb.pkl
2026-02-20 20:49:03.676 | INFO     | models.lstm_model:train:89 - Training LSTM for SOL/USD on cpu — 304 train samples
2026-02-20 20:49:03.813 | INFO     | models.lstm_model:train:120 -   Epoch   0 | val_loss=1.0530 | val_acc=0.5000
2026-02-20 20:49:05.039 | INFO     | models.lstm_model:train:120 -   Epoch  10 | val_loss=1.1398 | val_acc=0.5000
2026-02-20 20:49:05.260 | INFO     | models.lstm_model:train:129 - Early stopping at epoch 12
2026-02-20 20:49:05.260 | SUCCESS  | models.lstm_model:train:133 - LSTM best val_loss: 1.0310
2026-02-20 20:49:05.264 | INFO     | models.lstm_model:save:149 - Saved LSTM -> models\saved\SOL_USD_lstm.pt
2026-02-20 20:49:05.305 | SUCCESS  | models.ensemble:optimise_weights:52 - Optimised weights: LGBM=0.333 XGB=0.333 LSTM=0.333 | acc=0.2821
2026-02-20 20:49:05.306 | INFO     | models.ensemble:save_weights:101 - Saved ensemble weights -> models\saved\SOL_USD_ensemble_weights.pkl
2026-02-20 20:49:05.347 | INFO     | models.ensemble:generate_signals:82 - Signal distribution (threshold=0.42): BUY=3 (3.8%)  SELL=9 (11.4%)  HOLD=67 (84.8%)
2026-02-20 20:49:05.348 | INFO     | __main__:run_pipeline:95 - Test accuracy: 0.3544
2026-02-20 20:49:05.349 | INFO     | backtest.engine:_compute_metrics:200 - SOL/USD Results: Return=-10.94% | Sharpe=-23.71 | MaxDD=-12.29% | WinRate=25.00% | Trades=8 (L:3 S:5)
2026-02-20 20:49:05.351 | INFO     | backtest.engine:save_results:218 - Results saved -> backtest\results\SOL_USD_backtest.json
2026-02-20 20:49:05.354 | INFO     | __main__:run_pipeline:53 - 
============================================================
Processing: XRP/USD
============================================================
2026-02-20 20:49:05.354 | INFO     | data.feature_engineer:build_features:145 - Building features for XRP/USD (720 rows)
2026-02-20 20:49:05.395 | INFO     | data.feature_engineer:build_features:163 - Dropped 199 NaN rows → 521 usable rows
2026-02-20 20:49:05.396 | INFO     | data.feature_engineer:build_features:166 - Label distribution: DOWN=222 NEUTRAL=111 UP=188
2026-02-20 20:49:05.396 | INFO     | __main__:run_pipeline:58 - Features: 69 columns
2026-02-20 20:49:05.398 | INFO     | utils.splitter:time_split:37 - Split: train=364 | val=78 | test=79
2026-02-20 20:49:05.400 | INFO     | utils.splitter:save_scaler:48 - Saved scaler -> models\saved\XRP_USD_scaler.pkl
2026-02-20 20:49:05.400 | INFO     | models.lgbm_model:train:19 - Training LightGBM for XRP/USD...
2026-02-20 20:49:05.712 | SUCCESS  | models.lgbm_model:train:27 - LightGBM val accuracy: 0.3205
2026-02-20 20:49:05.767 | INFO     | models.lgbm_model:save:35 - Saved LightGBM -> models\saved\XRP_USD_lgbm.pkl
2026-02-20 20:49:05.768 | INFO     | models.xgb_model:train:17 - Training XGBoost for XRP/USD...
2026-02-20 20:49:05.893 | SUCCESS  | models.xgb_model:train:21 - XGBoost val accuracy: 0.3718
2026-02-20 20:49:05.896 | INFO     | models.xgb_model:save:29 - Saved XGBoost -> models\saved\XRP_USD_xgb.pkl
2026-02-20 20:49:05.898 | INFO     | models.lstm_model:train:89 - Training LSTM for XRP/USD on cpu — 304 train samples
2026-02-20 20:49:06.033 | INFO     | models.lstm_model:train:120 -   Epoch   0 | val_loss=1.1116 | val_acc=0.4444
2026-02-20 20:49:07.186 | INFO     | models.lstm_model:train:120 -   Epoch  10 | val_loss=1.2480 | val_acc=0.4444
2026-02-20 20:49:07.187 | INFO     | models.lstm_model:train:129 - Early stopping at epoch 10
2026-02-20 20:49:07.187 | SUCCESS  | models.lstm_model:train:133 - LSTM best val_loss: 1.1116
2026-02-20 20:49:07.190 | INFO     | models.lstm_model:save:149 - Saved LSTM -> models\saved\XRP_USD_lstm.pt
2026-02-20 20:49:07.225 | SUCCESS  | models.ensemble:optimise_weights:52 - Optimised weights: LGBM=0.333 XGB=0.333 LSTM=0.333 | acc=0.2692
2026-02-20 20:49:07.227 | INFO     | models.ensemble:save_weights:101 - Saved ensemble weights -> models\saved\XRP_USD_ensemble_weights.pkl
2026-02-20 20:49:07.265 | INFO     | models.ensemble:generate_signals:82 - Signal distribution (threshold=0.42): BUY=5 (6.3%)  SELL=13 (16.5%)  HOLD=61 (77.2%)
2026-02-20 20:49:07.266 | INFO     | __main__:run_pipeline:95 - Test accuracy: 0.3038
2026-02-20 20:49:07.267 | INFO     | backtest.engine:_compute_metrics:200 - XRP/USD Results: Return=0.00% | Sharpe=0.26 | MaxDD=-5.47% | WinRate=33.33% | Trades=6 (L:3 S:3)
2026-02-20 20:49:07.271 | INFO     | backtest.engine:save_results:218 - Results saved -> backtest\results\XRP_USD_backtest.json
