2026-02-21 21:22:56.564 | INFO     | __main__:main:297 - Testing 1 symbols x 4 timeframes = 4 combinations
2026-02-21 21:22:56.580 | INFO     | data.alt_data:fetch_all_alt_data:133 - Loaded cached alt data (1825 rows)
2026-02-21 21:22:56.580 | INFO     | __main__:main:307 - 
============================================================
Timeframe: 15 minutes (15m)
============================================================
2026-02-21 21:22:56.582 | INFO     | __main__:main:310 - 
Processing: INJ/USD [15m]
2026-02-21 21:22:57.023 | INFO     | __main__:fetch_ohlcv_timeframe:114 - Fetching INJ/USD [15m] — 365 days...
2026-02-21 21:23:14.611 | SUCCESS  | __main__:fetch_ohlcv_timeframe:147 - INJ/USD 15m: 35040 candles (2025-02-21 -> 2026-02-21)
2026-02-21 21:23:14.762 | INFO     | data.alt_data:merge_alt_data:226 - Alt data merged: added 7 new columns
2026-02-21 21:23:14.762 | INFO     | data.feature_engineer:build_features:247 - Building features for INJ/USD (35040 rows)
2026-02-21 21:23:14.903 | INFO     | data.feature_engineer:build_features:271 - Dropped 200 NaN/inf rows → 34840 usable rows
2026-02-21 21:23:14.910 | INFO     | data.feature_engineer:build_features:274 - Label distribution: DOWN=11712 NEUTRAL=12011 UP=11117
2026-02-21 21:23:14.910 | INFO     | data.feature_engineer:build_features:281 - Regime: ranging=25211 trending_up=4965 trending_down=4664
2026-02-21 21:23:14.910 | INFO     | __main__:run_pipeline_for_timeframe:176 - INJ/USD 15m: 34840 rows, 87 features
2026-02-21 21:23:14.955 | INFO     | utils.splitter:time_split:37 - Split: train=24388 | val=5226 | test=5226
2026-02-21 21:23:14.959 | INFO     | utils.splitter:save_scaler:48 - Saved scaler -> models\saved\INJ_USD_15m_scaler.pkl
2026-02-21 21:23:14.959 | INFO     | models.catboost_model:train:34 - Training CatBoost for INJ/USD_15m...
2026-02-21 21:23:15.914 | SUCCESS  | models.catboost_model:train:42 - CatBoost val accuracy: 0.3463
2026-02-21 21:23:17.127 | INFO     | models.cnn_model:train:116 - Training 1D CNN for INJ/USD_15m on cuda — 24364 train samples
2026-02-21 21:23:18.795 | INFO     | models.cnn_model:train:145 -   Epoch   0 | val_loss=1.1365 | val_acc=0.3410
2026-02-21 21:23:27.545 | INFO     | models.cnn_model:train:154 - Early stopping at epoch 7
2026-02-21 21:23:27.545 | SUCCESS  | models.cnn_model:train:158 - 1D CNN best val_loss: 1.1365
2026-02-21 21:23:27.557 | INFO     | models.lstm_model:train:91 - Training LSTM for INJ/USD_15m on cuda — 24364 train samples
2026-02-21 21:23:28.541 | INFO     | models.lstm_model:train:122 -   Epoch   0 | val_loss=0.9843 | val_acc=0.3351
2026-02-21 21:23:35.108 | INFO     | models.lstm_model:train:131 - Early stopping at epoch 7
2026-02-21 21:23:35.108 | SUCCESS  | models.lstm_model:train:135 - LSTM best val_loss: 0.9843
2026-02-21 21:23:42.927 | SUCCESS  | models.ensemble:optimise_weights:88 - Optimised weights: TFT=1.000 CNN=0.000 LSTM=0.000 | acc=0.3463
2026-02-21 21:23:50.853 | INFO     | models.ensemble:generate_signals:119 - Signal distribution (threshold=0.34): BUY=0 (0.0%)  SELL=14 (0.3%)  HOLD=5212 (99.7%)
2026-02-21 21:23:50.861 | INFO     | backtest.filters:apply_filters:127 - Filters removed 13/14 signals — trend=0 vol=0 volume=10 funding=0 regime=3
2026-02-21 21:23:50.869 | INFO     | backtest.engine:_compute_metrics:200 - INJ/USD Results: Return=-3.14% | Sharpe=-1.98 | MaxDD=-3.80% | WinRate=0.00% | Trades=1 (L:0 S:1)
2026-02-21 21:23:50.870 | INFO     | __main__:main:307 - 
============================================================
Timeframe: 1 hour (1h)
============================================================
2026-02-21 21:23:50.870 | INFO     | __main__:main:310 - 
Processing: INJ/USD [1h]
2026-02-21 21:23:51.003 | INFO     | __main__:fetch_ohlcv_timeframe:111 - Loaded INJ/USD 1h from cache (43787 rows)
2026-02-21 21:23:51.024 | INFO     | data.alt_data:merge_alt_data:226 - Alt data merged: added 7 new columns
2026-02-21 21:23:51.025 | INFO     | data.feature_engineer:build_features:247 - Building features for INJ/USD (43787 rows)
2026-02-21 21:23:51.203 | INFO     | data.feature_engineer:build_features:271 - Dropped 205 NaN/inf rows → 43582 usable rows
2026-02-21 21:23:51.215 | INFO     | data.feature_engineer:build_features:274 - Label distribution: DOWN=18136 NEUTRAL=8173 UP=17273
2026-02-21 21:23:51.215 | INFO     | data.feature_engineer:build_features:281 - Regime: ranging=29304 trending_up=8767 trending_down=5511
2026-02-21 21:23:51.215 | INFO     | __main__:run_pipeline_for_timeframe:176 - INJ/USD 1h: 43582 rows, 87 features
2026-02-21 21:23:51.289 | INFO     | utils.splitter:time_split:37 - Split: train=30507 | val=6537 | test=6538
2026-02-21 21:23:51.289 | INFO     | utils.splitter:save_scaler:48 - Saved scaler -> models\saved\INJ_USD_1h_scaler.pkl
2026-02-21 21:23:51.289 | INFO     | models.catboost_model:train:34 - Training CatBoost for INJ/USD_1h...
2026-02-21 21:23:52.505 | SUCCESS  | models.catboost_model:train:42 - CatBoost val accuracy: 0.4288
2026-02-21 21:23:52.517 | INFO     | models.cnn_model:train:116 - Training 1D CNN for INJ/USD_1h on cuda — 30483 train samples
2026-02-21 21:23:54.144 | INFO     | models.cnn_model:train:145 -   Epoch   0 | val_loss=0.8742 | val_acc=0.4337
