2026-02-21 12:10:01.945 | INFO     | data.kraken_fetcher:get_exchange:31 - Connected to Binance
2026-02-21 12:10:02.099 | INFO     | data.kraken_fetcher:fetch_all_pairs:117 - Loaded BTC/USD from cache (43787 rows)
2026-02-21 12:10:02.234 | INFO     | data.kraken_fetcher:fetch_all_pairs:117 - Loaded ETH/USD from cache (43787 rows)
2026-02-21 12:10:02.371 | INFO     | data.kraken_fetcher:fetch_all_pairs:117 - Loaded SOL/USD from cache (43787 rows)
2026-02-21 12:10:02.484 | INFO     | data.kraken_fetcher:fetch_all_pairs:117 - Loaded XRP/USD from cache (43787 rows)
2026-02-21 12:10:02.499 | SUCCESS  | data.kraken_fetcher:fetch_all_pairs:124 - Loaded 4/4 pairs
2026-02-21 12:10:02.500 | INFO     | __main__:run_pipeline:53 - 
============================================================
Processing: BTC/USD
============================================================
2026-02-21 12:10:02.500 | INFO     | data.feature_engineer:build_features:145 - Building features for BTC/USD (43787 rows)
2026-02-21 12:10:02.636 | INFO     | data.feature_engineer:build_features:165 - Dropped 204 NaN/inf rows → 43583 usable rows
2026-02-21 12:10:02.651 | INFO     | data.feature_engineer:build_features:168 - Label distribution: DOWN=11804 NEUTRAL=19482 UP=12297
2026-02-21 12:10:02.651 | INFO     | __main__:run_pipeline:58 - Features: 69 columns
2026-02-21 12:10:02.693 | INFO     | utils.splitter:time_split:37 - Split: train=30508 | val=6537 | test=6538
2026-02-21 12:10:02.695 | INFO     | utils.splitter:save_scaler:48 - Saved scaler -> models\saved\BTC_USD_scaler.pkl
2026-02-21 12:10:02.695 | INFO     | models.catboost_model:train:34 - Training CatBoost for BTC/USD...
2026-02-21 12:10:04.722 | SUCCESS  | models.catboost_model:train:42 - CatBoost val accuracy: 0.3347
2026-02-21 12:10:04.722 | INFO     | models.catboost_model:save:50 - Saved CatBoost -> models\saved\BTC_USD_catboost.cbm
2026-02-21 12:10:05.981 | INFO     | models.cnn_model:train:116 - Training 1D CNN for BTC/USD on cpu — 30484 train samples
2026-02-21 12:10:10.685 | INFO     | models.cnn_model:train:145 -   Epoch   0 | val_loss=1.0154 | val_acc=0.3141
2026-02-21 12:10:58.852 | INFO     | models.cnn_model:train:145 -   Epoch  10 | val_loss=1.0256 | val_acc=0.3846
2026-02-21 12:11:17.597 | INFO     | models.cnn_model:train:154 - Early stopping at epoch 14
2026-02-21 12:11:17.599 | SUCCESS  | models.cnn_model:train:158 - 1D CNN best val_loss: 1.0024
2026-02-21 12:11:17.605 | INFO     | models.cnn_model:save:173 - Saved 1D CNN -> models\saved\BTC_USD_cnn.pt
2026-02-21 12:11:17.610 | INFO     | models.lstm_model:train:91 - Training LSTM for BTC/USD on cpu — 30484 train samples
2026-02-21 12:11:19.860 | INFO     | models.lstm_model:train:122 -   Epoch   0 | val_loss=1.0105 | val_acc=0.2939
2026-02-21 12:11:41.562 | INFO     | models.lstm_model:train:122 -   Epoch  10 | val_loss=1.0141 | val_acc=0.3352
2026-02-21 12:11:43.663 | INFO     | models.lstm_model:train:131 - Early stopping at epoch 11
2026-02-21 12:11:43.663 | SUCCESS  | models.lstm_model:train:135 - LSTM best val_loss: 1.0045
2026-02-21 12:11:43.668 | INFO     | models.lstm_model:save:151 - Saved LSTM -> models\saved\BTC_USD_lstm.pt
2026-02-21 12:11:49.704 | SUCCESS  | models.ensemble:optimise_weights:52 - Optimised weights: LGBM=0.333 XGB=0.333 LSTM=0.333 | acc=0.3402
2026-02-21 12:11:49.704 | INFO     | models.ensemble:save_weights:101 - Saved ensemble weights -> models\saved\BTC_USD_ensemble_weights.pkl
2026-02-21 12:11:56.038 | INFO     | models.ensemble:generate_signals:82 - Signal distribution (threshold=0.38): BUY=1280 (19.6%)  SELL=250 (3.8%)  HOLD=5008 (76.6%)
2026-02-21 12:11:56.039 | INFO     | __main__:run_pipeline:95 - Test accuracy: 0.3220
2026-02-21 12:11:56.052 | INFO     | backtest.engine:_compute_metrics:200 - BTC/USD Results: Return=-81.35% | Sharpe=-6.68 | MaxDD=-81.77% | WinRate=38.03% | Trades=213 (L:118 S:95)
2026-02-21 12:11:56.069 | INFO     | backtest.engine:save_results:218 - Results saved -> backtest\results\BTC_USD_backtest.json
2026-02-21 12:11:56.075 | INFO     | __main__:run_pipeline:53 - 
============================================================
Processing: ETH/USD
============================================================
2026-02-21 12:11:56.075 | INFO     | data.feature_engineer:build_features:145 - Building features for ETH/USD (43787 rows)
2026-02-21 12:11:56.251 | INFO     | data.feature_engineer:build_features:165 - Dropped 204 NaN/inf rows → 43583 usable rows
2026-02-21 12:11:56.251 | INFO     | data.feature_engineer:build_features:168 - Label distribution: DOWN=13791 NEUTRAL=15426 UP=14366
2026-02-21 12:11:56.251 | INFO     | __main__:run_pipeline:58 - Features: 69 columns
2026-02-21 12:11:56.301 | INFO     | utils.splitter:time_split:37 - Split: train=30508 | val=6537 | test=6538
2026-02-21 12:11:56.307 | INFO     | utils.splitter:save_scaler:48 - Saved scaler -> models\saved\ETH_USD_scaler.pkl
2026-02-21 12:11:56.307 | INFO     | models.catboost_model:train:34 - Training CatBoost for ETH/USD...
2026-02-21 12:11:58.807 | SUCCESS  | models.catboost_model:train:42 - CatBoost val accuracy: 0.3711
2026-02-21 12:11:58.810 | INFO     | models.catboost_model:save:50 - Saved CatBoost -> models\saved\ETH_USD_catboost.cbm
2026-02-21 12:11:58.820 | INFO     | models.cnn_model:train:116 - Training 1D CNN for ETH/USD on cpu — 30484 train samples
2026-02-21 12:12:04.050 | INFO     | models.cnn_model:train:145 -   Epoch   0 | val_loss=0.9554 | val_acc=0.3637
2026-02-21 12:12:56.386 | INFO     | models.cnn_model:train:145 -   Epoch  10 | val_loss=0.9476 | val_acc=0.3682
2026-02-21 12:13:17.103 | INFO     | models.cnn_model:train:154 - Early stopping at epoch 14
2026-02-21 12:13:17.117 | SUCCESS  | models.cnn_model:train:158 - 1D CNN best val_loss: 0.9475
2026-02-21 12:13:17.120 | INFO     | models.cnn_model:save:173 - Saved 1D CNN -> models\saved\ETH_USD_cnn.pt
2026-02-21 12:13:17.125 | INFO     | models.lstm_model:train:91 - Training LSTM for ETH/USD on cpu — 30484 train samples
2026-02-21 12:13:19.249 | INFO     | models.lstm_model:train:122 -   Epoch   0 | val_loss=0.9572 | val_acc=0.3617
2026-02-21 12:13:38.621 | INFO     | models.lstm_model:train:131 - Early stopping at epoch 9
2026-02-21 12:13:38.621 | SUCCESS  | models.lstm_model:train:135 - LSTM best val_loss: 0.9530
2026-02-21 12:13:38.627 | INFO     | models.lstm_model:save:151 - Saved LSTM -> models\saved\ETH_USD_lstm.pt
2026-02-21 12:13:45.110 | SUCCESS  | models.ensemble:optimise_weights:52 - Optimised weights: LGBM=0.333 XGB=0.333 LSTM=0.333 | acc=0.3720
2026-02-21 12:13:45.110 | INFO     | models.ensemble:save_weights:101 - Saved ensemble weights -> models\saved\ETH_USD_ensemble_weights.pkl
2026-02-21 12:13:51.323 | INFO     | models.ensemble:generate_signals:82 - Signal distribution (threshold=0.38): BUY=371 (5.7%)  SELL=170 (2.6%)  HOLD=5997 (91.7%)
2026-02-21 12:13:51.334 | INFO     | __main__:run_pipeline:95 - Test accuracy: 0.3388
2026-02-21 12:13:51.343 | INFO     | backtest.engine:_compute_metrics:200 - ETH/USD Results: Return=-32.20% | Sharpe=-1.54 | MaxDD=-38.55% | WinRate=40.74% | Trades=81 (L:48 S:33)
2026-02-21 12:13:51.353 | INFO     | backtest.engine:save_results:218 - Results saved -> backtest\results\ETH_USD_backtest.json
2026-02-21 12:13:51.363 | INFO     | __main__:run_pipeline:53 - 
============================================================
Processing: SOL/USD
============================================================
2026-02-21 12:13:51.363 | INFO     | data.feature_engineer:build_features:145 - Building features for SOL/USD (43787 rows)
2026-02-21 12:13:51.537 | INFO     | data.feature_engineer:build_features:165 - Dropped 204 NaN/inf rows → 43583 usable rows
2026-02-21 12:13:51.537 | INFO     | data.feature_engineer:build_features:168 - Label distribution: DOWN=17041 NEUTRAL=9445 UP=17097
2026-02-21 12:13:51.537 | INFO     | __main__:run_pipeline:58 - Features: 69 columns
2026-02-21 12:13:51.583 | INFO     | utils.splitter:time_split:37 - Split: train=30508 | val=6537 | test=6538
2026-02-21 12:13:51.586 | INFO     | utils.splitter:save_scaler:48 - Saved scaler -> models\saved\SOL_USD_scaler.pkl
2026-02-21 12:13:51.587 | INFO     | models.catboost_model:train:34 - Training CatBoost for SOL/USD...
2026-02-21 12:13:53.066 | SUCCESS  | models.catboost_model:train:42 - CatBoost val accuracy: 0.4068
2026-02-21 12:13:53.066 | INFO     | models.catboost_model:save:50 - Saved CatBoost -> models\saved\SOL_USD_catboost.cbm
2026-02-21 12:13:53.082 | INFO     | models.cnn_model:train:116 - Training 1D CNN for SOL/USD on cpu — 30484 train samples
2026-02-21 12:13:58.627 | INFO     | models.cnn_model:train:145 -   Epoch   0 | val_loss=0.9001 | val_acc=0.3872
2026-02-21 12:14:51.135 | INFO     | models.cnn_model:train:145 -   Epoch  10 | val_loss=0.8941 | val_acc=0.3880
2026-02-21 12:15:01.783 | INFO     | models.cnn_model:train:154 - Early stopping at epoch 12
2026-02-21 12:15:01.783 | SUCCESS  | models.cnn_model:train:158 - 1D CNN best val_loss: 0.8928
2026-02-21 12:15:01.792 | INFO     | models.cnn_model:save:173 - Saved 1D CNN -> models\saved\SOL_USD_cnn.pt
2026-02-21 12:15:01.797 | INFO     | models.lstm_model:train:91 - Training LSTM for SOL/USD on cpu — 30484 train samples
2026-02-21 12:15:03.905 | INFO     | models.lstm_model:train:122 -   Epoch   0 | val_loss=0.8953 | val_acc=0.3909
2026-02-21 12:15:25.001 | INFO     | models.lstm_model:train:122 -   Epoch  10 | val_loss=0.8988 | val_acc=0.3862
2026-02-21 12:15:27.266 | INFO     | models.lstm_model:train:131 - Early stopping at epoch 11
2026-02-21 12:15:27.266 | SUCCESS  | models.lstm_model:train:135 - LSTM best val_loss: 0.8939
2026-02-21 12:15:27.273 | INFO     | models.lstm_model:save:151 - Saved LSTM -> models\saved\SOL_USD_lstm.pt
2026-02-21 12:15:33.482 | SUCCESS  | models.ensemble:optimise_weights:52 - Optimised weights: LGBM=0.333 XGB=0.333 LSTM=0.333 | acc=0.4080
2026-02-21 12:15:33.482 | INFO     | models.ensemble:save_weights:101 - Saved ensemble weights -> models\saved\SOL_USD_ensemble_weights.pkl
2026-02-21 12:15:39.576 | INFO     | models.ensemble:generate_signals:82 - Signal distribution (threshold=0.38): BUY=0 (0.0%)  SELL=0 (0.0%)  HOLD=6538 (100.0%)
2026-02-21 12:15:39.578 | INFO     | __main__:run_pipeline:95 - Test accuracy: 0.3619
2026-02-21 12:15:39.582 | INFO     | backtest.engine:_compute_metrics:200 - SOL/USD Results: Return=0.00% | Sharpe=0.00 | MaxDD=0.00% | WinRate=0.00% | Trades=0 (L:0 S:0)
2026-02-21 12:15:39.598 | INFO     | backtest.engine:save_results:218 - Results saved -> backtest\results\SOL_USD_backtest.json
2026-02-21 12:15:39.604 | INFO     | __main__:run_pipeline:53 - 
============================================================
Processing: XRP/USD
============================================================
2026-02-21 12:15:39.605 | INFO     | data.feature_engineer:build_features:145 - Building features for XRP/USD (43787 rows)
2026-02-21 12:15:39.778 | INFO     | data.feature_engineer:build_features:165 - Dropped 204 NaN/inf rows → 43583 usable rows
2026-02-21 12:15:39.778 | INFO     | data.feature_engineer:build_features:168 - Label distribution: DOWN=15130 NEUTRAL=12762 UP=15691
2026-02-21 12:15:39.780 | INFO     | __main__:run_pipeline:58 - Features: 69 columns
2026-02-21 12:15:39.820 | INFO     | utils.splitter:time_split:37 - Split: train=30508 | val=6537 | test=6538
2026-02-21 12:15:39.822 | INFO     | utils.splitter:save_scaler:48 - Saved scaler -> models\saved\XRP_USD_scaler.pkl
2026-02-21 12:15:39.822 | INFO     | models.catboost_model:train:34 - Training CatBoost for XRP/USD...
2026-02-21 12:15:41.237 | SUCCESS  | models.catboost_model:train:42 - CatBoost val accuracy: 0.4039
2026-02-21 12:15:41.239 | INFO     | models.catboost_model:save:50 - Saved CatBoost -> models\saved\XRP_USD_catboost.cbm
2026-02-21 12:15:41.250 | INFO     | models.cnn_model:train:116 - Training 1D CNN for XRP/USD on cpu — 30484 train samples
2026-02-21 12:15:46.540 | INFO     | models.cnn_model:train:145 -   Epoch   0 | val_loss=0.9227 | val_acc=0.3733
2026-02-21 12:16:33.810 | INFO     | models.cnn_model:train:154 - Early stopping at epoch 9
2026-02-21 12:16:33.810 | SUCCESS  | models.cnn_model:train:158 - 1D CNN best val_loss: 0.9135
2026-02-21 12:16:33.817 | INFO     | models.cnn_model:save:173 - Saved 1D CNN -> models\saved\XRP_USD_cnn.pt
2026-02-21 12:16:33.823 | INFO     | models.lstm_model:train:91 - Training LSTM for XRP/USD on cpu — 30484 train samples
2026-02-21 12:16:35.992 | INFO     | models.lstm_model:train:122 -   Epoch   0 | val_loss=0.9226 | val_acc=0.3806
2026-02-21 12:16:57.192 | INFO     | models.lstm_model:train:122 -   Epoch  10 | val_loss=0.9185 | val_acc=0.3843
2026-02-21 12:17:01.553 | INFO     | models.lstm_model:train:131 - Early stopping at epoch 12
2026-02-21 12:17:01.553 | SUCCESS  | models.lstm_model:train:135 - LSTM best val_loss: 0.9111
2026-02-21 12:17:01.553 | INFO     | models.lstm_model:save:151 - Saved LSTM -> models\saved\XRP_USD_lstm.pt
2026-02-21 12:17:07.677 | SUCCESS  | models.ensemble:optimise_weights:52 - Optimised weights: LGBM=0.333 XGB=0.333 LSTM=0.333 | acc=0.4046
2026-02-21 12:17:07.679 | INFO     | models.ensemble:save_weights:101 - Saved ensemble weights -> models\saved\XRP_USD_ensemble_weights.pkl
2026-02-21 12:17:13.778 | INFO     | models.ensemble:generate_signals:82 - Signal distribution (threshold=0.38): BUY=5 (0.1%)  SELL=0 (0.0%)  HOLD=6533 (99.9%)
2026-02-21 12:17:13.778 | INFO     | __main__:run_pipeline:95 - Test accuracy: 0.3527
2026-02-21 12:17:13.786 | INFO     | backtest.engine:_compute_metrics:200 - XRP/USD Results: Return=-9.91% | Sharpe=-1.80 | MaxDD=-9.91% | WinRate=0.00% | Trades=3 (L:3 S:0)
2026-02-21 12:17:13.798 | INFO     | backtest.engine:save_results:218 - Results saved -> backtest\results\XRP_USD_backtest.json
